12/13/2023 03:49:14 PM    ==== Scoary started ====
12/13/2023 03:49:14 PM    Command: /home/dtc176-local/.conda/envs/bio/envs/scorey/bin/scoary -t ../traits2.csv -g gene_presence_absence.csv -s 4
12/13/2023 03:49:14 PM    Reading gene presence absence file
12/13/2023 03:49:15 PM    Creating Hamming distance matrix based on gene presence/absence
12/13/2023 03:49:15 PM    Building UPGMA tree from distance matrix
12/13/2023 03:49:15 PM    Reading traits file
12/13/2023 03:49:15 PM    Finished loading files into memory.


12/13/2023 03:49:15 PM    ==== Performing statistics ====
12/13/2023 03:49:15 PM    -- Filtration options --
12/13/2023 03:49:15 PM    Individual (Naive):    0.05
12/13/2023 03:49:15 PM    Collapse genes:    False


12/13/2023 03:49:15 PM    Tallying genes and performing statistical analyses
12/13/2023 03:49:15 PM    Gene-wise counting and Fisher's exact tests for trait: Gtrait
12/13/2023 03:49:16 PM    Adding p-values adjusted for testing multiple hypotheses
12/13/2023 03:49:16 PM    Gene-wise counting and Fisher's exact tests for trait: Ltrait
12/13/2023 03:49:18 PM    Adding p-values adjusted for testing multiple hypotheses
12/13/2023 03:49:18 PM    Gene-wise counting and Fisher's exact tests for trait: Ftrait
12/13/2023 03:49:19 PM    Adding p-values adjusted for testing multiple hypotheses
12/13/2023 03:49:19 PM    Gene-wise counting and Fisher's exact tests for trait: Vtrait
12/13/2023 03:49:20 PM    Adding p-values adjusted for testing multiple hypotheses
12/13/2023 03:49:20 PM    Storing results: Gtrait
12/13/2023 03:49:20 PM    Calculating max number of contrasting pairs for each nominally significant gene
12/13/2023 03:49:20 PM    Storing results to file
12/13/2023 03:49:20 PM    Storing results: Ltrait
12/13/2023 03:49:20 PM    Calculating max number of contrasting pairs for each nominally significant gene
12/13/2023 03:49:21 PM    Storing results to file
12/13/2023 03:49:21 PM    Storing results: Ftrait
12/13/2023 03:49:21 PM    Calculating max number of contrasting pairs for each nominally significant gene
12/13/2023 03:49:23 PM    Storing results to file
12/13/2023 03:49:23 PM    Storing results: Vtrait
12/13/2023 03:49:23 PM    Calculating max number of contrasting pairs for each nominally significant gene
12/13/2023 03:49:23 PM    Storing results to file
12/13/2023 03:49:23 PM    

12/13/2023 03:49:23 PM    ==== Finished ====
12/13/2023 03:49:23 PM    Checked a total of 23115 genes for associations to 4 trait(s). Total time used: 8 seconds.
12/13/2023 03:49:23 PM    No warnings were recorded.
