[11:39:18] This is prokka 1.14.6
[11:39:18] Written by Torsten Seemann <torsten.seemann@gmail.com>
[11:39:18] Homepage is https://github.com/tseemann/prokka
[11:39:18] Local time is Tue Dec 12 11:39:18 2023
[11:39:18] You are chloeharper
[11:39:18] Operating system is darwin
[11:39:18] You have BioPerl 1.7.8
[11:39:19] System has 4 cores.
[11:39:19] Option --cpu asked for 8 cores, but system only has 4
[11:39:19] Will use maximum of 4 cores.
[11:39:19] Annotating as >>> Bacteria <<<
[11:39:19] Generating locus_tag from './G051.fsa' contents.
[11:39:19] Setting --locustag HJCKIOKB from MD5 13c4284b6f5b0aac956858f0e7057851
[11:39:19] Creating new output folder: ./G051.fsa_prokka
[11:39:19] Running: mkdir -p \.\/G051\.fsa_prokka
[11:39:19] Using filename prefix: ./G051.fsa.XXX
[11:39:19] Setting HMMER_NCPU=1
[11:39:19] Writing log to: ./G051.fsa_prokka/./G051.fsa.log
[11:39:19] Command: /Users/chloeharper/miniconda3/envs/prokka/bin/prokka --outdir ./G051.fsa_prokka --prefix ./G051.fsa --genus Rhizobium --species leguminosarum ./G051.fsa
[11:39:19] Appending to PATH: /Users/chloeharper/miniconda3/envs/prokka/bin
[11:39:19] Looking for 'aragorn' - found /Users/chloeharper/miniconda3/envs/prokka/bin/aragorn
[11:39:19] Determined aragorn version is 001002 from 'ARAGORN v1.2.41 Dean Laslett'
[11:39:19] Looking for 'barrnap' - found /Users/chloeharper/miniconda3/envs/prokka/bin/barrnap
[11:39:19] Determined barrnap version is 000009 from 'barrnap 0.9'
[11:39:19] Looking for 'blastp' - found /Users/chloeharper/miniconda3/envs/prokka/bin/blastp
[11:39:20] Determined blastp version is 002012 from 'blastp: 2.12.0+'
[11:39:20] Looking for 'cmpress' - found /Users/chloeharper/miniconda3/envs/prokka/bin/cmpress
[11:39:20] Determined cmpress version is 001001 from '# INFERNAL 1.1.4 (Dec 2020)'
[11:39:20] Looking for 'cmscan' - found /Users/chloeharper/miniconda3/envs/prokka/bin/cmscan
[11:39:20] Determined cmscan version is 001001 from '# INFERNAL 1.1.4 (Dec 2020)'
[11:39:20] Looking for 'egrep' - found /usr/bin/egrep
[11:39:20] Looking for 'find' - found /usr/bin/find
[11:39:20] Looking for 'grep' - found /usr/bin/grep
[11:39:20] Looking for 'hmmpress' - found /Users/chloeharper/miniconda3/envs/prokka/bin/hmmpress
[11:39:20] Determined hmmpress version is 003003 from '# HMMER 3.3.2 (Nov 2020); http://hmmer.org/'
[11:39:20] Looking for 'hmmscan' - found /Users/chloeharper/miniconda3/envs/prokka/bin/hmmscan
[11:39:20] Determined hmmscan version is 003003 from '# HMMER 3.3.2 (Nov 2020); http://hmmer.org/'
[11:39:20] Looking for 'java' - found /usr/bin/java
[11:39:20] Looking for 'makeblastdb' - found /Users/chloeharper/miniconda3/envs/prokka/bin/makeblastdb
[11:39:21] Determined makeblastdb version is 002012 from 'makeblastdb: 2.12.0+'
[11:39:21] Looking for 'minced' - found /Users/chloeharper/miniconda3/envs/prokka/bin/minced
[11:39:21] Determined minced version is 004002 from 'minced 0.4.2'
[11:39:21] Looking for 'parallel' - found /Users/chloeharper/miniconda3/envs/prokka/bin/parallel
[11:39:21] Determined parallel version is 20221122 from 'GNU parallel 20221122'
[11:39:21] Looking for 'prodigal' - found /Users/chloeharper/miniconda3/envs/prokka/bin/prodigal
[11:39:21] Determined prodigal version is 002006 from 'Prodigal V2.6.3: February, 2016'
[11:39:21] Looking for 'prokka-genbank_to_fasta_db' - found /Users/chloeharper/miniconda3/envs/prokka/bin/prokka-genbank_to_fasta_db
[11:39:21] Looking for 'sed' - found /usr/bin/sed
[11:39:21] Looking for 'tbl2asn' - found /Users/chloeharper/miniconda3/envs/prokka/bin/tbl2asn
[11:39:21] Determined tbl2asn version is 025007 from 'tbl2asn 25.7   arguments:'
[11:39:21] Using genetic code table 11.
[11:39:21] Loading and checking input file: ./G051.fsa
[11:39:22] Wrote 134 contigs totalling 8017358 bp.
[11:39:22] Predicting tRNAs and tmRNAs
[11:39:22] Running: aragorn -l -gc11  -w \.\/G051\.fsa_prokka\/\.\/G051\.fsa\.fna
[11:39:28] 1 tRNA-Met c[363,439] 35 (cat)
[11:39:28] 1 tRNA-Leu [53644,53720] 35 (caa)
[11:39:28] 2 tRNA-Ala [123720,123795] 34 (ggc)
[11:39:28] 3 tRNA-Ser c[213397,213486] 35 (gga)
[11:39:28] 4 tRNA-Leu c[269966,270052] 35 (cag)
[11:39:28] 5 tRNA-Arg [478546,478622] 35 (acg)
[11:39:28] 6 tRNA-Thr c[562359,562434] 34 (cgt)
[11:39:28] 7 tRNA-Gly [583317,583390] 33 (ccc)
[11:39:28] 8 tRNA-Thr c[644527,644601] 33 (ggt)
[11:39:28] 9 tRNA-Phe [650746,650821] 34 (gaa)
[11:39:28] 10 tRNA-His [816240,816316] 35 (gtg)
[11:39:28] 11 tRNA-Gln c[896009,896082] 33 (ctg)
[11:39:28] 12 tRNA-Gln [1163787,1163860] 33 (ttg)
[11:39:28] 13 tRNA-Pro [1181954,1182030] 35 (cgg)
[11:39:28] 14 tRNA-Ser [1578314,1578404] 35 (gct)
[11:39:28] 15 tRNA-Pro [1740525,1740601] 35 (ggg)
[11:39:28] 16 tRNA-Val c[1794787,1794862] 34 (tac)
[11:39:28] 17 tRNA-Asp [1795267,1795343] 35 (gtc)
[11:39:28] 18 tRNA-Asp [1795428,1795504] 35 (gtc)
[11:39:28] 19 tRNA-Thr [1865681,1865756] 34 (tgt)
[11:39:28] 20 tRNA-Tyr [1868217,1868301] 35 (gta)
[11:39:28] 21 tRNA-Gly [1868327,1868400] 33 (tcc)
[11:39:28] 22 tRNA-Trp [1871893,1871968] 34 (cca)
[11:39:28] 23 tRNA-Leu [2080093,2080177] 35 (taa)
[11:39:28] 24 tRNA-Asn c[2158445,2158519] 33 (gtt)
[11:39:28] 25 tRNA-Cys [2161114,2161187] 33 (gca)
[11:39:28] 26 tRNA-Leu [2198287,2198371] 35 (tag)
[11:39:28] 27 tRNA-Glu c[2233501,2233575] 34 (ttc)
[11:39:28] 28 tRNA-Glu c[2233829,2233903] 34 (ctc)
[11:39:28] 29 tRNA-Glu c[2233978,2234052] 34 (ttc)
[11:39:28] 30 tRNA-Pro c[2237250,2237326] 35 (tgg)
[11:39:28] 31 tRNA-Arg [2238330,2238406] 35 (tct)
[11:39:28] 32 tRNA-Lys [2348859,2348934] 34 (ttt)
[11:39:28] 33 tRNA-Ser [2538239,2538328] 35 (tga)
[11:39:28] 34 tRNA-Leu [2612803,2612887] 35 (gag)
[11:39:28] 35 tRNA-Lys c[3261412,3261487] 34 (ctt)
[11:39:28] 36 tmRNA* [3327493,3327833] 212,250 ANDNYAEARLAA*
[11:39:28] 37 tRNA-Met [3470425,3470500] 34 (cat)
[11:39:28] 38 tRNA-Ala [3506755,3506842] 34 (cgc)
[11:39:28] 39 tRNA-Arg [3748877,3748953] 35 (ccg)
[11:39:28] 40 tRNA-Arg c[3904723,3904805] 41 (tcg)
[11:39:28] 41 tRNA-Met c[4017277,4017353] 35 (cat)
[11:39:28] 42 tRNA-Ala c[4021410,4021485] 34 (tgc)
[11:39:28] 43 tRNA-Ile c[4021579,4021655] 35 (gat)
[11:39:28] 44 tRNA-Met c[4075290,4075366] 35 (cat)
[11:39:28] tRNA c[4211288,4211378] is a pseudo/wacky gene - skipping.
[11:39:28] 46 tRNA-Val [4225169,4225243] 33 (gac)
[11:39:28] 47 tRNA-Leu [4467178,4467262] 35 (caa)
[11:39:28] 48 tRNA-Arg [4523585,4523661] 35 (cct)
[11:39:28] 49 tRNA-Gly [4742043,4742117] 33 (gcc)
[11:39:28] 50 tRNA-Ser c[4858965,4859054] 35 (cga)
[11:39:28] Found 50 tRNAs
[11:39:28] Predicting Ribosomal RNAs
[11:39:28] Running Barrnap with 4 threads
[11:39:30] 1 Cchr 4017571 5S ribosomal RNA
[11:39:30] 2 Cchr 4017925 23S ribosomal RNA
[11:39:30] 3 Cchr 4021995 16S ribosomal RNA
[11:39:30] Found 3 rRNAs
[11:39:30] Skipping ncRNA search, enable with --rfam if desired.
[11:39:30] Total of 52 tRNA + rRNA features
[11:39:30] Searching for CRISPR repeats
[11:39:31] Found 0 CRISPRs
[11:39:31] Predicting coding sequences
[11:39:31] Contigs total 8017358 bp, so using single mode
[11:39:31] Running: prodigal -i \.\/G051\.fsa_prokka\/\.\/G051\.fsa\.fna -c -m -g 11 -p single -f sco -q
[11:39:50] Excluding CDS which overlaps existing RNA (tRNA) at Cchr:478471..478962 on - strand
[11:39:52] Excluding CDS which overlaps existing RNA (tRNA) at Cchr:3506081..3507949 on - strand
[11:39:53] Excluding CDS which overlaps existing RNA (tRNA) at Cchr:3904269..3905117 on - strand
[11:39:54] Found 7541 CDS
[11:39:54] Connecting features back to sequences
[11:39:54] Not using genus-specific database. Try --usegenus to enable it.
[11:39:54] Annotating CDS, please be patient.
[11:39:54] Will use 4 CPUs for similarity searching.
[11:40:07] There are still 7541 unannotated CDS left (started with 7541)
[11:40:07] Will use blast to search against /Users/chloeharper/miniconda3/envs/prokka/db/kingdom/Bacteria/IS with 4 CPUs
[11:40:07] Running: cat \.\/G051\.fsa_prokka\/\.\/G051\.fsa\.IS\.tmp\.7674\.faa | parallel --gnu --plain -j 4 --block 293123 --recstart '>' --pipe blastp -query - -db /Users/chloeharper/miniconda3/envs/prokka/db/kingdom/Bacteria/IS -evalue 1e-30 -qcov_hsp_perc 90 -num_threads 1 -num_descriptions 1 -num_alignments 1 -seg no > \.\/G051\.fsa_prokka\/\.\/G051\.fsa\.IS\.tmp\.7674\.blast 2> /dev/null
[11:40:55] Deleting unwanted file: ./G051.fsa_prokka/./G051.fsa.IS.tmp.7674.faa
[11:40:55] Deleting unwanted file: ./G051.fsa_prokka/./G051.fsa.IS.tmp.7674.blast
[11:41:07] There are still 7450 unannotated CDS left (started with 7541)
[11:41:07] Will use blast to search against /Users/chloeharper/miniconda3/envs/prokka/db/kingdom/Bacteria/AMR with 4 CPUs
[11:41:07] Running: cat \.\/G051\.fsa_prokka\/\.\/G051\.fsa\.AMR\.tmp\.7674\.faa | parallel --gnu --plain -j 4 --block 290304 --recstart '>' --pipe blastp -query - -db /Users/chloeharper/miniconda3/envs/prokka/db/kingdom/Bacteria/AMR -evalue 1e-300 -qcov_hsp_perc 90 -num_threads 1 -num_descriptions 1 -num_alignments 1 -seg no > \.\/G051\.fsa_prokka\/\.\/G051\.fsa\.AMR\.tmp\.7674\.blast 2> /dev/null
[11:41:46] Deleting unwanted file: ./G051.fsa_prokka/./G051.fsa.AMR.tmp.7674.faa
[11:41:46] Deleting unwanted file: ./G051.fsa_prokka/./G051.fsa.AMR.tmp.7674.blast
[11:41:58] There are still 7448 unannotated CDS left (started with 7541)
[11:41:58] Will use blast to search against /Users/chloeharper/miniconda3/envs/prokka/db/kingdom/Bacteria/sprot with 4 CPUs
[11:41:58] Running: cat \.\/G051\.fsa_prokka\/\.\/G051\.fsa\.sprot\.tmp\.7674\.faa | parallel --gnu --plain -j 4 --block 290036 --recstart '>' --pipe blastp -query - -db /Users/chloeharper/miniconda3/envs/prokka/db/kingdom/Bacteria/sprot -evalue 1e-09 -qcov_hsp_perc 80 -num_threads 1 -num_descriptions 1 -num_alignments 1 -seg no > \.\/G051\.fsa_prokka\/\.\/G051\.fsa\.sprot\.tmp\.7674\.blast 2> /dev/null
[11:45:34] Modify product: Probable HTH-type transcriptional repressor ExuR => putative HTH-type transcriptional repressor ExuR
[11:45:34] Modify product: Probable transporter SCO4007 => putative transporter
[11:45:34] Modify product: Probable cysteine desulfurase => putative cysteine desulfurase
[11:45:34] Modify product: Probable N-acetyl-LL-diaminopimelate aminotransferase => putative N-acetyl-LL-diaminopimelate aminotransferase
[11:45:34] Modify product: Uncharacterized protein Rv2715 => putative protein
[11:45:34] Modify product: Probable cysteine desulfurase => putative cysteine desulfurase
[11:45:34] Modify product: Probable copper-exporting P-type ATPase V => putative copper-exporting P-type ATPase V
[11:45:34] Modify product: UPF0126 inner membrane protein YadS => hypothetical protein
[11:45:34] Modify product: Nucleoid-associated protein HI_0442 => Nucleoid-associated protein
[11:45:34] Modify product: Uncharacterized sugar kinase YdjH => putative sugar kinase YdjH
[11:45:34] Modify product: Probable adenylyltransferase/sulfurtransferase MoeZ => putative adenylyltransferase/sulfurtransferase MoeZ
[11:45:34] Modify product: Uncharacterized signaling protein CC_0091 => putative signaling protein
[11:45:34] Modify product: Probable phosphite transport system-binding protein PtxB => putative phosphite transport system-binding protein PtxB
[11:45:34] Modify product: Probable transcriptional regulator PhnF => putative transcriptional regulator PhnF
[11:45:34] Modify product: Uncharacterized ABC transporter ATP-binding protein YejF => putative ABC transporter ATP-binding protein YejF
[11:45:34] Modify product: Probable riboflavin import permease protein RfuD => putative riboflavin import permease protein RfuD
[11:45:34] Modify product: Uncharacterized aminopeptidase Rv1333 => putative aminopeptidase
[11:45:34] Modify product: Uncharacterized oxidoreductase SA2266 => putative oxidoreductase
[11:45:34] Modify product: Uncharacterized protein YyaP => putative protein YyaP
[11:45:34] Modify product: UPF0102 protein RPA0323 => hypothetical protein
[11:45:34] Modify product: Uncharacterized transporter YycB => putative transporter YycB
[11:45:34] Modify product: Virulence protein STM3117 => Virulence protein
[11:45:34] Modify product: Uncharacterized hydrolase HI_0588 => putative hydrolase
[11:45:34] Modify product: Probable protein kinase UbiB => putative protein kinase UbiB
[11:45:34] Modify product: Probable enoyl-CoA hydratase echA8 => putative enoyl-CoA hydratase echA8
[11:45:34] Modify product: Probable lipid II flippase MurJ => putative lipid II flippase MurJ
[11:45:34] Modify product: Uncharacterized inner membrane transporter YedA => putative inner membrane transporter YedA
[11:45:34] Modify product: Uncharacterized protein Rv1998c => putative protein
[11:45:34] Modify product: Probable GTP-binding protein EngB => putative GTP-binding protein EngB
[11:45:34] Modify product: Uncharacterized signaling protein CC_0091 => putative signaling protein
[11:45:34] Modify product: Probable HTH-type transcriptional regulator LgoR => putative HTH-type transcriptional regulator LgoR
[11:45:34] Modify product: Probable copper-importing P-type ATPase A => putative copper-importing P-type ATPase A
[11:45:34] Modify product: Cytochrome c oxidase subunit 1 homolog, bacteroid => Cytochrome c oxidase subunit 1 , bacteroid
[11:45:34] Modify product: Uncharacterized protein HI_1162 => putative protein
[11:45:34] Modify product: Acetyltransferase SACOL1063 => Acetyltransferase
[11:45:34] Modify product: Uncharacterized N-acetyltransferase YsnE => putative N-acetyltransferase YsnE
[11:45:34] Modify product: Uncharacterized NTE family protein Rv1063c => putative NTE family protein
[11:45:35] Modify product: UPF0178 protein YaiI => hypothetical protein
[11:45:35] Modify product: Probable cysteine desulfurase => putative cysteine desulfurase
[11:45:35] Modify product: Probable ATP-dependent transporter SufC => putative ATP-dependent transporter SufC
[11:45:35] Modify product: Probable RNA 2'-phosphotransferase => putative RNA 2'-phosphotransferase
[11:45:35] Modify product: Uncharacterized protein RP812 => putative protein RP812
[11:45:35] Modify product: Uncharacterized N-acetyltransferase YafP => putative N-acetyltransferase YafP
[11:45:35] Modify product: Uncharacterized protein YcjX => putative protein YcjX
[11:45:35] Modify product: UPF0283 membrane protein YcjF => hypothetical protein
[11:45:35] Modify product: Probable ribonucleotide transport ATP-binding protein mkl => putative ribonucleotide transport ATP-binding protein mkl
[11:45:35] Modify product: Probable 3-phenylpropionic acid transporter => putative 3-phenylpropionic acid transporter
[11:45:35] Modify product: Probable transport protein HsrA => putative transport protein HsrA
[11:45:35] Modify product: Uncharacterized protein Atu1656 => putative protein
[11:45:35] Modify product: Putative multidrug export ATP-binding/permease protein SAV1866 => Putative multidrug export ATP-binding/permease protein
[11:45:35] Modify product: Uncharacterized ABC transporter ATP-binding protein YadG => putative ABC transporter ATP-binding protein YadG
[11:45:35] Modify product: Probable sugar-binding periplasmic protein => putative sugar-binding periplasmic protein
[11:45:35] Modify product: Uncharacterized HTH-type transcriptional regulator Rv1985c => putative HTH-type transcriptional regulator
[11:45:35] Modify product: Probable sulfate transporter Rv1739c => putative sulfate transporter
[11:45:35] Modify product: Probable transport protein HsrA => putative transport protein HsrA
[11:45:35] Modify product: Uncharacterized acyl-CoA thioester hydrolase HI_0827 => putative acyl-CoA thioester hydrolase
[11:45:35] Modify product: Uncharacterized oxidoreductase SA2266 => putative oxidoreductase
[11:45:35] Modify product: Uncharacterized ABC transporter ATP-binding protein TM_0288 => putative ABC transporter ATP-binding protein
[11:45:35] Modify product: Uncharacterized ABC transporter ATP-binding protein YknY => putative ABC transporter ATP-binding protein YknY
[11:45:35] Modify product: Uncharacterized signaling protein CC_0091 => putative signaling protein
[11:45:35] Modify product: UPF0053 inner membrane protein YtfL => hypothetical protein
[11:45:35] Modify product: Probable chromate transport protein => putative chromate transport protein
[11:45:35] Modify product: Uncharacterized protein HI_0131 => putative protein
[11:45:35] Modify product: Uncharacterized glycosyltransferase sll0501 => putative glycosyltransferase
[11:45:35] Modify product: Uncharacterized FAD-linked oxidoreductase Rv2280 => putative FAD-linked oxidoreductase
[11:45:35] Modify product: Probable lipoprotein YiaD => putative lipoprotein YiaD
[11:45:35] Modify product: Stress response UPF0229 protein YhbH => hypothetical protein
[11:45:35] Modify product: Uncharacterized protein YyaP => putative protein YyaP
[11:45:35] Modify product: Probable peptidoglycan glycosyltransferase FtsW => putative peptidoglycan glycosyltransferase FtsW
[11:45:35] Modify product: Probable peptidoglycan D,D-transpeptidase FtsI => putative peptidoglycan D,D-transpeptidase FtsI
[11:45:35] Modify product: Uncharacterized inner membrane transporter YedA => putative inner membrane transporter YedA
[11:45:35] Modify product: Uncharacterized protein YbaA => putative protein YbaA
[11:45:35] Modify product: Uncharacterized protein YqeY => putative protein YqeY
[11:45:35] Modify product: Phosphate-specific transport system accessory protein PhoU homolog => Phosphate-specific transport system accessory protein PhoU 
[11:45:35] Modify product: Uncharacterized protein YyaP => putative protein YyaP
[11:45:35] Modify product: Putative acyltransferase Rv0859 => Putative acyltransferase
[11:45:35] Modify product: Probable N-acetyl-LL-diaminopimelate aminotransferase => putative N-acetyl-LL-diaminopimelate aminotransferase
[11:45:35] Modify product: Chemotaxis protein CheY homolog => Chemotaxis protein CheY 
[11:45:35] Modify product: Chemotaxis protein CheY homolog => Chemotaxis protein CheY 
[11:45:35] Modify product: Bifunctional protein FolD => Bifunctional protein FolD protein
[11:45:36] Modify product: Uncharacterized protein HI_0933 => putative protein
[11:45:36] Modify product: Putative polysaccharide biosynthesis protein with aminopeptidase-like domain => Putative polysaccharide biosynthesis protein with aminopeptidase-like domain protein
[11:45:36] Modify product: Probable transport protein HsrA => putative transport protein HsrA
[11:45:36] Modify product: Zinc-type alcohol dehydrogenase-like protein SA1988 => Zinc-type alcohol dehydrogenase-like protein
[11:45:36] Modify product: Uncharacterized FAD-linked oxidoreductase Rv2280 => putative FAD-linked oxidoreductase
[11:45:36] Modify product: Probable HTH-type transcriptional regulator LgoR => putative HTH-type transcriptional regulator LgoR
[11:45:36] Modify product: Uncharacterized signaling protein CC_0091 => putative signaling protein
[11:45:36] Modify product: Probable 2-dehydro-3-deoxygalactonokinase DgoK1 => putative 2-dehydro-3-deoxygalactonokinase DgoK1
[11:45:36] Modify product: Uncharacterized FAD-linked oxidoreductase Rv2280 => putative FAD-linked oxidoreductase
[11:45:36] Modify product: Uncharacterized HTH-type transcriptional regulator Rv3095 => putative HTH-type transcriptional regulator
[11:45:36] Modify product: Probable D-xylose utilization operon transcriptional repressor => putative D-xylose utilization operon transcriptional repressor
[11:45:36] Modify product: Probable tartrate dehydrogenase/decarboxylase TtuC => putative tartrate dehydrogenase/decarboxylase TtuC
[11:45:36] Modify product: Uncharacterized protein Rv2568c => putative protein
[11:45:36] Modify product: UPF0301 protein AlgH => hypothetical protein
[11:45:36] Modify product: Probable amino-acid permease protein YxeN => putative amino-acid permease protein YxeN
[11:45:36] Modify product: Probable amino-acid permease protein YxeN => putative amino-acid permease protein YxeN
[11:45:36] Modify product: Uncharacterized zinc protease Rv2782c => putative zinc protease
[11:45:36] Modify product: Probable membrane transporter protein XF_0764 => putative membrane transporter protein
[11:45:36] Modify product: UPF0394 membrane protein XF_0765 => hypothetical protein
[11:45:36] Modify product: UPF0394 membrane protein XF_0766 => hypothetical protein
[11:45:36] Modify product: Uncharacterized HTH-type transcriptional regulator Rv1556 => putative HTH-type transcriptional regulator
[11:45:36] Modify product: Uncharacterized protein Rv0887c => putative protein
[11:45:36] Modify product: Putative HTH-type transcriptional regulator Rv1287 => Putative HTH-type transcriptional regulator
[11:45:36] Modify product: Probable multidrug-efflux transporter Rv1634 => putative multidrug-efflux transporter
[11:45:36] Modify product: Uncharacterized ABC transporter ATP-binding protein YheS => putative ABC transporter ATP-binding protein YheS
[11:45:36] Modify product: UPF0053 inner membrane protein YtfL => hypothetical protein
[11:45:36] Modify product: Probable transport protein HsrA => putative transport protein HsrA
[11:45:36] Modify product: UPF0073 inner membrane protein YqfA => hypothetical protein
[11:45:36] Modify product: Uncharacterized MFS-type transporter EfpA => putative MFS-type transporter EfpA
[11:45:36] Modify product: Uncharacterized HTH-type transcriptional regulator YxaF => putative HTH-type transcriptional regulator YxaF
[11:45:36] Modify product: Zinc-type alcohol dehydrogenase-like protein SA1988 => Zinc-type alcohol dehydrogenase-like protein
[11:45:36] Modify product: Uncharacterized protein YcbX => putative protein YcbX
[11:45:36] Modify product: Uncharacterized protein YedJ => putative protein YedJ
[11:45:36] Modify product: UPF0060 membrane protein YnfA => hypothetical protein
[11:45:36] Modify product: Uncharacterized oxidoreductase YciK => putative oxidoreductase YciK
[11:45:36] Modify product: UPF0701 protein HI_0467 => hypothetical protein
[11:45:36] Modify product: Uncharacterized ABC transporter ATP-binding protein YheS => putative ABC transporter ATP-binding protein YheS
[11:45:36] Modify product: Acetyltransferase PA3944 => Acetyltransferase
[11:45:36] Modify product: Uncharacterized protein YccU => putative protein YccU
[11:45:37] Modify product: Probable cation-transporting ATPase F => putative cation-transporting ATPase F
[11:45:37] Modify product: Probable alcohol dehydrogenase AdhA => putative alcohol dehydrogenase AdhA
[11:45:37] Modify product: Probable propionate kinase => putative propionate kinase
[11:45:37] Modify product: Uncharacterized oxidoreductase SA2266 => putative oxidoreductase
[11:45:37] Modify product: Putative cystathionine beta-synthase Rv1077 => Putative cystathionine beta-synthase
[11:45:37] Modify product: Probable nitrate transporter NarT => putative nitrate transporter NarT
[11:45:37] Modify product: Probable transcriptional regulatory protein pdtaR => putative transcriptional regulatory protein pdtaR
[11:45:37] Modify product: Solute-binding protein Bamb_6123 => Solute-binding protein
[11:45:37] Modify product: Uncharacterized ABC transporter ATP-binding protein HI_1470 => putative ABC transporter ATP-binding protein
[11:45:37] Modify product: Probable ABC transporter permease protein HI_1471 => putative ABC transporter permease protein
[11:45:37] Modify product: Probable soluble pyridine nucleotide transhydrogenase => putative soluble pyridine nucleotide transhydrogenase
[11:45:37] Modify product: UPF0173 metal-dependent hydrolase SA1529 => hypothetical protein
[11:45:37] Modify product: UPF0337 protein YjbJ => hypothetical protein
[11:45:37] Modify product: Probable 5-dehydro-4-deoxyglucarate dehydratase => putative 5-dehydro-4-deoxyglucarate dehydratase
[11:45:37] Modify product: Probable D,D-dipeptide-binding periplasmic protein DdpA => putative D,D-dipeptide-binding periplasmic protein DdpA
[11:45:37] Modify product: Probable D,D-dipeptide transport system permease protein DdpC => putative D,D-dipeptide transport system permease protein DdpC
[11:45:37] Modify product: Uncharacterized ABC transporter ATP-binding protein YknY => putative ABC transporter ATP-binding protein YknY
[11:45:37] Modify product: Probable riboflavin import permease protein RfuD => putative riboflavin import permease protein RfuD
[11:45:37] Modify product: Purine-binding protein BAB2_0673 => Purine-binding protein
[11:45:37] Modify product: UPF0056 inner membrane protein MarC => hypothetical protein
[11:45:37] Modify product: Putative hydro-lyase PSPTO_5379 => Putative hydro-lyase
[11:45:37] Modify product: Probable HTH-type transcriptional repressor ExuR => putative HTH-type transcriptional repressor ExuR
[11:45:37] Modify product: UPF0053 inner membrane protein YoaE => hypothetical protein
[11:45:37] Modify product: Uncharacterized oxidoreductase SpyM50865 => putative oxidoreductase
[11:45:37] Modify product: Probable chaperone CsaA => putative chaperone CsaA
[11:45:37] Modify product: Putative multidrug export ATP-binding/permease protein SAV1866 => Putative multidrug export ATP-binding/permease protein
[11:45:37] Modify product: Acetyltransferase Atu2258 => Acetyltransferase
[11:45:37] Modify product: Cyclic di-GMP phosphodiesterase PA4108 => Cyclic di-GMP phosphodiesterase
[11:45:37] Modify product: Leu/Ile/Val-binding protein homolog 3 => Leu/Ile/Val-binding protein 
[11:45:37] Modify product: Probable 2-dehydro-3-deoxy-D-pentonate aldolase YjhH => putative 2-dehydro-3-deoxy-D-pentonate aldolase YjhH
[11:45:37] Modify product: Uncharacterized protein YhaZ => putative protein YhaZ
[11:45:37] Modify product: Uncharacterized ABC transporter permease Rv0072 => putative ABC transporter permease
[11:45:37] Modify product: Uncharacterized protein Rv2411c => putative protein
[11:45:37] Modify product: Uncharacterized protein Rv2569c => putative protein
[11:45:37] Modify product: UPF0194 membrane protein YbhG => hypothetical protein
[11:45:37] Modify product: Probable multidrug ABC transporter ATP-binding protein YbhF => putative multidrug ABC transporter ATP-binding protein YbhF
[11:45:37] Modify product: Probable multidrug ABC transporter permease YbhS => putative multidrug ABC transporter permease YbhS
[11:45:37] Modify product: Probable multidrug ABC transporter permease YbhR => putative multidrug ABC transporter permease YbhR
[11:45:37] Modify product: Leu/Ile/Val-binding protein homolog 3 => Leu/Ile/Val-binding protein 
[11:45:37] Modify product: Probable amino-acid import ATP-binding protein YxeO => putative amino-acid import ATP-binding protein YxeO
[11:45:37] Modify product: Uncharacterized protein YjdJ => putative protein YjdJ
[11:45:37] Modify product: Probable FMNH2-dependent monooxygenase SfnC => putative FMNH2-dependent monooxygenase SfnC
[11:45:37] Modify product: Probable HTH-type transcriptional repressor ExuR => putative HTH-type transcriptional repressor ExuR
[11:45:37] Modify product: Probable ABC transporter-binding protein DR_1438 => putative ABC transporter-binding protein
[11:45:37] Modify product: Uncharacterized sugar kinase YdjH => putative sugar kinase YdjH
[11:45:37] Modify product: Uncharacterized sugar transferase EpsL => putative sugar transferase EpsL
[11:45:37] Modify product: D-galactonate dehydratase family member SBI_01856 => D-galactonate dehydratase family member
[11:45:37] Modify product: UPF0065 protein in clcB-clcD intergenic region => hypothetical protein
[11:45:37] Modify product: Uncharacterized signaling protein CC_0091 => putative signaling protein
[11:45:37] Modify product: Probable transcriptional regulatory protein aq_1575 => putative transcriptional regulatory protein
[11:45:37] Modify product: Putative multidrug export ATP-binding/permease protein SAV1866 => Putative multidrug export ATP-binding/permease protein
[11:45:37] Modify product: UPF0065 protein in clcB-clcD intergenic region => hypothetical protein
[11:45:37] Modify product: UPF0339 protein Atu0232 => hypothetical protein
[11:45:38] Modify product: HTH-type transcriptional regulator Rv2034 => HTH-type transcriptional regulator
[11:45:38] Modify product: UPF0335 protein CCNA_03428 => hypothetical protein
[11:45:38] Modify product: Uncharacterized protein Rv2567 => putative protein
[11:45:38] Modify product: Uncharacterized protein Rv2569c => putative protein
[11:45:38] Modify product: Probable enoyl-CoA hydratase 1 => putative enoyl-CoA hydratase 1
[11:45:38] Modify product: UPF0053 inner membrane protein YoaE => hypothetical protein
[11:45:38] Modify product: Probable efflux pump membrane transporter TtgB => putative efflux pump membrane transporter TtgB
[11:45:38] Modify product: Uncharacterized protein YphB => putative protein YphB
[11:45:38] Modify product: Probable sugar-binding periplasmic protein => putative sugar-binding periplasmic protein
[11:45:38] Modify product: Probable bifunctional transcriptional activator/DNA repair enzyme AlkA => putative bifunctional transcriptional activator/DNA repair enzyme AlkA
[11:45:38] Modify product: Probable 3-hydroxybutyryl-CoA dehydrogenase => putative 3-hydroxybutyryl-CoA dehydrogenase
[11:45:38] Modify product: UPF0053 inner membrane protein YfjD => hypothetical protein
[11:45:38] Modify product: Solute-binding protein Bpro_3107 => Solute-binding protein
[11:45:38] Modify product: Uncharacterized amino acid permease YhdG => putative amino acid permease YhdG
[11:45:38] Modify product: Putative formate dehydrogenase SA2102 => Putative formate dehydrogenase
[11:45:38] Modify product: Putative peptide transport permease protein Rv1282c => Putative peptide transport permease protein
[11:45:38] Modify product: Uncharacterized oxidoreductase YgfF => putative oxidoreductase YgfF
[11:45:38] Modify product: Uncharacterized protein HI_1028 => putative protein
[11:45:38] Modify product: Uncharacterized oxidoreductase MSMEG_2408/MSMEI_2347 => putative oxidoreductase/MSMEI_2347
[11:45:38] Modify product: UPF0434 protein NMA0874 => hypothetical protein
[11:45:38] Modify product: Uncharacterized protein Rv3292 => putative protein
[11:45:38] Modify product: UPF0309 protein BH3325 => hypothetical protein
[11:45:38] Modify product: Probable D,D-dipeptide transport system permease protein DdpC => putative D,D-dipeptide transport system permease protein DdpC
[11:45:38] Modify product: Probable D,D-dipeptide-binding periplasmic protein DdpA => putative D,D-dipeptide-binding periplasmic protein DdpA
[11:45:38] Modify product: Multifunctional alkaline phosphatase superfamily protein pRL90232 => Multifunctional alkaline phosphatase superfamily protein
[11:45:38] Modify product: Uncharacterized protein Rv0887c => putative protein
[11:45:38] Modify product: Uncharacterized ABC transporter ATP-binding protein Rv0986 => putative ABC transporter ATP-binding protein
[11:45:38] Modify product: Protease HtpX homolog => Protease HtpX 
[11:45:38] Modify product: Probable transcriptional repressor TraM => putative transcriptional repressor TraM
[11:45:38] Modify product: Probable transcriptional activator protein TraR => putative transcriptional activator protein TraR
[11:45:38] Modify product: Nitrilase bll6402 => Nitrilase
[11:45:38] Modify product: Cytochrome c oxidase subunit 1 homolog, bacteroid => Cytochrome c oxidase subunit 1 , bacteroid
[11:45:38] Modify product: Probable enoyl-CoA hydratase 1 => putative enoyl-CoA hydratase 1
[11:45:38] Modify product: Peptidoglycan-N-acetylglucosamine deacetylase BC_3618 => Peptidoglycan-N-acetylglucosamine deacetylase
[11:45:38] Modify product: Probable copper-exporting P-type ATPase V => putative copper-exporting P-type ATPase V
[11:45:38] Modify product: Probable flavin reductase => putative flavin reductase
[11:45:38] Modify product: Uncharacterized DapA-like lyase => putative DapA-like lyase
[11:45:38] Modify product: Uncharacterized peptidase SA1530 => putative peptidase
[11:45:38] Modify product: Uncharacterized oxidoreductase Rv1144 => putative oxidoreductase
[11:45:39] Modify product: Probable methylxanthine N7-demethylase NdmC => putative methylxanthine N7-demethylase NdmC
[11:45:39] Modify product: Purine-binding protein BAB2_0673 => Purine-binding protein
[11:45:39] Modify product: Probable riboflavin import permease protein RfuC => putative riboflavin import permease protein RfuC
[11:45:39] Modify product: Purine-binding protein BAB2_0673 => Purine-binding protein
[11:45:39] Modify product: Probable riboflavin import permease protein RfuC => putative riboflavin import permease protein RfuC
[11:45:39] Modify product: Probable riboflavin import permease protein RfuD => putative riboflavin import permease protein RfuD
[11:45:39] Modify product: Probable glutamine ABC transporter permease protein GlnP => putative glutamine ABC transporter permease protein GlnP
[11:45:39] Modify product: Probable glutamine ABC transporter permease protein GlnM => putative glutamine ABC transporter permease protein GlnM
[11:45:39] Modify product: Probable sugar-binding periplasmic protein => putative sugar-binding periplasmic protein
[11:45:39] Modify product: 60 kDa SS-A/Ro ribonucleoprotein homolog => 60 kDa SS-A/Ro ribonucleoprotein 
[11:45:39] Modify product: Putative thiamine biosynthesis protein HI_0357 => Putative thiamine biosynthesis protein
[11:45:39] Modify product: Probable nicotinate-nucleotide pyrophosphorylase [carboxylating] => putative nicotinate-nucleotide pyrophosphorylase [carboxylating]
[11:45:39] Modify product: Uncharacterized ABC transporter ATP-binding protein TM_0288 => putative ABC transporter ATP-binding protein
[11:45:39] Modify product: Putative multidrug export ATP-binding/permease protein SAV1866 => Putative multidrug export ATP-binding/permease protein
[11:45:39] Modify product: Uncharacterized NTE family protein Rv2565 => putative NTE family protein
[11:45:39] Modify product: Putative multidrug export ATP-binding/permease protein SAV1866 => Putative multidrug export ATP-binding/permease protein
[11:45:39] Modify product: Zinc-type alcohol dehydrogenase-like protein SA1988 => Zinc-type alcohol dehydrogenase-like protein
[11:45:39] Modify product: Uncharacterized protein PA2218 => putative protein
[11:45:39] Modify product: Uncharacterized MFS-type transporter YfcJ => putative MFS-type transporter YfcJ
[11:45:39] Modify product: Probable tartrate dehydrogenase/decarboxylase TtuC => putative tartrate dehydrogenase/decarboxylase TtuC
[11:45:39] Modify product: UPF0065 protein in clcB-clcD intergenic region => hypothetical protein
[11:45:39] Modify product: UPF0065 protein in clcB-clcD intergenic region => hypothetical protein
[11:45:39] Modify product: Probable membrane transporter protein YfcA => putative membrane transporter protein YfcA
[11:45:39] Modify product: UPF0194 membrane protein YbhG => hypothetical protein
[11:45:39] Modify product: Uncharacterized ABC transporter ATP-binding protein YejF => putative ABC transporter ATP-binding protein YejF
[11:45:39] Modify product: Putative peptide transport permease protein Rv1282c => Putative peptide transport permease protein
[11:45:39] Modify product: Glycogen operon protein GlgX homolog => Glycogen operon protein GlgX 
[11:45:39] Modify product: Probable cardiolipin synthase YwiE => putative cardiolipin synthase YwiE
[11:45:39] Modify product: Probable pyridine nucleotide-disulfide oxidoreductase RclA => putative pyridine nucleotide-disulfide oxidoreductase RclA
[11:45:39] Modify product: Probable 3-hydroxyisobutyrate dehydrogenase => putative 3-hydroxyisobutyrate dehydrogenase
[11:45:39] Modify product: Probable ECF RNA polymerase sigma factor SigI => putative ECF RNA polymerase sigma factor SigI
[11:45:39] Modify product: Deacetylase Oant_2987 => Deacetylase
[11:45:39] Modify product: Probable D,D-dipeptide transport system permease protein DdpC => putative D,D-dipeptide transport system permease protein DdpC
[11:45:39] Modify product: Acetyltransferase PA3944 => Acetyltransferase
[11:45:39] Modify product: Uncharacterized HTH-type transcriptional regulator Rv3095 => putative HTH-type transcriptional regulator
[11:45:39] Modify product: Probable sulfate transporter Rv1739c => putative sulfate transporter
[11:45:39] Modify product: Uncharacterized FAD-linked oxidoreductase Rv2280 => putative FAD-linked oxidoreductase
[11:45:39] Modify product: Probable ABC transporter-binding protein DR_1438 => putative ABC transporter-binding protein
[11:45:39] Modify product: Probable glutamine ABC transporter permease protein GlnM => putative glutamine ABC transporter permease protein GlnM
[11:45:39] Modify product: UPF0719 inner membrane protein YjfL => hypothetical protein
[11:45:39] Modify product: Uncharacterized MFS-type transporter YcaD => putative MFS-type transporter YcaD
[11:45:39] Modify product: Putative hydrolase MSMEG_3995/MSMEI_3903 => Putative hydrolase/MSMEI_3903
[11:45:39] Modify product: Probable D,D-dipeptide transport system permease protein DdpC => putative D,D-dipeptide transport system permease protein DdpC
[11:45:39] Modify product: Uncharacterized FAD-linked oxidoreductase Rv2280 => putative FAD-linked oxidoreductase
[11:45:40] Modify product: Probable 5-dehydro-4-deoxyglucarate dehydratase => putative 5-dehydro-4-deoxyglucarate dehydratase
[11:45:40] Modify product: Probable D,D-dipeptide transport system permease protein DdpC => putative D,D-dipeptide transport system permease protein DdpC
[11:45:40] Modify product: Cyclic di-GMP phosphodiesterase PA4108 => Cyclic di-GMP phosphodiesterase
[11:45:40] Modify product: Probable 2-dehydro-3-deoxy-D-pentonate aldolase YjhH => putative 2-dehydro-3-deoxy-D-pentonate aldolase YjhH
[11:45:40] Modify product: Probable acetyl-CoA acyltransferase => putative acetyl-CoA acyltransferase
[11:45:40] Modify product: Probable hydrolase YcaC => putative hydrolase YcaC
[11:45:40] Modify product: Monocarboxylate 2-oxoacid-binding periplasmic protein all3028 => Monocarboxylate 2-oxoacid-binding periplasmic protein
[11:45:40] Modify product: Probable N-methylproline demethylase => putative N-methylproline demethylase
[11:45:40] Modify product: Uncharacterized oxidoreductase SA2266 => putative oxidoreductase
[11:45:40] Modify product: Uncharacterized oxidoreductase YjmC => putative oxidoreductase YjmC
[11:45:40] Modify product: Probable N-octanoylanthranilate hydrolase AqdA1 => putative N-octanoylanthranilate hydrolase AqdA1
[11:45:40] Modify product: Probable tartrate dehydrogenase/decarboxylase TtuC' => putative tartrate dehydrogenase/decarboxylase TtuC'
[11:45:40] Modify product: UPF0324 inner membrane protein YeiH => hypothetical protein
[11:45:40] Modify product: Probable D,D-dipeptide transport system permease protein DdpC => putative D,D-dipeptide transport system permease protein DdpC
[11:45:40] Modify product: Probable D,D-dipeptide-binding periplasmic protein DdpA => putative D,D-dipeptide-binding periplasmic protein DdpA
[11:45:40] Modify product: Probable 5-dehydro-4-deoxyglucarate dehydratase => putative 5-dehydro-4-deoxyglucarate dehydratase
[11:45:40] Modify product: Cytochrome c oxidase subunit 1 homolog, bacteroid => Cytochrome c oxidase subunit 1 , bacteroid
[11:45:40] Modify product: Uncharacterized protein Rv2004c => putative protein
[11:45:40] Modify product: Uncharacterized protein Rv2004c => putative protein
[11:45:40] Modify product: Putative phosphoribosyl transferase Rv0571c => Putative phosphoribosyl transferase
[11:45:40] Modify product: Uncharacterized ABC transporter ATP-binding protein YheS => putative ABC transporter ATP-binding protein YheS
[11:45:40] Modify product: Probable cystine transporter YijE => putative cystine transporter YijE
[11:45:40] Modify product: Probable acetoacetate decarboxylase => putative acetoacetate decarboxylase
[11:45:40] Modify product: Probable D,D-dipeptide transport system permease protein DdpC => putative D,D-dipeptide transport system permease protein DdpC
[11:45:40] Modify product: Multifunctional alkaline phosphatase superfamily protein pRL90232 => Multifunctional alkaline phosphatase superfamily protein
[11:45:40] Modify product: Leu/Ile/Val-binding protein homolog 3 => Leu/Ile/Val-binding protein 
[11:45:40] Modify product: Probable ABC transporter ATP-binding/permease protein HI_0664 => putative ABC transporter ATP-binding/permease protein
[11:45:40] Modify product: Uncharacterized ABC transporter ATP-binding protein Rv0986 => putative ABC transporter ATP-binding protein
[11:45:40] Cleaned 283 /product names
[11:45:40] Deleting unwanted file: ./G051.fsa_prokka/./G051.fsa.sprot.tmp.7674.faa
[11:45:40] Deleting unwanted file: ./G051.fsa_prokka/./G051.fsa.sprot.tmp.7674.blast
[11:45:47] There are still 4041 unannotated CDS left (started with 7541)
[11:45:47] Will use hmmer3 to search against /Users/chloeharper/miniconda3/envs/prokka/db/hmm/HAMAP.hmm with 4 CPUs
[11:45:47] Running: cat \.\/G051\.fsa_prokka\/\.\/G051\.fsa\.HAMAP\.hmm\.tmp\.7674\.faa | parallel --gnu --plain -j 4 --block 140368 --recstart '>' --pipe hmmscan --noali --notextw --acc -E 1e-09 --cpu 1 /Users/chloeharper/miniconda3/envs/prokka/db/hmm/HAMAP.hmm /dev/stdin > \.\/G051\.fsa_prokka\/\.\/G051\.fsa\.HAMAP\.hmm\.tmp\.7674\.hmmer3 2> /dev/null
[11:47:13] Modify product: Uncharacterized MFS-type transporter YcaD => putative MFS-type transporter YcaD
[11:47:14] Modify product: Uncharacterized MFS-type transporter YcaD => putative MFS-type transporter YcaD
[11:47:14] Modify product: Uncharacterized Nudix hydrolase NudL => putative Nudix hydrolase NudL
[11:47:14] Modify product: Uncharacterized MFS-type transporter YcaD => putative MFS-type transporter YcaD
[11:47:14] Cleaned 4 /product names
[11:47:14] Deleting unwanted file: ./G051.fsa_prokka/./G051.fsa.HAMAP.hmm.tmp.7674.faa
[11:47:14] Deleting unwanted file: ./G051.fsa_prokka/./G051.fsa.HAMAP.hmm.tmp.7674.hmmer3
[11:47:14] Labelling remaining 3538 proteins as 'hypothetical protein'
[11:47:14] Possible /pseudo 'IS5 family transposase ISRl2' at C43 position 26376
[11:47:14] Possible /pseudo 'IS5 family transposase ISNGR9' at C79 position 1616
[11:47:14] Possible /pseudo 'IS66 family transposase IS66' at C85 position 3335
[11:47:14] Possible /pseudo 'IS3 family transposase ISKpn11' at C93 position 1873
[11:47:14] Possible /pseudo 'UDP-glucose 4-epimerase' at Cchr position 84123
[11:47:14] Possible /pseudo 'UDP-glucose 4-epimerase' at Cchr position 587897
[11:47:14] Possible /pseudo 'Sorbitol dehydrogenase' at Cchr position 683267
[11:47:14] Possible /pseudo 'Non-homologous end joining protein Ku' at Cchr position 700158
[11:47:14] Possible /pseudo 'Flagellin' at Cchr position 752077
[11:47:14] Possible /pseudo 'Flagellin' at Cchr position 753230
[11:47:14] Possible /pseudo 'Flagellin' at Cchr position 754442
[11:47:14] Possible /pseudo 'IS1380 family transposase ISRsp7' at Cchr position 840078
[11:47:14] Possible /pseudo 'IS3 family transposase ISAtu4' at Cchr position 868099
[11:47:14] Possible /pseudo 'HTH-type transcriptional regulator DmlR' at Cchr position 920933
[11:47:14] Possible /pseudo 'putative amino-acid permease protein YxeN' at Cchr position 1111412
[11:47:14] Possible /pseudo 'Esterase EstB' at Cchr position 1692798
[11:47:14] Possible /pseudo 'Non-homologous end joining protein Ku' at Cchr position 2047167
[11:47:14] Possible /pseudo 'Ribose import permease protein RbsC' at Cchr position 2127188
[11:47:14] Possible /pseudo 'Bicyclomycin resistance protein' at Cchr position 2678766
[11:47:14] Possible /pseudo '3'(2'),5'-bisphosphate nucleotidase CysQ' at Cchr position 2682427
[11:47:14] Possible /pseudo 'Tyrosine recombinase XerC' at Cchr position 2752782
[11:47:14] Possible /pseudo 'Tyrosine recombinase XerC' at Cchr position 2753456
[11:47:14] Possible /pseudo 'Sensor histidine kinase RcsC' at Cchr position 2965054
[11:47:14] Possible /pseudo 'L-cystine transport system permease protein YecS' at Cchr position 3003269
[11:47:14] Possible /pseudo 'Putative protein-methionine-sulfoxide reductase subunit YedZ1' at Cchr position 3101932
[11:47:14] Possible /pseudo 'Monomeric sarcosine oxidase' at Cchr position 3401238
[11:47:14] Possible /pseudo 'Cytochrome b/c1' at Cchr position 3587880
[11:47:14] Possible /pseudo 'tRNA 5-methylaminomethyl-2-thiouridine biosynthesis bifunctional protein MnmC' at Cchr position 3703506
[11:47:14] Possible /pseudo 'Manganese transport system membrane protein MntB' at Cchr position 4048149
[11:47:14] Possible /pseudo 'putative protein' at Cchr position 4246075
[11:47:14] Possible /pseudo 'L-cystine transport system permease protein YecS' at Cchr position 4626484
[11:47:14] Possible /pseudo 'IS3 family transposase ISKpn11' at CpRL10 position 139627
[11:47:14] Possible /pseudo 'Catabolite control protein A' at CpRL10 position 325909
[11:47:14] Possible /pseudo 'HTH-type transcriptional repressor GlaR' at CpRL11 position 202058
[11:47:14] Possible /pseudo 'L-cystine transport system permease protein YecS' at CpRL11 position 207201
[11:47:14] Possible /pseudo 'Non-homologous end joining protein Ku' at CpRL11 position 238290
[11:47:14] Possible /pseudo 'Blue-light-activated histidine kinase' at CpRL11 position 471543
[11:47:14] Possible /pseudo 'Copper-transporting P-type ATPase' at CpRL11 position 475369
[11:47:14] Possible /pseudo 'L-cystine transport system permease protein YecS' at CpRL12 position 100972
[11:47:14] Possible /pseudo '3-oxoacyl-[acyl-carrier-protein] reductase FabG' at CpRL12 position 167301
[11:47:14] Possible /pseudo 'Ribose import permease protein RbsC' at CpRL12 position 344142
[11:47:14] Possible /pseudo 'HTH-type transcriptional activator RhaR' at CpRL12 position 521826
[11:47:14] Possible /pseudo 'Sensor histidine kinase RcsC' at CpRL12 position 809581
[11:47:14] Possible /pseudo 'D-galactonate dehydratase' at CpRL12 position 887689
[11:47:14] Possible /pseudo 'Response regulator protein TmoT' at CpRL12 position 892389
[11:47:14] Possible /pseudo 'D-inositol-3-phosphate glycosyltransferase' at CpRL9 position 185903
[11:47:14] Possible /pseudo 'Dibenzothiophene desulfurization enzyme C' at CpRL9 position 312185
[11:47:14] Possible /pseudo 'IS3 family transposase ISKpn11' at CpRL9 position 395406
[11:47:14] Found 2099 unique /gene codes.
[11:47:14] Fixed 2 duplicate /gene - metG_1 metG_2
[11:47:14] Fixed 2 duplicate /gene - flgE_1 flgE_2
[11:47:14] Fixed 2 duplicate /gene - ttgB_1 ttgB_2
[11:47:14] Fixed 14 duplicate /gene - iolG_1 iolG_2 iolG_3 iolG_4 iolG_5 iolG_6 iolG_7 iolG_8 iolG_9 iolG_10 iolG_11 iolG_12 iolG_13 iolG_14
[11:47:14] Fixed 5 duplicate /gene - ligD_1 ligD_2 ligD_3 ligD_4 ligD_5
[11:47:14] Fixed 2 duplicate /gene - doeA_1 doeA_2
[11:47:14] Fixed 2 duplicate /gene - adk_1 adk_2
[11:47:14] Fixed 6 duplicate /gene - ompR_1 ompR_2 ompR_3 ompR_4 ompR_5 ompR_6
[11:47:14] Fixed 5 duplicate /gene - nanR_1 nanR_2 nanR_3 nanR_4 nanR_5
[11:47:14] Fixed 3 duplicate /gene - aatA_1 aatA_2 aatA_3
[11:47:14] Fixed 2 duplicate /gene - menF_1 menF_2
[11:47:14] Fixed 14 duplicate /gene - oppD_1 oppD_2 oppD_3 oppD_4 oppD_5 oppD_6 oppD_7 oppD_8 oppD_9 oppD_10 oppD_11 oppD_12 oppD_13 oppD_14
[11:47:14] Fixed 2 duplicate /gene - allB_1 allB_2
[11:47:14] Fixed 2 duplicate /gene - puuD_1 puuD_2
[11:47:14] Fixed 2 duplicate /gene - mcp4_1 mcp4_2
[11:47:14] Fixed 2 duplicate /gene - ssuC_1 ssuC_2
[11:47:14] Fixed 2 duplicate /gene - ydaD_1 ydaD_2
[11:47:14] Fixed 2 duplicate /gene - bpoC_1 bpoC_2
[11:47:14] Fixed 7 duplicate /gene - ribX_1 ribX_2 ribX_3 ribX_4 ribX_5 ribX_6 ribX_7
[11:47:14] Fixed 5 duplicate /gene - oppC_1 oppC_2 oppC_3 oppC_4 oppC_5
[11:47:14] Fixed 27 duplicate /gene - fabG_1 fabG_2 fabG_3 fabG_4 fabG_5 fabG_6 fabG_7 fabG_8 fabG_9 fabG_10 fabG_11 fabG_12 fabG_13 fabG_14 fabG_15 fabG_16 fabG_17 fabG_18 fabG_19 fabG_20 fabG_21 fabG_22 fabG_23 fabG_24 fabG_25 fabG_26 fabG_27
[11:47:14] Fixed 2 duplicate /gene - macA_1 macA_2
[11:47:14] Fixed 2 duplicate /gene - groL_1 groL_2
[11:47:14] Fixed 7 duplicate /gene - cytR_1 cytR_2 cytR_3 cytR_4 cytR_5 cytR_6 cytR_7
[11:47:14] Fixed 4 duplicate /gene - rbsR_1 rbsR_2 rbsR_3 rbsR_4
[11:47:14] Fixed 20 duplicate /gene - pgrR_1 pgrR_2 pgrR_3 pgrR_4 pgrR_5 pgrR_6 pgrR_7 pgrR_8 pgrR_9 pgrR_10 pgrR_11 pgrR_12 pgrR_13 pgrR_14 pgrR_15 pgrR_16 pgrR_17 pgrR_18 pgrR_19 pgrR_20
[11:47:14] Fixed 2 duplicate /gene - ptsN_1 ptsN_2
[11:47:14] Fixed 2 duplicate /gene - bdhA_1 bdhA_2
[11:47:14] Fixed 9 duplicate /gene - ngcG_1 ngcG_2 ngcG_3 ngcG_4 ngcG_5 ngcG_6 ngcG_7 ngcG_8 ngcG_9
[11:47:14] Fixed 3 duplicate /gene - lolD_1 lolD_2 lolD_3
[11:47:14] Fixed 4 duplicate /gene - cpdA_1 cpdA_2 cpdA_3 cpdA_4
[11:47:14] Fixed 4 duplicate /gene - davD_1 davD_2 davD_3 davD_4
[11:47:14] Fixed 9 duplicate /gene - yajO_1 yajO_2 yajO_3 yajO_4 yajO_5 yajO_6 yajO_7 yajO_8 yajO_9
[11:47:14] Fixed 2 duplicate /gene - dnaK_1 dnaK_2
[11:47:14] Fixed 2 duplicate /gene - yhbO_1 yhbO_2
[11:47:14] Fixed 2 duplicate /gene - ctpV_1 ctpV_2
[11:47:14] Fixed 3 duplicate /gene - hexR_1 hexR_2 hexR_3
[11:47:14] Fixed 5 duplicate /gene - gsiB_1 gsiB_2 gsiB_3 gsiB_4 gsiB_5
[11:47:14] Fixed 2 duplicate /gene - folE_1 folE_2
[11:47:14] Fixed 3 duplicate /gene - ilvI_1 ilvI_2 ilvI_3
[11:47:14] Fixed 4 duplicate /gene - eryD_1 eryD_2 eryD_3 eryD_4
[11:47:14] Fixed 2 duplicate /gene - glgX_1 glgX_2
[11:47:14] Fixed 3 duplicate /gene - qseB_1 qseB_2 qseB_3
[11:47:14] Fixed 3 duplicate /gene - ulaR_1 ulaR_2 ulaR_3
[11:47:14] Fixed 5 duplicate /gene - gntR_1 gntR_2 gntR_3 gntR_4 gntR_5
[11:47:14] Fixed 6 duplicate /gene - arnC_1 arnC_2 arnC_3 arnC_4 arnC_5 arnC_6
[11:47:14] Fixed 2 duplicate /gene - pyrE_1 pyrE_2
[11:47:14] Fixed 2 duplicate /gene - phaC_1 phaC_2
[11:47:14] Fixed 2 duplicate /gene - cysE_1 cysE_2
[11:47:14] Fixed 3 duplicate /gene - degP_1 degP_2 degP_3
[11:47:14] Fixed 2 duplicate /gene - mglB_1 mglB_2
[11:47:14] Fixed 2 duplicate /gene - rsmB_1 rsmB_2
[11:47:14] Fixed 2 duplicate /gene - ptsJ_1 ptsJ_2
[11:47:14] Fixed 28 duplicate /gene - dmlR_1 dmlR_2 dmlR_3 dmlR_4 dmlR_5 dmlR_6 dmlR_7 dmlR_8 dmlR_9 dmlR_10 dmlR_11 dmlR_12 dmlR_13 dmlR_14 dmlR_15 dmlR_16 dmlR_17 dmlR_18 dmlR_19 dmlR_20 dmlR_21 dmlR_22 dmlR_23 dmlR_24 dmlR_25 dmlR_26 dmlR_27 dmlR_28
[11:47:14] Fixed 5 duplicate /gene - gdh_1 gdh_2 gdh_3 gdh_4 gdh_5
[11:47:14] Fixed 2 duplicate /gene - tenA_1 tenA_2
[11:47:14] Fixed 2 duplicate /gene - zwf_1 zwf_2
[11:47:14] Fixed 3 duplicate /gene - ropA_1 ropA_2 ropA_3
[11:47:14] Fixed 2 duplicate /gene - dctB_1 dctB_2
[11:47:14] Fixed 3 duplicate /gene - azoB_1 azoB_2 azoB_3
[11:47:14] Fixed 2 duplicate /gene - livK_1 livK_2
[11:47:14] Fixed 2 duplicate /gene - yedA_1 yedA_2
[11:47:14] Fixed 3 duplicate /gene - fcl_1 fcl_2 fcl_3
[11:47:14] Fixed 22 duplicate /gene - ugpC_1 ugpC_2 ugpC_3 ugpC_4 ugpC_5 ugpC_6 ugpC_7 ugpC_8 ugpC_9 ugpC_10 ugpC_11 ugpC_12 ugpC_13 ugpC_14 ugpC_15 ugpC_16 ugpC_17 ugpC_18 ugpC_19 ugpC_20 ugpC_21 ugpC_22
[11:47:14] Fixed 2 duplicate /gene - mdtD_1 mdtD_2
[11:47:14] Fixed 3 duplicate /gene - appA_1 appA_2 appA_3
[11:47:14] Fixed 2 duplicate /gene - yqjF_1 yqjF_2
[11:47:14] Fixed 2 duplicate /gene - ggt_1 ggt_2
[11:47:14] Fixed 13 duplicate /gene - livH_1 livH_2 livH_3 livH_4 livH_5 livH_6 livH_7 livH_8 livH_9 livH_10 livH_11 livH_12 livH_13
[11:47:14] Fixed 3 duplicate /gene - dapE_1 dapE_2 dapE_3
[11:47:14] Fixed 22 duplicate /gene - rcsC_1 rcsC_2 rcsC_3 rcsC_4 rcsC_5 rcsC_6 rcsC_7 rcsC_8 rcsC_9 rcsC_10 rcsC_11 rcsC_12 rcsC_13 rcsC_14 rcsC_15 rcsC_16 rcsC_17 rcsC_18 rcsC_19 rcsC_20 rcsC_21 rcsC_22
[11:47:14] Fixed 2 duplicate /gene - dapB_1 dapB_2
[11:47:14] Fixed 2 duplicate /gene - cntB_1 cntB_2
[11:47:14] Fixed 8 duplicate /gene - xerC_1 xerC_2 xerC_3 xerC_4 xerC_5 xerC_6 xerC_7 xerC_8
[11:47:14] Fixed 2 duplicate /gene - mmcO_1 mmcO_2
[11:47:14] Fixed 2 duplicate /gene - catD_1 catD_2
[11:47:14] Fixed 3 duplicate /gene - mdtC_1 mdtC_2 mdtC_3
[11:47:14] Fixed 3 duplicate /gene - emrB_1 emrB_2 emrB_3
[11:47:14] Fixed 6 duplicate /gene - rafR_1 rafR_2 rafR_3 rafR_4 rafR_5 rafR_6
[11:47:14] Fixed 2 duplicate /gene - rppH_1 rppH_2
[11:47:14] Fixed 4 duplicate /gene - pal_1 pal_2 pal_3 pal_4
[11:47:14] Fixed 7 duplicate /gene - mshA_1 mshA_2 mshA_3 mshA_4 mshA_5 mshA_6 mshA_7
[11:47:14] Fixed 4 duplicate /gene - pcm_1 pcm_2 pcm_3 pcm_4
[11:47:14] Fixed 3 duplicate /gene - deoR_1 deoR_2 deoR_3
[11:47:14] Fixed 2 duplicate /gene - tdh_1 tdh_2
[11:47:14] Fixed 8 duplicate /gene - potA_1 potA_2 potA_3 potA_4 potA_5 potA_6 potA_7 potA_8
[11:47:14] Fixed 2 duplicate /gene - nrtD_1 nrtD_2
[11:47:14] Fixed 2 duplicate /gene - soxB_1 soxB_2
[11:47:14] Fixed 2 duplicate /gene - yxeN_1 yxeN_2
[11:47:14] Fixed 2 duplicate /gene - malT_1 malT_2
[11:47:14] Fixed 2 duplicate /gene - gpmA_1 gpmA_2
[11:47:14] Fixed 2 duplicate /gene - rutF_1 rutF_2
[11:47:14] Fixed 2 duplicate /gene - flgG_1 flgG_2
[11:47:14] Fixed 2 duplicate /gene - iolB_1 iolB_2
[11:47:14] Fixed 5 duplicate /gene - iolE_1 iolE_2 iolE_3 iolE_4 iolE_5
[11:47:14] Fixed 2 duplicate /gene - hcaR_1 hcaR_2
[11:47:14] Fixed 2 duplicate /gene - tspO_1 tspO_2
[11:47:14] Fixed 20 duplicate /gene - sasA_1 sasA_2 sasA_3 sasA_4 sasA_5 sasA_6 sasA_7 sasA_8 sasA_9 sasA_10 sasA_11 sasA_12 sasA_13 sasA_14 sasA_15 sasA_16 sasA_17 sasA_18 sasA_19 sasA_20
[11:47:14] Fixed 2 duplicate /gene - pspA_1 pspA_2
[11:47:14] Fixed 5 duplicate /gene - dasC_1 dasC_2 dasC_3 dasC_4 dasC_5
[11:47:14] Fixed 2 duplicate /gene - araA_1 araA_2
[11:47:14] Fixed 5 duplicate /gene - purR_1 purR_2 purR_3 purR_4 purR_5
[11:47:14] Fixed 14 duplicate /gene - melD_1 melD_2 melD_3 melD_4 melD_5 melD_6 melD_7 melD_8 melD_9 melD_10 melD_11 melD_12 melD_13 melD_14
[11:47:14] Fixed 2 duplicate /gene - ubiA_1 ubiA_2
[11:47:14] Fixed 2 duplicate /gene - nagK_1 nagK_2
[11:47:14] Fixed 4 duplicate /gene - rpsU_1 rpsU_2 rpsU_3 rpsU_4
[11:47:14] Fixed 2 duplicate /gene - bcsA_1 bcsA_2
[11:47:14] Fixed 13 duplicate /gene - oppF_1 oppF_2 oppF_3 oppF_4 oppF_5 oppF_6 oppF_7 oppF_8 oppF_9 oppF_10 oppF_11 oppF_12 oppF_13
[11:47:14] Fixed 4 duplicate /gene - entS_1 entS_2 entS_3 entS_4
[11:47:14] Fixed 7 duplicate /gene - ddpC_1 ddpC_2 ddpC_3 ddpC_4 ddpC_5 ddpC_6 ddpC_7
[11:47:14] Fixed 2 duplicate /gene - otnK_1 otnK_2
[11:47:14] Fixed 2 duplicate /gene - cpdR_1 cpdR_2
[11:47:14] Fixed 3 duplicate /gene - occP_1 occP_2 occP_3
[11:47:14] Fixed 6 duplicate /gene - comR_1 comR_2 comR_3 comR_4 comR_5 comR_6
[11:47:14] Fixed 5 duplicate /gene - dapH_1 dapH_2 dapH_3 dapH_4 dapH_5
[11:47:14] Fixed 2 duplicate /gene - glaR_1 glaR_2
[11:47:14] Fixed 2 duplicate /gene - ttuB_1 ttuB_2
[11:47:14] Fixed 3 duplicate /gene - cheY_1 cheY_2 cheY_3
[11:47:14] Fixed 9 duplicate /gene - sugA_1 sugA_2 sugA_3 sugA_4 sugA_5 sugA_6 sugA_7 sugA_8 sugA_9
[11:47:14] Fixed 5 duplicate /gene - bacC_1 bacC_2 bacC_3 bacC_4 bacC_5
[11:47:14] Fixed 2 duplicate /gene - etfA_1 etfA_2
[11:47:14] Fixed 2 duplicate /gene - maa_1 maa_2
[11:47:14] Fixed 2 duplicate /gene - coaA_1 coaA_2
[11:47:14] Fixed 19 duplicate /gene - rbsA_1 rbsA_2 rbsA_3 rbsA_4 rbsA_5 rbsA_6 rbsA_7 rbsA_8 rbsA_9 rbsA_10 rbsA_11 rbsA_12 rbsA_13 rbsA_14 rbsA_15 rbsA_16 rbsA_17 rbsA_18 rbsA_19
[11:47:14] Fixed 2 duplicate /gene - pdhR_1 pdhR_2
[11:47:14] Fixed 4 duplicate /gene - nagL_1 nagL_2 nagL_3 nagL_4
[11:47:14] Fixed 4 duplicate /gene - lldR_1 lldR_2 lldR_3 lldR_4
[11:47:14] Fixed 4 duplicate /gene - rhtB_1 rhtB_2 rhtB_3 rhtB_4
[11:47:14] Fixed 2 duplicate /gene - tal_1 tal_2
[11:47:14] Fixed 2 duplicate /gene - gyrB_1 gyrB_2
[11:47:14] Fixed 2 duplicate /gene - udh_1 udh_2
[11:47:14] Fixed 2 duplicate /gene - ftsZ_1 ftsZ_2
[11:47:14] Fixed 2 duplicate /gene - rhmA_1 rhmA_2
[11:47:14] Fixed 2 duplicate /gene - aar_1 aar_2
[11:47:14] Fixed 9 duplicate /gene - gcvA_1 gcvA_2 gcvA_3 gcvA_4 gcvA_5 gcvA_6 gcvA_7 gcvA_8 gcvA_9
[11:47:14] Fixed 2 duplicate /gene - msmE_1 msmE_2
[11:47:14] Fixed 2 duplicate /gene - ccmE_1 ccmE_2
[11:47:14] Fixed 3 duplicate /gene - dxs_1 dxs_2 dxs_3
[11:47:14] Fixed 2 duplicate /gene - ndvB_1 ndvB_2
[11:47:14] Fixed 2 duplicate /gene - dmoA_1 dmoA_2
[11:47:14] Fixed 9 duplicate /gene - rhaR_1 rhaR_2 rhaR_3 rhaR_4 rhaR_5 rhaR_6 rhaR_7 rhaR_8 rhaR_9
[11:47:14] Fixed 2 duplicate /gene - ompA_1 ompA_2
[11:47:14] Fixed 4 duplicate /gene - linX_1 linX_2 linX_3 linX_4
[11:47:14] Fixed 2 duplicate /gene - cnbH_1 cnbH_2
[11:47:14] Fixed 3 duplicate /gene - yyaP_1 yyaP_2 yyaP_3
[11:47:14] Fixed 3 duplicate /gene - glmU_1 glmU_2 glmU_3
[11:47:14] Fixed 3 duplicate /gene - gcvT_1 gcvT_2 gcvT_3
[11:47:14] Fixed 2 duplicate /gene - dapX_1 dapX_2
[11:47:14] Fixed 2 duplicate /gene - puuR_1 puuR_2
[11:47:14] Fixed 2 duplicate /gene - yejF_1 yejF_2
[11:47:14] Fixed 2 duplicate /gene - gci_1 gci_2
[11:47:14] Fixed 2 duplicate /gene - virB4_1 virB4_2
[11:47:14] Fixed 2 duplicate /gene - ompT_1 ompT_2
[11:47:14] Fixed 4 duplicate /gene - hsrA_1 hsrA_2 hsrA_3 hsrA_4
[11:47:14] Fixed 10 duplicate /gene - ydcV_1 ydcV_2 ydcV_3 ydcV_4 ydcV_5 ydcV_6 ydcV_7 ydcV_8 ydcV_9 ydcV_10
[11:47:14] Fixed 3 duplicate /gene - ntaA_1 ntaA_2 ntaA_3
[11:47:14] Fixed 3 duplicate /gene - dksA_1 dksA_2 dksA_3
[11:47:14] Fixed 2 duplicate /gene - glpK_1 glpK_2
[11:47:14] Fixed 2 duplicate /gene - purF_1 purF_2
[11:47:14] Fixed 4 duplicate /gene - yabJ_1 yabJ_2 yabJ_3 yabJ_4
[11:47:14] Fixed 4 duplicate /gene - ohrR_1 ohrR_2 ohrR_3 ohrR_4
[11:47:14] Fixed 22 duplicate /gene - rbsC_1 rbsC_2 rbsC_3 rbsC_4 rbsC_5 rbsC_6 rbsC_7 rbsC_8 rbsC_9 rbsC_10 rbsC_11 rbsC_12 rbsC_13 rbsC_14 rbsC_15 rbsC_16 rbsC_17 rbsC_18 rbsC_19 rbsC_20 rbsC_21 rbsC_22
[11:47:14] Fixed 2 duplicate /gene - thrB_1 thrB_2
[11:47:14] Fixed 2 duplicate /gene - mlhB_1 mlhB_2
[11:47:14] Fixed 2 duplicate /gene - hutU_1 hutU_2
[11:47:14] Fixed 4 duplicate /gene - sugC_1 sugC_2 sugC_3 sugC_4
[11:47:14] Fixed 2 duplicate /gene - gloA_1 gloA_2
[11:47:14] Fixed 3 duplicate /gene - lsrB_1 lsrB_2 lsrB_3
[11:47:14] Fixed 4 duplicate /gene - melA_1 melA_2 melA_3 melA_4
[11:47:14] Fixed 4 duplicate /gene - oxyR_1 oxyR_2 oxyR_3 oxyR_4
[11:47:14] Fixed 2 duplicate /gene - xynB_1 xynB_2
[11:47:14] Fixed 3 duplicate /gene - ddpA_1 ddpA_2 ddpA_3
[11:47:14] Fixed 2 duplicate /gene - chrR_1 chrR_2
[11:47:14] Fixed 2 duplicate /gene - scrK_1 scrK_2
[11:47:14] Fixed 4 duplicate /gene - araC_1 araC_2 araC_3 araC_4
[11:47:14] Fixed 4 duplicate /gene - xylB_1 xylB_2 xylB_3 xylB_4
[11:47:14] Fixed 2 duplicate /gene - lgoR_1 lgoR_2
[11:47:14] Fixed 2 duplicate /gene - acdA_1 acdA_2
[11:47:14] Fixed 2 duplicate /gene - speB_1 speB_2
[11:47:14] Fixed 2 duplicate /gene - dasA_1 dasA_2
[11:47:14] Fixed 2 duplicate /gene - exoI_1 exoI_2
[11:47:14] Fixed 11 duplicate /gene - rhaS_1 rhaS_2 rhaS_3 rhaS_4 rhaS_5 rhaS_6 rhaS_7 rhaS_8 rhaS_9 rhaS_10 rhaS_11
[11:47:14] Fixed 4 duplicate /gene - yhdN_1 yhdN_2 yhdN_3 yhdN_4
[11:47:14] Fixed 2 duplicate /gene - yjhH_1 yjhH_2
[11:47:14] Fixed 5 duplicate /gene - cheW_1 cheW_2 cheW_3 cheW_4 cheW_5
[11:47:14] Fixed 2 duplicate /gene - nifD_1 nifD_2
[11:47:14] Fixed 2 duplicate /gene - gltX_1 gltX_2
[11:47:14] Fixed 2 duplicate /gene - def_1 def_2
[11:47:14] Fixed 2 duplicate /gene - potD_1 potD_2
[11:47:14] Fixed 2 duplicate /gene - degQ_1 degQ_2
[11:47:14] Fixed 3 duplicate /gene - accB_1 accB_2 accB_3
[11:47:14] Fixed 4 duplicate /gene - imuB_1 imuB_2 imuB_3 imuB_4
[11:47:14] Fixed 3 duplicate /gene - hemA_1 hemA_2 hemA_3
[11:47:14] Fixed 2 duplicate /gene - dhmA_1 dhmA_2
[11:47:14] Fixed 3 duplicate /gene - fixN_1 fixN_2 fixN_3
[11:47:14] Fixed 5 duplicate /gene - lacG_1 lacG_2 lacG_3 lacG_4 lacG_5
[11:47:14] Fixed 5 duplicate /gene - xylH_1 xylH_2 xylH_3 xylH_4 xylH_5
[11:47:14] Fixed 2 duplicate /gene - cheA_1 cheA_2
[11:47:14] Fixed 2 duplicate /gene - apc3_1 apc3_2
[11:47:14] Fixed 3 duplicate /gene - carA_1 carA_2 carA_3
[11:47:14] Fixed 3 duplicate /gene - arsC_1 arsC_2 arsC_3
[11:47:14] Fixed 4 duplicate /gene - tam_1 tam_2 tam_3 tam_4
[11:47:14] Fixed 2 duplicate /gene - mshD_1 mshD_2
[11:47:14] Fixed 2 duplicate /gene - RBKS_1 RBKS_2
[11:47:14] Fixed 2 duplicate /gene - yteT_1 yteT_2
[11:47:14] Fixed 5 duplicate /gene - fitB_1 fitB_2 fitB_3 fitB_4 fitB_5
[11:47:14] Fixed 5 duplicate /gene - msiK_1 msiK_2 msiK_3 msiK_4 msiK_5
[11:47:14] Fixed 2 duplicate /gene - wbgU_1 wbgU_2
[11:47:14] Fixed 3 duplicate /gene - tmoT_1 tmoT_2 tmoT_3
[11:47:14] Fixed 2 duplicate /gene - plsY_1 plsY_2
[11:47:14] Fixed 7 duplicate /gene - msmX_1 msmX_2 msmX_3 msmX_4 msmX_5 msmX_6 msmX_7
[11:47:14] Fixed 7 duplicate /gene - mdtA_1 mdtA_2 mdtA_3 mdtA_4 mdtA_5 mdtA_6 mdtA_7
[11:47:14] Fixed 2 duplicate /gene - alr_1 alr_2
[11:47:14] Fixed 4 duplicate /gene - prsE_1 prsE_2 prsE_3 prsE_4
[11:47:14] Fixed 11 duplicate /gene - dppB_1 dppB_2 dppB_3 dppB_4 dppB_5 dppB_6 dppB_7 dppB_8 dppB_9 dppB_10 dppB_11
[11:47:14] Fixed 2 duplicate /gene - glk_1 glk_2
[11:47:14] Fixed 4 duplicate /gene - dadA1_1 dadA1_2 dadA1_3 dadA1_4
[11:47:14] Fixed 4 duplicate /gene - ydhP_1 ydhP_2 ydhP_3 ydhP_4
[11:47:14] Fixed 11 duplicate /gene - COQ5_1 COQ5_2 COQ5_3 COQ5_4 COQ5_5 COQ5_6 COQ5_7 COQ5_8 COQ5_9 COQ5_10 COQ5_11
[11:47:14] Fixed 2 duplicate /gene - mftE_1 mftE_2
[11:47:14] Fixed 2 duplicate /gene - argG_1 argG_2
[11:47:14] Fixed 5 duplicate /gene - ccpA_1 ccpA_2 ccpA_3 ccpA_4 ccpA_5
[11:47:14] Fixed 2 duplicate /gene - glmS_1 glmS_2
[11:47:14] Fixed 5 duplicate /gene - ugpA_1 ugpA_2 ugpA_3 ugpA_4 ugpA_5
[11:47:14] Fixed 2 duplicate /gene - hpsN_1 hpsN_2
[11:47:14] Fixed 6 duplicate /gene - hisC_1 hisC_2 hisC_3 hisC_4 hisC_5 hisC_6
[11:47:14] Fixed 2 duplicate /gene - xylG_1 xylG_2
[11:47:14] Fixed 2 duplicate /gene - vdh_1 vdh_2
[11:47:14] Fixed 2 duplicate /gene - codAch2_1 codAch2_2
[11:47:14] Fixed 3 duplicate /gene - betB_1 betB_2 betB_3
[11:47:14] Fixed 2 duplicate /gene - deoC_1 deoC_2
[11:47:14] Fixed 7 duplicate /gene - fliY_1 fliY_2 fliY_3 fliY_4 fliY_5 fliY_6 fliY_7
[11:47:14] Fixed 2 duplicate /gene - uvrB_1 uvrB_2
[11:47:14] Fixed 2 duplicate /gene - cheR_1 cheR_2
[11:47:14] Fixed 3 duplicate /gene - accA1_1 accA1_2 accA1_3
[11:47:14] Fixed 4 duplicate /gene - yfcG_1 yfcG_2 yfcG_3 yfcG_4
[11:47:14] Fixed 2 duplicate /gene - rapA2_1 rapA2_2
[11:47:14] Fixed 2 duplicate /gene - ydjH_1 ydjH_2
[11:47:14] Fixed 4 duplicate /gene - dctM_1 dctM_2 dctM_3 dctM_4
[11:47:14] Fixed 4 duplicate /gene - rpaR_1 rpaR_2 rpaR_3 rpaR_4
[11:47:14] Fixed 2 duplicate /gene - opuAB_1 opuAB_2
[11:47:14] Fixed 6 duplicate /gene - cysQ_1 cysQ_2 cysQ_3 cysQ_4 cysQ_5 cysQ_6
[11:47:14] Fixed 4 duplicate /gene - decR_1 decR_2 decR_3 decR_4
[11:47:14] Fixed 2 duplicate /gene - nsrR_1 nsrR_2
[11:47:14] Fixed 2 duplicate /gene - basR_1 basR_2
[11:47:14] Fixed 2 duplicate /gene - thiY_1 thiY_2
[11:47:14] Fixed 2 duplicate /gene - groL5_1 groL5_2
[11:47:14] Fixed 2 duplicate /gene - dhaA_1 dhaA_2
[11:47:14] Fixed 2 duplicate /gene - lvr_1 lvr_2
[11:47:14] Fixed 2 duplicate /gene - ycjO_1 ycjO_2
[11:47:14] Fixed 3 duplicate /gene - nadE_1 nadE_2 nadE_3
[11:47:14] Fixed 4 duplicate /gene - argP_1 argP_2 argP_3 argP_4
[11:47:14] Fixed 2 duplicate /gene - melR_1 melR_2
[11:47:14] Fixed 2 duplicate /gene - aroA_1 aroA_2
[11:47:14] Fixed 2 duplicate /gene - purC_1 purC_2
[11:47:14] Fixed 2 duplicate /gene - rnhA_1 rnhA_2
[11:47:14] Fixed 2 duplicate /gene - mdeA_1 mdeA_2
[11:47:14] Fixed 4 duplicate /gene - ybjJ_1 ybjJ_2 ybjJ_3 ybjJ_4
[11:47:14] Fixed 3 duplicate /gene - glgB_1 glgB_2 glgB_3
[11:47:14] Fixed 2 duplicate /gene - rob_1 rob_2
[11:47:14] Fixed 7 duplicate /gene - fliC_1 fliC_2 fliC_3 fliC_4 fliC_5 fliC_6 fliC_7
[11:47:14] Fixed 3 duplicate /gene - glxR_1 glxR_2 glxR_3
[11:47:14] Fixed 2 duplicate /gene - rhiA_1 rhiA_2
[11:47:14] Fixed 3 duplicate /gene - lldD_1 lldD_2 lldD_3
[11:47:14] Fixed 2 duplicate /gene - ilvA_1 ilvA_2
[11:47:14] Fixed 3 duplicate /gene - pxpB_1 pxpB_2 pxpB_3
[11:47:14] Fixed 2 duplicate /gene - ald_1 ald_2
[11:47:14] Fixed 3 duplicate /gene - occM_1 occM_2 occM_3
[11:47:14] Fixed 3 duplicate /gene - traG_1 traG_2 traG_3
[11:47:14] Fixed 2 duplicate /gene - sfnF_1 sfnF_2
[11:47:14] Fixed 2 duplicate /gene - yihV_1 yihV_2
[11:47:14] Fixed 3 duplicate /gene - oppA_1 oppA_2 oppA_3
[11:47:14] Fixed 2 duplicate /gene - puuA_1 puuA_2
[11:47:14] Fixed 2 duplicate /gene - mgtA_1 mgtA_2
[11:47:14] Fixed 7 duplicate /gene - rspR_1 rspR_2 rspR_3 rspR_4 rspR_5 rspR_6 rspR_7
[11:47:14] Fixed 2 duplicate /gene - ccoP_1 ccoP_2
[11:47:14] Fixed 3 duplicate /gene - xthA_1 xthA_2 xthA_3
[11:47:14] Fixed 3 duplicate /gene - yheS_1 yheS_2 yheS_3
[11:47:14] Fixed 3 duplicate /gene - purU_1 purU_2 purU_3
[11:47:14] Fixed 2 duplicate /gene - mdh_1 mdh_2
[11:47:14] Fixed 2 duplicate /gene - paoC_1 paoC_2
[11:47:14] Fixed 2 duplicate /gene - leuS_1 leuS_2
[11:47:14] Fixed 2 duplicate /gene - tcyB_1 tcyB_2
[11:47:14] Fixed 2 duplicate /gene - paoD_1 paoD_2
[11:47:14] Fixed 2 duplicate /gene - bamA_1 bamA_2
[11:47:14] Fixed 2 duplicate /gene - rnd_1 rnd_2
[11:47:14] Fixed 2 duplicate /gene - yhjE_1 yhjE_2
[11:47:14] Fixed 2 duplicate /gene - virB9_1 virB9_2
[11:47:14] Fixed 2 duplicate /gene - proV_1 proV_2
[11:47:14] Fixed 2 duplicate /gene - pepA_1 pepA_2
[11:47:14] Fixed 3 duplicate /gene - blh_1 blh_2 blh_3
[11:47:14] Fixed 3 duplicate /gene - ftsH_1 ftsH_2 ftsH_3
[11:47:14] Fixed 14 duplicate /gene - lptB_1 lptB_2 lptB_3 lptB_4 lptB_5 lptB_6 lptB_7 lptB_8 lptB_9 lptB_10 lptB_11 lptB_12 lptB_13 lptB_14
[11:47:14] Fixed 2 duplicate /gene - amiF_1 amiF_2
[11:47:14] Fixed 4 duplicate /gene - bepA_1 bepA_2 bepA_3 bepA_4
[11:47:14] Fixed 3 duplicate /gene - gbpR_1 gbpR_2 gbpR_3
[11:47:14] Fixed 11 duplicate /gene - lacF_1 lacF_2 lacF_3 lacF_4 lacF_5 lacF_6 lacF_7 lacF_8 lacF_9 lacF_10 lacF_11
[11:47:14] Fixed 2 duplicate /gene - msrB_1 msrB_2
[11:47:14] Fixed 2 duplicate /gene - aam_1 aam_2
[11:47:14] Fixed 2 duplicate /gene - arsH_1 arsH_2
[11:47:14] Fixed 4 duplicate /gene - lsrD_1 lsrD_2 lsrD_3 lsrD_4
[11:47:14] Fixed 2 duplicate /gene - tgnC_1 tgnC_2
[11:47:14] Fixed 2 duplicate /gene - mmgC_1 mmgC_2
[11:47:14] Fixed 3 duplicate /gene - braC_1 braC_2 braC_3
[11:47:14] Fixed 3 duplicate /gene - araB_1 araB_2 araB_3
[11:47:14] Fixed 5 duplicate /gene - adh1_1 adh1_2 adh1_3 adh1_4 adh1_5
[11:47:14] Fixed 2 duplicate /gene - cyoC_1 cyoC_2
[11:47:14] Fixed 5 duplicate /gene - dgoD_1 dgoD_2 dgoD_3 dgoD_4 dgoD_5
[11:47:14] Fixed 3 duplicate /gene - mnmC_1 mnmC_2 mnmC_3
[11:47:14] Fixed 2 duplicate /gene - yknY_1 yknY_2
[11:47:14] Fixed 2 duplicate /gene - secDF_1 secDF_2
[11:47:14] Fixed 4 duplicate /gene - galE_1 galE_2 galE_3 galE_4
[11:47:14] Fixed 9 duplicate /gene - sugB_1 sugB_2 sugB_3 sugB_4 sugB_5 sugB_6 sugB_7 sugB_8 sugB_9
[11:47:14] Fixed 2 duplicate /gene - yedK_1 yedK_2
[11:47:14] Fixed 4 duplicate /gene - hchA_1 hchA_2 hchA_3 hchA_4
[11:47:14] Fixed 2 duplicate /gene - coaE_1 coaE_2
[11:47:14] Fixed 9 duplicate /gene - rbsB_1 rbsB_2 rbsB_3 rbsB_4 rbsB_5 rbsB_6 rbsB_7 rbsB_8 rbsB_9
[11:47:14] Fixed 3 duplicate /gene - rfbC_1 rfbC_2 rfbC_3
[11:47:14] Fixed 2 duplicate /gene - hypBA1_1 hypBA1_2
[11:47:14] Fixed 2 duplicate /gene - etfB_1 etfB_2
[11:47:14] Fixed 2 duplicate /gene - alsC_1 alsC_2
[11:47:14] Fixed 11 duplicate /gene - lrp_1 lrp_2 lrp_3 lrp_4 lrp_5 lrp_6 lrp_7 lrp_8 lrp_9 lrp_10 lrp_11
[11:47:14] Fixed 4 duplicate /gene - soxA_1 soxA_2 soxA_3 soxA_4
[11:47:14] Fixed 2 duplicate /gene - catM_1 catM_2
[11:47:14] Fixed 3 duplicate /gene - accC_1 accC_2 accC_3
[11:47:14] Fixed 2 duplicate /gene - rlpA_1 rlpA_2
[11:47:14] Fixed 6 duplicate /gene - potB_1 potB_2 potB_3 potB_4 potB_5 potB_6
[11:47:14] Fixed 2 duplicate /gene - hlyD_1 hlyD_2
[11:47:14] Fixed 2 duplicate /gene - gspK_1 gspK_2
[11:47:14] Fixed 5 duplicate /gene - traC_1 traC_2 traC_3 traC_4 traC_5
[11:47:14] Fixed 2 duplicate /gene - thiK_1 thiK_2
[11:47:14] Fixed 4 duplicate /gene - hutH_1 hutH_2 hutH_3 hutH_4
[11:47:14] Fixed 2 duplicate /gene - thpR_1 thpR_2
[11:47:14] Fixed 2 duplicate /gene - fumC_1 fumC_2
[11:47:14] Fixed 2 duplicate /gene - leuE_1 leuE_2
[11:47:14] Fixed 2 duplicate /gene - thiG_1 thiG_2
[11:47:14] Fixed 2 duplicate /gene - pccB_1 pccB_2
[11:47:14] Fixed 3 duplicate /gene - naiP_1 naiP_2 naiP_3
[11:47:14] Fixed 2 duplicate /gene - ogt_1 ogt_2
[11:47:14] Fixed 2 duplicate /gene - psuG_1 psuG_2
[11:47:14] Fixed 3 duplicate /gene - apsD_1 apsD_2 apsD_3
[11:47:14] Fixed 4 duplicate /gene - budB_1 budB_2 budB_3 budB_4
[11:47:14] Fixed 2 duplicate /gene - dppC_1 dppC_2
[11:47:14] Fixed 3 duplicate /gene - azoR_1 azoR_2 azoR_3
[11:47:14] Fixed 8 duplicate /gene - glnQ_1 glnQ_2 glnQ_3 glnQ_4 glnQ_5 glnQ_6 glnQ_7 glnQ_8
[11:47:14] Fixed 4 duplicate /gene - emrA_1 emrA_2 emrA_3 emrA_4
[11:47:14] Fixed 3 duplicate /gene - prsD_1 prsD_2 prsD_3
[11:47:14] Fixed 3 duplicate /gene - dppD_1 dppD_2 dppD_3
[11:47:14] Fixed 4 duplicate /gene - gabD_1 gabD_2 gabD_3 gabD_4
[11:47:14] Fixed 7 duplicate /gene - dapA_1 dapA_2 dapA_3 dapA_4 dapA_5 dapA_6 dapA_7
[11:47:14] Fixed 4 duplicate /gene - bcr_1 bcr_2 bcr_3 bcr_4
[11:47:14] Fixed 5 duplicate /gene - degA_1 degA_2 degA_3 degA_4 degA_5
[11:47:14] Fixed 2 duplicate /gene - bdcA_1 bdcA_2
[11:47:14] Fixed 4 duplicate /gene - linC_1 linC_2 linC_3 linC_4
[11:47:14] Fixed 3 duplicate /gene - araH_1 araH_2 araH_3
[11:47:14] Fixed 2 duplicate /gene - lexA_1 lexA_2
[11:47:14] Fixed 2 duplicate /gene - glnM_1 glnM_2
[11:47:14] Fixed 2 duplicate /gene - ydiK_1 ydiK_2
[11:47:14] Fixed 6 duplicate /gene - nagR_1 nagR_2 nagR_3 nagR_4 nagR_5 nagR_6
[11:47:14] Fixed 2 duplicate /gene - panB_1 panB_2
[11:47:14] Fixed 4 duplicate /gene - mglA_1 mglA_2 mglA_3 mglA_4
[11:47:14] Fixed 3 duplicate /gene - cysA_1 cysA_2 cysA_3
[11:47:14] Fixed 5 duplicate /gene - ribN_1 ribN_2 ribN_3 ribN_4 ribN_5
[11:47:14] Fixed 2 duplicate /gene - golD_1 golD_2
[11:47:14] Fixed 2 duplicate /gene - kduD_1 kduD_2
[11:47:14] Fixed 4 duplicate /gene - dnaE2_1 dnaE2_2 dnaE2_3 dnaE2_4
[11:47:14] Fixed 2 duplicate /gene - iscR_1 iscR_2
[11:47:14] Fixed 3 duplicate /gene - rbsK_1 rbsK_2 rbsK_3
[11:47:14] Fixed 2 duplicate /gene - ubiL_1 ubiL_2
[11:47:14] Fixed 2 duplicate /gene - dctA_1 dctA_2
[11:47:14] Fixed 5 duplicate /gene - frcA_1 frcA_2 frcA_3 frcA_4 frcA_5
[11:47:14] Fixed 2 duplicate /gene - pcrA_1 pcrA_2
[11:47:14] Fixed 3 duplicate /gene - araG_1 araG_2 araG_3
[11:47:14] Fixed 3 duplicate /gene - slyA_1 slyA_2 slyA_3
[11:47:14] Fixed 3 duplicate /gene - hbpA_1 hbpA_2 hbpA_3
[11:47:14] Fixed 5 duplicate /gene - mltF_1 mltF_2 mltF_3 mltF_4 mltF_5
[11:47:14] Fixed 2 duplicate /gene - tufA_1 tufA_2
[11:47:14] Fixed 14 duplicate /gene - gsiA_1 gsiA_2 gsiA_3 gsiA_4 gsiA_5 gsiA_6 gsiA_7 gsiA_8 gsiA_9 gsiA_10 gsiA_11 gsiA_12 gsiA_13 gsiA_14
[11:47:14] Fixed 7 duplicate /gene - hcaB_1 hcaB_2 hcaB_3 hcaB_4 hcaB_5 hcaB_6 hcaB_7
[11:47:14] Fixed 2 duplicate /gene - groS5_1 groS5_2
[11:47:14] Fixed 12 duplicate /gene - hdfR_1 hdfR_2 hdfR_3 hdfR_4 hdfR_5 hdfR_6 hdfR_7 hdfR_8 hdfR_9 hdfR_10 hdfR_11 hdfR_12
[11:47:14] Fixed 2 duplicate /gene - gpr_1 gpr_2
[11:47:14] Fixed 11 duplicate /gene - cdhR_1 cdhR_2 cdhR_3 cdhR_4 cdhR_5 cdhR_6 cdhR_7 cdhR_8 cdhR_9 cdhR_10 cdhR_11
[11:47:14] Fixed 2 duplicate /gene - ugpQ_1 ugpQ_2
[11:47:14] Fixed 3 duplicate /gene - linF_1 linF_2 linF_3
[11:47:14] Fixed 3 duplicate /gene - dhaL-2_1 dhaL-2_2 dhaL-2_3
[11:47:14] Fixed 2 duplicate /gene - dmdC_1 dmdC_2
[11:47:14] Fixed 2 duplicate /gene - rpoE_1 rpoE_2
[11:47:14] Fixed 4 duplicate /gene - nanK_1 nanK_2 nanK_3 nanK_4
[11:47:14] Fixed 2 duplicate /gene - ybhL_1 ybhL_2
[11:47:14] Fixed 2 duplicate /gene - estB_1 estB_2
[11:47:14] Fixed 4 duplicate /gene - fucU_1 fucU_2 fucU_3 fucU_4
[11:47:14] Fixed 2 duplicate /gene - mtrA_1 mtrA_2
[11:47:14] Fixed 5 duplicate /gene - COQ3_1 COQ3_2 COQ3_3 COQ3_4 COQ3_5
[11:47:14] Fixed 4 duplicate /gene - agpA_1 agpA_2 agpA_3 agpA_4
[11:47:14] Fixed 2 duplicate /gene - yadH_1 yadH_2
[11:47:14] Fixed 2 duplicate /gene - phyR_1 phyR_2
[11:47:14] Fixed 2 duplicate /gene - cmk_1 cmk_2
[11:47:14] Fixed 2 duplicate /gene - pdxI_1 pdxI_2
[11:47:14] Fixed 6 duplicate /gene - gph_1 gph_2 gph_3 gph_4 gph_5 gph_6
[11:47:14] Fixed 2 duplicate /gene - thi4_1 thi4_2
[11:47:14] Fixed 3 duplicate /gene - pxpC_1 pxpC_2 pxpC_3
[11:47:14] Fixed 3 duplicate /gene - chqB_1 chqB_2 chqB_3
[11:47:14] Fixed 2 duplicate /gene - fbcH_1 fbcH_2
[11:47:14] Fixed 5 duplicate /gene - amiC_1 amiC_2 amiC_3 amiC_4 amiC_5
[11:47:14] Fixed 4 duplicate /gene - fixK_1 fixK_2 fixK_3 fixK_4
[11:47:14] Fixed 2 duplicate /gene - xdh_1 xdh_2
[11:47:14] Fixed 2 duplicate /gene - proA_1 proA_2
[11:47:14] Fixed 7 duplicate /gene - cspA_1 cspA_2 cspA_3 cspA_4 cspA_5 cspA_6 cspA_7
[11:47:14] Fixed 2 duplicate /gene - corA_1 corA_2
[11:47:14] Fixed 4 duplicate /gene - ycaD_1 ycaD_2 ycaD_3 ycaD_4
[11:47:14] Fixed 3 duplicate /gene - vapC_1 vapC_2 vapC_3
[11:47:14] Fixed 3 duplicate /gene - nagZ_1 nagZ_2 nagZ_3
[11:47:14] Fixed 6 duplicate /gene - lutR_1 lutR_2 lutR_3 lutR_4 lutR_5 lutR_6
[11:47:14] Fixed 5 duplicate /gene - gltR_1 gltR_2 gltR_3 gltR_4 gltR_5
[11:47:14] Fixed 2 duplicate /gene - bauA_1 bauA_2
[11:47:14] Fixed 5 duplicate /gene - aes_1 aes_2 aes_3 aes_4 aes_5
[11:47:14] Fixed 2 duplicate /gene - prmC_1 prmC_2
[11:47:14] Fixed 2 duplicate /gene - alaS_1 alaS_2
[11:47:14] Fixed 2 duplicate /gene - doeB_1 doeB_2
[11:47:14] Fixed 3 duplicate /gene - thiE_1 thiE_2 thiE_3
[11:47:14] Fixed 2 duplicate /gene - wzxC_1 wzxC_2
[11:47:14] Fixed 2 duplicate /gene - aroQ_1 aroQ_2
[11:47:14] Fixed 4 duplicate /gene - yesO_1 yesO_2 yesO_3 yesO_4
[11:47:14] Fixed 2 duplicate /gene - tcyC_1 tcyC_2
[11:47:14] Fixed 3 duplicate /gene - exuR_1 exuR_2 exuR_3
[11:47:14] Fixed 4 duplicate /gene - msrP_1 msrP_2 msrP_3 msrP_4
[11:47:14] Fixed 2 duplicate /gene - rpoH_1 rpoH_2
[11:47:14] Fixed 2 duplicate /gene - xylF_1 xylF_2
[11:47:14] Fixed 2 duplicate /gene - nifK_1 nifK_2
[11:47:14] Fixed 6 duplicate /gene - noc_1 noc_2 noc_3 noc_4 noc_5 noc_6
[11:47:14] Fixed 2 duplicate /gene - macB_1 macB_2
[11:47:14] Fixed 3 duplicate /gene - tetC_1 tetC_2 tetC_3
[11:47:14] Fixed 2 duplicate /gene - argF_1 argF_2
[11:47:14] Fixed 2 duplicate /gene - lsrF_1 lsrF_2
[11:47:14] Fixed 2 duplicate /gene - FCS1_1 FCS1_2
[11:47:14] Fixed 2 duplicate /gene - pntB_1 pntB_2
[11:47:14] Fixed 2 duplicate /gene - oppB_1 oppB_2
[11:47:14] Fixed 4 duplicate /gene - puuB_1 puuB_2 puuB_3 puuB_4
[11:47:14] Fixed 13 duplicate /gene - malK_1 malK_2 malK_3 malK_4 malK_5 malK_6 malK_7 malK_8 malK_9 malK_10 malK_11 malK_12 malK_13
[11:47:14] Fixed 2 duplicate /gene - nodD2_1 nodD2_2
[11:47:14] Fixed 2 duplicate /gene - nepI_1 nepI_2
[11:47:14] Fixed 3 duplicate /gene - pcpR_1 pcpR_2 pcpR_3
[11:47:14] Fixed 2 duplicate /gene - mhqO_1 mhqO_2
[11:47:14] Fixed 2 duplicate /gene - ghrA_1 ghrA_2
[11:47:14] Fixed 2 duplicate /gene - fhuA_1 fhuA_2
[11:47:14] Fixed 8 duplicate /gene - ssuB_1 ssuB_2 ssuB_3 ssuB_4 ssuB_5 ssuB_6 ssuB_7 ssuB_8
[11:47:14] Fixed 3 duplicate /gene - tctD_1 tctD_2 tctD_3
[11:47:14] Fixed 6 duplicate /gene - iolS_1 iolS_2 iolS_3 iolS_4 iolS_5 iolS_6
[11:47:14] Fixed 6 duplicate /gene - yciC_1 yciC_2 yciC_3 yciC_4 yciC_5 yciC_6
[11:47:14] Fixed 4 duplicate /gene - ade_1 ade_2 ade_3 ade_4
[11:47:14] Fixed 2 duplicate /gene - glnG_1 glnG_2
[11:47:14] Fixed 2 duplicate /gene - bcp_1 bcp_2
[11:47:14] Fixed 2 duplicate /gene - gmd_1 gmd_2
[11:47:14] Fixed 2 duplicate /gene - atpB_1 atpB_2
[11:47:14] Fixed 2 duplicate /gene - otnI_1 otnI_2
[11:47:14] Fixed 2 duplicate /gene - bigR_1 bigR_2
[11:47:14] Fixed 15 duplicate /gene - livF_1 livF_2 livF_3 livF_4 livF_5 livF_6 livF_7 livF_8 livF_9 livF_10 livF_11 livF_12 livF_13 livF_14 livF_15
[11:47:14] Fixed 2 duplicate /gene - ltnD_1 ltnD_2
[11:47:14] Fixed 2 duplicate /gene - malL_1 malL_2
[11:47:14] Fixed 2 duplicate /gene - fruK_1 fruK_2
[11:47:14] Fixed 4 duplicate /gene - hipO_1 hipO_2 hipO_3 hipO_4
[11:47:14] Fixed 2 duplicate /gene - pstB_1 pstB_2
[11:47:14] Fixed 2 duplicate /gene - xynR_1 xynR_2
[11:47:14] Fixed 3 duplicate /gene - spuC_1 spuC_2 spuC_3
[11:47:14] Fixed 2 duplicate /gene - mepA_1 mepA_2
[11:47:14] Fixed 2 duplicate /gene - hmuU_1 hmuU_2
[11:47:14] Fixed 2 duplicate /gene - ahcY_1 ahcY_2
[11:47:14] Fixed 4 duplicate /gene - aroE_1 aroE_2 aroE_3 aroE_4
[11:47:14] Fixed 2 duplicate /gene - rlmB_1 rlmB_2
[11:47:14] Fixed 3 duplicate /gene - proC_1 proC_2 proC_3
[11:47:14] Fixed 2 duplicate /gene - eda_1 eda_2
[11:47:14] Fixed 2 duplicate /gene - rihA_1 rihA_2
[11:47:14] Fixed 2 duplicate /gene - ohrB_1 ohrB_2
[11:47:14] Fixed 2 duplicate /gene - ilvE_1 ilvE_2
[11:47:14] Fixed 3 duplicate /gene - pxpA_1 pxpA_2 pxpA_3
[11:47:14] Fixed 3 duplicate /gene - bepF_1 bepF_2 bepF_3
[11:47:14] Fixed 2 duplicate /gene - gppA_1 gppA_2
[11:47:14] Fixed 3 duplicate /gene - gnl_1 gnl_2 gnl_3
[11:47:14] Fixed 2 duplicate /gene - crt_1 crt_2
[11:47:14] Fixed 3 duplicate /gene - ngcF_1 ngcF_2 ngcF_3
[11:47:14] Fixed 2 duplicate /gene - lrpC_1 lrpC_2
[11:47:14] Fixed 3 duplicate /gene - arnB_1 arnB_2 arnB_3
[11:47:14] Fixed 2 duplicate /gene - murG_1 murG_2
[11:47:14] Fixed 2 duplicate /gene - pyrC_1 pyrC_2
[11:47:14] Fixed 4 duplicate /gene - kup_1 kup_2 kup_3 kup_4
[11:47:14] Fixed 2 duplicate /gene - xpkA_1 xpkA_2
[11:47:14] Fixed 2 duplicate /gene - cynR_1 cynR_2
[11:47:14] Fixed 2 duplicate /gene - qseC_1 qseC_2
[11:47:14] Fixed 2 duplicate /gene - lyx_1 lyx_2
[11:47:14] Fixed 3 duplicate /gene - suhB_1 suhB_2 suhB_3
[11:47:14] Fixed 2 duplicate /gene - glnP_1 glnP_2
[11:47:14] Fixed 11 duplicate /gene - gsiD_1 gsiD_2 gsiD_3 gsiD_4 gsiD_5 gsiD_6 gsiD_7 gsiD_8 gsiD_9 gsiD_10 gsiD_11
[11:47:14] Fixed 2 duplicate /gene - vldW_1 vldW_2
[11:47:14] Fixed 2 duplicate /gene - cckA_1 cckA_2
[11:47:14] Fixed 17 duplicate /gene - gsiC_1 gsiC_2 gsiC_3 gsiC_4 gsiC_5 gsiC_6 gsiC_7 gsiC_8 gsiC_9 gsiC_10 gsiC_11 gsiC_12 gsiC_13 gsiC_14 gsiC_15 gsiC_16 gsiC_17
[11:47:14] Fixed 2 duplicate /gene - phzF_1 phzF_2
[11:47:14] Fixed 4 duplicate /gene - gno_1 gno_2 gno_3 gno_4
[11:47:14] Fixed 2 duplicate /gene - idnD_1 idnD_2
[11:47:14] Fixed 5 duplicate /gene - yieH_1 yieH_2 yieH_3 yieH_4 yieH_5
[11:47:14] Fixed 2 duplicate /gene - garR_1 garR_2
[11:47:14] Fixed 3 duplicate /gene - eryB_1 eryB_2 eryB_3
[11:47:14] Fixed 2 duplicate /gene - kdgR_1 kdgR_2
[11:47:14] Fixed 5 duplicate /gene - ugpB_1 ugpB_2 ugpB_3 ugpB_4 ugpB_5
[11:47:14] Fixed 2 duplicate /gene - atm1_1 atm1_2
[11:47:14] Fixed 2 duplicate /gene - prs_1 prs_2
[11:47:14] Fixed 4 duplicate /gene - pip_1 pip_2 pip_3 pip_4
[11:47:14] Fixed 8 duplicate /gene - recD2_1 recD2_2 recD2_3 recD2_4 recD2_5 recD2_6 recD2_7 recD2_8
[11:47:14] Fixed 2 duplicate /gene - dctD_1 dctD_2
[11:47:14] Fixed 4 duplicate /gene - rutB_1 rutB_2 rutB_3 rutB_4
[11:47:14] Fixed 4 duplicate /gene - fabF_1 fabF_2 fabF_3 fabF_4
[11:47:14] Fixed 2 duplicate /gene - fadJ_1 fadJ_2
[11:47:14] Fixed 2 duplicate /gene - gabR_1 gabR_2
[11:47:14] Fixed 3 duplicate /gene - betA_1 betA_2 betA_3
[11:47:14] Fixed 2 duplicate /gene - lacZ_1 lacZ_2
[11:47:14] Fixed 2 duplicate /gene - qorA_1 qorA_2
[11:47:14] Fixed 5 duplicate /gene - nagC_1 nagC_2 nagC_3 nagC_4 nagC_5
[11:47:14] Fixed 4 duplicate /gene - dinB_1 dinB_2 dinB_3 dinB_4
[11:47:14] Fixed 3 duplicate /gene - cpo_1 cpo_2 cpo_3
[11:47:14] Fixed 2 duplicate /gene - artJ_1 artJ_2
[11:47:14] Fixed 2 duplicate /gene - otnC_1 otnC_2
[11:47:14] Fixed 3 duplicate /gene - rffG_1 rffG_2 rffG_3
[11:47:14] Fixed 3 duplicate /gene - rbtD_1 rbtD_2 rbtD_3
[11:47:14] Fixed 3 duplicate /gene - menH_1 menH_2 menH_3
[11:47:14] Fixed 3 duplicate /gene - alkJ_1 alkJ_2 alkJ_3
[11:47:14] Fixed 4 duplicate /gene - cheB_1 cheB_2 cheB_3 cheB_4
[11:47:14] Fixed 2 duplicate /gene - flhA_1 flhA_2
[11:47:14] Fixed 2 duplicate /gene - rhlE_1 rhlE_2
[11:47:14] Fixed 5 duplicate /gene - aroK_1 aroK_2 aroK_3 aroK_4 aroK_5
[11:47:14] Fixed 2 duplicate /gene - moaA_1 moaA_2
[11:47:14] Fixed 2 duplicate /gene - tyrS_1 tyrS_2
[11:47:14] Fixed 3 duplicate /gene - ecfG_1 ecfG_2 ecfG_3
[11:47:14] Fixed 3 duplicate /gene - clpP_1 clpP_2 clpP_3
[11:47:14] Fixed 3 duplicate /gene - mdtE_1 mdtE_2 mdtE_3
[11:47:14] Fixed 4 duplicate /gene - actP_1 actP_2 actP_3 actP_4
[11:47:14] Fixed 6 duplicate /gene - dppA_1 dppA_2 dppA_3 dppA_4 dppA_5 dppA_6
[11:47:14] Fixed 6 duplicate /gene - gstB_1 gstB_2 gstB_3 gstB_4 gstB_5 gstB_6
[11:47:14] Fixed 3 duplicate /gene - dadA_1 dadA_2 dadA_3
[11:47:14] Fixed 4 duplicate /gene - glpR_1 glpR_2 glpR_3 glpR_4
[11:47:14] Fixed 2 duplicate /gene - atpG_1 atpG_2
[11:47:14] Fixed 2 duplicate /gene - trmR_1 trmR_2
[11:47:14] Fixed 19 duplicate /gene - btuD_1 btuD_2 btuD_3 btuD_4 btuD_5 btuD_6 btuD_7 btuD_8 btuD_9 btuD_10 btuD_11 btuD_12 btuD_13 btuD_14 btuD_15 btuD_16 btuD_17 btuD_18 btuD_19
[11:47:14] Fixed 4 duplicate /gene - hyuA_1 hyuA_2 hyuA_3 hyuA_4
[11:47:14] Fixed 2 duplicate /gene - map_1 map_2
[11:47:14] Fixed 2 duplicate /gene - yfdE_1 yfdE_2
[11:47:14] Fixed 3 duplicate /gene - degU_1 degU_2 degU_3
[11:47:14] Fixed 2 duplicate /gene - nodM_1 nodM_2
[11:47:14] Fixed 4 duplicate /gene - mtgA_1 mtgA_2 mtgA_3 mtgA_4
[11:47:14] Fixed 4 duplicate /gene - dnaJ_1 dnaJ_2 dnaJ_3 dnaJ_4
[11:47:14] Fixed 2 duplicate /gene - uxuA_1 uxuA_2
[11:47:14] Fixed 2 duplicate /gene - soxD_1 soxD_2
[11:47:14] Fixed 2 duplicate /gene - srlR_1 srlR_2
[11:47:14] Fixed 3 duplicate /gene - ligK_1 ligK_2 ligK_3
[11:47:14] Fixed 2 duplicate /gene - soxC_1 soxC_2
[11:47:14] Fixed 2 duplicate /gene - oprM_1 oprM_2
[11:47:14] Fixed 12 duplicate /gene - yecS_1 yecS_2 yecS_3 yecS_4 yecS_5 yecS_6 yecS_7 yecS_8 yecS_9 yecS_10 yecS_11 yecS_12
[11:47:14] Fixed 2 duplicate /gene - rpfG_1 rpfG_2
[11:47:14] Fixed 2 duplicate /gene - ttuD_1 ttuD_2
[11:47:14] Fixed 2 duplicate /gene - rfbA_1 rfbA_2
[11:47:14] Fixed 3 duplicate /gene - dinG_1 dinG_2 dinG_3
[11:47:14] Fixed 2 duplicate /gene - rpoN2_1 rpoN2_2
[11:47:14] Fixed 2 duplicate /gene - tadA_1 tadA_2
[11:47:14] Fixed 2 duplicate /gene - gloB_1 gloB_2
[11:47:14] Fixed 2 duplicate /gene - ucpA_1 ucpA_2
[11:47:14] Fixed 2 duplicate /gene - ttuC_1 ttuC_2
[11:47:14] Fixed 3 duplicate /gene - ibpA_1 ibpA_2 ibpA_3
[11:47:14] Fixed 2 duplicate /gene - hmrR_1 hmrR_2
[11:47:14] Fixed 2 duplicate /gene - fpgS_1 fpgS_2
[11:47:14] Fixed 2 duplicate /gene - chaA_1 chaA_2
[11:47:14] Fixed 4 duplicate /gene - ycjP_1 ycjP_2 ycjP_3 ycjP_4
[11:47:14] Fixed 3 duplicate /gene - gltC_1 gltC_2 gltC_3
[11:47:14] Fixed 3 duplicate /gene - rfuD_1 rfuD_2 rfuD_3
[11:47:14] Fixed 2 duplicate /gene - rfuC_1 rfuC_2
[11:47:14] Fixed 6 duplicate /gene - acsA_1 acsA_2 acsA_3 acsA_4 acsA_5 acsA_6
[11:47:14] Fixed 2 duplicate /gene - fabI_1 fabI_2
[11:47:14] Fixed 4 duplicate /gene - mntB_1 mntB_2 mntB_3 mntB_4
[11:47:14] Fixed 2 duplicate /gene - abo_1 abo_2
[11:47:14] Fixed 6 duplicate /gene - araQ_1 araQ_2 araQ_3 araQ_4 araQ_5 araQ_6
[11:47:14] Fixed 6 duplicate /gene - ku_1 ku_2 ku_3 ku_4 ku_5 ku_6
[11:47:14] Fixed 3 duplicate /gene - IMPDH_1 IMPDH_2 IMPDH_3
[11:47:14] Fixed 3 duplicate /gene - dhaK_1 dhaK_2 dhaK_3
[11:47:14] Fixed 2 duplicate /gene - glmM_1 glmM_2
[11:47:14] Fixed 3 duplicate /gene - csd_1 csd_2 csd_3
[11:47:14] Fixed 2 duplicate /gene - phnM_1 phnM_2
[11:47:14] Fixed 3 duplicate /gene - rhtC_1 rhtC_2 rhtC_3
[11:47:14] Fixed 585 colliding /gene names.
[11:47:14] Adding /locus_tag identifiers
[11:47:15] Assigned 7594 locus_tags to CDS and RNA features.
[11:47:15] Writing outputs to ./G051.fsa_prokka/
[11:47:30] Generating annotation statistics file
[11:47:30] Generating Genbank and Sequin files
[11:47:30] Running: tbl2asn -V b -a r10k -l paired-ends -M n -N 1 -y 'Annotated using prokka 1.14.6 from https://github.com/tseemann/prokka' -Z \.\/G051\.fsa_prokka\/\.\/G051\.fsa\.err -i \.\/G051\.fsa_prokka\/\.\/G051\.fsa\.fsa 2> /dev/null
[11:47:49] Deleting unwanted file: ./G051.fsa_prokka/errorsummary.val
[11:47:49] Deleting unwanted file: ./G051.fsa_prokka/./G051.fsa.dr
[11:47:49] Deleting unwanted file: ./G051.fsa_prokka/./G051.fsa.fixedproducts
[11:47:49] Deleting unwanted file: ./G051.fsa_prokka/./G051.fsa.ecn
[11:47:49] Deleting unwanted file: ./G051.fsa_prokka/./G051.fsa.val
[11:47:49] Repairing broken .GBK output that tbl2asn produces...
[11:47:49] Running: sed 's/COORDINATES: profile/COORDINATES:profile/' < \.\/G051\.fsa_prokka\/\.\/G051\.fsa\.gbf > \.\/G051\.fsa_prokka\/\.\/G051\.fsa\.gbk
[11:47:49] Deleting unwanted file: ./G051.fsa_prokka/./G051.fsa.gbf
[11:47:49] Output files:
[11:47:49] Annotation finished successfully.
[11:47:49] Walltime used: 8.52 minutes
[11:47:49] If you use this result please cite the Prokka paper:
[11:47:49] Seemann T (2014) Prokka: rapid prokaryotic genome annotation. Bioinformatics. 30(14):2068-9.
[11:47:49] Type 'prokka --citation' for more details.
[11:47:49] Share and enjoy!
