[13:11:38] This is prokka 1.14.6
[13:11:38] Written by Torsten Seemann <torsten.seemann@gmail.com>
[13:11:38] Homepage is https://github.com/tseemann/prokka
[13:11:38] Local time is Tue Dec 12 13:11:38 2023
[13:11:38] You are chloeharper
[13:11:38] Operating system is darwin
[13:11:38] You have BioPerl 1.7.8
[13:11:39] System has 4 cores.
[13:11:39] Option --cpu asked for 8 cores, but system only has 4
[13:11:39] Will use maximum of 4 cores.
[13:11:39] Annotating as >>> Bacteria <<<
[13:11:39] Generating locus_tag from './V074.fsa' contents.
[13:11:39] Setting --locustag POAMIDOB from MD5 98a62d8b31f06baf2915c8f7596f2cde
[13:11:39] Creating new output folder: ./V074.fsa_prokka
[13:11:39] Running: mkdir -p \.\/V074\.fsa_prokka
[13:11:39] Using filename prefix: ./V074.fsa.XXX
[13:11:39] Setting HMMER_NCPU=1
[13:11:39] Writing log to: ./V074.fsa_prokka/./V074.fsa.log
[13:11:39] Command: /Users/chloeharper/miniconda3/envs/prokka/bin/prokka --outdir ./V074.fsa_prokka --prefix ./V074.fsa --genus Rhizobium --species leguminosarum ./V074.fsa
[13:11:39] Appending to PATH: /Users/chloeharper/miniconda3/envs/prokka/bin
[13:11:39] Looking for 'aragorn' - found /Users/chloeharper/miniconda3/envs/prokka/bin/aragorn
[13:11:39] Determined aragorn version is 001002 from 'ARAGORN v1.2.41 Dean Laslett'
[13:11:39] Looking for 'barrnap' - found /Users/chloeharper/miniconda3/envs/prokka/bin/barrnap
[13:11:39] Determined barrnap version is 000009 from 'barrnap 0.9'
[13:11:39] Looking for 'blastp' - found /Users/chloeharper/miniconda3/envs/prokka/bin/blastp
[13:11:40] Determined blastp version is 002012 from 'blastp: 2.12.0+'
[13:11:40] Looking for 'cmpress' - found /Users/chloeharper/miniconda3/envs/prokka/bin/cmpress
[13:11:40] Determined cmpress version is 001001 from '# INFERNAL 1.1.4 (Dec 2020)'
[13:11:40] Looking for 'cmscan' - found /Users/chloeharper/miniconda3/envs/prokka/bin/cmscan
[13:11:40] Determined cmscan version is 001001 from '# INFERNAL 1.1.4 (Dec 2020)'
[13:11:40] Looking for 'egrep' - found /usr/bin/egrep
[13:11:40] Looking for 'find' - found /usr/bin/find
[13:11:40] Looking for 'grep' - found /usr/bin/grep
[13:11:40] Looking for 'hmmpress' - found /Users/chloeharper/miniconda3/envs/prokka/bin/hmmpress
[13:11:40] Determined hmmpress version is 003003 from '# HMMER 3.3.2 (Nov 2020); http://hmmer.org/'
[13:11:40] Looking for 'hmmscan' - found /Users/chloeharper/miniconda3/envs/prokka/bin/hmmscan
[13:11:40] Determined hmmscan version is 003003 from '# HMMER 3.3.2 (Nov 2020); http://hmmer.org/'
[13:11:40] Looking for 'java' - found /usr/bin/java
[13:11:40] Looking for 'makeblastdb' - found /Users/chloeharper/miniconda3/envs/prokka/bin/makeblastdb
[13:11:40] Determined makeblastdb version is 002012 from 'makeblastdb: 2.12.0+'
[13:11:40] Looking for 'minced' - found /Users/chloeharper/miniconda3/envs/prokka/bin/minced
[13:11:41] Determined minced version is 004002 from 'minced 0.4.2'
[13:11:41] Looking for 'parallel' - found /Users/chloeharper/miniconda3/envs/prokka/bin/parallel
[13:11:41] Determined parallel version is 20221122 from 'GNU parallel 20221122'
[13:11:41] Looking for 'prodigal' - found /Users/chloeharper/miniconda3/envs/prokka/bin/prodigal
[13:11:41] Determined prodigal version is 002006 from 'Prodigal V2.6.3: February, 2016'
[13:11:41] Looking for 'prokka-genbank_to_fasta_db' - found /Users/chloeharper/miniconda3/envs/prokka/bin/prokka-genbank_to_fasta_db
[13:11:41] Looking for 'sed' - found /usr/bin/sed
[13:11:41] Looking for 'tbl2asn' - found /Users/chloeharper/miniconda3/envs/prokka/bin/tbl2asn
[13:11:41] Determined tbl2asn version is 025007 from 'tbl2asn 25.7   arguments:'
[13:11:41] Using genetic code table 11.
[13:11:41] Loading and checking input file: ./V074.fsa
[13:11:41] Wrote 79 contigs totalling 7296815 bp.
[13:11:41] Predicting tRNAs and tmRNAs
[13:11:41] Running: aragorn -l -gc11  -w \.\/V074\.fsa_prokka\/\.\/V074\.fsa\.fna
[13:11:48] 1 tRNA-Met [159,235] 35 (cat)
[13:11:48] 2 tRNA-Ala [56272,56347] 34 (ggc)
[13:11:48] 3 tRNA-Ser c[146014,146103] 35 (gga)
[13:11:48] 4 tRNA-Leu c[201379,201465] 35 (cag)
[13:11:48] 5 tRNA-Arg [416490,416566] 35 (acg)
[13:11:48] 6 tRNA-Thr c[495339,495414] 34 (cgt)
[13:11:48] 7 tRNA-Gly [515089,515162] 33 (ccc)
[13:11:48] 8 tRNA-Thr c[576339,576413] 33 (ggt)
[13:11:48] 9 tRNA-Phe [582459,582534] 34 (gaa)
[13:11:48] 10 tRNA-His [740305,740381] 35 (gtg)
[13:11:48] 11 tRNA-Gln c[792746,792819] 33 (ctg)
[13:11:48] 12 tRNA-Gln [1082181,1082254] 33 (ttg)
[13:11:48] 13 tRNA-Pro [1102202,1102278] 35 (cgg)
[13:11:48] 14 tRNA-Ser [1483059,1483149] 35 (gct)
[13:11:48] 15 tRNA-Pro [1645257,1645333] 35 (ggg)
[13:11:48] 16 tRNA-Val c[1699290,1699365] 34 (tac)
[13:11:48] 17 tRNA-Asp [1699770,1699846] 35 (gtc)
[13:11:48] 18 tRNA-Asp [1699931,1700007] 35 (gtc)
[13:11:48] 19 tRNA-Thr [1770508,1770583] 34 (tgt)
[13:11:48] 20 tRNA-Tyr [1773008,1773092] 35 (gta)
[13:11:48] 21 tRNA-Gly [1773117,1773190] 33 (tcc)
[13:11:48] 22 tRNA-Trp [1776285,1776360] 34 (cca)
[13:11:48] 23 tRNA-Leu [1922838,1922922] 35 (taa)
[13:11:48] 24 tRNA-Asn c[2000722,2000796] 33 (gtt)
[13:11:48] 25 tRNA-Cys [2003388,2003461] 33 (gca)
[13:11:48] 26 tRNA-Leu [2040612,2040696] 35 (tag)
[13:11:48] 27 tRNA-Glu c[2076451,2076525] 34 (ttc)
[13:11:48] 28 tRNA-Glu c[2092252,2092326] 34 (ctc)
[13:11:48] 29 tRNA-Glu c[2092401,2092475] 34 (ttc)
[13:11:48] 30 tRNA-Pro c[2095678,2095754] 35 (tgg)
[13:11:48] 31 tRNA-Arg [2096760,2096836] 35 (tct)
[13:11:48] 32 tRNA-Lys [2201602,2201677] 34 (ttt)
[13:11:48] 33 tRNA-Ser [2395230,2395319] 35 (tga)
[13:11:48] 34 tRNA-Leu [2471208,2471292] 35 (gag)
[13:11:48] 35 tRNA-Lys c[3196616,3196691] 34 (ctt)
[13:11:48] 36 tmRNA* [3263851,3264191] 212,250 ANDNYAEARLAA*
[13:11:48] 37 tRNA-Met [3407498,3407573] 34 (cat)
[13:11:48] 38 tRNA-Arg [3671303,3671379] 35 (ccg)
[13:11:48] 39 tRNA-Met c[4010106,4010182] 35 (cat)
[13:11:48] tRNA c[4145777,4145867] is a pseudo/wacky gene - skipping.
[13:11:48] 41 tRNA-Val [4174301,4174375] 33 (gac)
[13:11:48] 42 tRNA-Met c[4383661,4383737] 35 (cat)
[13:11:48] 43 tRNA-Met c[4384710,4384786] 35 (cat)
[13:11:48] 44 tRNA-Ala c[4388587,4388662] 34 (tgc)
[13:11:48] 45 tRNA-Ile c[4388756,4388832] 35 (gat)
[13:11:48] 46 tRNA-Leu [4423081,4423165] 35 (caa)
[13:11:48] 47 tRNA-Arg [4479119,4479195] 35 (cct)
[13:11:48] 48 tRNA-Gly [4694300,4694374] 33 (gcc)
[13:11:48] 49 tRNA-Ser c[4813600,4813689] 35 (cga)
[13:11:48] 1 tRNA-Phe [333553,333628] 34 (gaa)
[13:11:48] 2 tRNA-Gly c[336470,336546] 31 (tcc)
[13:11:48] 3 tRNA-Lys c[559589,559671] 31 (ctt)
[13:11:48] Found 51 tRNAs
[13:11:48] Predicting Ribosomal RNAs
[13:11:48] Running Barrnap with 4 threads
[13:11:50] 1 Cchr 4384921 5S ribosomal RNA
[13:11:50] 2 Cchr 4385276 23S ribosomal RNA
[13:11:50] 3 Cchr 4389170 16S ribosomal RNA
[13:11:50] Found 3 rRNAs
[13:11:50] Skipping ncRNA search, enable with --rfam if desired.
[13:11:50] Total of 53 tRNA + rRNA features
[13:11:50] Searching for CRISPR repeats
[13:11:51] Found 0 CRISPRs
[13:11:51] Predicting coding sequences
[13:11:51] Contigs total 7296815 bp, so using single mode
[13:11:51] Running: prodigal -i \.\/V074\.fsa_prokka\/\.\/V074\.fsa\.fna -c -m -g 11 -p single -f sco -q
[13:12:10] Excluding CDS which overlaps existing RNA (tRNA) at Cchr:1082222..1082455 on - strand
[13:12:12] Excluding CDS which overlaps existing RNA (tRNA) at Cchr:2095476..2095805 on - strand
[13:12:14] Excluding CDS which overlaps existing RNA (tRNA) at CpRL12:333202..334548 on + strand
[13:12:14] Excluding CDS which overlaps existing RNA (tRNA) at CpRL12:336022..336894 on + strand
[13:12:14] Excluding CDS which overlaps existing RNA (tRNA) at CpRL12:558826..560343 on + strand
[13:12:14] Found 6937 CDS
[13:12:14] Connecting features back to sequences
[13:12:14] Not using genus-specific database. Try --usegenus to enable it.
[13:12:14] Annotating CDS, please be patient.
[13:12:14] Will use 4 CPUs for similarity searching.
[13:12:27] There are still 6937 unannotated CDS left (started with 6937)
[13:12:27] Will use blast to search against /Users/chloeharper/miniconda3/envs/prokka/db/kingdom/Bacteria/IS with 4 CPUs
[13:12:27] Running: cat \.\/V074\.fsa_prokka\/\.\/V074\.fsa\.IS\.tmp\.11092\.faa | parallel --gnu --plain -j 4 --block 270166 --recstart '>' --pipe blastp -query - -db /Users/chloeharper/miniconda3/envs/prokka/db/kingdom/Bacteria/IS -evalue 1e-30 -qcov_hsp_perc 90 -num_threads 1 -num_descriptions 1 -num_alignments 1 -seg no > \.\/V074\.fsa_prokka\/\.\/V074\.fsa\.IS\.tmp\.11092\.blast 2> /dev/null
[13:13:18] Deleting unwanted file: ./V074.fsa_prokka/./V074.fsa.IS.tmp.11092.faa
[13:13:18] Deleting unwanted file: ./V074.fsa_prokka/./V074.fsa.IS.tmp.11092.blast
[13:13:26] There are still 6916 unannotated CDS left (started with 6937)
[13:13:26] Will use blast to search against /Users/chloeharper/miniconda3/envs/prokka/db/kingdom/Bacteria/AMR with 4 CPUs
[13:13:26] Running: cat \.\/V074\.fsa_prokka\/\.\/V074\.fsa\.AMR\.tmp\.11092\.faa | parallel --gnu --plain -j 4 --block 269538 --recstart '>' --pipe blastp -query - -db /Users/chloeharper/miniconda3/envs/prokka/db/kingdom/Bacteria/AMR -evalue 1e-300 -qcov_hsp_perc 90 -num_threads 1 -num_descriptions 1 -num_alignments 1 -seg no > \.\/V074\.fsa_prokka\/\.\/V074\.fsa\.AMR\.tmp\.11092\.blast 2> /dev/null
[13:14:04] Deleting unwanted file: ./V074.fsa_prokka/./V074.fsa.AMR.tmp.11092.faa
[13:14:04] Deleting unwanted file: ./V074.fsa_prokka/./V074.fsa.AMR.tmp.11092.blast
[13:14:13] There are still 6914 unannotated CDS left (started with 6937)
[13:14:13] Will use blast to search against /Users/chloeharper/miniconda3/envs/prokka/db/kingdom/Bacteria/sprot with 4 CPUs
[13:14:13] Running: cat \.\/V074\.fsa_prokka\/\.\/V074\.fsa\.sprot\.tmp\.11092\.faa | parallel --gnu --plain -j 4 --block 269271 --recstart '>' --pipe blastp -query - -db /Users/chloeharper/miniconda3/envs/prokka/db/kingdom/Bacteria/sprot -evalue 1e-09 -qcov_hsp_perc 80 -num_threads 1 -num_descriptions 1 -num_alignments 1 -seg no > \.\/V074\.fsa_prokka\/\.\/V074\.fsa\.sprot\.tmp\.11092\.blast 2> /dev/null
[13:17:19] Modify product: Chemotaxis protein CheY homolog => Chemotaxis protein CheY 
[13:17:19] Modify product: Chemotaxis protein CheY homolog => Chemotaxis protein CheY 
[13:17:19] Modify product: Bifunctional protein FolD => Bifunctional protein FolD protein
[13:17:19] Modify product: Uncharacterized protein HI_0933 => putative protein
[13:17:19] Modify product: PGL/p-HBAD biosynthesis glycosyltransferase Rv2957 => PGL/p-HBAD biosynthesis glycosyltransferase
[13:17:19] Modify product: Uncharacterized protein Rv1507c => putative protein
[13:17:19] Modify product: Probable transport protein HsrA => putative transport protein HsrA
[13:17:19] Modify product: Zinc-type alcohol dehydrogenase-like protein SA1988 => Zinc-type alcohol dehydrogenase-like protein
[13:17:19] Modify product: Uncharacterized FAD-linked oxidoreductase Rv2280 => putative FAD-linked oxidoreductase
[13:17:19] Modify product: Probable HTH-type transcriptional regulator LgoR => putative HTH-type transcriptional regulator LgoR
[13:17:20] Modify product: Uncharacterized signaling protein CC_0091 => putative signaling protein
[13:17:20] Modify product: Probable 2-dehydro-3-deoxygalactonokinase DgoK1 => putative 2-dehydro-3-deoxygalactonokinase DgoK1
[13:17:20] Modify product: Uncharacterized FAD-linked oxidoreductase Rv2280 => putative FAD-linked oxidoreductase
[13:17:20] Modify product: Probable D-xylose utilization operon transcriptional repressor => putative D-xylose utilization operon transcriptional repressor
[13:17:20] Modify product: Probable tartrate dehydrogenase/decarboxylase TtuC => putative tartrate dehydrogenase/decarboxylase TtuC
[13:17:20] Modify product: Uncharacterized protein Rv2568c => putative protein
[13:17:20] Modify product: UPF0301 protein AlgH => hypothetical protein
[13:17:20] Modify product: Probable amino-acid permease protein YxeN => putative amino-acid permease protein YxeN
[13:17:20] Modify product: Probable amino-acid permease protein YxeN => putative amino-acid permease protein YxeN
[13:17:20] Modify product: Uncharacterized zinc protease Rv2782c => putative zinc protease
[13:17:20] Modify product: Cytochrome c oxidase subunit 1 homolog, bacteroid => Cytochrome c oxidase subunit 1 , bacteroid
[13:17:20] Modify product: Probable copper-importing P-type ATPase A => putative copper-importing P-type ATPase A
[13:17:20] Modify product: Uncharacterized HTH-type transcriptional regulator Rv1556 => putative HTH-type transcriptional regulator
[13:17:20] Modify product: Uncharacterized protein Rv0887c => putative protein
[13:17:20] Modify product: Putative HTH-type transcriptional regulator Rv1287 => Putative HTH-type transcriptional regulator
[13:17:20] Modify product: Probable multidrug-efflux transporter Rv1634 => putative multidrug-efflux transporter
[13:17:20] Modify product: Uncharacterized ABC transporter ATP-binding protein YheS => putative ABC transporter ATP-binding protein YheS
[13:17:20] Modify product: UPF0053 inner membrane protein YtfL => hypothetical protein
[13:17:20] Modify product: Probable transport protein HsrA => putative transport protein HsrA
[13:17:20] Modify product: UPF0073 inner membrane protein YqfA => hypothetical protein
[13:17:20] Modify product: Uncharacterized MFS-type transporter EfpA => putative MFS-type transporter EfpA
[13:17:20] Modify product: Uncharacterized HTH-type transcriptional regulator YxaF => putative HTH-type transcriptional regulator YxaF
[13:17:20] Modify product: Zinc-type alcohol dehydrogenase-like protein SA1988 => Zinc-type alcohol dehydrogenase-like protein
[13:17:20] Modify product: Uncharacterized protein YcbX => putative protein YcbX
[13:17:20] Modify product: Uncharacterized protein YedJ => putative protein YedJ
[13:17:20] Modify product: UPF0060 membrane protein YnfA => hypothetical protein
[13:17:20] Modify product: Uncharacterized protein HI_0131 => putative protein
[13:17:20] Modify product: Uncharacterized protein HI_0131 => putative protein
[13:17:20] Modify product: Monocarboxylate 2-oxoacid-binding periplasmic protein all3028 => Monocarboxylate 2-oxoacid-binding periplasmic protein
[13:17:20] Modify product: Probable N-methylproline demethylase => putative N-methylproline demethylase
[13:17:20] Modify product: Uncharacterized oxidoreductase YghA => putative oxidoreductase YghA
[13:17:20] Modify product: UPF0337 protein YjbJ => hypothetical protein
[13:17:20] Modify product: UPF0126 inner membrane protein YadS => hypothetical protein
[13:17:20] Modify product: Nucleoid-associated protein HI_0442 => Nucleoid-associated protein
[13:17:20] Modify product: Uncharacterized sugar kinase YdjH => putative sugar kinase YdjH
[13:17:20] Modify product: Probable adenylyltransferase/sulfurtransferase MoeZ => putative adenylyltransferase/sulfurtransferase MoeZ
[13:17:20] Modify product: Uncharacterized signaling protein CC_0091 => putative signaling protein
[13:17:20] Modify product: Probable phosphite transport system-binding protein PtxB => putative phosphite transport system-binding protein PtxB
[13:17:20] Modify product: Probable transcriptional regulator PhnF => putative transcriptional regulator PhnF
[13:17:20] Modify product: Uncharacterized ABC transporter ATP-binding protein YejF => putative ABC transporter ATP-binding protein YejF
[13:17:20] Modify product: Probable riboflavin import permease protein RfuD => putative riboflavin import permease protein RfuD
[13:17:20] Modify product: Uncharacterized aminopeptidase Rv1333 => putative aminopeptidase
[13:17:20] Modify product: Uncharacterized oxidoreductase SA2266 => putative oxidoreductase
[13:17:20] Modify product: UPF0098 protein YbcL => hypothetical protein
[13:17:20] Modify product: Uncharacterized protein YyaP => putative protein YyaP
[13:17:21] Modify product: UPF0102 protein RPA0323 => hypothetical protein
[13:17:21] Modify product: Uncharacterized transporter YycB => putative transporter YycB
[13:17:21] Modify product: Probable D-xylose utilization operon transcriptional repressor => putative D-xylose utilization operon transcriptional repressor
[13:17:21] Modify product: Virulence protein STM3117 => Virulence protein
[13:17:21] Modify product: Uncharacterized hydrolase HI_0588 => putative hydrolase
[13:17:21] Modify product: Probable protein kinase UbiB => putative protein kinase UbiB
[13:17:21] Modify product: Probable enoyl-CoA hydratase echA8 => putative enoyl-CoA hydratase echA8
[13:17:21] Modify product: Probable lipid II flippase MurJ => putative lipid II flippase MurJ
[13:17:21] Modify product: Uncharacterized inner membrane transporter YedA => putative inner membrane transporter YedA
[13:17:21] Modify product: Uncharacterized protein Rv1998c => putative protein
[13:17:21] Modify product: Probable GTP-binding protein EngB => putative GTP-binding protein EngB
[13:17:21] Modify product: Uncharacterized signaling protein CC_0091 => putative signaling protein
[13:17:21] Modify product: Probable HTH-type transcriptional regulator LgoR => putative HTH-type transcriptional regulator LgoR
[13:17:21] Modify product: Phosphate-specific transport system accessory protein PhoU homolog => Phosphate-specific transport system accessory protein PhoU 
[13:17:21] Modify product: Uncharacterized protein YyaP => putative protein YyaP
[13:17:21] Modify product: Putative acyltransferase Rv0859 => Putative acyltransferase
[13:17:21] Modify product: Probable N-acetyl-LL-diaminopimelate aminotransferase => putative N-acetyl-LL-diaminopimelate aminotransferase
[13:17:21] Modify product: Uncharacterized oxidoreductase CzcO => putative oxidoreductase CzcO
[13:17:21] Modify product: Uncharacterized NTE family protein Rv1063c => putative NTE family protein
[13:17:21] Modify product: UPF0178 protein YaiI => hypothetical protein
[13:17:21] Modify product: Probable cysteine desulfurase => putative cysteine desulfurase
[13:17:21] Modify product: Probable ATP-dependent transporter SufC => putative ATP-dependent transporter SufC
[13:17:21] Modify product: Probable RNA 2'-phosphotransferase => putative RNA 2'-phosphotransferase
[13:17:21] Modify product: Uncharacterized protein RP812 => putative protein RP812
[13:17:21] Modify product: Uncharacterized N-acetyltransferase YafP => putative N-acetyltransferase YafP
[13:17:21] Modify product: Uncharacterized protein YcjX => putative protein YcjX
[13:17:21] Modify product: UPF0283 membrane protein YcjF => hypothetical protein
[13:17:21] Modify product: Probable ribonucleotide transport ATP-binding protein mkl => putative ribonucleotide transport ATP-binding protein mkl
[13:17:21] Modify product: Probable 3-phenylpropionic acid transporter => putative 3-phenylpropionic acid transporter
[13:17:21] Modify product: Probable transport protein HsrA => putative transport protein HsrA
[13:17:21] Modify product: Uncharacterized protein Atu1656 => putative protein
[13:17:21] Modify product: Putative multidrug export ATP-binding/permease protein SAV1866 => Putative multidrug export ATP-binding/permease protein
[13:17:21] Modify product: Uncharacterized ABC transporter ATP-binding protein YadG => putative ABC transporter ATP-binding protein YadG
[13:17:21] Modify product: Probable sugar-binding periplasmic protein => putative sugar-binding periplasmic protein
[13:17:21] Modify product: Acetyltransferase PA3944 => Acetyltransferase
[13:17:21] Modify product: Uncharacterized HTH-type transcriptional regulator Rv1985c => putative HTH-type transcriptional regulator
[13:17:21] Modify product: Probable sulfate transporter Rv1739c => putative sulfate transporter
[13:17:21] Modify product: Probable transport protein HsrA => putative transport protein HsrA
[13:17:21] Modify product: Uncharacterized acyl-CoA thioester hydrolase HI_0827 => putative acyl-CoA thioester hydrolase
[13:17:21] Modify product: Uncharacterized oxidoreductase SA2266 => putative oxidoreductase
[13:17:21] Modify product: Uncharacterized ABC transporter ATP-binding protein YknY => putative ABC transporter ATP-binding protein YknY
[13:17:21] Modify product: Uncharacterized signaling protein CC_0091 => putative signaling protein
[13:17:21] Modify product: Uncharacterized oxidoreductase YdgJ => putative oxidoreductase YdgJ
[13:17:21] Modify product: UPF0053 inner membrane protein YtfL => hypothetical protein
[13:17:21] Modify product: Probable chromate transport protein => putative chromate transport protein
[13:17:21] Modify product: Uncharacterized protein HI_0131 => putative protein
[13:17:21] Modify product: Uncharacterized glycosyltransferase sll0501 => putative glycosyltransferase
[13:17:21] Modify product: Uncharacterized HTH-type transcriptional regulator YybR => putative HTH-type transcriptional regulator YybR
[13:17:22] Modify product: Uncharacterized FAD-linked oxidoreductase Rv2280 => putative FAD-linked oxidoreductase
[13:17:22] Modify product: Probable lipoprotein YiaD => putative lipoprotein YiaD
[13:17:22] Modify product: Stress response UPF0229 protein YhbH => hypothetical protein
[13:17:22] Modify product: Uncharacterized protein YyaP => putative protein YyaP
[13:17:22] Modify product: Probable peptidoglycan glycosyltransferase FtsW => putative peptidoglycan glycosyltransferase FtsW
[13:17:22] Modify product: Probable peptidoglycan D,D-transpeptidase FtsI => putative peptidoglycan D,D-transpeptidase FtsI
[13:17:22] Modify product: Uncharacterized inner membrane transporter YedA => putative inner membrane transporter YedA
[13:17:22] Modify product: Uncharacterized oxidoreductase YciK => putative oxidoreductase YciK
[13:17:22] Modify product: UPF0701 protein HI_0467 => hypothetical protein
[13:17:22] Modify product: Uncharacterized ABC transporter ATP-binding protein YheS => putative ABC transporter ATP-binding protein YheS
[13:17:22] Modify product: Acetyltransferase PA3944 => Acetyltransferase
[13:17:22] Modify product: Uncharacterized protein YccU => putative protein YccU
[13:17:22] Modify product: Probable sugar-binding periplasmic protein => putative sugar-binding periplasmic protein
[13:17:22] Modify product: Probable sugar-binding periplasmic protein => putative sugar-binding periplasmic protein
[13:17:22] Modify product: Probable cation-transporting ATPase F => putative cation-transporting ATPase F
[13:17:22] Modify product: Probable alcohol dehydrogenase AdhA => putative alcohol dehydrogenase AdhA
[13:17:22] Modify product: Probable propionate kinase => putative propionate kinase
[13:17:22] Modify product: Uncharacterized oxidoreductase SA2266 => putative oxidoreductase
[13:17:22] Modify product: Putative cystathionine beta-synthase Rv1077 => Putative cystathionine beta-synthase
[13:17:22] Modify product: Probable nitrate transporter NarT => putative nitrate transporter NarT
[13:17:22] Modify product: Probable transcriptional regulatory protein pdtaR => putative transcriptional regulatory protein pdtaR
[13:17:22] Modify product: Solute-binding protein Bamb_6123 => Solute-binding protein
[13:17:22] Modify product: Uncharacterized ABC transporter ATP-binding protein HI_1470 => putative ABC transporter ATP-binding protein
[13:17:22] Modify product: Probable ABC transporter permease protein HI_1471 => putative ABC transporter permease protein
[13:17:22] Modify product: Probable soluble pyridine nucleotide transhydrogenase => putative soluble pyridine nucleotide transhydrogenase
[13:17:22] Modify product: UPF0173 metal-dependent hydrolase SA1529 => hypothetical protein
[13:17:22] Modify product: UPF0337 protein YjbJ => hypothetical protein
[13:17:22] Modify product: Probable 5-dehydro-4-deoxyglucarate dehydratase => putative 5-dehydro-4-deoxyglucarate dehydratase
[13:17:22] Modify product: Probable D,D-dipeptide-binding periplasmic protein DdpA => putative D,D-dipeptide-binding periplasmic protein DdpA
[13:17:22] Modify product: Probable D,D-dipeptide transport system permease protein DdpC => putative D,D-dipeptide transport system permease protein DdpC
[13:17:22] Modify product: Uncharacterized ABC transporter ATP-binding protein YknY => putative ABC transporter ATP-binding protein YknY
[13:17:22] Modify product: Probable riboflavin import permease protein RfuD => putative riboflavin import permease protein RfuD
[13:17:22] Modify product: Purine-binding protein BAB2_0673 => Purine-binding protein
[13:17:22] Modify product: UPF0056 inner membrane protein MarC => hypothetical protein
[13:17:22] Modify product: Uncharacterized HTH-type transcriptional regulator Rv3095 => putative HTH-type transcriptional regulator
[13:17:22] Modify product: Putative hydro-lyase PSPTO_5379 => Putative hydro-lyase
[13:17:22] Modify product: Probable HTH-type transcriptional repressor ExuR => putative HTH-type transcriptional repressor ExuR
[13:17:22] Modify product: UPF0053 inner membrane protein YoaE => hypothetical protein
[13:17:22] Modify product: Uncharacterized protein Rv2569c => putative protein
[13:17:22] Modify product: Uncharacterized oxidoreductase SpyM50865 => putative oxidoreductase
[13:17:22] Modify product: Acetyltransferase SACOL1063 => Acetyltransferase
[13:17:22] Modify product: Uncharacterized N-acetyltransferase YsnE => putative N-acetyltransferase YsnE
[13:17:22] Modify product: Leu/Ile/Val-binding protein homolog 3 => Leu/Ile/Val-binding protein 
[13:17:22] Modify product: Acetyltransferase Atu2258 => Acetyltransferase
[13:17:22] Modify product: Uncharacterized protein YbaA => putative protein YbaA
[13:17:23] Modify product: Uncharacterized protein YqeY => putative protein YqeY
[13:17:23] Modify product: Probable chaperone CsaA => putative chaperone CsaA
[13:17:23] Modify product: Putative multidrug export ATP-binding/permease protein SAV1866 => Putative multidrug export ATP-binding/permease protein
[13:17:23] Modify product: Acetyltransferase Atu2258 => Acetyltransferase
[13:17:23] Modify product: Cyclic di-GMP phosphodiesterase PA4108 => Cyclic di-GMP phosphodiesterase
[13:17:23] Modify product: Leu/Ile/Val-binding protein homolog 3 => Leu/Ile/Val-binding protein 
[13:17:23] Modify product: Probable 2-dehydro-3-deoxy-D-pentonate aldolase YjhH => putative 2-dehydro-3-deoxy-D-pentonate aldolase YjhH
[13:17:23] Modify product: Uncharacterized protein YhaZ => putative protein YhaZ
[13:17:23] Modify product: Uncharacterized ABC transporter permease Rv0072 => putative ABC transporter permease
[13:17:23] Modify product: Uncharacterized protein Rv2411c => putative protein
[13:17:23] Modify product: Uncharacterized protein Rv2569c => putative protein
[13:17:23] Modify product: UPF0194 membrane protein YbhG => hypothetical protein
[13:17:23] Modify product: Probable multidrug ABC transporter ATP-binding protein YbhF => putative multidrug ABC transporter ATP-binding protein YbhF
[13:17:23] Modify product: Probable multidrug ABC transporter permease YbhS => putative multidrug ABC transporter permease YbhS
[13:17:23] Modify product: Probable multidrug ABC transporter permease YbhR => putative multidrug ABC transporter permease YbhR
[13:17:23] Modify product: Uncharacterized protein HI_1162 => putative protein
[13:17:23] Modify product: Leu/Ile/Val-binding protein homolog 3 => Leu/Ile/Val-binding protein 
[13:17:23] Modify product: Probable amino-acid import ATP-binding protein YxeO => putative amino-acid import ATP-binding protein YxeO
[13:17:23] Modify product: Uncharacterized protein YjdJ => putative protein YjdJ
[13:17:23] Modify product: Probable FMNH2-dependent monooxygenase SfnC => putative FMNH2-dependent monooxygenase SfnC
[13:17:23] Modify product: Probable HTH-type transcriptional repressor ExuR => putative HTH-type transcriptional repressor ExuR
[13:17:23] Modify product: Probable ABC transporter-binding protein DR_1438 => putative ABC transporter-binding protein
[13:17:23] Modify product: Uncharacterized sugar transferase EpsL => putative sugar transferase EpsL
[13:17:23] Modify product: D-galactonate dehydratase family member SBI_01856 => D-galactonate dehydratase family member
[13:17:23] Modify product: Uncharacterized periplasmic iron-binding protein HI_0362 => putative periplasmic iron-binding protein
[13:17:23] Modify product: UPF0065 protein in clcB-clcD intergenic region => hypothetical protein
[13:17:23] Modify product: Uncharacterized signaling protein CC_0091 => putative signaling protein
[13:17:23] Modify product: Probable transcriptional regulatory protein aq_1575 => putative transcriptional regulatory protein
[13:17:23] Modify product: Putative multidrug export ATP-binding/permease protein SAV1866 => Putative multidrug export ATP-binding/permease protein
[13:17:23] Modify product: UPF0065 protein in clcB-clcD intergenic region => hypothetical protein
[13:17:23] Modify product: UPF0339 protein Atu0232 => hypothetical protein
[13:17:23] Modify product: HTH-type transcriptional regulator Rv2034 => HTH-type transcriptional regulator
[13:17:23] Modify product: UPF0335 protein CCNA_03428 => hypothetical protein
[13:17:23] Modify product: Uncharacterized protein Rv1502 => putative protein
[13:17:23] Modify product: Uncharacterized protein Rv1501 => putative protein
[13:17:23] Modify product: Uncharacterized protein Rv1507c => putative protein
[13:17:23] Modify product: Uncharacterized protein Rv1405c => putative protein
[13:17:23] Modify product: Uncharacterized protein Rv2567 => putative protein
[13:17:23] Modify product: Uncharacterized protein Rv2569c => putative protein
[13:17:23] Modify product: Probable enoyl-CoA hydratase 1 => putative enoyl-CoA hydratase 1
[13:17:23] Modify product: UPF0053 inner membrane protein YoaE => hypothetical protein
[13:17:23] Modify product: Probable efflux pump membrane transporter TtgB => putative efflux pump membrane transporter TtgB
[13:17:23] Modify product: Uncharacterized protein YphB => putative protein YphB
[13:17:23] Modify product: Probable 3-hydroxybutyryl-CoA dehydrogenase => putative 3-hydroxybutyryl-CoA dehydrogenase
[13:17:23] Modify product: UPF0053 inner membrane protein YfjD => hypothetical protein
[13:17:23] Modify product: Solute-binding protein Bpro_3107 => Solute-binding protein
[13:17:23] Modify product: Uncharacterized amino acid permease YhdG => putative amino acid permease YhdG
[13:17:23] Modify product: Putative formate dehydrogenase SA2102 => Putative formate dehydrogenase
[13:17:23] Modify product: Putative peptide transport permease protein Rv1282c => Putative peptide transport permease protein
[13:17:24] Modify product: Uncharacterized oxidoreductase YgfF => putative oxidoreductase YgfF
[13:17:24] Modify product: Uncharacterized ABC transporter ATP-binding protein Rv0986 => putative ABC transporter ATP-binding protein
[13:17:24] Modify product: Uncharacterized oxidoreductase MSMEG_2408/MSMEI_2347 => putative oxidoreductase/MSMEI_2347
[13:17:24] Modify product: UPF0434 protein NMA0874 => hypothetical protein
[13:17:24] Modify product: Uncharacterized protein Rv3292 => putative protein
[13:17:24] Modify product: UPF0309 protein BH3325 => hypothetical protein
[13:17:24] Modify product: Probable D,D-dipeptide transport system permease protein DdpC => putative D,D-dipeptide transport system permease protein DdpC
[13:17:24] Modify product: Probable D,D-dipeptide-binding periplasmic protein DdpA => putative D,D-dipeptide-binding periplasmic protein DdpA
[13:17:24] Modify product: Multifunctional alkaline phosphatase superfamily protein pRL90232 => Multifunctional alkaline phosphatase superfamily protein
[13:17:24] Modify product: Uncharacterized protein Rv0887c => putative protein
[13:17:24] Modify product: Uncharacterized ABC transporter ATP-binding protein Rv0986 => putative ABC transporter ATP-binding protein
[13:17:24] Modify product: Protease HtpX homolog => Protease HtpX 
[13:17:24] Modify product: Probable enoyl-CoA hydratase 1 => putative enoyl-CoA hydratase 1
[13:17:24] Modify product: Peptidoglycan-N-acetylglucosamine deacetylase BC_3618 => Peptidoglycan-N-acetylglucosamine deacetylase
[13:17:24] Modify product: Probable copper-exporting P-type ATPase V => putative copper-exporting P-type ATPase V
[13:17:24] Modify product: Uncharacterized DapA-like lyase => putative DapA-like lyase
[13:17:24] Modify product: Probable dipeptidase PepE => putative dipeptidase PepE
[13:17:24] Modify product: Uncharacterized oxidoreductase Rv1144 => putative oxidoreductase
[13:17:24] Modify product: Probable methylxanthine N7-demethylase NdmC => putative methylxanthine N7-demethylase NdmC
[13:17:24] Modify product: Purine-binding protein BAB2_0673 => Purine-binding protein
[13:17:24] Modify product: Probable riboflavin import permease protein RfuC => putative riboflavin import permease protein RfuC
[13:17:24] Modify product: Purine-binding protein BAB2_0673 => Purine-binding protein
[13:17:24] Modify product: Probable riboflavin import permease protein RfuC => putative riboflavin import permease protein RfuC
[13:17:24] Modify product: Probable riboflavin import permease protein RfuD => putative riboflavin import permease protein RfuD
[13:17:24] Modify product: Probable glutamine ABC transporter permease protein GlnP => putative glutamine ABC transporter permease protein GlnP
[13:17:24] Modify product: Probable glutamine ABC transporter permease protein GlnM => putative glutamine ABC transporter permease protein GlnM
[13:17:24] Modify product: Probable sugar-binding periplasmic protein => putative sugar-binding periplasmic protein
[13:17:24] Modify product: Probable flavin reductase => putative flavin reductase
[13:17:24] Modify product: Probable D,D-dipeptide transport system permease protein DdpC => putative D,D-dipeptide transport system permease protein DdpC
[13:17:24] Modify product: Acetyltransferase PA3944 => Acetyltransferase
[13:17:24] Modify product: Uncharacterized protein YyaP => putative protein YyaP
[13:17:24] Modify product: Uncharacterized HTH-type transcriptional regulator Rv3095 => putative HTH-type transcriptional regulator
[13:17:24] Modify product: Probable sugar-binding periplasmic protein => putative sugar-binding periplasmic protein
[13:17:24] Modify product: Probable nicotinate-nucleotide pyrophosphorylase [carboxylating] => putative nicotinate-nucleotide pyrophosphorylase [carboxylating]
[13:17:24] Modify product: Uncharacterized ABC transporter ATP-binding protein TM_0288 => putative ABC transporter ATP-binding protein
[13:17:24] Modify product: Putative multidrug export ATP-binding/permease protein SAV1866 => Putative multidrug export ATP-binding/permease protein
[13:17:24] Modify product: Uncharacterized NTE family protein Rv2565 => putative NTE family protein
[13:17:24] Modify product: Putative multidrug export ATP-binding/permease protein SAV1866 => Putative multidrug export ATP-binding/permease protein
[13:17:24] Modify product: Probable membrane transporter protein YfcA => putative membrane transporter protein YfcA
[13:17:25] Modify product: Uncharacterized ABC transporter ATP-binding protein YejF => putative ABC transporter ATP-binding protein YejF
[13:17:25] Modify product: Probable BsuMI modification methylase subunit YdiO => putative BsuMI modification methylase subunit YdiO
[13:17:25] Modify product: Probable BsuMI modification methylase subunit YdiO => putative BsuMI modification methylase subunit YdiO
[13:17:25] Modify product: Putative peptide transport permease protein Rv1282c => Putative peptide transport permease protein
[13:17:25] Modify product: Glycogen operon protein GlgX homolog => Glycogen operon protein GlgX 
[13:17:25] Modify product: Probable cardiolipin synthase YwiE => putative cardiolipin synthase YwiE
[13:17:25] Modify product: Probable pyridine nucleotide-disulfide oxidoreductase RclA => putative pyridine nucleotide-disulfide oxidoreductase RclA
[13:17:25] Modify product: Probable 3-hydroxyisobutyrate dehydrogenase => putative 3-hydroxyisobutyrate dehydrogenase
[13:17:25] Modify product: Probable ECF RNA polymerase sigma factor SigI => putative ECF RNA polymerase sigma factor SigI
[13:17:25] Modify product: Deacetylase Atu3266 => Deacetylase
[13:17:25] Modify product: Uncharacterized MFS-type transporter YcaD => putative MFS-type transporter YcaD
[13:17:25] Modify product: Probable 5-dehydro-4-deoxyglucarate dehydratase => putative 5-dehydro-4-deoxyglucarate dehydratase
[13:17:25] Modify product: Probable D,D-dipeptide transport system permease protein DdpC => putative D,D-dipeptide transport system permease protein DdpC
[13:17:25] Modify product: Cyclic di-GMP phosphodiesterase PA4108 => Cyclic di-GMP phosphodiesterase
[13:17:25] Modify product: Uncharacterized GMC-type oxidoreductase Rv1279 => putative GMC-type oxidoreductase
[13:17:25] Modify product: Probable 2-dehydro-3-deoxy-D-pentonate aldolase YjhH => putative 2-dehydro-3-deoxy-D-pentonate aldolase YjhH
[13:17:25] Modify product: Uncharacterized protein Rv2715 => putative protein
[13:17:25] Modify product: Purine-binding protein BAB2_0673 => Purine-binding protein
[13:17:25] Modify product: Uncharacterized acyl--CoA ligase YhfT => putative acyl--CoA ligase YhfT
[13:17:25] Modify product: Probable acetyl-CoA acyltransferase => putative acetyl-CoA acyltransferase
[13:17:25] Modify product: Uncharacterized protein Rv1488 => putative protein
[13:17:25] Modify product: Uncharacterized protein Rv2008c => putative protein
[13:17:25] Modify product: Uncharacterized amino acid permease YhdG => putative amino acid permease YhdG
[13:17:25] Modify product: Probable D,D-dipeptide transport system permease protein DdpC => putative D,D-dipeptide transport system permease protein DdpC
[13:17:25] Modify product: Putative hydrolase MSMEG_3995/MSMEI_3903 => Putative hydrolase/MSMEI_3903
[13:17:25] Modify product: UPF0719 inner membrane protein YjfL => hypothetical protein
[13:17:25] Modify product: Probable glutamine ABC transporter permease protein GlnM => putative glutamine ABC transporter permease protein GlnM
[13:17:25] Modify product: Probable ABC transporter-binding protein DR_1438 => putative ABC transporter-binding protein
[13:17:25] Modify product: Uncharacterized oxidoreductase Rv0769 => putative oxidoreductase
[13:17:25] Modify product: Probable dipeptidase PepE => putative dipeptidase PepE
[13:17:25] Modify product: Uncharacterized oxidoreductase YjmC => putative oxidoreductase YjmC
[13:17:25] Modify product: Probable N-octanoylanthranilate hydrolase AqdA1 => putative N-octanoylanthranilate hydrolase AqdA1
[13:17:25] Modify product: Probable tartrate dehydrogenase/decarboxylase TtuC' => putative tartrate dehydrogenase/decarboxylase TtuC'
[13:17:26] Modify product: Probable D,D-dipeptide transport system permease protein DdpC => putative D,D-dipeptide transport system permease protein DdpC
[13:17:26] Modify product: Probable D,D-dipeptide-binding periplasmic protein DdpA => putative D,D-dipeptide-binding periplasmic protein DdpA
[13:17:26] Modify product: Probable 5-dehydro-4-deoxyglucarate dehydratase => putative 5-dehydro-4-deoxyglucarate dehydratase
[13:17:26] Modify product: Probable copper-importing P-type ATPase A => putative copper-importing P-type ATPase A
[13:17:26] Modify product: Cytochrome c oxidase subunit 1 homolog, bacteroid => Cytochrome c oxidase subunit 1 , bacteroid
[13:17:26] Modify product: Uncharacterized protein Rv2004c => putative protein
[13:17:26] Modify product: Uncharacterized ABC transporter ATP-binding protein YheS => putative ABC transporter ATP-binding protein YheS
[13:17:26] Modify product: Probable cystine transporter YijE => putative cystine transporter YijE
[13:17:26] Modify product: Probable D,D-dipeptide transport system permease protein DdpC => putative D,D-dipeptide transport system permease protein DdpC
[13:17:26] Modify product: Leu/Ile/Val-binding protein homolog 3 => Leu/Ile/Val-binding protein 
[13:17:26] Modify product: Probable ABC transporter ATP-binding/permease protein HI_0664 => putative ABC transporter ATP-binding/permease protein
[13:17:26] Modify product: Uncharacterized ABC transporter ATP-binding protein Rv0986 => putative ABC transporter ATP-binding protein
[13:17:26] Cleaned 281 /product names
[13:17:26] Deleting unwanted file: ./V074.fsa_prokka/./V074.fsa.sprot.tmp.11092.faa
[13:17:26] Deleting unwanted file: ./V074.fsa_prokka/./V074.fsa.sprot.tmp.11092.blast
[13:17:30] There are still 3630 unannotated CDS left (started with 6937)
[13:17:30] Will use hmmer3 to search against /Users/chloeharper/miniconda3/envs/prokka/db/hmm/HAMAP.hmm with 4 CPUs
[13:17:30] Running: cat \.\/V074\.fsa_prokka\/\.\/V074\.fsa\.HAMAP\.hmm\.tmp\.11092\.faa | parallel --gnu --plain -j 4 --block 125594 --recstart '>' --pipe hmmscan --noali --notextw --acc -E 1e-09 --cpu 1 /Users/chloeharper/miniconda3/envs/prokka/db/hmm/HAMAP.hmm /dev/stdin > \.\/V074\.fsa_prokka\/\.\/V074\.fsa\.HAMAP\.hmm\.tmp\.11092\.hmmer3 2> /dev/null
[13:18:48] Modify product: Uncharacterized MFS-type transporter YcaD => putative MFS-type transporter YcaD
[13:18:48] Modify product: Uncharacterized MFS-type transporter YcaD => putative MFS-type transporter YcaD
[13:18:49] Modify product: Uncharacterized MFS-type transporter YcaD => putative MFS-type transporter YcaD
[13:18:49] Modify product: Uncharacterized Nudix hydrolase NudL => putative Nudix hydrolase NudL
[13:18:49] Cleaned 4 /product names
[13:18:49] Deleting unwanted file: ./V074.fsa_prokka/./V074.fsa.HAMAP.hmm.tmp.11092.faa
[13:18:49] Deleting unwanted file: ./V074.fsa_prokka/./V074.fsa.HAMAP.hmm.tmp.11092.hmmer3
[13:18:49] Labelling remaining 3155 proteins as 'hypothetical protein'
[13:18:49] Possible /pseudo 'Regulator of nucleoside diphosphate kinase' at C18 position 32216
[13:18:49] Possible /pseudo 'putative protein' at C18 position 51531
[13:18:49] Possible /pseudo 'UDP-glucose 4-epimerase' at Cchr position 17167
[13:18:49] Possible /pseudo 'HTH-type transcriptional regulator PgrR' at Cchr position 252427
[13:18:49] Possible /pseudo 'UDP-glucose 4-epimerase' at Cchr position 519671
[13:18:49] Possible /pseudo 'Sorbitol dehydrogenase' at Cchr position 607674
[13:18:49] Possible /pseudo 'Non-homologous end joining protein Ku' at Cchr position 624561
[13:18:49] Possible /pseudo 'Flagellin' at Cchr position 676200
[13:18:49] Possible /pseudo 'Flagellin' at Cchr position 677354
[13:18:49] Possible /pseudo 'Flagellin' at Cchr position 678566
[13:18:49] Possible /pseudo 'HTH-type transcriptional regulator PgrR' at Cchr position 1021194
[13:18:49] Possible /pseudo 'putative amino-acid permease protein YxeN' at Cchr position 1032835
[13:18:49] Possible /pseudo 'putative sugar-binding periplasmic protein' at Cchr position 1833439
[13:18:49] Possible /pseudo 'Ribose import permease protein RbsC' at Cchr position 1967835
[13:18:49] Possible /pseudo 'Bicyclomycin resistance protein' at Cchr position 2534644
[13:18:49] Possible /pseudo '3'(2'),5'-bisphosphate nucleotidase CysQ' at Cchr position 2538305
[13:18:49] Possible /pseudo 'Sensor histidine kinase RcsC' at Cchr position 2880763
[13:18:49] Possible /pseudo 'Trehalose import ATP-binding protein SugC' at Cchr position 2899955
[13:18:49] Possible /pseudo 'L-cystine transport system permease protein YecS' at Cchr position 2919230
[13:18:49] Possible /pseudo 'Putative protein-methionine-sulfoxide reductase subunit YedZ1' at Cchr position 3024600
[13:18:49] Possible /pseudo 'Monomeric sarcosine oxidase' at Cchr position 3338426
[13:18:49] Possible /pseudo 'Cytochrome b/c1' at Cchr position 3513528
[13:18:49] Possible /pseudo 'tRNA 5-methylaminomethyl-2-thiouridine biosynthesis bifunctional protein MnmC' at Cchr position 3625260
[13:18:49] Possible /pseudo 'D-galactonate dehydratase family member RspA' at Cchr position 3951738
[13:18:49] Possible /pseudo 'Manganese transport system membrane protein MntB' at Cchr position 3977745
[13:18:49] Possible /pseudo 'putative protein' at Cchr position 4196964
[13:18:49] Possible /pseudo 'L-cystine transport system permease protein YecS' at Cchr position 4582595
[13:18:49] Possible /pseudo 'RNA polymerase sigma-54 factor 2' at CpRL10 position 20592
[13:18:49] Possible /pseudo 'Catabolite control protein A' at CpRL10 position 81718
[13:18:49] Possible /pseudo 'HTH-type transcriptional repressor GlaR' at CpRL11 position 278923
[13:18:49] Possible /pseudo 'L-cystine transport system permease protein YecS' at CpRL11 position 284067
[13:18:49] Possible /pseudo '3-oxoacyl-[acyl-carrier-protein] reductase FabG' at CpRL12 position 433038
[13:18:49] Possible /pseudo 'L-cystine transport system permease protein YecS' at CpRL12 position 474968
[13:18:49] Possible /pseudo '4-hydroxy-tetrahydrodipicolinate synthase' at CpRL12 position 551346
[13:18:49] Possible /pseudo 'Glycine betaine transport system permease protein OpuAB' at CpRL12 position 564658
[13:18:49] Possible /pseudo 'Multidrug resistance protein MdtA' at CpRL12 position 704303
[13:18:49] Possible /pseudo 'Sensor histidine kinase RcsC' at CpRL12 position 734177
[13:18:49] Possible /pseudo 'Glycine betaine/carnitine/choline transport system permease protein OpuCB' at CpRL12 position 768143
[13:18:49] Possible /pseudo 'D-galactonate dehydratase' at CpRL12 position 804042
[13:18:49] Possible /pseudo 'Response regulator protein TmoT' at CpRL12 position 808605
[13:18:49] Possible /pseudo 'D-inositol-3-phosphate glycosyltransferase' at CpRL9 position 127864
[13:18:49] Found 2070 unique /gene codes.
[13:18:49] Fixed 2 duplicate /gene - xylF_1 xylF_2
[13:18:49] Fixed 3 duplicate /gene - dksA_1 dksA_2 dksA_3
[13:18:49] Fixed 5 duplicate /gene - nagR_1 nagR_2 nagR_3 nagR_4 nagR_5
[13:18:49] Fixed 5 duplicate /gene - fixK_1 fixK_2 fixK_3 fixK_4 fixK_5
[13:18:49] Fixed 5 duplicate /gene - ligD_1 ligD_2 ligD_3 ligD_4 ligD_5
[13:18:49] Fixed 3 duplicate /gene - fucU_1 fucU_2 fucU_3
[13:18:49] Fixed 2 duplicate /gene - ftsH_1 ftsH_2
[13:18:49] Fixed 2 duplicate /gene - hlyU_1 hlyU_2
[13:18:49] Fixed 2 duplicate /gene - hutU_1 hutU_2
[13:18:49] Fixed 2 duplicate /gene - glnG_1 glnG_2
[13:18:49] Fixed 2 duplicate /gene - dinG_1 dinG_2
[13:18:49] Fixed 2 duplicate /gene - yjiA_1 yjiA_2
[13:18:49] Fixed 2 duplicate /gene - mrpD_1 mrpD_2
[13:18:49] Fixed 2 duplicate /gene - ugpQ_1 ugpQ_2
[13:18:49] Fixed 2 duplicate /gene - vdh_1 vdh_2
[13:18:49] Fixed 2 duplicate /gene - rfbB_1 rfbB_2
[13:18:49] Fixed 2 duplicate /gene - mdtD_1 mdtD_2
[13:18:49] Fixed 4 duplicate /gene - davD_1 davD_2 davD_3 davD_4
[13:18:49] Fixed 4 duplicate /gene - yciC_1 yciC_2 yciC_3 yciC_4
[13:18:49] Fixed 2 duplicate /gene - rfbC_1 rfbC_2
[13:18:49] Fixed 5 duplicate /gene - noc_1 noc_2 noc_3 noc_4 noc_5
[13:18:49] Fixed 24 duplicate /gene - dmlR_1 dmlR_2 dmlR_3 dmlR_4 dmlR_5 dmlR_6 dmlR_7 dmlR_8 dmlR_9 dmlR_10 dmlR_11 dmlR_12 dmlR_13 dmlR_14 dmlR_15 dmlR_16 dmlR_17 dmlR_18 dmlR_19 dmlR_20 dmlR_21 dmlR_22 dmlR_23 dmlR_24
[13:18:49] Fixed 5 duplicate /gene - mglA_1 mglA_2 mglA_3 mglA_4 mglA_5
[13:18:49] Fixed 4 duplicate /gene - galE_1 galE_2 galE_3 galE_4
[13:18:49] Fixed 2 duplicate /gene - aroQ_1 aroQ_2
[13:18:49] Fixed 2 duplicate /gene - msrB_1 msrB_2
[13:18:49] Fixed 3 duplicate /gene - dnaE2_1 dnaE2_2 dnaE2_3
[13:18:49] Fixed 4 duplicate /gene - ibpA_1 ibpA_2 ibpA_3 ibpA_4
[13:18:49] Fixed 3 duplicate /gene - arsC_1 arsC_2 arsC_3
[13:18:49] Fixed 2 duplicate /gene - msrP_1 msrP_2
[13:18:49] Fixed 2 duplicate /gene - rnhA_1 rnhA_2
[13:18:49] Fixed 2 duplicate /gene - hpaC_1 hpaC_2
[13:18:49] Fixed 7 duplicate /gene - degA_1 degA_2 degA_3 degA_4 degA_5 degA_6 degA_7
[13:18:49] Fixed 2 duplicate /gene - cugP_1 cugP_2
[13:18:49] Fixed 2 duplicate /gene - fcl_1 fcl_2
[13:18:49] Fixed 6 duplicate /gene - gntR_1 gntR_2 gntR_3 gntR_4 gntR_5 gntR_6
[13:18:49] Fixed 2 duplicate /gene - abo_1 abo_2
[13:18:49] Fixed 3 duplicate /gene - gloA_1 gloA_2 gloA_3
[13:18:49] Fixed 2 duplicate /gene - prsA_1 prsA_2
[13:18:49] Fixed 3 duplicate /gene - xylB_1 xylB_2 xylB_3
[13:18:49] Fixed 2 duplicate /gene - hyuE_1 hyuE_2
[13:18:49] Fixed 2 duplicate /gene - aar_1 aar_2
[13:18:49] Fixed 2 duplicate /gene - yhbO_1 yhbO_2
[13:18:49] Fixed 3 duplicate /gene - xthA_1 xthA_2 xthA_3
[13:18:49] Fixed 2 duplicate /gene - cpoB_1 cpoB_2
[13:18:49] Fixed 2 duplicate /gene - fecE_1 fecE_2
[13:18:49] Fixed 6 duplicate /gene - bacC_1 bacC_2 bacC_3 bacC_4 bacC_5 bacC_6
[13:18:49] Fixed 22 duplicate /gene - rcsC_1 rcsC_2 rcsC_3 rcsC_4 rcsC_5 rcsC_6 rcsC_7 rcsC_8 rcsC_9 rcsC_10 rcsC_11 rcsC_12 rcsC_13 rcsC_14 rcsC_15 rcsC_16 rcsC_17 rcsC_18 rcsC_19 rcsC_20 rcsC_21 rcsC_22
[13:18:49] Fixed 5 duplicate /gene - lutR_1 lutR_2 lutR_3 lutR_4 lutR_5
[13:18:49] Fixed 2 duplicate /gene - nsrR_1 nsrR_2
[13:18:49] Fixed 2 duplicate /gene - ppsC_1 ppsC_2
[13:18:49] Fixed 3 duplicate /gene - ecfG_1 ecfG_2 ecfG_3
[13:18:49] Fixed 2 duplicate /gene - pntB_1 pntB_2
[13:18:49] Fixed 2 duplicate /gene - tas_1 tas_2
[13:18:49] Fixed 2 duplicate /gene - argG_1 argG_2
[13:18:49] Fixed 2 duplicate /gene - ttuE_1 ttuE_2
[13:18:49] Fixed 4 duplicate /gene - glpR_1 glpR_2 glpR_3 glpR_4
[13:18:49] Fixed 2 duplicate /gene - uxuA_1 uxuA_2
[13:18:49] Fixed 2 duplicate /gene - dadA_1 dadA_2
[13:18:49] Fixed 2 duplicate /gene - rfuC_1 rfuC_2
[13:18:49] Fixed 2 duplicate /gene - sigF_1 sigF_2
[13:18:49] Fixed 2 duplicate /gene - flhA_1 flhA_2
[13:18:49] Fixed 2 duplicate /gene - etfA_1 etfA_2
[13:18:49] Fixed 2 duplicate /gene - pcaK_1 pcaK_2
[13:18:49] Fixed 3 duplicate /gene - azoB_1 azoB_2 azoB_3
[13:18:49] Fixed 2 duplicate /gene - trxB_1 trxB_2
[13:18:49] Fixed 2 duplicate /gene - ghrA_1 ghrA_2
[13:18:49] Fixed 12 duplicate /gene - oppD_1 oppD_2 oppD_3 oppD_4 oppD_5 oppD_6 oppD_7 oppD_8 oppD_9 oppD_10 oppD_11 oppD_12
[13:18:49] Fixed 2 duplicate /gene - fbcH_1 fbcH_2
[13:18:49] Fixed 2 duplicate /gene - pstB_1 pstB_2
[13:18:49] Fixed 2 duplicate /gene - cheA_1 cheA_2
[13:18:49] Fixed 3 duplicate /gene - actP_1 actP_2 actP_3
[13:18:49] Fixed 2 duplicate /gene - msmE_1 msmE_2
[13:18:49] Fixed 2 duplicate /gene - lon_1 lon_2
[13:18:49] Fixed 2 duplicate /gene - kdsB_1 kdsB_2
[13:18:49] Fixed 2 duplicate /gene - pyrE_1 pyrE_2
[13:18:49] Fixed 5 duplicate /gene - dppA_1 dppA_2 dppA_3 dppA_4 dppA_5
[13:18:49] Fixed 2 duplicate /gene - ada_1 ada_2
[13:18:49] Fixed 3 duplicate /gene - proC_1 proC_2 proC_3
[13:18:49] Fixed 2 duplicate /gene - srlR_1 srlR_2
[13:18:49] Fixed 2 duplicate /gene - hmrR_1 hmrR_2
[13:18:49] Fixed 3 duplicate /gene - betB_1 betB_2 betB_3
[13:18:49] Fixed 2 duplicate /gene - malT_1 malT_2
[13:18:49] Fixed 4 duplicate /gene - hsrA_1 hsrA_2 hsrA_3 hsrA_4
[13:18:49] Fixed 2 duplicate /gene - yadH_1 yadH_2
[13:18:49] Fixed 2 duplicate /gene - potF_1 potF_2
[13:18:49] Fixed 2 duplicate /gene - mepA_1 mepA_2
[13:18:49] Fixed 2 duplicate /gene - chrR_1 chrR_2
[13:18:49] Fixed 4 duplicate /gene - amiC_1 amiC_2 amiC_3 amiC_4
[13:18:49] Fixed 2 duplicate /gene - pepE_1 pepE_2
[13:18:49] Fixed 2 duplicate /gene - cheR_1 cheR_2
[13:18:49] Fixed 4 duplicate /gene - yyaP_1 yyaP_2 yyaP_3 yyaP_4
[13:18:49] Fixed 3 duplicate /gene - gnl_1 gnl_2 gnl_3
[13:18:49] Fixed 3 duplicate /gene - cpdA_1 cpdA_2 cpdA_3
[13:18:49] Fixed 2 duplicate /gene - phyR_1 phyR_2
[13:18:49] Fixed 3 duplicate /gene - ycjO_1 ycjO_2 ycjO_3
[13:18:49] Fixed 2 duplicate /gene - maa_1 maa_2
[13:18:49] Fixed 2 duplicate /gene - tyrS_1 tyrS_2
[13:18:49] Fixed 2 duplicate /gene - dctA_1 dctA_2
[13:18:49] Fixed 13 duplicate /gene - malK_1 malK_2 malK_3 malK_4 malK_5 malK_6 malK_7 malK_8 malK_9 malK_10 malK_11 malK_12 malK_13
[13:18:49] Fixed 2 duplicate /gene - bphC_1 bphC_2
[13:18:49] Fixed 2 duplicate /gene - paoC_1 paoC_2
[13:18:49] Fixed 3 duplicate /gene - rpsU_1 rpsU_2 rpsU_3
[13:18:49] Fixed 4 duplicate /gene - spuC_1 spuC_2 spuC_3 spuC_4
[13:18:49] Fixed 6 duplicate /gene - nanR_1 nanR_2 nanR_3 nanR_4 nanR_5 nanR_6
[13:18:49] Fixed 3 duplicate /gene - ntaA_1 ntaA_2 ntaA_3
[13:18:49] Fixed 16 duplicate /gene - gsiC_1 gsiC_2 gsiC_3 gsiC_4 gsiC_5 gsiC_6 gsiC_7 gsiC_8 gsiC_9 gsiC_10 gsiC_11 gsiC_12 gsiC_13 gsiC_14 gsiC_15 gsiC_16
[13:18:49] Fixed 4 duplicate /gene - soxA_1 soxA_2 soxA_3 soxA_4
[13:18:49] Fixed 2 duplicate /gene - rapA2_1 rapA2_2
[13:18:49] Fixed 2 duplicate /gene - alr_1 alr_2
[13:18:49] Fixed 6 duplicate /gene - ugpA_1 ugpA_2 ugpA_3 ugpA_4 ugpA_5 ugpA_6
[13:18:49] Fixed 2 duplicate /gene - nifD_1 nifD_2
[13:18:49] Fixed 3 duplicate /gene - catD_1 catD_2 catD_3
[13:18:49] Fixed 5 duplicate /gene - gsiB_1 gsiB_2 gsiB_3 gsiB_4 gsiB_5
[13:18:49] Fixed 4 duplicate /gene - pcm_1 pcm_2 pcm_3 pcm_4
[13:18:49] Fixed 2 duplicate /gene - nicS_1 nicS_2
[13:18:49] Fixed 3 duplicate /gene - cynR_1 cynR_2 cynR_3
[13:18:49] Fixed 2 duplicate /gene - aroA_1 aroA_2
[13:18:49] Fixed 2 duplicate /gene - puuA_1 puuA_2
[13:18:49] Fixed 2 duplicate /gene - mdh_1 mdh_2
[13:18:49] Fixed 2 duplicate /gene - dapB_1 dapB_2
[13:18:49] Fixed 2 duplicate /gene - qorA_1 qorA_2
[13:18:49] Fixed 2 duplicate /gene - carB_1 carB_2
[13:18:49] Fixed 19 duplicate /gene - btuD_1 btuD_2 btuD_3 btuD_4 btuD_5 btuD_6 btuD_7 btuD_8 btuD_9 btuD_10 btuD_11 btuD_12 btuD_13 btuD_14 btuD_15 btuD_16 btuD_17 btuD_18 btuD_19
[13:18:49] Fixed 2 duplicate /gene - oprJ_1 oprJ_2
[13:18:49] Fixed 9 duplicate /gene - gcvA_1 gcvA_2 gcvA_3 gcvA_4 gcvA_5 gcvA_6 gcvA_7 gcvA_8 gcvA_9
[13:18:49] Fixed 2 duplicate /gene - degQ_1 degQ_2
[13:18:49] Fixed 2 duplicate /gene - cpdR_1 cpdR_2
[13:18:49] Fixed 2 duplicate /gene - xynB_1 xynB_2
[13:18:49] Fixed 5 duplicate /gene - potB_1 potB_2 potB_3 potB_4 potB_5
[13:18:49] Fixed 2 duplicate /gene - smc_1 smc_2
[13:18:49] Fixed 3 duplicate /gene - tmoT_1 tmoT_2 tmoT_3
[13:18:49] Fixed 2 duplicate /gene - ubiA_1 ubiA_2
[13:18:49] Fixed 2 duplicate /gene - iscR_1 iscR_2
[13:18:49] Fixed 5 duplicate /gene - fitB_1 fitB_2 fitB_3 fitB_4 fitB_5
[13:18:49] Fixed 7 duplicate /gene - sugB_1 sugB_2 sugB_3 sugB_4 sugB_5 sugB_6 sugB_7
[13:18:49] Fixed 3 duplicate /gene - gltC_1 gltC_2 gltC_3
[13:18:49] Fixed 8 duplicate /gene - msmX_1 msmX_2 msmX_3 msmX_4 msmX_5 msmX_6 msmX_7 msmX_8
[13:18:49] Fixed 2 duplicate /gene - ybhL_1 ybhL_2
[13:18:49] Fixed 2 duplicate /gene - bcsA_1 bcsA_2
[13:18:49] Fixed 2 duplicate /gene - ccmE_1 ccmE_2
[13:18:49] Fixed 2 duplicate /gene - thiK_1 thiK_2
[13:18:49] Fixed 4 duplicate /gene - ngcF_1 ngcF_2 ngcF_3 ngcF_4
[13:18:49] Fixed 11 duplicate /gene - livF_1 livF_2 livF_3 livF_4 livF_5 livF_6 livF_7 livF_8 livF_9 livF_10 livF_11
[13:18:49] Fixed 3 duplicate /gene - tctD_1 tctD_2 tctD_3
[13:18:49] Fixed 2 duplicate /gene - yejF_1 yejF_2
[13:18:49] Fixed 4 duplicate /gene - gno_1 gno_2 gno_3 gno_4
[13:18:49] Fixed 2 duplicate /gene - crt_1 crt_2
[13:18:49] Fixed 2 duplicate /gene - linF_1 linF_2
[13:18:49] Fixed 8 duplicate /gene - araQ_1 araQ_2 araQ_3 araQ_4 araQ_5 araQ_6 araQ_7 araQ_8
[13:18:49] Fixed 2 duplicate /gene - wbgU_1 wbgU_2
[13:18:49] Fixed 4 duplicate /gene - ohrR_1 ohrR_2 ohrR_3 ohrR_4
[13:18:49] Fixed 9 duplicate /gene - cdhR_1 cdhR_2 cdhR_3 cdhR_4 cdhR_5 cdhR_6 cdhR_7 cdhR_8 cdhR_9
[13:18:49] Fixed 4 duplicate /gene - pal_1 pal_2 pal_3 pal_4
[13:18:49] Fixed 2 duplicate /gene - dxs_1 dxs_2
[13:18:49] Fixed 2 duplicate /gene - otnI_1 otnI_2
[13:18:49] Fixed 3 duplicate /gene - opuAB_1 opuAB_2 opuAB_3
[13:18:49] Fixed 2 duplicate /gene - fhuA_1 fhuA_2
[13:18:49] Fixed 5 duplicate /gene - sugC_1 sugC_2 sugC_3 sugC_4 sugC_5
[13:18:49] Fixed 2 duplicate /gene - npcC_1 npcC_2
[13:18:49] Fixed 3 duplicate /gene - lldD_1 lldD_2 lldD_3
[13:18:49] Fixed 3 duplicate /gene - nrsF_1 nrsF_2 nrsF_3
[13:18:49] Fixed 2 duplicate /gene - rlpA_1 rlpA_2
[13:18:49] Fixed 2 duplicate /gene - andAa_1 andAa_2
[13:18:49] Fixed 2 duplicate /gene - potD_1 potD_2
[13:18:49] Fixed 4 duplicate /gene - mntB_1 mntB_2 mntB_3 mntB_4
[13:18:49] Fixed 5 duplicate /gene - lacG_1 lacG_2 lacG_3 lacG_4 lacG_5
[13:18:49] Fixed 3 duplicate /gene - melA_1 melA_2 melA_3
[13:18:49] Fixed 3 duplicate /gene - ydhP_1 ydhP_2 ydhP_3
[13:18:49] Fixed 4 duplicate /gene - fabF_1 fabF_2 fabF_3 fabF_4
[13:18:49] Fixed 2 duplicate /gene - glnH_1 glnH_2
[13:18:49] Fixed 4 duplicate /gene - decR_1 decR_2 decR_3 decR_4
[13:18:49] Fixed 2 duplicate /gene - linC_1 linC_2
[13:18:49] Fixed 2 duplicate /gene - dmdC_1 dmdC_2
[13:18:49] Fixed 2 duplicate /gene - mtrA_1 mtrA_2
[13:18:49] Fixed 10 duplicate /gene - gsiD_1 gsiD_2 gsiD_3 gsiD_4 gsiD_5 gsiD_6 gsiD_7 gsiD_8 gsiD_9 gsiD_10
[13:18:49] Fixed 7 duplicate /gene - fliC_1 fliC_2 fliC_3 fliC_4 fliC_5 fliC_6 fliC_7
[13:18:49] Fixed 2 duplicate /gene - doeB_1 doeB_2
[13:18:49] Fixed 3 duplicate /gene - prsE_1 prsE_2 prsE_3
[13:18:49] Fixed 2 duplicate /gene - glgX_1 glgX_2
[13:18:49] Fixed 2 duplicate /gene - iorB_1 iorB_2
[13:18:49] Fixed 2 duplicate /gene - hyuA_1 hyuA_2
[13:18:49] Fixed 2 duplicate /gene - lacE_1 lacE_2
[13:18:49] Fixed 2 duplicate /gene - dkgB_1 dkgB_2
[13:18:49] Fixed 2 duplicate /gene - pcrA_1 pcrA_2
[13:18:49] Fixed 2 duplicate /gene - plsY_1 plsY_2
[13:18:49] Fixed 16 duplicate /gene - iolG_1 iolG_2 iolG_3 iolG_4 iolG_5 iolG_6 iolG_7 iolG_8 iolG_9 iolG_10 iolG_11 iolG_12 iolG_13 iolG_14 iolG_15 iolG_16
[13:18:49] Fixed 8 duplicate /gene - ydcV_1 ydcV_2 ydcV_3 ydcV_4 ydcV_5 ydcV_6 ydcV_7 ydcV_8
[13:18:49] Fixed 2 duplicate /gene - bdcA_1 bdcA_2
[13:18:49] Fixed 2 duplicate /gene - leuS_1 leuS_2
[13:18:49] Fixed 3 duplicate /gene - cheY_1 cheY_2 cheY_3
[13:18:49] Fixed 4 duplicate /gene - glaR_1 glaR_2 glaR_3 glaR_4
[13:18:49] Fixed 2 duplicate /gene - takP_1 takP_2
[13:18:49] Fixed 2 duplicate /gene - pccB_1 pccB_2
[13:18:49] Fixed 5 duplicate /gene - iolE_1 iolE_2 iolE_3 iolE_4 iolE_5
[13:18:49] Fixed 2 duplicate /gene - yedK_1 yedK_2
[13:18:49] Fixed 2 duplicate /gene - lexA_1 lexA_2
[13:18:49] Fixed 2 duplicate /gene - mshD_1 mshD_2
[13:18:49] Fixed 2 duplicate /gene - melR_1 melR_2
[13:18:49] Fixed 9 duplicate /gene - ccpA_1 ccpA_2 ccpA_3 ccpA_4 ccpA_5 ccpA_6 ccpA_7 ccpA_8 ccpA_9
[13:18:49] Fixed 3 duplicate /gene - ligK_1 ligK_2 ligK_3
[13:18:49] Fixed 8 duplicate /gene - yajO_1 yajO_2 yajO_3 yajO_4 yajO_5 yajO_6 yajO_7 yajO_8
[13:18:49] Fixed 3 duplicate /gene - dhaA_1 dhaA_2 dhaA_3
[13:18:49] Fixed 2 duplicate /gene - corA_1 corA_2
[13:18:49] Fixed 2 duplicate /gene - deoR_1 deoR_2
[13:18:49] Fixed 14 duplicate /gene - oppF_1 oppF_2 oppF_3 oppF_4 oppF_5 oppF_6 oppF_7 oppF_8 oppF_9 oppF_10 oppF_11 oppF_12 oppF_13 oppF_14
[13:18:49] Fixed 2 duplicate /gene - rdmC_1 rdmC_2
[13:18:49] Fixed 2 duplicate /gene - purC_1 purC_2
[13:18:49] Fixed 2 duplicate /gene - ptsJ_1 ptsJ_2
[13:18:49] Fixed 2 duplicate /gene - nifK_1 nifK_2
[13:18:49] Fixed 2 duplicate /gene - ptsN_1 ptsN_2
[13:18:49] Fixed 4 duplicate /gene - ycaD_1 ycaD_2 ycaD_3 ycaD_4
[13:18:49] Fixed 2 duplicate /gene - moaA_1 moaA_2
[13:18:49] Fixed 6 duplicate /gene - ssuB_1 ssuB_2 ssuB_3 ssuB_4 ssuB_5 ssuB_6
[13:18:49] Fixed 10 duplicate /gene - rhaS_1 rhaS_2 rhaS_3 rhaS_4 rhaS_5 rhaS_6 rhaS_7 rhaS_8 rhaS_9 rhaS_10
[13:18:49] Fixed 2 duplicate /gene - malL_1 malL_2
[13:18:49] Fixed 4 duplicate /gene - emrA_1 emrA_2 emrA_3 emrA_4
[13:18:49] Fixed 2 duplicate /gene - gyrB_1 gyrB_2
[13:18:49] Fixed 2 duplicate /gene - vjbR_1 vjbR_2
[13:18:49] Fixed 2 duplicate /gene - ssuC_1 ssuC_2
[13:18:49] Fixed 6 duplicate /gene - menH_1 menH_2 menH_3 menH_4 menH_5 menH_6
[13:18:49] Fixed 2 duplicate /gene - lolD_1 lolD_2
[13:18:49] Fixed 5 duplicate /gene - rafR_1 rafR_2 rafR_3 rafR_4 rafR_5
[13:18:49] Fixed 2 duplicate /gene - pepA_1 pepA_2
[13:18:49] Fixed 3 duplicate /gene - mdtC_1 mdtC_2 mdtC_3
[13:18:49] Fixed 2 duplicate /gene - panB_1 panB_2
[13:18:49] Fixed 2 duplicate /gene - degU_1 degU_2
[13:18:49] Fixed 2 duplicate /gene - lyx_1 lyx_2
[13:18:49] Fixed 2 duplicate /gene - rsmB_1 rsmB_2
[13:18:49] Fixed 3 duplicate /gene - araH_1 araH_2 araH_3
[13:18:49] Fixed 4 duplicate /gene - yfcG_1 yfcG_2 yfcG_3 yfcG_4
[13:18:49] Fixed 2 duplicate /gene - wzxC_1 wzxC_2
[13:18:49] Fixed 2 duplicate /gene - oppB_1 oppB_2
[13:18:49] Fixed 2 duplicate /gene - ydiO_1 ydiO_2
[13:18:49] Fixed 2 duplicate /gene - atpG_1 atpG_2
[13:18:49] Fixed 4 duplicate /gene - rbsR_1 rbsR_2 rbsR_3 rbsR_4
[13:18:49] Fixed 4 duplicate /gene - braC_1 braC_2 braC_3 braC_4
[13:18:49] Fixed 5 duplicate /gene - hutH_1 hutH_2 hutH_3 hutH_4 hutH_5
[13:18:49] Fixed 2 duplicate /gene - kdgR_1 kdgR_2
[13:18:49] Fixed 4 duplicate /gene - dnaJ_1 dnaJ_2 dnaJ_3 dnaJ_4
[13:18:49] Fixed 2 duplicate /gene - bcp_1 bcp_2
[13:18:49] Fixed 2 duplicate /gene - map_1 map_2
[13:18:49] Fixed 2 duplicate /gene - fruK_1 fruK_2
[13:18:49] Fixed 8 duplicate /gene - glnQ_1 glnQ_2 glnQ_3 glnQ_4 glnQ_5 glnQ_6 glnQ_7 glnQ_8
[13:18:49] Fixed 2 duplicate /gene - thi4_1 thi4_2
[13:18:49] Fixed 3 duplicate /gene - yheS_1 yheS_2 yheS_3
[13:18:49] Fixed 3 duplicate /gene - ddpA_1 ddpA_2 ddpA_3
[13:18:49] Fixed 3 duplicate /gene - rfuD_1 rfuD_2 rfuD_3
[13:18:49] Fixed 2 duplicate /gene - udh_1 udh_2
[13:18:49] Fixed 2 duplicate /gene - fzlA_1 fzlA_2
[13:18:49] Fixed 2 duplicate /gene - prmC_1 prmC_2
[13:18:49] Fixed 3 duplicate /gene - pxpA_1 pxpA_2 pxpA_3
[13:18:49] Fixed 2 duplicate /gene - golD_1 golD_2
[13:18:49] Fixed 5 duplicate /gene - oppC_1 oppC_2 oppC_3 oppC_4 oppC_5
[13:18:49] Fixed 16 duplicate /gene - rbsA_1 rbsA_2 rbsA_3 rbsA_4 rbsA_5 rbsA_6 rbsA_7 rbsA_8 rbsA_9 rbsA_10 rbsA_11 rbsA_12 rbsA_13 rbsA_14 rbsA_15 rbsA_16
[13:18:49] Fixed 2 duplicate /gene - purF_1 purF_2
[13:18:49] Fixed 4 duplicate /gene - aroE_1 aroE_2 aroE_3 aroE_4
[13:18:49] Fixed 3 duplicate /gene - slyA_1 slyA_2 slyA_3
[13:18:49] Fixed 4 duplicate /gene - bepA_1 bepA_2 bepA_3 bepA_4
[13:18:49] Fixed 2 duplicate /gene - lgoR_1 lgoR_2
[13:18:49] Fixed 2 duplicate /gene - glpK_1 glpK_2
[13:18:49] Fixed 3 duplicate /gene - tetC_1 tetC_2 tetC_3
[13:18:49] Fixed 12 duplicate /gene - dppB_1 dppB_2 dppB_3 dppB_4 dppB_5 dppB_6 dppB_7 dppB_8 dppB_9 dppB_10 dppB_11 dppB_12
[13:18:49] Fixed 2 duplicate /gene - nrtA_1 nrtA_2
[13:18:49] Fixed 2 duplicate /gene - ubiL_1 ubiL_2
[13:18:49] Fixed 3 duplicate /gene - ydiK_1 ydiK_2 ydiK_3
[13:18:49] Fixed 3 duplicate /gene - cheB_1 cheB_2 cheB_3
[13:18:49] Fixed 2 duplicate /gene - gci_1 gci_2
[13:18:49] Fixed 6 duplicate /gene - fliY_1 fliY_2 fliY_3 fliY_4 fliY_5 fliY_6
[13:18:49] Fixed 2 duplicate /gene - nodM_1 nodM_2
[13:18:49] Fixed 2 duplicate /gene - tenA_1 tenA_2
[13:18:49] Fixed 3 duplicate /gene - naiP_1 naiP_2 naiP_3
[13:18:49] Fixed 2 duplicate /gene - dtd3_1 dtd3_2
[13:18:49] Fixed 4 duplicate /gene - rpaR_1 rpaR_2 rpaR_3 rpaR_4
[13:18:49] Fixed 10 duplicate /gene - rhaR_1 rhaR_2 rhaR_3 rhaR_4 rhaR_5 rhaR_6 rhaR_7 rhaR_8 rhaR_9 rhaR_10
[13:18:49] Fixed 3 duplicate /gene - cckA_1 cckA_2 cckA_3
[13:18:49] Fixed 4 duplicate /gene - agpA_1 agpA_2 agpA_3 agpA_4
[13:18:49] Fixed 7 duplicate /gene - ompR_1 ompR_2 ompR_3 ompR_4 ompR_5 ompR_6 ompR_7
[13:18:49] Fixed 2 duplicate /gene - rffG_1 rffG_2
[13:18:49] Fixed 2 duplicate /gene - mdtE_1 mdtE_2
[13:18:49] Fixed 2 duplicate /gene - gppA_1 gppA_2
[13:18:49] Fixed 2 duplicate /gene - ompA_1 ompA_2
[13:18:49] Fixed 5 duplicate /gene - dapH_1 dapH_2 dapH_3 dapH_4 dapH_5
[13:18:49] Fixed 2 duplicate /gene - lldR_1 lldR_2
[13:18:49] Fixed 3 duplicate /gene - ropA_1 ropA_2 ropA_3
[13:18:49] Fixed 4 duplicate /gene - suhB_1 suhB_2 suhB_3 suhB_4
[13:18:49] Fixed 4 duplicate /gene - gph_1 gph_2 gph_3 gph_4
[13:18:49] Fixed 5 duplicate /gene - gstB_1 gstB_2 gstB_3 gstB_4 gstB_5
[13:18:49] Fixed 2 duplicate /gene - caiD_1 caiD_2
[13:18:49] Fixed 2 duplicate /gene - dppC_1 dppC_2
[13:18:49] Fixed 3 duplicate /gene - clpP_1 clpP_2 clpP_3
[13:18:49] Fixed 2 duplicate /gene - srkA_1 srkA_2
[13:18:49] Fixed 2 duplicate /gene - proA_1 proA_2
[13:18:49] Fixed 3 duplicate /gene - ilvI_1 ilvI_2 ilvI_3
[13:18:49] Fixed 2 duplicate /gene - fabI_1 fabI_2
[13:18:49] Fixed 2 duplicate /gene - qseC_1 qseC_2
[13:18:49] Fixed 2 duplicate /gene - rnd_1 rnd_2
[13:18:49] Fixed 4 duplicate /gene - gabD_1 gabD_2 gabD_3 gabD_4
[13:18:49] Fixed 2 duplicate /gene - potH_1 potH_2
[13:18:49] Fixed 2 duplicate /gene - flgG_1 flgG_2
[13:18:49] Fixed 2 duplicate /gene - argD_1 argD_2
[13:18:49] Fixed 4 duplicate /gene - appA_1 appA_2 appA_3 appA_4
[13:18:49] Fixed 2 duplicate /gene - soxB_1 soxB_2
[13:18:49] Fixed 2 duplicate /gene - puuC_1 puuC_2
[13:18:49] Fixed 2 duplicate /gene - rspA_1 rspA_2
[13:18:49] Fixed 5 duplicate /gene - ugpB_1 ugpB_2 ugpB_3 ugpB_4 ugpB_5
[13:18:49] Fixed 2 duplicate /gene - metG_1 metG_2
[13:18:49] Fixed 2 duplicate /gene - hrp1_1 hrp1_2
[13:18:49] Fixed 12 duplicate /gene - yecS_1 yecS_2 yecS_3 yecS_4 yecS_5 yecS_6 yecS_7 yecS_8 yecS_9 yecS_10 yecS_11 yecS_12
[13:18:49] Fixed 2 duplicate /gene - nhaA_1 nhaA_2
[13:18:49] Fixed 2 duplicate /gene - atpB_1 atpB_2
[13:18:49] Fixed 8 duplicate /gene - mshA_1 mshA_2 mshA_3 mshA_4 mshA_5 mshA_6 mshA_7 mshA_8
[13:18:49] Fixed 2 duplicate /gene - thpR_1 thpR_2
[13:18:49] Fixed 8 duplicate /gene - cytR_1 cytR_2 cytR_3 cytR_4 cytR_5 cytR_6 cytR_7 cytR_8
[13:18:49] Fixed 2 duplicate /gene - kup_1 kup_2
[13:18:49] Fixed 2 duplicate /gene - yknY_1 yknY_2
[13:18:49] Fixed 2 duplicate /gene - dctB_1 dctB_2
[13:18:49] Fixed 2 duplicate /gene - thiE_1 thiE_2
[13:18:49] Fixed 2 duplicate /gene - ttuD_1 ttuD_2
[13:18:49] Fixed 5 duplicate /gene - rhtB_1 rhtB_2 rhtB_3 rhtB_4 rhtB_5
[13:18:49] Fixed 2 duplicate /gene - flgE_1 flgE_2
[13:18:49] Fixed 3 duplicate /gene - glxR_1 glxR_2 glxR_3
[13:18:49] Fixed 2 duplicate /gene - lrpC_1 lrpC_2
[13:18:49] Fixed 3 duplicate /gene - carA_1 carA_2 carA_3
[13:18:49] Fixed 2 duplicate /gene - nagK_1 nagK_2
[13:18:49] Fixed 2 duplicate /gene - msrQ_1 msrQ_2
[13:18:49] Fixed 3 duplicate /gene - occM_1 occM_2 occM_3
[13:18:49] Fixed 7 duplicate /gene - potA_1 potA_2 potA_3 potA_4 potA_5 potA_6 potA_7
[13:18:49] Fixed 16 duplicate /gene - melD_1 melD_2 melD_3 melD_4 melD_5 melD_6 melD_7 melD_8 melD_9 melD_10 melD_11 melD_12 melD_13 melD_14 melD_15 melD_16
[13:18:49] Fixed 3 duplicate /gene - rhtC_1 rhtC_2 rhtC_3
[13:18:49] Fixed 2 duplicate /gene - ctaD_1 ctaD_2
[13:18:49] Fixed 2 duplicate /gene - exuR_1 exuR_2
[13:18:49] Fixed 14 duplicate /gene - gsiA_1 gsiA_2 gsiA_3 gsiA_4 gsiA_5 gsiA_6 gsiA_7 gsiA_8 gsiA_9 gsiA_10 gsiA_11 gsiA_12 gsiA_13 gsiA_14
[13:18:49] Fixed 2 duplicate /gene - exoI_1 exoI_2
[13:18:49] Fixed 2 duplicate /gene - pdxI_1 pdxI_2
[13:18:49] Fixed 2 duplicate /gene - dnaK_1 dnaK_2
[13:18:49] Fixed 9 duplicate /gene - rspR_1 rspR_2 rspR_3 rspR_4 rspR_5 rspR_6 rspR_7 rspR_8 rspR_9
[13:18:49] Fixed 10 duplicate /gene - lrp_1 lrp_2 lrp_3 lrp_4 lrp_5 lrp_6 lrp_7 lrp_8 lrp_9 lrp_10
[13:18:49] Fixed 2 duplicate /gene - lsrD_1 lsrD_2
[13:18:49] Fixed 2 duplicate /gene - nodD2_1 nodD2_2
[13:18:49] Fixed 5 duplicate /gene - puuB_1 puuB_2 puuB_3 puuB_4 puuB_5
[13:18:49] Fixed 23 duplicate /gene - ugpC_1 ugpC_2 ugpC_3 ugpC_4 ugpC_5 ugpC_6 ugpC_7 ugpC_8 ugpC_9 ugpC_10 ugpC_11 ugpC_12 ugpC_13 ugpC_14 ugpC_15 ugpC_16 ugpC_17 ugpC_18 ugpC_19 ugpC_20 ugpC_21 ugpC_22 ugpC_23
[13:18:49] Fixed 11 duplicate /gene - dapA_1 dapA_2 dapA_3 dapA_4 dapA_5 dapA_6 dapA_7 dapA_8 dapA_9 dapA_10 dapA_11
[13:18:49] Fixed 5 duplicate /gene - oxyR_1 oxyR_2 oxyR_3 oxyR_4 oxyR_5
[13:18:49] Fixed 3 duplicate /gene - dctM_1 dctM_2 dctM_3
[13:18:49] Fixed 7 duplicate /gene - comR_1 comR_2 comR_3 comR_4 comR_5 comR_6 comR_7
[13:18:49] Fixed 13 duplicate /gene - hdfR_1 hdfR_2 hdfR_3 hdfR_4 hdfR_5 hdfR_6 hdfR_7 hdfR_8 hdfR_9 hdfR_10 hdfR_11 hdfR_12 hdfR_13
[13:18:49] Fixed 2 duplicate /gene - ilvE_1 ilvE_2
[13:18:49] Fixed 4 duplicate /gene - hchA_1 hchA_2 hchA_3 hchA_4
[13:18:49] Fixed 2 duplicate /gene - glmS_1 glmS_2
[13:18:49] Fixed 2 duplicate /gene - rfbA_1 rfbA_2
[13:18:49] Fixed 4 duplicate /gene - xylH_1 xylH_2 xylH_3 xylH_4
[13:18:49] Fixed 2 duplicate /gene - dhaL_1 dhaL_2
[13:18:49] Fixed 4 duplicate /gene - COQ3_1 COQ3_2 COQ3_3 COQ3_4
[13:18:49] Fixed 2 duplicate /gene - tadA_1 tadA_2
[13:18:49] Fixed 11 duplicate /gene - lacF_1 lacF_2 lacF_3 lacF_4 lacF_5 lacF_6 lacF_7 lacF_8 lacF_9 lacF_10 lacF_11
[13:18:49] Fixed 2 duplicate /gene - secDF_1 secDF_2
[13:18:49] Fixed 3 duplicate /gene - mtgA_1 mtgA_2 mtgA_3
[13:18:49] Fixed 4 duplicate /gene - nagC_1 nagC_2 nagC_3 nagC_4
[13:18:49] Fixed 25 duplicate /gene - fabG_1 fabG_2 fabG_3 fabG_4 fabG_5 fabG_6 fabG_7 fabG_8 fabG_9 fabG_10 fabG_11 fabG_12 fabG_13 fabG_14 fabG_15 fabG_16 fabG_17 fabG_18 fabG_19 fabG_20 fabG_21 fabG_22 fabG_23 fabG_24 fabG_25
[13:18:49] Fixed 2 duplicate /gene - alaS_1 alaS_2
[13:18:49] Fixed 2 duplicate /gene - phzF_1 phzF_2
[13:18:49] Fixed 2 duplicate /gene - ku_1 ku_2
[13:18:49] Fixed 22 duplicate /gene - pgrR_1 pgrR_2 pgrR_3 pgrR_4 pgrR_5 pgrR_6 pgrR_7 pgrR_8 pgrR_9 pgrR_10 pgrR_11 pgrR_12 pgrR_13 pgrR_14 pgrR_15 pgrR_16 pgrR_17 pgrR_18 pgrR_19 pgrR_20 pgrR_21 pgrR_22
[13:18:49] Fixed 2 duplicate /gene - purU_1 purU_2
[13:18:49] Fixed 2 duplicate /gene - yihV_1 yihV_2
[13:18:49] Fixed 2 duplicate /gene - degP_1 degP_2
[13:18:49] Fixed 2 duplicate /gene - thiY_1 thiY_2
[13:18:49] Fixed 2 duplicate /gene - queC_1 queC_2
[13:18:49] Fixed 2 duplicate /gene - garR_1 garR_2
[13:18:49] Fixed 2 duplicate /gene - blh_1 blh_2
[13:18:49] Fixed 3 duplicate /gene - nadE_1 nadE_2 nadE_3
[13:18:49] Fixed 4 duplicate /gene - alkJ_1 alkJ_2 alkJ_3 alkJ_4
[13:18:49] Fixed 2 duplicate /gene - accA1_1 accA1_2
[13:18:49] Fixed 2 duplicate /gene - rlmB_1 rlmB_2
[13:18:49] Fixed 3 duplicate /gene - gbpR_1 gbpR_2 gbpR_3
[13:18:49] Fixed 4 duplicate /gene - nanK_1 nanK_2 nanK_3 nanK_4
[13:18:49] Fixed 3 duplicate /gene - occP_1 occP_2 occP_3
[13:18:49] Fixed 8 duplicate /gene - dasC_1 dasC_2 dasC_3 dasC_4 dasC_5 dasC_6 dasC_7 dasC_8
[13:18:49] Fixed 5 duplicate /gene - ribX_1 ribX_2 ribX_3 ribX_4 ribX_5
[13:18:49] Fixed 2 duplicate /gene - mglB_1 mglB_2
[13:18:49] Fixed 6 duplicate /gene - frcA_1 frcA_2 frcA_3 frcA_4 frcA_5 frcA_6
[13:18:49] Fixed 10 duplicate /gene - ngcG_1 ngcG_2 ngcG_3 ngcG_4 ngcG_5 ngcG_6 ngcG_7 ngcG_8 ngcG_9 ngcG_10
[13:18:49] Fixed 2 duplicate /gene - gpr_1 gpr_2
[13:18:49] Fixed 5 duplicate /gene - yesO_1 yesO_2 yesO_3 yesO_4 yesO_5
[13:18:49] Fixed 2 duplicate /gene - coaA_1 coaA_2
[13:18:49] Fixed 2 duplicate /gene - afr_1 afr_2
[13:18:49] Fixed 2 duplicate /gene - kduD_1 kduD_2
[13:18:49] Fixed 2 duplicate /gene - yxeN_1 yxeN_2
[13:18:49] Fixed 2 duplicate /gene - arsH_1 arsH_2
[13:18:49] Fixed 2 duplicate /gene - yieH_1 yieH_2
[13:18:49] Fixed 3 duplicate /gene - yabJ_1 yabJ_2 yabJ_3
[13:18:49] Fixed 3 duplicate /gene - pdxA2_1 pdxA2_2 pdxA2_3
[13:18:49] Fixed 3 duplicate /gene - hipO_1 hipO_2 hipO_3
[13:18:49] Fixed 4 duplicate /gene - azoR_1 azoR_2 azoR_3 azoR_4
[13:18:49] Fixed 3 duplicate /gene - mltF_1 mltF_2 mltF_3
[13:18:49] Fixed 2 duplicate /gene - gloB_1 gloB_2
[13:18:49] Fixed 2 duplicate /gene - yteT_1 yteT_2
[13:18:49] Fixed 2 duplicate /gene - ftsP_1 ftsP_2
[13:18:49] Fixed 4 duplicate /gene - pip_1 pip_2 pip_3 pip_4
[13:18:49] Fixed 2 duplicate /gene - sigH_1 sigH_2
[13:18:49] Fixed 4 duplicate /gene - imuB_1 imuB_2 imuB_3 imuB_4
[13:18:49] Fixed 2 duplicate /gene - auaH_1 auaH_2
[13:18:49] Fixed 4 duplicate /gene - clcB_1 clcB_2 clcB_3 clcB_4
[13:18:49] Fixed 2 duplicate /gene - hmuU_1 hmuU_2
[13:18:49] Fixed 2 duplicate /gene - cysE_1 cysE_2
[13:18:49] Fixed 2 duplicate /gene - kdpB_1 kdpB_2
[13:18:49] Fixed 3 duplicate /gene - ghrB_1 ghrB_2 ghrB_3
[13:18:49] Fixed 2 duplicate /gene - artJ_1 artJ_2
[13:18:49] Fixed 3 duplicate /gene - gcvT_1 gcvT_2 gcvT_3
[13:18:49] Fixed 2 duplicate /gene - prs_1 prs_2
[13:18:49] Fixed 2 duplicate /gene - cnbH_1 cnbH_2
[13:18:49] Fixed 2 duplicate /gene - iolB_1 iolB_2
[13:18:49] Fixed 2 duplicate /gene - eryB_1 eryB_2
[13:18:49] Fixed 2 duplicate /gene - proV_1 proV_2
[13:18:49] Fixed 2 duplicate /gene - adh1_1 adh1_2
[13:18:49] Fixed 2 duplicate /gene - mftE_1 mftE_2
[13:18:49] Fixed 3 duplicate /gene - pcpR_1 pcpR_2 pcpR_3
[13:18:49] Fixed 2 duplicate /gene - hpcH_1 hpcH_2
[13:18:49] Fixed 2 duplicate /gene - baiA_1 baiA_2
[13:18:49] Fixed 2 duplicate /gene - tcyC_1 tcyC_2
[13:18:49] Fixed 2 duplicate /gene - apsD_1 apsD_2
[13:18:49] Fixed 9 duplicate /gene - mdtA_1 mdtA_2 mdtA_3 mdtA_4 mdtA_5 mdtA_6 mdtA_7 mdtA_8 mdtA_9
[13:18:49] Fixed 3 duplicate /gene - emrB_1 emrB_2 emrB_3
[13:18:49] Fixed 6 duplicate /gene - purR_1 purR_2 purR_3 purR_4 purR_5 purR_6
[13:18:49] Fixed 2 duplicate /gene - deoC_1 deoC_2
[13:18:49] Fixed 4 duplicate /gene - arnC_1 arnC_2 arnC_3 arnC_4
[13:18:49] Fixed 2 duplicate /gene - bdhA_1 bdhA_2
[13:18:49] Fixed 10 duplicate /gene - lptB_1 lptB_2 lptB_3 lptB_4 lptB_5 lptB_6 lptB_7 lptB_8 lptB_9 lptB_10
[13:18:49] Fixed 2 duplicate /gene - yhdG_1 yhdG_2
[13:18:49] Fixed 3 duplicate /gene - adh_1 adh_2 adh_3
[13:18:49] Fixed 3 duplicate /gene - uspF_1 uspF_2 uspF_3
[13:18:49] Fixed 2 duplicate /gene - hbpA_1 hbpA_2
[13:18:49] Fixed 3 duplicate /gene - ucpA_1 ucpA_2 ucpA_3
[13:18:49] Fixed 4 duplicate /gene - bepF_1 bepF_2 bepF_3 bepF_4
[13:18:49] Fixed 2 duplicate /gene - pyrC_1 pyrC_2
[13:18:49] Fixed 2 duplicate /gene - cyoC_1 cyoC_2
[13:18:49] Fixed 2 duplicate /gene - menF_1 menF_2
[13:18:49] Fixed 3 duplicate /gene - nagZ_1 nagZ_2 nagZ_3
[13:18:49] Fixed 3 duplicate /gene - groS5_1 groS5_2 groS5_3
[13:18:49] Fixed 2 duplicate /gene - yedA_1 yedA_2
[13:18:49] Fixed 2 duplicate /gene - speB_1 speB_2
[13:18:49] Fixed 2 duplicate /gene - mrpA_1 mrpA_2
[13:18:49] Fixed 3 duplicate /gene - nagL_1 nagL_2 nagL_3
[13:18:49] Fixed 2 duplicate /gene - murG_1 murG_2
[13:18:49] Fixed 2 duplicate /gene - tcyB_1 tcyB_2
[13:18:49] Fixed 3 duplicate /gene - ggt_1 ggt_2 ggt_3
[13:18:49] Fixed 7 duplicate /gene - cysQ_1 cysQ_2 cysQ_3 cysQ_4 cysQ_5 cysQ_6 cysQ_7
[13:18:49] Fixed 2 duplicate /gene - gltX_1 gltX_2
[13:18:49] Fixed 4 duplicate /gene - gdh_1 gdh_2 gdh_3 gdh_4
[13:18:49] Fixed 3 duplicate /gene - rnk_1 rnk_2 rnk_3
[13:18:49] Fixed 2 duplicate /gene - hypBA1_1 hypBA1_2
[13:18:49] Fixed 7 duplicate /gene - ddpC_1 ddpC_2 ddpC_3 ddpC_4 ddpC_5 ddpC_6 ddpC_7
[13:18:49] Fixed 3 duplicate /gene - gpmA_1 gpmA_2 gpmA_3
[13:18:49] Fixed 10 duplicate /gene - COQ5_1 COQ5_2 COQ5_3 COQ5_4 COQ5_5 COQ5_6 COQ5_7 COQ5_8 COQ5_9 COQ5_10
[13:18:49] Fixed 2 duplicate /gene - ydaD_1 ydaD_2
[13:18:49] Fixed 2 duplicate /gene - bamA_1 bamA_2
[13:18:49] Fixed 4 duplicate /gene - eryD_1 eryD_2 eryD_3 eryD_4
[13:18:49] Fixed 5 duplicate /gene - araC_1 araC_2 araC_3 araC_4 araC_5
[13:18:49] Fixed 3 duplicate /gene - pxpC_1 pxpC_2 pxpC_3
[13:18:49] Fixed 3 duplicate /gene - rbtD_1 rbtD_2 rbtD_3
[13:18:49] Fixed 2 duplicate /gene - IMPDH_1 IMPDH_2
[13:18:49] Fixed 2 duplicate /gene - def_1 def_2
[13:18:49] Fixed 2 duplicate /gene - glnM_1 glnM_2
[13:18:49] Fixed 2 duplicate /gene - htrA_1 htrA_2
[13:18:49] Fixed 17 duplicate /gene - rbsC_1 rbsC_2 rbsC_3 rbsC_4 rbsC_5 rbsC_6 rbsC_7 rbsC_8 rbsC_9 rbsC_10 rbsC_11 rbsC_12 rbsC_13 rbsC_14 rbsC_15 rbsC_16 rbsC_17
[13:18:49] Fixed 2 duplicate /gene - ftsZ_1 ftsZ_2
[13:18:49] Fixed 3 duplicate /gene - oppA_1 oppA_2 oppA_3
[13:18:49] Fixed 5 duplicate /gene - tam_1 tam_2 tam_3 tam_4 tam_5
[13:18:49] Fixed 3 duplicate /gene - entS_1 entS_2 entS_3
[13:18:49] Fixed 2 duplicate /gene - allB_1 allB_2
[13:18:49] Fixed 2 duplicate /gene - hyi_1 hyi_2
[13:18:49] Fixed 3 duplicate /gene - aatA_1 aatA_2 aatA_3
[13:18:49] Fixed 2 duplicate /gene - glgB_1 glgB_2
[13:18:49] Fixed 2 duplicate /gene - lacZ_1 lacZ_2
[13:18:49] Fixed 3 duplicate /gene - prsD_1 prsD_2 prsD_3
[13:18:49] Fixed 7 duplicate /gene - rbsB_1 rbsB_2 rbsB_3 rbsB_4 rbsB_5 rbsB_6 rbsB_7
[13:18:49] Fixed 21 duplicate /gene - sasA_1 sasA_2 sasA_3 sasA_4 sasA_5 sasA_6 sasA_7 sasA_8 sasA_9 sasA_10 sasA_11 sasA_12 sasA_13 sasA_14 sasA_15 sasA_16 sasA_17 sasA_18 sasA_19 sasA_20 sasA_21
[13:18:49] Fixed 4 duplicate /gene - linX_1 linX_2 linX_3 linX_4
[13:18:49] Fixed 2 duplicate /gene - rppH_1 rppH_2
[13:18:49] Fixed 5 duplicate /gene - cheW_1 cheW_2 cheW_3 cheW_4 cheW_5
[13:18:49] Fixed 3 duplicate /gene - dapE_1 dapE_2 dapE_3
[13:18:49] Fixed 2 duplicate /gene - lpxD_1 lpxD_2
[13:18:49] Fixed 2 duplicate /gene - yfdE_1 yfdE_2
[13:18:49] Fixed 2 duplicate /gene - ahcY_1 ahcY_2
[13:18:49] Fixed 2 duplicate /gene - glmM_1 glmM_2
[13:18:49] Fixed 2 duplicate /gene - pdhR_1 pdhR_2
[13:18:49] Fixed 2 duplicate /gene - rpoH_1 rpoH_2
[13:18:49] Fixed 2 duplicate /gene - yqjF_1 yqjF_2
[13:18:49] Fixed 3 duplicate /gene - araB_1 araB_2 araB_3
[13:18:49] Fixed 3 duplicate /gene - pxpB_1 pxpB_2 pxpB_3
[13:18:49] Fixed 3 duplicate /gene - msiK_1 msiK_2 msiK_3
[13:18:49] Fixed 2 duplicate /gene - idnD_1 idnD_2
[13:18:49] Fixed 2 duplicate /gene - glnP_1 glnP_2
[13:18:49] Fixed 6 duplicate /gene - hisC_1 hisC_2 hisC_3 hisC_4 hisC_5 hisC_6
[13:18:49] Fixed 2 duplicate /gene - lsrF_1 lsrF_2
[13:18:49] Fixed 4 duplicate /gene - acsA_1 acsA_2 acsA_3 acsA_4
[13:18:49] Fixed 2 duplicate /gene - dinB_1 dinB_2
[13:18:49] Fixed 4 duplicate /gene - bcr_1 bcr_2 bcr_3 bcr_4
[13:18:49] Fixed 3 duplicate /gene - groL5_1 groL5_2 groL5_3
[13:18:49] Fixed 3 duplicate /gene - accC_1 accC_2 accC_3
[13:18:49] Fixed 4 duplicate /gene - gltR_1 gltR_2 gltR_3 gltR_4
[13:18:49] Fixed 8 duplicate /gene - livH_1 livH_2 livH_3 livH_4 livH_5 livH_6 livH_7 livH_8
[13:18:49] Fixed 2 duplicate /gene - ilvA_1 ilvA_2
[13:18:49] Fixed 7 duplicate /gene - sugA_1 sugA_2 sugA_3 sugA_4 sugA_5 sugA_6 sugA_7
[13:18:49] Fixed 2 duplicate /gene - opuCB_1 opuCB_2
[13:18:49] Fixed 2 duplicate /gene - ohrB_1 ohrB_2
[13:18:49] Fixed 2 duplicate /gene - phnM_1 phnM_2
[13:18:49] Fixed 8 duplicate /gene - hcaB_1 hcaB_2 hcaB_3 hcaB_4 hcaB_5 hcaB_6 hcaB_7 hcaB_8
[13:18:49] Fixed 3 duplicate /gene - aes_1 aes_2 aes_3
[13:18:49] Fixed 3 duplicate /gene - accB_1 accB_2 accB_3
[13:18:49] Fixed 2 duplicate /gene - ynfM_1 ynfM_2
[13:18:49] Fixed 7 duplicate /gene - cspA_1 cspA_2 cspA_3 cspA_4 cspA_5 cspA_6 cspA_7
[13:18:49] Fixed 4 duplicate /gene - ybjJ_1 ybjJ_2 ybjJ_3 ybjJ_4
[13:18:49] Fixed 3 duplicate /gene - rbsK_1 rbsK_2 rbsK_3
[13:18:49] Fixed 2 duplicate /gene - kdgK_1 kdgK_2
[13:18:49] Fixed 2 duplicate /gene - bauA_1 bauA_2
[13:18:49] Fixed 2 duplicate /gene - argF_1 argF_2
[13:18:49] Fixed 2 duplicate /gene - fixN_1 fixN_2
[13:18:49] Fixed 4 duplicate /gene - rutB_1 rutB_2 rutB_3 rutB_4
[13:18:49] Fixed 4 duplicate /gene - dppD_1 dppD_2 dppD_3 dppD_4
[13:18:49] Fixed 2 duplicate /gene - puuD_1 puuD_2
[13:18:49] Fixed 2 duplicate /gene - lsrB_1 lsrB_2
[13:18:49] Fixed 2 duplicate /gene - sir_1 sir_2
[13:18:49] Fixed 2 duplicate /gene - yjhH_1 yjhH_2
[13:18:49] Fixed 2 duplicate /gene - sthA_1 sthA_2
[13:18:49] Fixed 3 duplicate /gene - rpoN2_1 rpoN2_2 rpoN2_3
[13:18:49] Fixed 2 duplicate /gene - chaA_1 chaA_2
[13:18:49] Fixed 2 duplicate /gene - tal_1 tal_2
[13:18:49] Fixed 2 duplicate /gene - tufA_1 tufA_2
[13:18:49] Fixed 2 duplicate /gene - doeA_1 doeA_2
[13:18:49] Fixed 2 duplicate /gene - iorA_1 iorA_2
[13:18:49] Fixed 4 duplicate /gene - ycjP_1 ycjP_2 ycjP_3 ycjP_4
[13:18:49] Fixed 2 duplicate /gene - leuE_1 leuE_2
[13:18:49] Fixed 5 duplicate /gene - ribN_1 ribN_2 ribN_3 ribN_4 ribN_5
[13:18:49] Fixed 7 duplicate /gene - iolS_1 iolS_2 iolS_3 iolS_4 iolS_5 iolS_6 iolS_7
[13:18:49] Fixed 2 duplicate /gene - hemA_1 hemA_2
[13:18:49] Fixed 3 duplicate /gene - ulaR_1 ulaR_2 ulaR_3
[13:18:49] Fixed 3 duplicate /gene - dhaK_1 dhaK_2 dhaK_3
[13:18:49] Fixed 2 duplicate /gene - coaE_1 coaE_2
[13:18:49] Fixed 2 duplicate /gene - zwf_1 zwf_2
[13:18:49] Fixed 2 duplicate /gene - copA_1 copA_2
[13:18:49] Fixed 2 duplicate /gene - ade_1 ade_2
[13:18:49] Fixed 2 duplicate /gene - rhlE_1 rhlE_2
[13:18:49] Fixed 2 duplicate /gene - mnmC_1 mnmC_2
[13:18:49] Fixed 2 duplicate /gene - yjlD_1 yjlD_2
[13:18:49] Fixed 3 duplicate /gene - dctD_1 dctD_2 dctD_3
[13:18:49] Fixed 2 duplicate /gene - ctaC_1 ctaC_2
[13:18:49] Fixed 2 duplicate /gene - secY_1 secY_2
[13:18:49] Fixed 2 duplicate /gene - yhjE_1 yhjE_2
[13:18:49] Fixed 2 duplicate /gene - ttgB_1 ttgB_2
[13:18:49] Fixed 2 duplicate /gene - soxD_1 soxD_2
[13:18:49] Fixed 5 duplicate /gene - dadA1_1 dadA1_2 dadA1_3 dadA1_4 dadA1_5
[13:18:49] Fixed 2 duplicate /gene - yhdN_1 yhdN_2
[13:18:49] Fixed 2 duplicate /gene - rutF_1 rutF_2
[13:18:49] Fixed 4 duplicate /gene - argP_1 argP_2 argP_3 argP_4
[13:18:49] Fixed 3 duplicate /gene - cysA_1 cysA_2 cysA_3
[13:18:49] Fixed 2 duplicate /gene - gmd_1 gmd_2
[13:18:49] Fixed 3 duplicate /gene - acdA_1 acdA_2 acdA_3
[13:18:49] Fixed 4 duplicate /gene - dgoD_1 dgoD_2 dgoD_3 dgoD_4
[13:18:49] Fixed 560 colliding /gene names.
[13:18:49] Adding /locus_tag identifiers
[13:18:49] Assigned 6991 locus_tags to CDS and RNA features.
[13:18:49] Writing outputs to ./V074.fsa_prokka/
[13:19:05] Generating annotation statistics file
[13:19:05] Generating Genbank and Sequin files
[13:19:05] Running: tbl2asn -V b -a r10k -l paired-ends -M n -N 1 -y 'Annotated using prokka 1.14.6 from https://github.com/tseemann/prokka' -Z \.\/V074\.fsa_prokka\/\.\/V074\.fsa\.err -i \.\/V074\.fsa_prokka\/\.\/V074\.fsa\.fsa 2> /dev/null
[13:19:21] Deleting unwanted file: ./V074.fsa_prokka/errorsummary.val
[13:19:21] Deleting unwanted file: ./V074.fsa_prokka/./V074.fsa.dr
[13:19:21] Deleting unwanted file: ./V074.fsa_prokka/./V074.fsa.fixedproducts
[13:19:21] Deleting unwanted file: ./V074.fsa_prokka/./V074.fsa.ecn
[13:19:21] Deleting unwanted file: ./V074.fsa_prokka/./V074.fsa.val
[13:19:21] Repairing broken .GBK output that tbl2asn produces...
[13:19:21] Running: sed 's/COORDINATES: profile/COORDINATES:profile/' < \.\/V074\.fsa_prokka\/\.\/V074\.fsa\.gbf > \.\/V074\.fsa_prokka\/\.\/V074\.fsa\.gbk
[13:19:21] Deleting unwanted file: ./V074.fsa_prokka/./V074.fsa.gbf
[13:19:21] Output files:
[13:19:21] Annotation finished successfully.
[13:19:21] Walltime used: 7.72 minutes
[13:19:21] If you use this result please cite the Prokka paper:
[13:19:21] Seemann T (2014) Prokka: rapid prokaryotic genome annotation. Bioinformatics. 30(14):2068-9.
[13:19:21] Type 'prokka --citation' for more details.
[13:19:21] Share and enjoy!
