[11:23:09] This is prokka 1.14.6
[11:23:09] Written by Torsten Seemann <torsten.seemann@gmail.com>
[11:23:09] Homepage is https://github.com/tseemann/prokka
[11:23:09] Local time is Tue Dec 12 11:23:09 2023
[11:23:09] You are chloeharper
[11:23:09] Operating system is darwin
[11:23:09] You have BioPerl 1.7.8
[11:23:10] System has 4 cores.
[11:23:10] Option --cpu asked for 8 cores, but system only has 4
[11:23:10] Will use maximum of 4 cores.
[11:23:10] Annotating as >>> Bacteria <<<
[11:23:10] Generating locus_tag from './G016.fsa' contents.
[11:23:10] Setting --locustag IGIKDAHF from MD5 2024da1f30db6179690c97466e13320c
[11:23:10] Creating new output folder: ./G016.fsa_prokka
[11:23:10] Running: mkdir -p \.\/G016\.fsa_prokka
[11:23:10] Using filename prefix: ./G016.fsa.XXX
[11:23:10] Setting HMMER_NCPU=1
[11:23:10] Writing log to: ./G016.fsa_prokka/./G016.fsa.log
[11:23:10] Command: /Users/chloeharper/miniconda3/envs/prokka/bin/prokka --outdir ./G016.fsa_prokka --prefix ./G016.fsa --genus Rhizobium --species leguminosarum ./G016.fsa
[11:23:10] Appending to PATH: /Users/chloeharper/miniconda3/envs/prokka/bin
[11:23:10] Looking for 'aragorn' - found /Users/chloeharper/miniconda3/envs/prokka/bin/aragorn
[11:23:10] Determined aragorn version is 001002 from 'ARAGORN v1.2.41 Dean Laslett'
[11:23:10] Looking for 'barrnap' - found /Users/chloeharper/miniconda3/envs/prokka/bin/barrnap
[11:23:10] Determined barrnap version is 000009 from 'barrnap 0.9'
[11:23:10] Looking for 'blastp' - found /Users/chloeharper/miniconda3/envs/prokka/bin/blastp
[11:23:11] Determined blastp version is 002012 from 'blastp: 2.12.0+'
[11:23:11] Looking for 'cmpress' - found /Users/chloeharper/miniconda3/envs/prokka/bin/cmpress
[11:23:11] Determined cmpress version is 001001 from '# INFERNAL 1.1.4 (Dec 2020)'
[11:23:11] Looking for 'cmscan' - found /Users/chloeharper/miniconda3/envs/prokka/bin/cmscan
[11:23:11] Determined cmscan version is 001001 from '# INFERNAL 1.1.4 (Dec 2020)'
[11:23:11] Looking for 'egrep' - found /usr/bin/egrep
[11:23:11] Looking for 'find' - found /usr/bin/find
[11:23:11] Looking for 'grep' - found /usr/bin/grep
[11:23:11] Looking for 'hmmpress' - found /Users/chloeharper/miniconda3/envs/prokka/bin/hmmpress
[11:23:11] Determined hmmpress version is 003003 from '# HMMER 3.3.2 (Nov 2020); http://hmmer.org/'
[11:23:11] Looking for 'hmmscan' - found /Users/chloeharper/miniconda3/envs/prokka/bin/hmmscan
[11:23:11] Determined hmmscan version is 003003 from '# HMMER 3.3.2 (Nov 2020); http://hmmer.org/'
[11:23:11] Looking for 'java' - found /usr/bin/java
[11:23:11] Looking for 'makeblastdb' - found /Users/chloeharper/miniconda3/envs/prokka/bin/makeblastdb
[11:23:12] Determined makeblastdb version is 002012 from 'makeblastdb: 2.12.0+'
[11:23:12] Looking for 'minced' - found /Users/chloeharper/miniconda3/envs/prokka/bin/minced
[11:23:12] Determined minced version is 004002 from 'minced 0.4.2'
[11:23:12] Looking for 'parallel' - found /Users/chloeharper/miniconda3/envs/prokka/bin/parallel
[11:23:12] Determined parallel version is 20221122 from 'GNU parallel 20221122'
[11:23:12] Looking for 'prodigal' - found /Users/chloeharper/miniconda3/envs/prokka/bin/prodigal
[11:23:12] Determined prodigal version is 002006 from 'Prodigal V2.6.3: February, 2016'
[11:23:12] Looking for 'prokka-genbank_to_fasta_db' - found /Users/chloeharper/miniconda3/envs/prokka/bin/prokka-genbank_to_fasta_db
[11:23:12] Looking for 'sed' - found /usr/bin/sed
[11:23:12] Looking for 'tbl2asn' - found /Users/chloeharper/miniconda3/envs/prokka/bin/tbl2asn
[11:23:12] Determined tbl2asn version is 025007 from 'tbl2asn 25.7   arguments:'
[11:23:12] Using genetic code table 11.
[11:23:12] Loading and checking input file: ./G016.fsa
[11:23:13] Wrote 57 contigs totalling 7154414 bp.
[11:23:13] Predicting tRNAs and tmRNAs
[11:23:13] Running: aragorn -l -gc11  -w \.\/G016\.fsa_prokka\/\.\/G016\.fsa\.fna
[11:23:19] 1 tRNA-Met [167,243] 35 (cat)
[11:23:19] 2 tRNA-Ala [73900,73975] 34 (ggc)
[11:23:19] 3 tRNA-Ser c[172826,172915] 35 (gga)
[11:23:19] 4 tRNA-Leu c[237728,237814] 35 (cag)
[11:23:19] 5 tRNA-Arg [491337,491413] 35 (acg)
[11:23:19] 6 tRNA-Thr c[594591,594666] 34 (cgt)
[11:23:19] 7 tRNA-Gly [615512,615585] 33 (ccc)
[11:23:19] 8 tRNA-Thr c[669335,669409] 33 (ggt)
[11:23:19] 9 tRNA-Phe [675621,675696] 34 (gaa)
[11:23:19] 10 tRNA-His [850154,850230] 35 (gtg)
[11:23:19] 11 tRNA-Gln c[916035,916108] 33 (ctg)
[11:23:19] 12 tRNA-Gln [1198418,1198491] 33 (ttg)
[11:23:19] 13 tRNA-Pro [1224038,1224114] 35 (cgg)
[11:23:19] 14 tRNA-Ser [1628566,1628656] 35 (gct)
[11:23:19] 15 tRNA-Trp [1713968,1714057] 37 (cca)
[11:23:19] 16 tRNA-Pro [1786427,1786503] 35 (ggg)
[11:23:19] 17 tRNA-Val c[1845418,1845493] 34 (tac)
[11:23:19] 18 tRNA-Asp [1845898,1845974] 35 (gtc)
[11:23:19] 19 tRNA-Asp [1846060,1846136] 35 (gtc)
[11:23:19] 20 tRNA-Thr [1906733,1906808] 34 (tgt)
[11:23:19] 21 tRNA-Tyr [1909103,1909187] 35 (gta)
[11:23:19] 22 tRNA-Gly [1909212,1909285] 33 (tcc)
[11:23:19] 23 tRNA-Trp [1912379,1912454] 34 (cca)
[11:23:19] 24 tRNA-Asn c[2186218,2186292] 33 (gtt)
[11:23:19] 25 tRNA-Cys [2191021,2191094] 33 (gca)
[11:23:19] 26 tRNA-Leu [2227949,2228033] 35 (tag)
[11:23:19] 27 tRNA-Glu c[2265593,2265667] 34 (ttc)
[11:23:19] 28 tRNA-Glu c[2265844,2265918] 34 (ctc)
[11:23:19] 29 tRNA-Glu c[2265993,2266067] 34 (ttc)
[11:23:19] 30 tRNA-Pro c[2269251,2269327] 35 (tgg)
[11:23:19] 31 tRNA-Arg [2270333,2270409] 35 (tct)
[11:23:19] 32 tRNA-Lys [2364273,2364348] 34 (ttt)
[11:23:19] 33 tRNA-Ser [2573043,2573132] 35 (tga)
[11:23:19] 34 tRNA-Leu [2645463,2645547] 35 (gag)
[11:23:19] 35 tRNA-Lys c[3341306,3341381] 34 (ctt)
[11:23:19] 36 tmRNA* [3415190,3415530] 212,250 ANDNYAEARLAA*
[11:23:19] 37 tRNA-Met [3563428,3563503] 34 (cat)
[11:23:19] 38 tRNA-Arg [3822826,3822902] 35 (ccg)
[11:23:19] 39 tRNA-Met c[4102388,4102464] 35 (cat)
[11:23:19] 40 tRNA-Met c[4148833,4148909] 35 (cat)
[11:23:19] tRNA c[4291460,4291550] is a pseudo/wacky gene - skipping.
[11:23:19] 42 tRNA-Val [4304623,4304697] 33 (gac)
[11:23:19] 43 tRNA-Met c[4509580,4509656] 35 (cat)
[11:23:19] 44 tRNA-Ala c[4513798,4513873] 34 (tgc)
[11:23:19] 45 tRNA-Ile c[4513989,4514065] 35 (gat)
[11:23:19] 46 tRNA-Leu [4547682,4547766] 35 (caa)
[11:23:19] 47 tRNA-Arg [4605971,4606047] 35 (cct)
[11:23:19] 48 tRNA-Gly [4784868,4784942] 33 (gcc)
[11:23:19] 49 tRNA-Ser c[4908721,4908810] 35 (cga)
[11:23:19] 1 tRNA-Gly c[261480,261567] 35 (gcc)
[11:23:19] Found 49 tRNAs
[11:23:19] Predicting Ribosomal RNAs
[11:23:19] Running Barrnap with 4 threads
[11:23:21] 1 Cchr 4510030 5S ribosomal RNA
[11:23:21] 2 Cchr 4510329 23S ribosomal RNA
[11:23:21] 3 Cchr 4514302 16S ribosomal RNA
[11:23:21] Found 3 rRNAs
[11:23:21] Skipping ncRNA search, enable with --rfam if desired.
[11:23:21] Total of 51 tRNA + rRNA features
[11:23:21] Searching for CRISPR repeats
[11:23:22] Found 0 CRISPRs
[11:23:22] Predicting coding sequences
[11:23:22] Contigs total 7154414 bp, so using single mode
[11:23:22] Running: prodigal -i \.\/G016\.fsa_prokka\/\.\/G016\.fsa\.fna -c -m -g 11 -p single -f sco -q
[11:23:41] Excluding CDS which overlaps existing RNA (tRNA) at Cchr:1713529..1714218 on + strand
[11:23:44] Excluding CDS which overlaps existing RNA (tRNA) at CpRL12:260744..261805 on + strand
[11:23:44] Found 6816 CDS
[11:23:44] Connecting features back to sequences
[11:23:44] Not using genus-specific database. Try --usegenus to enable it.
[11:23:44] Annotating CDS, please be patient.
[11:23:44] Will use 4 CPUs for similarity searching.
[11:23:57] There are still 6816 unannotated CDS left (started with 6816)
[11:23:57] Will use blast to search against /Users/chloeharper/miniconda3/envs/prokka/db/kingdom/Bacteria/IS with 4 CPUs
[11:23:57] Running: cat \.\/G016\.fsa_prokka\/\.\/G016\.fsa\.IS\.tmp\.7046\.faa | parallel --gnu --plain -j 4 --block 264156 --recstart '>' --pipe blastp -query - -db /Users/chloeharper/miniconda3/envs/prokka/db/kingdom/Bacteria/IS -evalue 1e-30 -qcov_hsp_perc 90 -num_threads 1 -num_descriptions 1 -num_alignments 1 -seg no > \.\/G016\.fsa_prokka\/\.\/G016\.fsa\.IS\.tmp\.7046\.blast 2> /dev/null
[11:24:42] Deleting unwanted file: ./G016.fsa_prokka/./G016.fsa.IS.tmp.7046.faa
[11:24:42] Deleting unwanted file: ./G016.fsa_prokka/./G016.fsa.IS.tmp.7046.blast
[11:24:56] There are still 6780 unannotated CDS left (started with 6816)
[11:24:56] Will use blast to search against /Users/chloeharper/miniconda3/envs/prokka/db/kingdom/Bacteria/AMR with 4 CPUs
[11:24:56] Running: cat \.\/G016\.fsa_prokka\/\.\/G016\.fsa\.AMR\.tmp\.7046\.faa | parallel --gnu --plain -j 4 --block 263124 --recstart '>' --pipe blastp -query - -db /Users/chloeharper/miniconda3/envs/prokka/db/kingdom/Bacteria/AMR -evalue 1e-300 -qcov_hsp_perc 90 -num_threads 1 -num_descriptions 1 -num_alignments 1 -seg no > \.\/G016\.fsa_prokka\/\.\/G016\.fsa\.AMR\.tmp\.7046\.blast 2> /dev/null
[11:25:36] Deleting unwanted file: ./G016.fsa_prokka/./G016.fsa.AMR.tmp.7046.faa
[11:25:36] Deleting unwanted file: ./G016.fsa_prokka/./G016.fsa.AMR.tmp.7046.blast
[11:25:49] There are still 6778 unannotated CDS left (started with 6816)
[11:25:49] Will use blast to search against /Users/chloeharper/miniconda3/envs/prokka/db/kingdom/Bacteria/sprot with 4 CPUs
[11:25:49] Running: cat \.\/G016\.fsa_prokka\/\.\/G016\.fsa\.sprot\.tmp\.7046\.faa | parallel --gnu --plain -j 4 --block 262856 --recstart '>' --pipe blastp -query - -db /Users/chloeharper/miniconda3/envs/prokka/db/kingdom/Bacteria/sprot -evalue 1e-09 -qcov_hsp_perc 80 -num_threads 1 -num_descriptions 1 -num_alignments 1 -seg no > \.\/G016\.fsa_prokka\/\.\/G016\.fsa\.sprot\.tmp\.7046\.blast 2> /dev/null
[11:29:14] Modify product: Chemotaxis protein CheY homolog => Chemotaxis protein CheY 
[11:29:14] Modify product: Chemotaxis protein CheY homolog => Chemotaxis protein CheY 
[11:29:14] Modify product: Bifunctional protein FolD => Bifunctional protein FolD protein
[11:29:14] Modify product: Uncharacterized protein HI_0933 => putative protein
[11:29:14] Modify product: PGL/p-HBAD biosynthesis glycosyltransferase Rv2957 => PGL/p-HBAD biosynthesis glycosyltransferase
[11:29:14] Modify product: Uncharacterized protein Rv1507c => putative protein
[11:29:14] Modify product: Probable BsuMI modification methylase subunit YdiO => putative BsuMI modification methylase subunit YdiO
[11:29:14] Modify product: Probable transport protein HsrA => putative transport protein HsrA
[11:29:14] Modify product: Zinc-type alcohol dehydrogenase-like protein SA1988 => Zinc-type alcohol dehydrogenase-like protein
[11:29:14] Modify product: Uncharacterized FAD-linked oxidoreductase Rv2280 => putative FAD-linked oxidoreductase
[11:29:14] Modify product: Probable HTH-type transcriptional regulator LgoR => putative HTH-type transcriptional regulator LgoR
[11:29:14] Modify product: Uncharacterized signaling protein CC_0091 => putative signaling protein
[11:29:14] Modify product: Probable 2-dehydro-3-deoxygalactonokinase DgoK1 => putative 2-dehydro-3-deoxygalactonokinase DgoK1
[11:29:14] Modify product: Uncharacterized FAD-linked oxidoreductase Rv2280 => putative FAD-linked oxidoreductase
[11:29:14] Modify product: Probable D-xylose utilization operon transcriptional repressor => putative D-xylose utilization operon transcriptional repressor
[11:29:15] Modify product: Uncharacterized protein Rv2568c => putative protein
[11:29:15] Modify product: UPF0301 protein AlgH => hypothetical protein
[11:29:15] Modify product: Probable amino-acid permease protein YxeN => putative amino-acid permease protein YxeN
[11:29:15] Modify product: Probable amino-acid permease protein YxeN => putative amino-acid permease protein YxeN
[11:29:15] Modify product: Uncharacterized zinc protease Rv2782c => putative zinc protease
[11:29:15] Modify product: Probable type I restriction enzyme BthVORF4518P M protein => putative type I restriction enzymeP M protein
[11:29:15] Modify product: Uncharacterized protein Rv1488 => putative protein
[11:29:15] Modify product: Uncharacterized oxidoreductase CzcO => putative oxidoreductase CzcO
[11:29:15] Modify product: Uncharacterized HTH-type transcriptional regulator Rv1556 => putative HTH-type transcriptional regulator
[11:29:15] Modify product: Uncharacterized protein Rv0887c => putative protein
[11:29:15] Modify product: Putative HTH-type transcriptional regulator Rv1287 => Putative HTH-type transcriptional regulator
[11:29:15] Modify product: Probable multidrug-efflux transporter Rv1634 => putative multidrug-efflux transporter
[11:29:15] Modify product: Uncharacterized ABC transporter ATP-binding protein YheS => putative ABC transporter ATP-binding protein YheS
[11:29:15] Modify product: UPF0053 inner membrane protein YtfL => hypothetical protein
[11:29:15] Modify product: Probable transport protein HsrA => putative transport protein HsrA
[11:29:15] Modify product: UPF0073 inner membrane protein YqfA => hypothetical protein
[11:29:15] Modify product: Uncharacterized MFS-type transporter EfpA => putative MFS-type transporter EfpA
[11:29:15] Modify product: Uncharacterized HTH-type transcriptional regulator YxaF => putative HTH-type transcriptional regulator YxaF
[11:29:15] Modify product: Zinc-type alcohol dehydrogenase-like protein SA1988 => Zinc-type alcohol dehydrogenase-like protein
[11:29:15] Modify product: Uncharacterized protein YagA => putative protein YagA
[11:29:15] Modify product: Uncharacterized protein YcbX => putative protein YcbX
[11:29:15] Modify product: Uncharacterized protein YedJ => putative protein YedJ
[11:29:15] Modify product: UPF0060 membrane protein YnfA => hypothetical protein
[11:29:15] Modify product: Probable FMNH2-dependent monooxygenase SfnC => putative FMNH2-dependent monooxygenase SfnC
[11:29:15] Modify product: Probable cysteine desulfurase => putative cysteine desulfurase
[11:29:15] Modify product: Nitrilase bll6402 => Nitrilase
[11:29:15] Modify product: Uncharacterized protein Rv2715 => putative protein
[11:29:15] Modify product: Uncharacterized protein Rv2004c => putative protein
[11:29:15] Modify product: Probable alcohol dehydrogenase AdhA => putative alcohol dehydrogenase AdhA
[11:29:16] Modify product: UPF0126 inner membrane protein YadS => hypothetical protein
[11:29:16] Modify product: Nucleoid-associated protein HI_0442 => Nucleoid-associated protein
[11:29:16] Modify product: Uncharacterized sugar kinase YdjH => putative sugar kinase YdjH
[11:29:16] Modify product: Probable adenylyltransferase/sulfurtransferase MoeZ => putative adenylyltransferase/sulfurtransferase MoeZ
[11:29:16] Modify product: Uncharacterized signaling protein CC_0091 => putative signaling protein
[11:29:16] Modify product: Probable transcriptional regulator PhnF => putative transcriptional regulator PhnF
[11:29:16] Modify product: Uncharacterized ABC transporter ATP-binding protein YejF => putative ABC transporter ATP-binding protein YejF
[11:29:16] Modify product: Probable riboflavin import permease protein RfuD => putative riboflavin import permease protein RfuD
[11:29:16] Modify product: Uncharacterized aminopeptidase Rv1333 => putative aminopeptidase
[11:29:16] Modify product: Uncharacterized protein Rv1507c => putative protein
[11:29:16] Modify product: Uncharacterized oxidoreductase SA2266 => putative oxidoreductase
[11:29:16] Modify product: UPF0098 protein YbcL => hypothetical protein
[11:29:16] Modify product: Uncharacterized protein YyaP => putative protein YyaP
[11:29:16] Modify product: Uncharacterized HTH-type transcriptional regulator YybR => putative HTH-type transcriptional regulator YybR
[11:29:16] Modify product: UPF0102 protein RPA0323 => hypothetical protein
[11:29:16] Modify product: Uncharacterized transporter YycB => putative transporter YycB
[11:29:16] Modify product: Probable D-xylose utilization operon transcriptional repressor => putative D-xylose utilization operon transcriptional repressor
[11:29:16] Modify product: Virulence protein STM3117 => Virulence protein
[11:29:16] Modify product: Probable protein kinase UbiB => putative protein kinase UbiB
[11:29:16] Modify product: Probable enoyl-CoA hydratase echA8 => putative enoyl-CoA hydratase echA8
[11:29:16] Modify product: Uncharacterized protein HI_1162 => putative protein
[11:29:16] Modify product: Probable lipid II flippase MurJ => putative lipid II flippase MurJ
[11:29:16] Modify product: Uncharacterized inner membrane transporter YedA => putative inner membrane transporter YedA
[11:29:16] Modify product: Uncharacterized protein Rv1998c => putative protein
[11:29:16] Modify product: Probable GTP-binding protein EngB => putative GTP-binding protein EngB
[11:29:16] Modify product: Uncharacterized oxidoreductase ORF5 in fasciation locus => putative oxidoreductase ORF5 in fasciation locus
[11:29:16] Modify product: Zinc-type alcohol dehydrogenase-like protein SA1988 => Zinc-type alcohol dehydrogenase-like protein
[11:29:16] Modify product: Uncharacterized signaling protein CC_0091 => putative signaling protein
[11:29:16] Modify product: Probable HTH-type transcriptional regulator LgoR => putative HTH-type transcriptional regulator LgoR
[11:29:16] Modify product: Phosphate-specific transport system accessory protein PhoU homolog => Phosphate-specific transport system accessory protein PhoU 
[11:29:16] Modify product: Uncharacterized protein YyaP => putative protein YyaP
[11:29:16] Modify product: Putative acyltransferase Rv0859 => Putative acyltransferase
[11:29:16] Modify product: Probable N-acetyl-LL-diaminopimelate aminotransferase => putative N-acetyl-LL-diaminopimelate aminotransferase
[11:29:16] Modify product: UPF0053 inner membrane protein YoaE => hypothetical protein
[11:29:16] Modify product: Uncharacterized oxidoreductase SpyM50865 => putative oxidoreductase
[11:29:16] Modify product: Acetyltransferase SACOL1063 => Acetyltransferase
[11:29:16] Modify product: Uncharacterized N-acetyltransferase YsnE => putative N-acetyltransferase YsnE
[11:29:16] Modify product: Uncharacterized NTE family protein Rv1063c => putative NTE family protein
[11:29:16] Modify product: UPF0178 protein YaiI => hypothetical protein
[11:29:16] Modify product: Probable cysteine desulfurase => putative cysteine desulfurase
[11:29:17] Modify product: Probable ATP-dependent transporter SufC => putative ATP-dependent transporter SufC
[11:29:17] Modify product: Uncharacterized protein RP812 => putative protein RP812
[11:29:17] Modify product: Uncharacterized HTH-type transcriptional regulator YxaF => putative HTH-type transcriptional regulator YxaF
[11:29:17] Modify product: Uncharacterized protein YcjX => putative protein YcjX
[11:29:17] Modify product: UPF0283 membrane protein YcjF => hypothetical protein
[11:29:17] Modify product: Probable ribonucleotide transport ATP-binding protein mkl => putative ribonucleotide transport ATP-binding protein mkl
[11:29:17] Modify product: Probable 3-phenylpropionic acid transporter => putative 3-phenylpropionic acid transporter
[11:29:17] Modify product: Uncharacterized protein Atu1656 => putative protein
[11:29:17] Modify product: Putative multidrug export ATP-binding/permease protein SAV1866 => Putative multidrug export ATP-binding/permease protein
[11:29:17] Modify product: Uncharacterized ABC transporter ATP-binding protein YadG => putative ABC transporter ATP-binding protein YadG
[11:29:17] Modify product: Probable sugar-binding periplasmic protein => putative sugar-binding periplasmic protein
[11:29:17] Modify product: Acetyltransferase PA3944 => Acetyltransferase
[11:29:17] Modify product: Uncharacterized HTH-type transcriptional regulator Rv1985c => putative HTH-type transcriptional regulator
[11:29:17] Modify product: Probable transport protein HsrA => putative transport protein HsrA
[11:29:17] Modify product: Methyl-accepting chemotaxis protein Amb2333 => Methyl-accepting chemotaxis protein
[11:29:17] Modify product: Uncharacterized acyl-CoA thioester hydrolase HI_0827 => putative acyl-CoA thioester hydrolase
[11:29:17] Modify product: Uncharacterized oxidoreductase SA2266 => putative oxidoreductase
[11:29:17] Modify product: Uncharacterized ABC transporter ATP-binding protein YknY => putative ABC transporter ATP-binding protein YknY
[11:29:17] Modify product: Uncharacterized signaling protein CC_0091 => putative signaling protein
[11:29:17] Modify product: Probable siderophore transport system ATP-binding protein YusV => putative siderophore transport system ATP-binding protein YusV
[11:29:17] Modify product: Probable siderophore transport system permease protein YfhA => putative siderophore transport system permease protein YfhA
[11:29:17] Modify product: Probable siderophore transport system permease protein YfiZ => putative siderophore transport system permease protein YfiZ
[11:29:17] Modify product: UPF0053 inner membrane protein YtfL => hypothetical protein
[11:29:17] Modify product: Uncharacterized protein HI_0131 => putative protein
[11:29:17] Modify product: Uncharacterized glycosyltransferase sll0501 => putative glycosyltransferase
[11:29:17] Modify product: Uncharacterized FAD-linked oxidoreductase Rv2280 => putative FAD-linked oxidoreductase
[11:29:17] Modify product: Probable lipoprotein YiaD => putative lipoprotein YiaD
[11:29:17] Modify product: Stress response UPF0229 protein YhbH => hypothetical protein
[11:29:17] Modify product: Uncharacterized protein YyaP => putative protein YyaP
[11:29:17] Modify product: Uncharacterized oxidoreductase YciK => putative oxidoreductase YciK
[11:29:17] Modify product: UPF0701 protein HI_0467 => hypothetical protein
[11:29:17] Modify product: Uncharacterized ABC transporter ATP-binding protein YheS => putative ABC transporter ATP-binding protein YheS
[11:29:17] Modify product: Acetyltransferase PA3944 => Acetyltransferase
[11:29:17] Modify product: Uncharacterized protein YccU => putative protein YccU
[11:29:17] Modify product: Probable sugar-binding periplasmic protein => putative sugar-binding periplasmic protein
[11:29:18] Modify product: UPF0394 membrane protein XF_0766 => hypothetical protein
[11:29:18] Modify product: UPF0394 membrane protein XF_0765 => hypothetical protein
[11:29:18] Modify product: Probable membrane transporter protein XF_0764 => putative membrane transporter protein
[11:29:18] Modify product: Probable cation-transporting ATPase F => putative cation-transporting ATPase F
[11:29:18] Modify product: Probable alcohol dehydrogenase AdhA => putative alcohol dehydrogenase AdhA
[11:29:18] Modify product: Probable propionate kinase => putative propionate kinase
[11:29:18] Modify product: Putative cystathionine beta-synthase Rv1077 => Putative cystathionine beta-synthase
[11:29:18] Modify product: Probable nitrate transporter NarT => putative nitrate transporter NarT
[11:29:18] Modify product: Probable transcriptional regulatory protein pdtaR => putative transcriptional regulatory protein pdtaR
[11:29:18] Modify product: Solute-binding protein Bamb_6123 => Solute-binding protein
[11:29:18] Modify product: Probable soluble pyridine nucleotide transhydrogenase => putative soluble pyridine nucleotide transhydrogenase
[11:29:18] Modify product: UPF0173 metal-dependent hydrolase SA1529 => hypothetical protein
[11:29:18] Modify product: TelA-like protein SA1238 => TelA-like protein
[11:29:18] Modify product: UPF0337 protein YjbJ => hypothetical protein
[11:29:18] Modify product: Probable 5-dehydro-4-deoxyglucarate dehydratase => putative 5-dehydro-4-deoxyglucarate dehydratase
[11:29:18] Modify product: Probable D,D-dipeptide-binding periplasmic protein DdpA => putative D,D-dipeptide-binding periplasmic protein DdpA
[11:29:18] Modify product: Probable D,D-dipeptide transport system permease protein DdpC => putative D,D-dipeptide transport system permease protein DdpC
[11:29:18] Modify product: Uncharacterized ABC transporter ATP-binding protein YknY => putative ABC transporter ATP-binding protein YknY
[11:29:18] Modify product: Probable riboflavin import permease protein RfuD => putative riboflavin import permease protein RfuD
[11:29:18] Modify product: Purine-binding protein BAB2_0673 => Purine-binding protein
[11:29:18] Modify product: UPF0056 inner membrane protein MarC => hypothetical protein
[11:29:18] Modify product: Uncharacterized HTH-type transcriptional regulator Rv3095 => putative HTH-type transcriptional regulator
[11:29:18] Modify product: Purine-binding protein BAB2_0673 => Purine-binding protein
[11:29:18] Modify product: Probable HTH-type transcriptional repressor ExuR => putative HTH-type transcriptional repressor ExuR
[11:29:18] Modify product: Probable peptidoglycan glycosyltransferase FtsW => putative peptidoglycan glycosyltransferase FtsW
[11:29:18] Modify product: Probable peptidoglycan D,D-transpeptidase FtsI => putative peptidoglycan D,D-transpeptidase FtsI
[11:29:18] Modify product: Uncharacterized inner membrane transporter YedA => putative inner membrane transporter YedA
[11:29:18] Modify product: Acetyltransferase Atu2258 => Acetyltransferase
[11:29:18] Modify product: Uncharacterized protein YbaA => putative protein YbaA
[11:29:18] Modify product: Uncharacterized protein YqeY => putative protein YqeY
[11:29:18] Modify product: Probable chaperone CsaA => putative chaperone CsaA
[11:29:18] Modify product: Putative multidrug export ATP-binding/permease protein SAV1866 => Putative multidrug export ATP-binding/permease protein
[11:29:18] Modify product: Uncharacterized N-acetyltransferase YycN => putative N-acetyltransferase YycN
[11:29:18] Modify product: Cyclic di-GMP phosphodiesterase PA4108 => Cyclic di-GMP phosphodiesterase
[11:29:18] Modify product: Leu/Ile/Val-binding protein homolog 3 => Leu/Ile/Val-binding protein 
[11:29:18] Modify product: Uncharacterized protein YnbD => putative protein YnbD
[11:29:18] Modify product: Uncharacterized protein YnbC => putative protein YnbC
[11:29:18] Modify product: Probable 2-dehydro-3-deoxy-D-pentonate aldolase YjhH => putative 2-dehydro-3-deoxy-D-pentonate aldolase YjhH
[11:29:18] Modify product: Uncharacterized protein YhaZ => putative protein YhaZ
[11:29:18] Modify product: Uncharacterized protein Rv2411c => putative protein
[11:29:18] Modify product: Uncharacterized protein Rv2569c => putative protein
[11:29:18] Modify product: UPF0194 membrane protein YbhG => hypothetical protein
[11:29:18] Modify product: Probable multidrug ABC transporter ATP-binding protein YbhF => putative multidrug ABC transporter ATP-binding protein YbhF
[11:29:18] Modify product: Probable multidrug ABC transporter permease YbhS => putative multidrug ABC transporter permease YbhS
[11:29:18] Modify product: Probable multidrug ABC transporter permease YbhR => putative multidrug ABC transporter permease YbhR
[11:29:18] Modify product: Uncharacterized protein HI_1162 => putative protein
[11:29:18] Modify product: Leu/Ile/Val-binding protein homolog 3 => Leu/Ile/Val-binding protein 
[11:29:18] Modify product: Probable amino-acid import ATP-binding protein YxeO => putative amino-acid import ATP-binding protein YxeO
[11:29:18] Modify product: Uncharacterized protein YjdJ => putative protein YjdJ
[11:29:18] Modify product: Probable FMNH2-dependent monooxygenase SfnC => putative FMNH2-dependent monooxygenase SfnC
[11:29:18] Modify product: Probable HTH-type transcriptional repressor ExuR => putative HTH-type transcriptional repressor ExuR
[11:29:19] Modify product: Probable ABC transporter-binding protein DR_1438 => putative ABC transporter-binding protein
[11:29:19] Modify product: Uncharacterized sugar kinase YdjH => putative sugar kinase YdjH
[11:29:19] Modify product: Uncharacterized sugar transferase EpsL => putative sugar transferase EpsL
[11:29:19] Modify product: Uncharacterized sugar transferase EpsL => putative sugar transferase EpsL
[11:29:19] Modify product: D-galactonate dehydratase family member SBI_01856 => D-galactonate dehydratase family member
[11:29:19] Modify product: UPF0065 protein in clcB-clcD intergenic region => hypothetical protein
[11:29:19] Modify product: Uncharacterized signaling protein CC_0091 => putative signaling protein
[11:29:19] Modify product: Probable transcriptional regulatory protein aq_1575 => putative transcriptional regulatory protein
[11:29:19] Modify product: Putative multidrug export ATP-binding/permease protein SAV1866 => Putative multidrug export ATP-binding/permease protein
[11:29:19] Modify product: UPF0065 protein in clcB-clcD intergenic region => hypothetical protein
[11:29:19] Modify product: UPF0339 protein Atu0232 => hypothetical protein
[11:29:19] Modify product: HTH-type transcriptional regulator Rv2034 => HTH-type transcriptional regulator
[11:29:19] Modify product: UPF0335 protein CCNA_03428 => hypothetical protein
[11:29:19] Modify product: Uncharacterized protein Rv2567 => putative protein
[11:29:19] Modify product: Uncharacterized protein Rv2569c => putative protein
[11:29:19] Modify product: Probable enoyl-CoA hydratase 1 => putative enoyl-CoA hydratase 1
[11:29:19] Modify product: UPF0053 inner membrane protein YoaE => hypothetical protein
[11:29:19] Modify product: Probable efflux pump membrane transporter TtgB => putative efflux pump membrane transporter TtgB
[11:29:19] Modify product: Uncharacterized protein YphB => putative protein YphB
[11:29:19] Modify product: Probable sugar-binding periplasmic protein => putative sugar-binding periplasmic protein
[11:29:19] Modify product: UPF0311 protein RPA1785 => hypothetical protein
[11:29:19] Modify product: Probable 3-hydroxybutyryl-CoA dehydrogenase => putative 3-hydroxybutyryl-CoA dehydrogenase
[11:29:19] Modify product: UPF0053 inner membrane protein YfjD => hypothetical protein
[11:29:19] Modify product: Solute-binding protein Bpro_3107 => Solute-binding protein
[11:29:19] Modify product: Uncharacterized amino acid permease YhdG => putative amino acid permease YhdG
[11:29:19] Modify product: Putative formate dehydrogenase SA2102 => Putative formate dehydrogenase
[11:29:19] Modify product: Putative peptide transport permease protein Rv1282c => Putative peptide transport permease protein
[11:29:19] Modify product: Uncharacterized oxidoreductase YgfF => putative oxidoreductase YgfF
[11:29:19] Modify product: Uncharacterized HTH-type transcriptional regulator YybR => putative HTH-type transcriptional regulator YybR
[11:29:19] Modify product: Uncharacterized oxidoreductase MSMEG_2408/MSMEI_2347 => putative oxidoreductase/MSMEI_2347
[11:29:19] Modify product: UPF0434 protein NMA0874 => hypothetical protein
[11:29:19] Modify product: NADH dehydrogenase-like protein MT1860 => NADH dehydrogenase-like protein
[11:29:19] Modify product: Uncharacterized protein Rv3292 => putative protein
[11:29:19] Modify product: UPF0309 protein BH3325 => hypothetical protein
[11:29:20] Modify product: Probable D,D-dipeptide transport system permease protein DdpC => putative D,D-dipeptide transport system permease protein DdpC
[11:29:20] Modify product: Probable D,D-dipeptide-binding periplasmic protein DdpA => putative D,D-dipeptide-binding periplasmic protein DdpA
[11:29:20] Modify product: Multifunctional alkaline phosphatase superfamily protein pRL90232 => Multifunctional alkaline phosphatase superfamily protein
[11:29:20] Modify product: Uncharacterized protein Rv0887c => putative protein
[11:29:20] Modify product: Protease HtpX homolog => Protease HtpX 
[11:29:20] Modify product: Probable efflux pump outer membrane protein TtgC => putative efflux pump outer membrane protein TtgC
[11:29:20] Modify product: Probable enoyl-CoA hydratase 1 => putative enoyl-CoA hydratase 1
[11:29:20] Modify product: Peptidoglycan-N-acetylglucosamine deacetylase BC_3618 => Peptidoglycan-N-acetylglucosamine deacetylase
[11:29:20] Modify product: Cytochrome c oxidase subunit 1 homolog, bacteroid => Cytochrome c oxidase subunit 1 , bacteroid
[11:29:20] Modify product: Probable copper-importing P-type ATPase A => putative copper-importing P-type ATPase A
[11:29:20] Modify product: Probable glutamine ABC transporter permease protein GlnP => putative glutamine ABC transporter permease protein GlnP
[11:29:20] Modify product: Probable glutamine ABC transporter permease protein GlnM => putative glutamine ABC transporter permease protein GlnM
[11:29:20] Modify product: Probable sugar-binding periplasmic protein => putative sugar-binding periplasmic protein
[11:29:20] Modify product: Putative monooxygenase Rv0793 => Putative monooxygenase
[11:29:20] Modify product: Probable flavin reductase => putative flavin reductase
[11:29:20] Modify product: Uncharacterized DapA-like lyase => putative DapA-like lyase
[11:29:20] Modify product: Uncharacterized oxidoreductase Rv1144 => putative oxidoreductase
[11:29:20] Modify product: Probable methylxanthine N7-demethylase NdmC => putative methylxanthine N7-demethylase NdmC
[11:29:20] Modify product: Purine-binding protein BAB2_0673 => Purine-binding protein
[11:29:20] Modify product: Probable riboflavin import permease protein RfuC => putative riboflavin import permease protein RfuC
[11:29:20] Modify product: Purine-binding protein BAB2_0673 => Purine-binding protein
[11:29:20] Modify product: Probable riboflavin import permease protein RfuC => putative riboflavin import permease protein RfuC
[11:29:20] Modify product: Probable riboflavin import permease protein RfuD => putative riboflavin import permease protein RfuD
[11:29:20] Modify product: Uncharacterized HTH-type transcriptional regulator Rv3095 => putative HTH-type transcriptional regulator
[11:29:20] Modify product: Putative thiamine biosynthesis protein HI_0357 => Putative thiamine biosynthesis protein
[11:29:20] Modify product: Probable nicotinate-nucleotide pyrophosphorylase [carboxylating] => putative nicotinate-nucleotide pyrophosphorylase [carboxylating]
[11:29:20] Modify product: Uncharacterized ABC transporter ATP-binding protein TM_0288 => putative ABC transporter ATP-binding protein
[11:29:20] Modify product: Putative multidrug export ATP-binding/permease protein SAV1866 => Putative multidrug export ATP-binding/permease protein
[11:29:20] Modify product: Uncharacterized NTE family protein Rv2565 => putative NTE family protein
[11:29:20] Modify product: UPF0098 protein Rv2140c => hypothetical protein
[11:29:20] Modify product: Uncharacterized ABC transporter ATP-binding protein YejF => putative ABC transporter ATP-binding protein YejF
[11:29:20] Modify product: Putative peptide transport permease protein Rv1282c => Putative peptide transport permease protein
[11:29:20] Modify product: Glycogen operon protein GlgX homolog => Glycogen operon protein GlgX 
[11:29:20] Modify product: Probable cardiolipin synthase YwiE => putative cardiolipin synthase YwiE
[11:29:20] Modify product: Probable pyridine nucleotide-disulfide oxidoreductase RclA => putative pyridine nucleotide-disulfide oxidoreductase RclA
[11:29:20] Modify product: Probable 3-hydroxyisobutyrate dehydrogenase => putative 3-hydroxyisobutyrate dehydrogenase
[11:29:20] Modify product: Probable ECF RNA polymerase sigma factor SigI => putative ECF RNA polymerase sigma factor SigI
[11:29:20] Modify product: Deacetylase Oant_2987 => Deacetylase
[11:29:21] Modify product: Probable D,D-dipeptide transport system permease protein DdpC => putative D,D-dipeptide transport system permease protein DdpC
[11:29:21] Modify product: Acetyltransferase PA3944 => Acetyltransferase
[11:29:21] Modify product: Probable 5-dehydro-4-deoxyglucarate dehydratase => putative 5-dehydro-4-deoxyglucarate dehydratase
[11:29:21] Modify product: Probable D,D-dipeptide transport system permease protein DdpC => putative D,D-dipeptide transport system permease protein DdpC
[11:29:21] Modify product: Cyclic di-GMP phosphodiesterase PA4108 => Cyclic di-GMP phosphodiesterase
[11:29:21] Modify product: Probable D,D-dipeptide transport system permease protein DdpC => putative D,D-dipeptide transport system permease protein DdpC
[11:29:21] Modify product: Uncharacterized oxidoreductase CzcO => putative oxidoreductase CzcO
[11:29:21] Modify product: Putative 2-hydroxyacid dehydrogenase HI_1556 => Putative 2-hydroxyacid dehydrogenase
[11:29:21] Modify product: Probable 2-dehydro-3-deoxy-D-pentonate aldolase YjhH => putative 2-dehydro-3-deoxy-D-pentonate aldolase YjhH
[11:29:21] Modify product: Uncharacterized protein Rv2715 => putative protein
[11:29:21] Modify product: Uncharacterized acyl--CoA ligase YhfT => putative acyl--CoA ligase YhfT
[11:29:21] Modify product: Probable acetyl-CoA acyltransferase => putative acetyl-CoA acyltransferase
[11:29:21] Modify product: UPF0276 protein CCNA_03364 => hypothetical protein
[11:29:21] Modify product: Probable N-methylproline demethylase => putative N-methylproline demethylase
[11:29:21] Modify product: Uncharacterized oxidoreductase SA2266 => putative oxidoreductase
[11:29:21] Modify product: Uncharacterized oxidoreductase YjmC => putative oxidoreductase YjmC
[11:29:21] Modify product: Probable N-octanoylanthranilate hydrolase AqdA1 => putative N-octanoylanthranilate hydrolase AqdA1
[11:29:21] Modify product: Probable tartrate dehydrogenase/decarboxylase TtuC' => putative tartrate dehydrogenase/decarboxylase TtuC'
[11:29:21] Modify product: Probable allantoin permease => putative allantoin permease
[11:29:21] Modify product: Probable D,D-dipeptide transport system permease protein DdpC => putative D,D-dipeptide transport system permease protein DdpC
[11:29:21] Modify product: Probable D,D-dipeptide-binding periplasmic protein DdpA => putative D,D-dipeptide-binding periplasmic protein DdpA
[11:29:21] Modify product: Probable 5-dehydro-4-deoxyglucarate dehydratase => putative 5-dehydro-4-deoxyglucarate dehydratase
[11:29:21] Modify product: Probable ABC transporter-binding protein DR_1438 => putative ABC transporter-binding protein
[11:29:21] Modify product: Probable glutamine ABC transporter permease protein GlnM => putative glutamine ABC transporter permease protein GlnM
[11:29:21] Modify product: UPF0719 inner membrane protein YjfL => hypothetical protein
[11:29:21] Modify product: Uncharacterized ABC transporter ATP-binding protein Rv0986 => putative ABC transporter ATP-binding protein
[11:29:21] Modify product: Probable D,D-dipeptide transport system permease protein DdpC => putative D,D-dipeptide transport system permease protein DdpC
[11:29:21] Modify product: Multifunctional alkaline phosphatase superfamily protein pRL90232 => Multifunctional alkaline phosphatase superfamily protein
[11:29:21] Modify product: Probable FMNH2-dependent monooxygenase SfnC => putative FMNH2-dependent monooxygenase SfnC
[11:29:21] Modify product: Probable ABC transporter ATP-binding/permease protein HI_0664 => putative ABC transporter ATP-binding/permease protein
[11:29:22] Modify product: Uncharacterized ABC transporter ATP-binding protein YheS => putative ABC transporter ATP-binding protein YheS
[11:29:22] Modify product: Probable cystine transporter YijE => putative cystine transporter YijE
[11:29:22] Cleaned 274 /product names
[11:29:22] Deleting unwanted file: ./G016.fsa_prokka/./G016.fsa.sprot.tmp.7046.faa
[11:29:22] Deleting unwanted file: ./G016.fsa_prokka/./G016.fsa.sprot.tmp.7046.blast
[11:29:29] There are still 3621 unannotated CDS left (started with 6816)
[11:29:29] Will use hmmer3 to search against /Users/chloeharper/miniconda3/envs/prokka/db/hmm/HAMAP.hmm with 4 CPUs
[11:29:29] Running: cat \.\/G016\.fsa_prokka\/\.\/G016\.fsa\.HAMAP\.hmm\.tmp\.7046\.faa | parallel --gnu --plain -j 4 --block 123505 --recstart '>' --pipe hmmscan --noali --notextw --acc -E 1e-09 --cpu 1 /Users/chloeharper/miniconda3/envs/prokka/db/hmm/HAMAP.hmm /dev/stdin > \.\/G016\.fsa_prokka\/\.\/G016\.fsa\.HAMAP\.hmm\.tmp\.7046\.hmmer3 2> /dev/null
[11:30:51] Modify product: Uncharacterized MFS-type transporter YcaD => putative MFS-type transporter YcaD
[11:30:52] Modify product: Uncharacterized MFS-type transporter YcaD => putative MFS-type transporter YcaD
[11:30:52] Modify product: Uncharacterized Nudix hydrolase NudL => putative Nudix hydrolase NudL
[11:30:52] Modify product: Uncharacterized MFS-type transporter YcaD => putative MFS-type transporter YcaD
[11:30:52] Cleaned 4 /product names
[11:30:52] Deleting unwanted file: ./G016.fsa_prokka/./G016.fsa.HAMAP.hmm.tmp.7046.faa
[11:30:52] Deleting unwanted file: ./G016.fsa_prokka/./G016.fsa.HAMAP.hmm.tmp.7046.hmmer3
[11:30:52] Labelling remaining 3150 proteins as 'hypothetical protein'
[11:30:52] Possible /pseudo 'IS5 family transposase ISNGR9' at C36 position 22715
[11:30:52] Possible /pseudo 'UDP-glucose 4-epimerase' at Cchr position 33450
[11:30:52] Possible /pseudo 'Sorbitol dehydrogenase' at Cchr position 718628
[11:30:52] Possible /pseudo 'Non-homologous end joining protein Ku' at Cchr position 734088
[11:30:52] Possible /pseudo 'Flagellin' at Cchr position 785838
[11:30:52] Possible /pseudo 'Flagellin' at Cchr position 786996
[11:30:52] Possible /pseudo 'Flagellin' at Cchr position 788145
[11:30:52] Possible /pseudo 'HTH-type transcriptional regulator DmlR' at Cchr position 940441
[11:30:52] Possible /pseudo 'ATP synthase subunit b' at Cchr position 1007863
[11:30:52] Possible /pseudo 'putative amino-acid permease protein YxeN' at Cchr position 1146829
[11:30:52] Possible /pseudo 'Ribose import permease protein RbsC' at Cchr position 2156221
[11:30:52] Possible /pseudo 'ISNCY family transposase ISRel26' at Cchr position 2545352
[11:30:52] Possible /pseudo 'Bicyclomycin resistance protein' at Cchr position 2712981
[11:30:52] Possible /pseudo '3'(2'),5'-bisphosphate nucleotidase CysQ' at Cchr position 2717356
[11:30:52] Possible /pseudo 'Sensor histidine kinase RcsC' at Cchr position 3009630
[11:30:52] Possible /pseudo 'Trehalose import ATP-binding protein SugC' at Cchr position 3034276
[11:30:52] Possible /pseudo 'L-cystine transport system permease protein YecS' at Cchr position 3054903
[11:30:52] Possible /pseudo 'Putative protein-methionine-sulfoxide reductase subunit YedZ1' at Cchr position 3162806
[11:30:52] Possible /pseudo 'Cytochrome b/c1' at Cchr position 3665093
[11:30:52] Possible /pseudo 'tRNA 5-methylaminomethyl-2-thiouridine biosynthesis bifunctional protein MnmC' at Cchr position 3786835
[11:30:52] Possible /pseudo 'D-galactonate dehydratase family member RspA' at Cchr position 4095358
[11:30:52] Possible /pseudo 'Manganese transport system membrane protein MntB' at Cchr position 4121565
[11:30:52] Possible /pseudo 'putative protein' at Cchr position 4327109
[11:30:52] Possible /pseudo 'IS3 family transposase ISRle4' at Cchr position 4508672
[11:30:52] Possible /pseudo 'IS5 family transposase ISNGR9' at CpRL10 position 23487
[11:30:52] Possible /pseudo 'IS5 family transposase ISRel13' at CpRL10 position 45895
[11:30:52] Possible /pseudo 'Glutarate-semialdehyde dehydrogenase' at CpRL10 position 272346
[11:30:52] Possible /pseudo 'Catabolite control protein A' at CpRL10 position 300811
[11:30:52] Possible /pseudo 'HTH-type transcriptional repressor GlaR' at CpRL11 position 207056
[11:30:52] Possible /pseudo 'L-cystine transport system permease protein YecS' at CpRL11 position 212144
[11:30:52] Possible /pseudo 'Non-homologous end joining protein Ku' at CpRL12 position 46490
[11:30:52] Possible /pseudo 'Ribose import permease protein RbsC' at CpRL12 position 141170
[11:30:52] Possible /pseudo 'Glycine betaine transport system permease protein OpuAB' at CpRL12 position 386961
[11:30:52] Possible /pseudo 'Multidrug resistance protein MdtA' at CpRL12 position 525038
[11:30:52] Possible /pseudo 'Sensor histidine kinase RcsC' at CpRL12 position 559391
[11:30:52] Possible /pseudo 'D-galactonate dehydratase' at CpRL12 position 629867
[11:30:52] Possible /pseudo 'Response regulator protein TmoT' at CpRL12 position 634532
[11:30:52] Possible /pseudo 'L-cystine transport system permease protein YecS' at CpRL12 position 708038
[11:30:52] Possible /pseudo 'Glycerate 3-kinase' at CpRL9 position 154974
[11:30:52] Possible /pseudo 'D-inositol-3-phosphate glycosyltransferase' at CpRL9 position 241771
[11:30:53] Found 2016 unique /gene codes.
[11:30:53] Fixed 5 duplicate /gene - iolE_1 iolE_2 iolE_3 iolE_4 iolE_5
[11:30:53] Fixed 6 duplicate /gene - degA_1 degA_2 degA_3 degA_4 degA_5 degA_6
[11:30:53] Fixed 3 duplicate /gene - msrP_1 msrP_2 msrP_3
[11:30:53] Fixed 2 duplicate /gene - cyoC_1 cyoC_2
[11:30:53] Fixed 6 duplicate /gene - pal_1 pal_2 pal_3 pal_4 pal_5 pal_6
[11:30:53] Fixed 4 duplicate /gene - cspA_1 cspA_2 cspA_3 cspA_4
[11:30:53] Fixed 2 duplicate /gene - leuS_1 leuS_2
[11:30:53] Fixed 3 duplicate /gene - pcpR_1 pcpR_2 pcpR_3
[11:30:53] Fixed 3 duplicate /gene - tadA_1 tadA_2 tadA_3
[11:30:53] Fixed 2 duplicate /gene - braC_1 braC_2
[11:30:53] Fixed 3 duplicate /gene - gltC_1 gltC_2 gltC_3
[11:30:53] Fixed 7 duplicate /gene - dasC_1 dasC_2 dasC_3 dasC_4 dasC_5 dasC_6 dasC_7
[11:30:53] Fixed 2 duplicate /gene - pxpB_1 pxpB_2
[11:30:53] Fixed 2 duplicate /gene - pccB_1 pccB_2
[11:30:53] Fixed 2 duplicate /gene - yihV_1 yihV_2
[11:30:53] Fixed 4 duplicate /gene - emrB_1 emrB_2 emrB_3 emrB_4
[11:30:53] Fixed 5 duplicate /gene - COQ3_1 COQ3_2 COQ3_3 COQ3_4 COQ3_5
[11:30:53] Fixed 3 duplicate /gene - hsrA_1 hsrA_2 hsrA_3
[11:30:53] Fixed 2 duplicate /gene - vjbR_1 vjbR_2
[11:30:53] Fixed 2 duplicate /gene - nuoB_1 nuoB_2
[11:30:53] Fixed 2 duplicate /gene - pyrE_1 pyrE_2
[11:30:53] Fixed 18 duplicate /gene - rcsC_1 rcsC_2 rcsC_3 rcsC_4 rcsC_5 rcsC_6 rcsC_7 rcsC_8 rcsC_9 rcsC_10 rcsC_11 rcsC_12 rcsC_13 rcsC_14 rcsC_15 rcsC_16 rcsC_17 rcsC_18
[11:30:53] Fixed 2 duplicate /gene - ybhL_1 ybhL_2
[11:30:53] Fixed 2 duplicate /gene - linX_1 linX_2
[11:30:53] Fixed 2 duplicate /gene - nifD_1 nifD_2
[11:30:53] Fixed 17 duplicate /gene - btuD_1 btuD_2 btuD_3 btuD_4 btuD_5 btuD_6 btuD_7 btuD_8 btuD_9 btuD_10 btuD_11 btuD_12 btuD_13 btuD_14 btuD_15 btuD_16 btuD_17
[11:30:53] Fixed 4 duplicate /gene - rhtC_1 rhtC_2 rhtC_3 rhtC_4
[11:30:53] Fixed 2 duplicate /gene - dadD_1 dadD_2
[11:30:53] Fixed 5 duplicate /gene - pcm_1 pcm_2 pcm_3 pcm_4 pcm_5
[11:30:53] Fixed 2 duplicate /gene - parD1_1 parD1_2
[11:30:53] Fixed 2 duplicate /gene - ydaD_1 ydaD_2
[11:30:53] Fixed 2 duplicate /gene - nemA_1 nemA_2
[11:30:53] Fixed 2 duplicate /gene - linC_1 linC_2
[11:30:53] Fixed 4 duplicate /gene - yesO_1 yesO_2 yesO_3 yesO_4
[11:30:53] Fixed 5 duplicate /gene - azoR_1 azoR_2 azoR_3 azoR_4 azoR_5
[11:30:53] Fixed 2 duplicate /gene - uxuA_1 uxuA_2
[11:30:53] Fixed 15 duplicate /gene - malK_1 malK_2 malK_3 malK_4 malK_5 malK_6 malK_7 malK_8 malK_9 malK_10 malK_11 malK_12 malK_13 malK_14 malK_15
[11:30:53] Fixed 2 duplicate /gene - pxpC_1 pxpC_2
[11:30:53] Fixed 7 duplicate /gene - lutR_1 lutR_2 lutR_3 lutR_4 lutR_5 lutR_6 lutR_7
[11:30:53] Fixed 2 duplicate /gene - def_1 def_2
[11:30:53] Fixed 2 duplicate /gene - ctaC_1 ctaC_2
[11:30:53] Fixed 2 duplicate /gene - qorA_1 qorA_2
[11:30:53] Fixed 6 duplicate /gene - frcA_1 frcA_2 frcA_3 frcA_4 frcA_5 frcA_6
[11:30:53] Fixed 2 duplicate /gene - metG_1 metG_2
[11:30:53] Fixed 2 duplicate /gene - atpF_1 atpF_2
[11:30:53] Fixed 3 duplicate /gene - proC_1 proC_2 proC_3
[11:30:53] Fixed 3 duplicate /gene - kdgR_1 kdgR_2 kdgR_3
[11:30:53] Fixed 4 duplicate /gene - spuC_1 spuC_2 spuC_3 spuC_4
[11:30:53] Fixed 3 duplicate /gene - ddpA_1 ddpA_2 ddpA_3
[11:30:53] Fixed 2 duplicate /gene - prsD_1 prsD_2
[11:30:53] Fixed 4 duplicate /gene - cpdA_1 cpdA_2 cpdA_3 cpdA_4
[11:30:53] Fixed 6 duplicate /gene - rhtB_1 rhtB_2 rhtB_3 rhtB_4 rhtB_5 rhtB_6
[11:30:53] Fixed 3 duplicate /gene - ftsH_1 ftsH_2 ftsH_3
[11:30:53] Fixed 9 duplicate /gene - glnQ_1 glnQ_2 glnQ_3 glnQ_4 glnQ_5 glnQ_6 glnQ_7 glnQ_8 glnQ_9
[11:30:53] Fixed 5 duplicate /gene - dadA1_1 dadA1_2 dadA1_3 dadA1_4 dadA1_5
[11:30:53] Fixed 5 duplicate /gene - ompR_1 ompR_2 ompR_3 ompR_4 ompR_5
[11:30:53] Fixed 2 duplicate /gene - ompA_1 ompA_2
[11:30:53] Fixed 2 duplicate /gene - nodD2_1 nodD2_2
[11:30:53] Fixed 2 duplicate /gene - cpdR_1 cpdR_2
[11:30:53] Fixed 3 duplicate /gene - gcvT_1 gcvT_2 gcvT_3
[11:30:53] Fixed 2 duplicate /gene - rox_1 rox_2
[11:30:53] Fixed 3 duplicate /gene - gnl_1 gnl_2 gnl_3
[11:30:53] Fixed 7 duplicate /gene - rbsB_1 rbsB_2 rbsB_3 rbsB_4 rbsB_5 rbsB_6 rbsB_7
[11:30:53] Fixed 2 duplicate /gene - tauB_1 tauB_2
[11:30:53] Fixed 2 duplicate /gene - oleB_1 oleB_2
[11:30:53] Fixed 4 duplicate /gene - yfcG_1 yfcG_2 yfcG_3 yfcG_4
[11:30:53] Fixed 2 duplicate /gene - hxpA_1 hxpA_2
[11:30:53] Fixed 2 duplicate /gene - cckA_1 cckA_2
[11:30:53] Fixed 3 duplicate /gene - bdhA_1 bdhA_2 bdhA_3
[11:30:53] Fixed 2 duplicate /gene - acpP_1 acpP_2
[11:30:53] Fixed 3 duplicate /gene - dctM_1 dctM_2 dctM_3
[11:30:53] Fixed 6 duplicate /gene - arnC_1 arnC_2 arnC_3 arnC_4 arnC_5 arnC_6
[11:30:53] Fixed 2 duplicate /gene - rppA_1 rppA_2
[11:30:53] Fixed 2 duplicate /gene - tmoT_1 tmoT_2
[11:30:53] Fixed 3 duplicate /gene - bepF_1 bepF_2 bepF_3
[11:30:53] Fixed 2 duplicate /gene - oppA_1 oppA_2
[11:30:53] Fixed 3 duplicate /gene - galE_1 galE_2 galE_3
[11:30:53] Fixed 6 duplicate /gene - ydcV_1 ydcV_2 ydcV_3 ydcV_4 ydcV_5 ydcV_6
[11:30:53] Fixed 2 duplicate /gene - codAch2_1 codAch2_2
[11:30:53] Fixed 4 duplicate /gene - glxK_1 glxK_2 glxK_3 glxK_4
[11:30:53] Fixed 3 duplicate /gene - opuAB_1 opuAB_2 opuAB_3
[11:30:53] Fixed 4 duplicate /gene - xylB_1 xylB_2 xylB_3 xylB_4
[11:30:53] Fixed 2 duplicate /gene - exuR_1 exuR_2
[11:30:53] Fixed 2 duplicate /gene - nifK_1 nifK_2
[11:30:53] Fixed 2 duplicate /gene - xpkA_1 xpkA_2
[11:30:53] Fixed 2 duplicate /gene - bauA_1 bauA_2
[11:30:53] Fixed 4 duplicate /gene - glpR_1 glpR_2 glpR_3 glpR_4
[11:30:53] Fixed 4 duplicate /gene - fcl_1 fcl_2 fcl_3 fcl_4
[11:30:53] Fixed 2 duplicate /gene - argG_1 argG_2
[11:30:53] Fixed 2 duplicate /gene - ttgB_1 ttgB_2
[11:30:53] Fixed 2 duplicate /gene - qseB_1 qseB_2
[11:30:53] Fixed 2 duplicate /gene - fhuA_1 fhuA_2
[11:30:53] Fixed 2 duplicate /gene - aroE_1 aroE_2
[11:30:53] Fixed 4 duplicate /gene - cheB_1 cheB_2 cheB_3 cheB_4
[11:30:53] Fixed 2 duplicate /gene - swrC_1 swrC_2
[11:30:53] Fixed 2 duplicate /gene - yadH_1 yadH_2
[11:30:53] Fixed 6 duplicate /gene - hisC_1 hisC_2 hisC_3 hisC_4 hisC_5 hisC_6
[11:30:53] Fixed 2 duplicate /gene - yybR_1 yybR_2
[11:30:53] Fixed 2 duplicate /gene - yjhH_1 yjhH_2
[11:30:53] Fixed 2 duplicate /gene - fbcH_1 fbcH_2
[11:30:53] Fixed 3 duplicate /gene - ssuD_1 ssuD_2 ssuD_3
[11:30:53] Fixed 2 duplicate /gene - dmoA_1 dmoA_2
[11:30:53] Fixed 2 duplicate /gene - proV_1 proV_2
[11:30:53] Fixed 2 duplicate /gene - hlyU_1 hlyU_2
[11:30:53] Fixed 2 duplicate /gene - nuoL_1 nuoL_2
[11:30:53] Fixed 5 duplicate /gene - gsiB_1 gsiB_2 gsiB_3 gsiB_4 gsiB_5
[11:30:53] Fixed 2 duplicate /gene - mshD_1 mshD_2
[11:30:53] Fixed 2 duplicate /gene - chaC_1 chaC_2
[11:30:53] Fixed 2 duplicate /gene - soxD_1 soxD_2
[11:30:53] Fixed 2 duplicate /gene - lexA_1 lexA_2
[11:30:53] Fixed 2 duplicate /gene - kduD_1 kduD_2
[11:30:53] Fixed 5 duplicate /gene - gstB_1 gstB_2 gstB_3 gstB_4 gstB_5
[11:30:53] Fixed 2 duplicate /gene - thi4_1 thi4_2
[11:30:53] Fixed 3 duplicate /gene - lsrB_1 lsrB_2 lsrB_3
[11:30:53] Fixed 19 duplicate /gene - rbsC_1 rbsC_2 rbsC_3 rbsC_4 rbsC_5 rbsC_6 rbsC_7 rbsC_8 rbsC_9 rbsC_10 rbsC_11 rbsC_12 rbsC_13 rbsC_14 rbsC_15 rbsC_16 rbsC_17 rbsC_18 rbsC_19
[11:30:53] Fixed 2 duplicate /gene - iscR_1 iscR_2
[11:30:53] Fixed 3 duplicate /gene - araH_1 araH_2 araH_3
[11:30:53] Fixed 2 duplicate /gene - hutU_1 hutU_2
[11:30:53] Fixed 3 duplicate /gene - golD_1 golD_2 golD_3
[11:30:53] Fixed 2 duplicate /gene - ghrA_1 ghrA_2
[11:30:53] Fixed 2 duplicate /gene - gyrB_1 gyrB_2
[11:30:53] Fixed 2 duplicate /gene - acrB_1 acrB_2
[11:30:53] Fixed 2 duplicate /gene - tufA_1 tufA_2
[11:30:53] Fixed 9 duplicate /gene - COQ5_1 COQ5_2 COQ5_3 COQ5_4 COQ5_5 COQ5_6 COQ5_7 COQ5_8 COQ5_9
[11:30:53] Fixed 6 duplicate /gene - rutB_1 rutB_2 rutB_3 rutB_4 rutB_5 rutB_6
[11:30:53] Fixed 8 duplicate /gene - yajO_1 yajO_2 yajO_3 yajO_4 yajO_5 yajO_6 yajO_7 yajO_8
[11:30:53] Fixed 2 duplicate /gene - tdh_1 tdh_2
[11:30:53] Fixed 3 duplicate /gene - paoA_1 paoA_2 paoA_3
[11:30:53] Fixed 2 duplicate /gene - dapB_1 dapB_2
[11:30:53] Fixed 2 duplicate /gene - sir_1 sir_2
[11:30:53] Fixed 16 duplicate /gene - gsiC_1 gsiC_2 gsiC_3 gsiC_4 gsiC_5 gsiC_6 gsiC_7 gsiC_8 gsiC_9 gsiC_10 gsiC_11 gsiC_12 gsiC_13 gsiC_14 gsiC_15 gsiC_16
[11:30:53] Fixed 2 duplicate /gene - dksA_1 dksA_2
[11:30:53] Fixed 3 duplicate /gene - nadE_1 nadE_2 nadE_3
[11:30:53] Fixed 5 duplicate /gene - nagR_1 nagR_2 nagR_3 nagR_4 nagR_5
[11:30:53] Fixed 2 duplicate /gene - wzxC_1 wzxC_2
[11:30:53] Fixed 9 duplicate /gene - mdtA_1 mdtA_2 mdtA_3 mdtA_4 mdtA_5 mdtA_6 mdtA_7 mdtA_8 mdtA_9
[11:30:53] Fixed 4 duplicate /gene - ntaA_1 ntaA_2 ntaA_3 ntaA_4
[11:30:53] Fixed 2 duplicate /gene - abo_1 abo_2
[11:30:53] Fixed 2 duplicate /gene - actP_1 actP_2
[11:30:53] Fixed 2 duplicate /gene - yfdE_1 yfdE_2
[11:30:53] Fixed 2 duplicate /gene - dasA_1 dasA_2
[11:30:53] Fixed 3 duplicate /gene - glgB_1 glgB_2 glgB_3
[11:30:53] Fixed 3 duplicate /gene - rpsU_1 rpsU_2 rpsU_3
[11:30:53] Fixed 2 duplicate /gene - fabI_1 fabI_2
[11:30:53] Fixed 2 duplicate /gene - ephA_1 ephA_2
[11:30:53] Fixed 3 duplicate /gene - apsD_1 apsD_2 apsD_3
[11:30:53] Fixed 2 duplicate /gene - azoB_1 azoB_2
[11:30:53] Fixed 3 duplicate /gene - gltR_1 gltR_2 gltR_3
[11:30:53] Fixed 2 duplicate /gene - mtrA_1 mtrA_2
[11:30:53] Fixed 2 duplicate /gene - vdh_1 vdh_2
[11:30:53] Fixed 2 duplicate /gene - namA_1 namA_2
[11:30:53] Fixed 2 duplicate /gene - degU_1 degU_2
[11:30:53] Fixed 2 duplicate /gene - glgX_1 glgX_2
[11:30:53] Fixed 3 duplicate /gene - prsE_1 prsE_2 prsE_3
[11:30:53] Fixed 2 duplicate /gene - thiC_1 thiC_2
[11:30:53] Fixed 3 duplicate /gene - hbpA_1 hbpA_2 hbpA_3
[11:30:53] Fixed 2 duplicate /gene - cpoB_1 cpoB_2
[11:30:53] Fixed 2 duplicate /gene - aes_1 aes_2
[11:30:53] Fixed 3 duplicate /gene - nagL_1 nagL_2 nagL_3
[11:30:53] Fixed 3 duplicate /gene - potH_1 potH_2 potH_3
[11:30:53] Fixed 2 duplicate /gene - acdA_1 acdA_2
[11:30:53] Fixed 2 duplicate /gene - cpo_1 cpo_2
[11:30:53] Fixed 2 duplicate /gene - dctD_1 dctD_2
[11:30:53] Fixed 5 duplicate /gene - msmX_1 msmX_2 msmX_3 msmX_4 msmX_5
[11:30:53] Fixed 2 duplicate /gene - aspC_1 aspC_2
[11:30:53] Fixed 3 duplicate /gene - proA_1 proA_2 proA_3
[11:30:53] Fixed 3 duplicate /gene - gno_1 gno_2 gno_3
[11:30:53] Fixed 2 duplicate /gene - zwf_1 zwf_2
[11:30:53] Fixed 4 duplicate /gene - noc_1 noc_2 noc_3 noc_4
[11:30:53] Fixed 4 duplicate /gene - gph_1 gph_2 gph_3 gph_4
[11:30:53] Fixed 6 duplicate /gene - mglA_1 mglA_2 mglA_3 mglA_4 mglA_5 mglA_6
[11:30:53] Fixed 2 duplicate /gene - pxpA_1 pxpA_2
[11:30:53] Fixed 6 duplicate /gene - fliC_1 fliC_2 fliC_3 fliC_4 fliC_5 fliC_6
[11:30:53] Fixed 3 duplicate /gene - eryD_1 eryD_2 eryD_3
[11:30:53] Fixed 2 duplicate /gene - nodM_1 nodM_2
[11:30:53] Fixed 2 duplicate /gene - alsC_1 alsC_2
[11:30:53] Fixed 3 duplicate /gene - nagZ_1 nagZ_2 nagZ_3
[11:30:53] Fixed 3 duplicate /gene - emrA_1 emrA_2 emrA_3
[11:30:53] Fixed 2 duplicate /gene - nuoJ_1 nuoJ_2
[11:30:53] Fixed 2 duplicate /gene - kdsB_1 kdsB_2
[11:30:53] Fixed 3 duplicate /gene - blh_1 blh_2 blh_3
[11:30:53] Fixed 2 duplicate /gene - ptsJ_1 ptsJ_2
[11:30:53] Fixed 7 duplicate /gene - ddpC_1 ddpC_2 ddpC_3 ddpC_4 ddpC_5 ddpC_6 ddpC_7
[11:30:53] Fixed 2 duplicate /gene - glnG_1 glnG_2
[11:30:53] Fixed 2 duplicate /gene - flgG_1 flgG_2
[11:30:53] Fixed 5 duplicate /gene - hipO_1 hipO_2 hipO_3 hipO_4 hipO_5
[11:30:53] Fixed 25 duplicate /gene - dmlR_1 dmlR_2 dmlR_3 dmlR_4 dmlR_5 dmlR_6 dmlR_7 dmlR_8 dmlR_9 dmlR_10 dmlR_11 dmlR_12 dmlR_13 dmlR_14 dmlR_15 dmlR_16 dmlR_17 dmlR_18 dmlR_19 dmlR_20 dmlR_21 dmlR_22 dmlR_23 dmlR_24 dmlR_25
[11:30:53] Fixed 2 duplicate /gene - cysE_1 cysE_2
[11:30:53] Fixed 3 duplicate /gene - suhB_1 suhB_2 suhB_3
[11:30:53] Fixed 11 duplicate /gene - lacF_1 lacF_2 lacF_3 lacF_4 lacF_5 lacF_6 lacF_7 lacF_8 lacF_9 lacF_10 lacF_11
[11:30:53] Fixed 2 duplicate /gene - hyi_1 hyi_2
[11:30:53] Fixed 3 duplicate /gene - ahcY_1 ahcY_2 ahcY_3
[11:30:53] Fixed 2 duplicate /gene - murG_1 murG_2
[11:30:53] Fixed 2 duplicate /gene - plsY_1 plsY_2
[11:30:53] Fixed 2 duplicate /gene - hexR_1 hexR_2
[11:30:53] Fixed 2 duplicate /gene - opuCB_1 opuCB_2
[11:30:53] Fixed 17 duplicate /gene - melD_1 melD_2 melD_3 melD_4 melD_5 melD_6 melD_7 melD_8 melD_9 melD_10 melD_11 melD_12 melD_13 melD_14 melD_15 melD_16 melD_17
[11:30:53] Fixed 3 duplicate /gene - lldR_1 lldR_2 lldR_3
[11:30:53] Fixed 6 duplicate /gene - decR_1 decR_2 decR_3 decR_4 decR_5 decR_6
[11:30:53] Fixed 2 duplicate /gene - ydhP_1 ydhP_2
[11:30:53] Fixed 2 duplicate /gene - tolB_1 tolB_2
[11:30:53] Fixed 2 duplicate /gene - map_1 map_2
[11:30:53] Fixed 2 duplicate /gene - ilvA_1 ilvA_2
[11:30:53] Fixed 2 duplicate /gene - cntI_1 cntI_2
[11:30:53] Fixed 2 duplicate /gene - purF_1 purF_2
[11:30:53] Fixed 2 duplicate /gene - imuB_1 imuB_2
[11:30:53] Fixed 2 duplicate /gene - rfuC_1 rfuC_2
[11:30:53] Fixed 6 duplicate /gene - comR_1 comR_2 comR_3 comR_4 comR_5 comR_6
[11:30:53] Fixed 2 duplicate /gene - yhjE_1 yhjE_2
[11:30:53] Fixed 5 duplicate /gene - oppC_1 oppC_2 oppC_3 oppC_4 oppC_5
[11:30:53] Fixed 3 duplicate /gene - dhaA_1 dhaA_2 dhaA_3
[11:30:53] Fixed 4 duplicate /gene - ribN_1 ribN_2 ribN_3 ribN_4
[11:30:53] Fixed 2 duplicate /gene - ydbM_1 ydbM_2
[11:30:53] Fixed 3 duplicate /gene - paoB_1 paoB_2 paoB_3
[11:30:53] Fixed 4 duplicate /gene - dnaJ_1 dnaJ_2 dnaJ_3 dnaJ_4
[11:30:53] Fixed 2 duplicate /gene - yedK_1 yedK_2
[11:30:53] Fixed 2 duplicate /gene - chaA_1 chaA_2
[11:30:53] Fixed 2 duplicate /gene - gmd_1 gmd_2
[11:30:53] Fixed 2 duplicate /gene - accA1_1 accA1_2
[11:30:53] Fixed 9 duplicate /gene - dapA_1 dapA_2 dapA_3 dapA_4 dapA_5 dapA_6 dapA_7 dapA_8 dapA_9
[11:30:53] Fixed 3 duplicate /gene - sfnC_1 sfnC_2 sfnC_3
[11:30:53] Fixed 2 duplicate /gene - gpuA_1 gpuA_2
[11:30:53] Fixed 5 duplicate /gene - lptB_1 lptB_2 lptB_3 lptB_4 lptB_5
[11:30:53] Fixed 2 duplicate /gene - yjlD_1 yjlD_2
[11:30:53] Fixed 2 duplicate /gene - csqR_1 csqR_2
[11:30:53] Fixed 3 duplicate /gene - yheS_1 yheS_2 yheS_3
[11:30:53] Fixed 3 duplicate /gene - xthA_1 xthA_2 xthA_3
[11:30:53] Fixed 2 duplicate /gene - cugP_1 cugP_2
[11:30:53] Fixed 2 duplicate /gene - fhuC_1 fhuC_2
[11:30:53] Fixed 2 duplicate /gene - rhlE_1 rhlE_2
[11:30:53] Fixed 2 duplicate /gene - dmdC_1 dmdC_2
[11:30:53] Fixed 2 duplicate /gene - glmS_1 glmS_2
[11:30:53] Fixed 2 duplicate /gene - coaE_1 coaE_2
[11:30:53] Fixed 18 duplicate /gene - sasA_1 sasA_2 sasA_3 sasA_4 sasA_5 sasA_6 sasA_7 sasA_8 sasA_9 sasA_10 sasA_11 sasA_12 sasA_13 sasA_14 sasA_15 sasA_16 sasA_17 sasA_18
[11:30:53] Fixed 18 duplicate /gene - rbsA_1 rbsA_2 rbsA_3 rbsA_4 rbsA_5 rbsA_6 rbsA_7 rbsA_8 rbsA_9 rbsA_10 rbsA_11 rbsA_12 rbsA_13 rbsA_14 rbsA_15 rbsA_16 rbsA_17 rbsA_18
[11:30:53] Fixed 2 duplicate /gene - nsaD_1 nsaD_2
[11:30:53] Fixed 2 duplicate /gene - betI_1 betI_2
[11:30:53] Fixed 4 duplicate /gene - fabF_1 fabF_2 fabF_3 fabF_4
[11:30:53] Fixed 5 duplicate /gene - gabD_1 gabD_2 gabD_3 gabD_4 gabD_5
[11:30:53] Fixed 6 duplicate /gene - nanR_1 nanR_2 nanR_3 nanR_4 nanR_5 nanR_6
[11:30:53] Fixed 3 duplicate /gene - dppD_1 dppD_2 dppD_3
[11:30:53] Fixed 2 duplicate /gene - rpoH_1 rpoH_2
[11:30:53] Fixed 2 duplicate /gene - occQ_1 occQ_2
[11:30:53] Fixed 2 duplicate /gene - oppB_1 oppB_2
[11:30:53] Fixed 2 duplicate /gene - gpr_1 gpr_2
[11:30:53] Fixed 2 duplicate /gene - thpR_1 thpR_2
[11:30:53] Fixed 3 duplicate /gene - rfbB_1 rfbB_2 rfbB_3
[11:30:53] Fixed 4 duplicate /gene - ycjP_1 ycjP_2 ycjP_3 ycjP_4
[11:30:53] Fixed 3 duplicate /gene - arsC_1 arsC_2 arsC_3
[11:30:53] Fixed 3 duplicate /gene - rbsR_1 rbsR_2 rbsR_3
[11:30:53] Fixed 2 duplicate /gene - mprA_1 mprA_2
[11:30:53] Fixed 2 duplicate /gene - mepA_1 mepA_2
[11:30:53] Fixed 2 duplicate /gene - ynfM_1 ynfM_2
[11:30:53] Fixed 6 duplicate /gene - cheW_1 cheW_2 cheW_3 cheW_4 cheW_5 cheW_6
[11:30:53] Fixed 2 duplicate /gene - artJ_1 artJ_2
[11:30:53] Fixed 2 duplicate /gene - fruK_1 fruK_2
[11:30:53] Fixed 2 duplicate /gene - fhuB_1 fhuB_2
[11:30:53] Fixed 2 duplicate /gene - puuD_1 puuD_2
[11:30:53] Fixed 2 duplicate /gene - cheA_1 cheA_2
[11:30:53] Fixed 3 duplicate /gene - pip_1 pip_2 pip_3
[11:30:53] Fixed 4 duplicate /gene - mdtC_1 mdtC_2 mdtC_3 mdtC_4
[11:30:53] Fixed 3 duplicate /gene - potD_1 potD_2 potD_3
[11:30:53] Fixed 3 duplicate /gene - ngcF_1 ngcF_2 ngcF_3
[11:30:53] Fixed 2 duplicate /gene - cheR_1 cheR_2
[11:30:53] Fixed 10 duplicate /gene - yecS_1 yecS_2 yecS_3 yecS_4 yecS_5 yecS_6 yecS_7 yecS_8 yecS_9 yecS_10
[11:30:53] Fixed 5 duplicate /gene - nagC_1 nagC_2 nagC_3 nagC_4 nagC_5
[11:30:53] Fixed 3 duplicate /gene - paoC_1 paoC_2 paoC_3
[11:30:53] Fixed 14 duplicate /gene - gsiA_1 gsiA_2 gsiA_3 gsiA_4 gsiA_5 gsiA_6 gsiA_7 gsiA_8 gsiA_9 gsiA_10 gsiA_11 gsiA_12 gsiA_13 gsiA_14
[11:30:53] Fixed 2 duplicate /gene - nsrR_1 nsrR_2
[11:30:53] Fixed 2 duplicate /gene - fhuD_1 fhuD_2
[11:30:53] Fixed 4 duplicate /gene - ku_1 ku_2 ku_3 ku_4
[11:30:53] Fixed 5 duplicate /gene - puuB_1 puuB_2 puuB_3 puuB_4 puuB_5
[11:30:53] Fixed 2 duplicate /gene - czcO_1 czcO_2
[11:30:53] Fixed 2 duplicate /gene - nuoM_1 nuoM_2
[11:30:53] Fixed 3 duplicate /gene - clpP_1 clpP_2 clpP_3
[11:30:53] Fixed 3 duplicate /gene - alkJ_1 alkJ_2 alkJ_3
[11:30:53] Fixed 2 duplicate /gene - argD_1 argD_2
[11:30:53] Fixed 3 duplicate /gene - yyaP_1 yyaP_2 yyaP_3
[11:30:53] Fixed 2 duplicate /gene - csd_1 csd_2
[11:30:53] Fixed 6 duplicate /gene - mshA_1 mshA_2 mshA_3 mshA_4 mshA_5 mshA_6
[11:30:53] Fixed 2 duplicate /gene - etfB_1 etfB_2
[11:30:53] Fixed 2 duplicate /gene - nepI_1 nepI_2
[11:30:53] Fixed 2 duplicate /gene - ssuA_1 ssuA_2
[11:30:53] Fixed 4 duplicate /gene - purR_1 purR_2 purR_3 purR_4
[11:30:53] Fixed 3 duplicate /gene - kup_1 kup_2 kup_3
[11:30:53] Fixed 2 duplicate /gene - glnM_1 glnM_2
[11:30:53] Fixed 2 duplicate /gene - lsrF_1 lsrF_2
[11:30:53] Fixed 2 duplicate /gene - exoI_1 exoI_2
[11:30:53] Fixed 2 duplicate /gene - accB_1 accB_2
[11:30:53] Fixed 13 duplicate /gene - dppB_1 dppB_2 dppB_3 dppB_4 dppB_5 dppB_6 dppB_7 dppB_8 dppB_9 dppB_10 dppB_11 dppB_12 dppB_13
[11:30:53] Fixed 3 duplicate /gene - rfuD_1 rfuD_2 rfuD_3
[11:30:53] Fixed 14 duplicate /gene - oppD_1 oppD_2 oppD_3 oppD_4 oppD_5 oppD_6 oppD_7 oppD_8 oppD_9 oppD_10 oppD_11 oppD_12 oppD_13 oppD_14
[11:30:53] Fixed 2 duplicate /gene - yxaF_1 yxaF_2
[11:30:53] Fixed 2 duplicate /gene - argP_1 argP_2
[11:30:53] Fixed 2 duplicate /gene - doeA_1 doeA_2
[11:30:53] Fixed 2 duplicate /gene - calB_1 calB_2
[11:30:53] Fixed 3 duplicate /gene - yhdN_1 yhdN_2 yhdN_3
[11:30:53] Fixed 2 duplicate /gene - groS5_1 groS5_2
[11:30:53] Fixed 2 duplicate /gene - garR_1 garR_2
[11:30:53] Fixed 2 duplicate /gene - alaS_1 alaS_2
[11:30:53] Fixed 2 duplicate /gene - ugpQ_1 ugpQ_2
[11:30:53] Fixed 2 duplicate /gene - rutF_1 rutF_2
[11:30:53] Fixed 2 duplicate /gene - ggt_1 ggt_2
[11:30:53] Fixed 3 duplicate /gene - carA_1 carA_2 carA_3
[11:30:53] Fixed 5 duplicate /gene - bacC_1 bacC_2 bacC_3 bacC_4 bacC_5
[11:30:53] Fixed 20 duplicate /gene - ugpC_1 ugpC_2 ugpC_3 ugpC_4 ugpC_5 ugpC_6 ugpC_7 ugpC_8 ugpC_9 ugpC_10 ugpC_11 ugpC_12 ugpC_13 ugpC_14 ugpC_15 ugpC_16 ugpC_17 ugpC_18 ugpC_19 ugpC_20
[11:30:53] Fixed 3 duplicate /gene - hpyO_1 hpyO_2 hpyO_3
[11:30:53] Fixed 2 duplicate /gene - ohrB_1 ohrB_2
[11:30:53] Fixed 3 duplicate /gene - rbtD_1 rbtD_2 rbtD_3
[11:30:53] Fixed 2 duplicate /gene - kdgK_1 kdgK_2
[11:30:53] Fixed 4 duplicate /gene - dhmA_1 dhmA_2 dhmA_3 dhmA_4
[11:30:53] Fixed 4 duplicate /gene - glaR_1 glaR_2 glaR_3 glaR_4
[11:30:53] Fixed 2 duplicate /gene - paoD_1 paoD_2
[11:30:53] Fixed 2 duplicate /gene - rapA_1 rapA_2
[11:30:53] Fixed 2 duplicate /gene - xylF_1 xylF_2
[11:30:53] Fixed 2 duplicate /gene - parE4_1 parE4_2
[11:30:53] Fixed 2 duplicate /gene - accC_1 accC_2
[11:30:53] Fixed 7 duplicate /gene - menH_1 menH_2 menH_3 menH_4 menH_5 menH_6 menH_7
[11:30:53] Fixed 2 duplicate /gene - alr_1 alr_2
[11:30:53] Fixed 7 duplicate /gene - hcaB_1 hcaB_2 hcaB_3 hcaB_4 hcaB_5 hcaB_6 hcaB_7
[11:30:53] Fixed 12 duplicate /gene - rhaS_1 rhaS_2 rhaS_3 rhaS_4 rhaS_5 rhaS_6 rhaS_7 rhaS_8 rhaS_9 rhaS_10 rhaS_11 rhaS_12
[11:30:53] Fixed 4 duplicate /gene - dapE_1 dapE_2 dapE_3 dapE_4
[11:30:53] Fixed 3 duplicate /gene - ycaD_1 ycaD_2 ycaD_3
[11:30:53] Fixed 4 duplicate /gene - rpaR_1 rpaR_2 rpaR_3 rpaR_4
[11:30:53] Fixed 2 duplicate /gene - mdtD_1 mdtD_2
[11:30:53] Fixed 2 duplicate /gene - gpmA_1 gpmA_2
[11:30:53] Fixed 4 duplicate /gene - occP_1 occP_2 occP_3 occP_4
[11:30:53] Fixed 2 duplicate /gene - puuC_1 puuC_2
[11:30:53] Fixed 2 duplicate /gene - aroQ_1 aroQ_2
[11:30:53] Fixed 5 duplicate /gene - gdh_1 gdh_2 gdh_3 gdh_4 gdh_5
[11:30:53] Fixed 5 duplicate /gene - livH_1 livH_2 livH_3 livH_4 livH_5
[11:30:53] Fixed 5 duplicate /gene - oxyR_1 oxyR_2 oxyR_3 oxyR_4 oxyR_5
[11:30:53] Fixed 17 duplicate /gene - fabG_1 fabG_2 fabG_3 fabG_4 fabG_5 fabG_6 fabG_7 fabG_8 fabG_9 fabG_10 fabG_11 fabG_12 fabG_13 fabG_14 fabG_15 fabG_16 fabG_17
[11:30:53] Fixed 2 duplicate /gene - coaA_1 coaA_2
[11:30:53] Fixed 9 duplicate /gene - ccpA_1 ccpA_2 ccpA_3 ccpA_4 ccpA_5 ccpA_6 ccpA_7 ccpA_8 ccpA_9
[11:30:53] Fixed 2 duplicate /gene - yejF_1 yejF_2
[11:30:53] Fixed 10 duplicate /gene - ngcG_1 ngcG_2 ngcG_3 ngcG_4 ngcG_5 ngcG_6 ngcG_7 ngcG_8 ngcG_9 ngcG_10
[11:30:53] Fixed 10 duplicate /gene - rhaR_1 rhaR_2 rhaR_3 rhaR_4 rhaR_5 rhaR_6 rhaR_7 rhaR_8 rhaR_9 rhaR_10
[11:30:53] Fixed 2 duplicate /gene - rihA_1 rihA_2
[11:30:53] Fixed 2 duplicate /gene - ilvE_1 ilvE_2
[11:30:53] Fixed 2 duplicate /gene - occT_1 occT_2
[11:30:53] Fixed 2 duplicate /gene - fusA_1 fusA_2
[11:30:53] Fixed 4 duplicate /gene - ugpB_1 ugpB_2 ugpB_3 ugpB_4
[11:30:53] Fixed 11 duplicate /gene - hdfR_1 hdfR_2 hdfR_3 hdfR_4 hdfR_5 hdfR_6 hdfR_7 hdfR_8 hdfR_9 hdfR_10 hdfR_11
[11:30:53] Fixed 3 duplicate /gene - soxA_1 soxA_2 soxA_3
[11:30:53] Fixed 2 duplicate /gene - dppC_1 dppC_2
[11:30:53] Fixed 2 duplicate /gene - mnmC_1 mnmC_2
[11:30:53] Fixed 2 duplicate /gene - tcyA_1 tcyA_2
[11:30:53] Fixed 4 duplicate /gene - mtgA_1 mtgA_2 mtgA_3 mtgA_4
[11:30:53] Fixed 2 duplicate /gene - prmC_1 prmC_2
[11:30:53] Fixed 3 duplicate /gene - degP_1 degP_2 degP_3
[11:30:53] Fixed 2 duplicate /gene - flhA_1 flhA_2
[11:30:53] Fixed 2 duplicate /gene - bpoC_1 bpoC_2
[11:30:53] Fixed 2 duplicate /gene - glpK_1 glpK_2
[11:30:53] Fixed 7 duplicate /gene - sugB_1 sugB_2 sugB_3 sugB_4 sugB_5 sugB_6 sugB_7
[11:30:53] Fixed 2 duplicate /gene - paaF_1 paaF_2
[11:30:53] Fixed 3 duplicate /gene - eryB_1 eryB_2 eryB_3
[11:30:53] Fixed 2 duplicate /gene - atpB_1 atpB_2
[11:30:53] Fixed 2 duplicate /gene - glxR_1 glxR_2
[11:30:53] Fixed 2 duplicate /gene - nhaP_1 nhaP_2
[11:30:53] Fixed 3 duplicate /gene - betA_1 betA_2 betA_3
[11:30:53] Fixed 2 duplicate /gene - cysA_1 cysA_2
[11:30:53] Fixed 2 duplicate /gene - rapA2_1 rapA2_2
[11:30:53] Fixed 5 duplicate /gene - ecfG_1 ecfG_2 ecfG_3 ecfG_4 ecfG_5
[11:30:53] Fixed 2 duplicate /gene - idnD_1 idnD_2
[11:30:53] Fixed 2 duplicate /gene - gci_1 gci_2
[11:30:53] Fixed 2 duplicate /gene - dnaE2_1 dnaE2_2
[11:30:53] Fixed 3 duplicate /gene - dadA_1 dadA_2 dadA_3
[11:30:53] Fixed 2 duplicate /gene - rnd_1 rnd_2
[11:30:53] Fixed 2 duplicate /gene - iolB_1 iolB_2
[11:30:53] Fixed 2 duplicate /gene - gbpR_1 gbpR_2
[11:30:53] Fixed 2 duplicate /gene - dctB_1 dctB_2
[11:30:53] Fixed 2 duplicate /gene - arsH_1 arsH_2
[11:30:53] Fixed 2 duplicate /gene - pepA_1 pepA_2
[11:30:53] Fixed 2 duplicate /gene - IMPDH_1 IMPDH_2
[11:30:53] Fixed 3 duplicate /gene - dxs_1 dxs_2 dxs_3
[11:30:53] Fixed 5 duplicate /gene - acsA_1 acsA_2 acsA_3 acsA_4 acsA_5
[11:30:53] Fixed 5 duplicate /gene - mntB_1 mntB_2 mntB_3 mntB_4 mntB_5
[11:30:53] Fixed 3 duplicate /gene - nrsF_1 nrsF_2 nrsF_3
[11:30:53] Fixed 2 duplicate /gene - araG_1 araG_2
[11:30:53] Fixed 2 duplicate /gene - adh1_1 adh1_2
[11:30:53] Fixed 2 duplicate /gene - catD_1 catD_2
[11:30:53] Fixed 4 duplicate /gene - fucU_1 fucU_2 fucU_3 fucU_4
[11:30:53] Fixed 5 duplicate /gene - ligD_1 ligD_2 ligD_3 ligD_4 ligD_5
[11:30:53] Fixed 3 duplicate /gene - caiD_1 caiD_2 caiD_3
[11:30:53] Fixed 11 duplicate /gene - gcvA_1 gcvA_2 gcvA_3 gcvA_4 gcvA_5 gcvA_6 gcvA_7 gcvA_8 gcvA_9 gcvA_10 gcvA_11
[11:30:53] Fixed 4 duplicate /gene - ribX_1 ribX_2 ribX_3 ribX_4
[11:30:53] Fixed 6 duplicate /gene - gntR_1 gntR_2 gntR_3 gntR_4 gntR_5 gntR_6
[11:30:53] Fixed 7 duplicate /gene - sugC_1 sugC_2 sugC_3 sugC_4 sugC_5 sugC_6 sugC_7
[11:30:53] Fixed 4 duplicate /gene - yciC_1 yciC_2 yciC_3 yciC_4
[11:30:53] Fixed 3 duplicate /gene - ilvI_1 ilvI_2 ilvI_3
[11:30:53] Fixed 2 duplicate /gene - tetC_1 tetC_2
[11:30:53] Fixed 2 duplicate /gene - pyrC_1 pyrC_2
[11:30:53] Fixed 2 duplicate /gene - msiK_1 msiK_2
[11:30:53] Fixed 4 duplicate /gene - agpA_1 agpA_2 agpA_3 agpA_4
[11:30:53] Fixed 2 duplicate /gene - tag_1 tag_2
[11:30:53] Fixed 2 duplicate /gene - fumC_1 fumC_2
[11:30:53] Fixed 2 duplicate /gene - otnI_1 otnI_2
[11:30:53] Fixed 3 duplicate /gene - bdcA_1 bdcA_2 bdcA_3
[11:30:53] Fixed 2 duplicate /gene - gloB_1 gloB_2
[11:30:53] Fixed 2 duplicate /gene - yknY_1 yknY_2
[11:30:53] Fixed 3 duplicate /gene - cheY_1 cheY_2 cheY_3
[11:30:53] Fixed 5 duplicate /gene - lacG_1 lacG_2 lacG_3 lacG_4 lacG_5
[11:30:53] Fixed 4 duplicate /gene - slyA_1 slyA_2 slyA_3 slyA_4
[11:30:53] Fixed 2 duplicate /gene - nagK_1 nagK_2
[11:30:53] Fixed 2 duplicate /gene - glmM_1 glmM_2
[11:30:53] Fixed 3 duplicate /gene - hchA_1 hchA_2 hchA_3
[11:30:53] Fixed 2 duplicate /gene - lolD_1 lolD_2
[11:30:53] Fixed 2 duplicate /gene - secDF_1 secDF_2
[11:30:53] Fixed 2 duplicate /gene - deoC_1 deoC_2
[11:30:53] Fixed 2 duplicate /gene - lrpC_1 lrpC_2
[11:30:53] Fixed 2 duplicate /gene - parD4_1 parD4_2
[11:30:53] Fixed 4 duplicate /gene - yabJ_1 yabJ_2 yabJ_3 yabJ_4
[11:30:53] Fixed 4 duplicate /gene - ssuC_1 ssuC_2 ssuC_3 ssuC_4
[11:30:53] Fixed 3 duplicate /gene - appA_1 appA_2 appA_3
[11:30:53] Fixed 2 duplicate /gene - nuoH_1 nuoH_2
[11:30:53] Fixed 2 duplicate /gene - scrK_1 scrK_2
[11:30:53] Fixed 2 duplicate /gene - aziB2_1 aziB2_2
[11:30:53] Fixed 2 duplicate /gene - hcaR_1 hcaR_2
[11:30:53] Fixed 3 duplicate /gene - tam_1 tam_2 tam_3
[11:30:53] Fixed 2 duplicate /gene - tyrS_1 tyrS_2
[11:30:53] Fixed 2 duplicate /gene - rlmB_1 rlmB_2
[11:30:53] Fixed 2 duplicate /gene - purC_1 purC_2
[11:30:53] Fixed 3 duplicate /gene - amiC_1 amiC_2 amiC_3
[11:30:53] Fixed 4 duplicate /gene - bepA_1 bepA_2 bepA_3 bepA_4
[11:30:53] Fixed 12 duplicate /gene - oppF_1 oppF_2 oppF_3 oppF_4 oppF_5 oppF_6 oppF_7 oppF_8 oppF_9 oppF_10 oppF_11 oppF_12
[11:30:53] Fixed 3 duplicate /gene - mdtE_1 mdtE_2 mdtE_3
[11:30:53] Fixed 11 duplicate /gene - lrp_1 lrp_2 lrp_3 lrp_4 lrp_5 lrp_6 lrp_7 lrp_8 lrp_9 lrp_10 lrp_11
[11:30:53] Fixed 4 duplicate /gene - bcr_1 bcr_2 bcr_3 bcr_4
[11:30:53] Fixed 4 duplicate /gene - lsrD_1 lsrD_2 lsrD_3 lsrD_4
[11:30:53] Fixed 2 duplicate /gene - thrB_1 thrB_2
[11:30:53] Fixed 3 duplicate /gene - ycjO_1 ycjO_2 ycjO_3
[11:30:53] Fixed 3 duplicate /gene - melA_1 melA_2 melA_3
[11:30:53] Fixed 3 duplicate /gene - sfnF_1 sfnF_2 sfnF_3
[11:30:53] Fixed 4 duplicate /gene - ibpA_1 ibpA_2 ibpA_3 ibpA_4
[11:30:53] Fixed 5 duplicate /gene - ugpA_1 ugpA_2 ugpA_3 ugpA_4 ugpA_5
[11:30:53] Fixed 4 duplicate /gene - soxB_1 soxB_2 soxB_3 soxB_4
[11:30:53] Fixed 2 duplicate /gene - purU_1 purU_2
[11:30:53] Fixed 2 duplicate /gene - corA_1 corA_2
[11:30:53] Fixed 4 duplicate /gene - dgoD_1 dgoD_2 dgoD_3 dgoD_4
[11:30:53] Fixed 2 duplicate /gene - tcyB_1 tcyB_2
[11:30:53] Fixed 2 duplicate /gene - melR_1 melR_2
[11:30:53] Fixed 2 duplicate /gene - argF_1 argF_2
[11:30:53] Fixed 3 duplicate /gene - lldD_1 lldD_2 lldD_3
[11:30:53] Fixed 2 duplicate /gene - hypBA1_1 hypBA1_2
[11:30:53] Fixed 2 duplicate /gene - hlyD_1 hlyD_2
[11:30:53] Fixed 2 duplicate /gene - dmsA_1 dmsA_2
[11:30:53] Fixed 2 duplicate /gene - adhA_1 adhA_2
[11:30:53] Fixed 2 duplicate /gene - ydjH_1 ydjH_2
[11:30:53] Fixed 2 duplicate /gene - lyx_1 lyx_2
[11:30:53] Fixed 2 duplicate /gene - ubiL_1 ubiL_2
[11:30:53] Fixed 5 duplicate /gene - fliY_1 fliY_2 fliY_3 fliY_4 fliY_5
[11:30:53] Fixed 2 duplicate /gene - epsL_1 epsL_2
[11:30:53] Fixed 2 duplicate /gene - phoB_1 phoB_2
[11:30:53] Fixed 2 duplicate /gene - pdxI_1 pdxI_2
[11:30:53] Fixed 2 duplicate /gene - argE_1 argE_2
[11:30:53] Fixed 2 duplicate /gene - puuA_1 puuA_2
[11:30:53] Fixed 2 duplicate /gene - aroA_1 aroA_2
[11:30:53] Fixed 2 duplicate /gene - dauA_1 dauA_2
[11:30:53] Fixed 2 duplicate /gene - atm1_1 atm1_2
[11:30:53] Fixed 2 duplicate /gene - dinG_1 dinG_2
[11:30:53] Fixed 2 duplicate /gene - xdh_1 xdh_2
[11:30:53] Fixed 2 duplicate /gene - mmgC_1 mmgC_2
[11:30:53] Fixed 10 duplicate /gene - gsiD_1 gsiD_2 gsiD_3 gsiD_4 gsiD_5 gsiD_6 gsiD_7 gsiD_8 gsiD_9 gsiD_10
[11:30:53] Fixed 2 duplicate /gene - maa_1 maa_2
[11:30:53] Fixed 2 duplicate /gene - aar_1 aar_2
[11:30:53] Fixed 2 duplicate /gene - etfA_1 etfA_2
[11:30:53] Fixed 4 duplicate /gene - xerC_1 xerC_2 xerC_3 xerC_4
[11:30:53] Fixed 6 duplicate /gene - ssuB_1 ssuB_2 ssuB_3 ssuB_4 ssuB_5 ssuB_6
[11:30:53] Fixed 2 duplicate /gene - gppA_1 gppA_2
[11:30:53] Fixed 2 duplicate /gene - yqaA_1 yqaA_2
[11:30:53] Fixed 2 duplicate /gene - hyuA_1 hyuA_2
[11:30:53] Fixed 5 duplicate /gene - potA_1 potA_2 potA_3 potA_4 potA_5
[11:30:53] Fixed 3 duplicate /gene - ropA_1 ropA_2 ropA_3
[11:30:53] Fixed 2 duplicate /gene - rlpA_1 rlpA_2
[11:30:53] Fixed 8 duplicate /gene - dppA_1 dppA_2 dppA_3 dppA_4 dppA_5 dppA_6 dppA_7 dppA_8
[11:30:53] Fixed 2 duplicate /gene - ptsN_1 ptsN_2
[11:30:53] Fixed 2 duplicate /gene - nuoK_1 nuoK_2
[11:30:53] Fixed 2 duplicate /gene - doeB_1 doeB_2
[11:30:53] Fixed 2 duplicate /gene - lacZ_1 lacZ_2
[11:30:53] Fixed 15 duplicate /gene - pgrR_1 pgrR_2 pgrR_3 pgrR_4 pgrR_5 pgrR_6 pgrR_7 pgrR_8 pgrR_9 pgrR_10 pgrR_11 pgrR_12 pgrR_13 pgrR_14 pgrR_15
[11:30:53] Fixed 7 duplicate /gene - cdhR_1 cdhR_2 cdhR_3 cdhR_4 cdhR_5 cdhR_6 cdhR_7
[11:30:53] Fixed 2 duplicate /gene - phzF_1 phzF_2
[11:30:53] Fixed 2 duplicate /gene - carB_1 carB_2
[11:30:53] Fixed 2 duplicate /gene - mdh_1 mdh_2
[11:30:53] Fixed 2 duplicate /gene - panB_1 panB_2
[11:30:53] Fixed 2 duplicate /gene - moaA_1 moaA_2
[11:30:53] Fixed 5 duplicate /gene - fitB_1 fitB_2 fitB_3 fitB_4 fitB_5
[11:30:53] Fixed 3 duplicate /gene - takP_1 takP_2 takP_3
[11:30:53] Fixed 2 duplicate /gene - afr_1 afr_2
[11:30:53] Fixed 2 duplicate /gene - bamA_1 bamA_2
[11:30:53] Fixed 2 duplicate /gene - yqjF_1 yqjF_2
[11:30:53] Fixed 3 duplicate /gene - ywrD_1 ywrD_2 ywrD_3
[11:30:53] Fixed 2 duplicate /gene - ftsZ_1 ftsZ_2
[11:30:53] Fixed 6 duplicate /gene - cysQ_1 cysQ_2 cysQ_3 cysQ_4 cysQ_5 cysQ_6
[11:30:53] Fixed 3 duplicate /gene - ndhB_1 ndhB_2 ndhB_3
[11:30:53] Fixed 2 duplicate /gene - entS_1 entS_2
[11:30:53] Fixed 4 duplicate /gene - hutH_1 hutH_2 hutH_3 hutH_4
[11:30:53] Fixed 2 duplicate /gene - fadJ_1 fadJ_2
[11:30:53] Fixed 2 duplicate /gene - xynB_1 xynB_2
[11:30:53] Fixed 2 duplicate /gene - rsmB_1 rsmB_2
[11:30:53] Fixed 2 duplicate /gene - lgoR_1 lgoR_2
[11:30:53] Fixed 2 duplicate /gene - msrQ_1 msrQ_2
[11:30:53] Fixed 2 duplicate /gene - malL_1 malL_2
[11:30:53] Fixed 3 duplicate /gene - davD_1 davD_2 davD_3
[11:30:53] Fixed 2 duplicate /gene - dhaK_1 dhaK_2
[11:30:53] Fixed 3 duplicate /gene - fixK_1 fixK_2 fixK_3
[11:30:53] Fixed 2 duplicate /gene - gloA_1 gloA_2
[11:30:53] Fixed 3 duplicate /gene - araC_1 araC_2 araC_3
[11:30:53] Fixed 7 duplicate /gene - cytR_1 cytR_2 cytR_3 cytR_4 cytR_5 cytR_6 cytR_7
[11:30:53] Fixed 2 duplicate /gene - rnhA_1 rnhA_2
[11:30:53] Fixed 2 duplicate /gene - pcrA_1 pcrA_2
[11:30:53] Fixed 6 duplicate /gene - livF_1 livF_2 livF_3 livF_4 livF_5 livF_6
[11:30:53] Fixed 2 duplicate /gene - mmcO_1 mmcO_2
[11:30:53] Fixed 3 duplicate /gene - ade_1 ade_2 ade_3
[11:30:53] Fixed 6 duplicate /gene - araQ_1 araQ_2 araQ_3 araQ_4 araQ_5 araQ_6
[11:30:53] Fixed 2 duplicate /gene - dnaK_1 dnaK_2
[11:30:53] Fixed 2 duplicate /gene - yedA_1 yedA_2
[11:30:53] Fixed 2 duplicate /gene - phyR_1 phyR_2
[11:30:53] Fixed 2 duplicate /gene - otnK_1 otnK_2
[11:30:53] Fixed 2 duplicate /gene - codA_1 codA_2
[11:30:53] Fixed 3 duplicate /gene - todT_1 todT_2 todT_3
[11:30:53] Fixed 2 duplicate /gene - tenA_1 tenA_2
[11:30:53] Fixed 4 duplicate /gene - xylH_1 xylH_2 xylH_3 xylH_4
[11:30:53] Fixed 3 duplicate /gene - ybjJ_1 ybjJ_2 ybjJ_3
[11:30:53] Fixed 4 duplicate /gene - mltF_1 mltF_2 mltF_3 mltF_4
[11:30:53] Fixed 2 duplicate /gene - menF_1 menF_2
[11:30:53] Fixed 4 duplicate /gene - occM_1 occM_2 occM_3 occM_4
[11:30:53] Fixed 2 duplicate /gene - phnM_1 phnM_2
[11:30:53] Fixed 3 duplicate /gene - rbsK_1 rbsK_2 rbsK_3
[11:30:53] Fixed 2 duplicate /gene - groL5_1 groL5_2
[11:30:53] Fixed 2 duplicate /gene - ndhC_1 ndhC_2
[11:30:53] Fixed 10 duplicate /gene - sugA_1 sugA_2 sugA_3 sugA_4 sugA_5 sugA_6 sugA_7 sugA_8 sugA_9 sugA_10
[11:30:53] Fixed 2 duplicate /gene - msrB_1 msrB_2
[11:30:53] Fixed 2 duplicate /gene - ydiK_1 ydiK_2
[11:30:53] Fixed 3 duplicate /gene - vapC_1 vapC_2 vapC_3
[11:30:53] Fixed 6 duplicate /gene - dapH_1 dapH_2 dapH_3 dapH_4 dapH_5 dapH_6
[11:30:53] Fixed 5 duplicate /gene - rspR_1 rspR_2 rspR_3 rspR_4 rspR_5
[11:30:53] Fixed 2 duplicate /gene - rspA_1 rspA_2
[11:30:53] Fixed 3 duplicate /gene - betB_1 betB_2 betB_3
[11:30:53] Fixed 3 duplicate /gene - nanK_1 nanK_2 nanK_3
[11:30:53] Fixed 4 duplicate /gene - iolS_1 iolS_2 iolS_3 iolS_4
[11:30:53] Fixed 3 duplicate /gene - thiE_1 thiE_2 thiE_3
[11:30:53] Fixed 15 duplicate /gene - iolG_1 iolG_2 iolG_3 iolG_4 iolG_5 iolG_6 iolG_7 iolG_8 iolG_9 iolG_10 iolG_11 iolG_12 iolG_13 iolG_14 iolG_15
[11:30:53] Fixed 3 duplicate /gene - hmuU_1 hmuU_2 hmuU_3
[11:30:53] Fixed 3 duplicate /gene - ulaR_1 ulaR_2 ulaR_3
[11:30:53] Fixed 2 duplicate /gene - ada_1 ada_2
[11:30:53] Fixed 3 duplicate /gene - deoR_1 deoR_2 deoR_3
[11:30:53] Fixed 3 duplicate /gene - hilA_1 hilA_2 hilA_3
[11:30:53] Fixed 6 duplicate /gene - rafR_1 rafR_2 rafR_3 rafR_4 rafR_5 rafR_6
[11:30:53] Fixed 3 duplicate /gene - araB_1 araB_2 araB_3
[11:30:53] Fixed 2 duplicate /gene - glnP_1 glnP_2
[11:30:53] Fixed 3 duplicate /gene - ucpA_1 ucpA_2 ucpA_3
[11:30:53] Fixed 2 duplicate /gene - prs_1 prs_2
[11:30:53] Fixed 2 duplicate /gene - yxeN_1 yxeN_2
[11:30:53] Fixed 555 colliding /gene names.
[11:30:53] Adding /locus_tag identifiers
[11:30:53] Assigned 6868 locus_tags to CDS and RNA features.
[11:30:53] Writing outputs to ./G016.fsa_prokka/
[11:31:08] Generating annotation statistics file
[11:31:08] Generating Genbank and Sequin files
[11:31:08] Running: tbl2asn -V b -a r10k -l paired-ends -M n -N 1 -y 'Annotated using prokka 1.14.6 from https://github.com/tseemann/prokka' -Z \.\/G016\.fsa_prokka\/\.\/G016\.fsa\.err -i \.\/G016\.fsa_prokka\/\.\/G016\.fsa\.fsa 2> /dev/null
[11:31:24] Deleting unwanted file: ./G016.fsa_prokka/errorsummary.val
[11:31:24] Deleting unwanted file: ./G016.fsa_prokka/./G016.fsa.dr
[11:31:24] Deleting unwanted file: ./G016.fsa_prokka/./G016.fsa.fixedproducts
[11:31:24] Deleting unwanted file: ./G016.fsa_prokka/./G016.fsa.ecn
[11:31:24] Deleting unwanted file: ./G016.fsa_prokka/./G016.fsa.val
[11:31:24] Repairing broken .GBK output that tbl2asn produces...
[11:31:24] Running: sed 's/COORDINATES: profile/COORDINATES:profile/' < \.\/G016\.fsa_prokka\/\.\/G016\.fsa\.gbf > \.\/G016\.fsa_prokka\/\.\/G016\.fsa\.gbk
[11:31:24] Deleting unwanted file: ./G016.fsa_prokka/./G016.fsa.gbf
[11:31:24] Output files:
[11:31:24] Annotation finished successfully.
[11:31:24] Walltime used: 8.25 minutes
[11:31:24] If you use this result please cite the Prokka paper:
[11:31:24] Seemann T (2014) Prokka: rapid prokaryotic genome annotation. Bioinformatics. 30(14):2068-9.
[11:31:24] Type 'prokka --citation' for more details.
[11:31:24] Share and enjoy!
