[10:31:06] This is prokka 1.14.6
[10:31:06] Written by Torsten Seemann <torsten.seemann@gmail.com>
[10:31:06] Homepage is https://github.com/tseemann/prokka
[10:31:06] Local time is Tue Dec 12 10:31:06 2023
[10:31:06] You are joshgb
[10:31:06] Operating system is linux
[10:31:06] You have BioPerl 1.7.8
[10:31:06] System has 8 cores.
[10:31:06] Will use maximum of 8 cores.
[10:31:06] Annotating as >>> Bacteria <<<
[10:31:06] Generating locus_tag from './H012.fsa' contents.
[10:31:06] Setting --locustag KFEINPEI from MD5 4fe279e2218487218baad20ee2e25675
[10:31:06] Creating new output folder: ./H012.fsa_prokka
[10:31:06] Running: mkdir -p \.\/H012\.fsa_prokka
[10:31:06] Using filename prefix: ./H012.fsa.XXX
[10:31:06] Setting HMMER_NCPU=1
[10:31:06] Writing log to: ./H012.fsa_prokka/./H012.fsa.log
[10:31:06] Command: /home/joshgb/anaconda3/envs/bio/bin/prokka --outdir ./H012.fsa_prokka --prefix ./H012.fsa --genus Rhizobium --species leguminosarum ./H012.fsa
[10:31:06] Appending to PATH: /home/joshgb/anaconda3/envs/bio/bin
[10:31:06] Looking for 'aragorn' - found /home/joshgb/anaconda3/envs/bio/bin/aragorn
[10:31:06] Determined aragorn version is 001002 from 'ARAGORN v1.2.41 Dean Laslett'
[10:31:06] Looking for 'barrnap' - found /home/joshgb/anaconda3/envs/bio/bin/barrnap
[10:31:06] Determined barrnap version is 000009 from 'barrnap 0.9'
[10:31:06] Looking for 'blastp' - found /home/joshgb/anaconda3/envs/bio/bin/blastp
[10:31:06] Determined blastp version is 002015 from 'blastp: 2.15.0+'
[10:31:06] Looking for 'cmpress' - found /home/joshgb/anaconda3/envs/bio/bin/cmpress
[10:31:06] Determined cmpress version is 001001 from '# INFERNAL 1.1.4 (Dec 2020)'
[10:31:06] Looking for 'cmscan' - found /home/joshgb/anaconda3/envs/bio/bin/cmscan
[10:31:06] Determined cmscan version is 001001 from '# INFERNAL 1.1.4 (Dec 2020)'
[10:31:06] Looking for 'egrep' - found /usr/bin/egrep
[10:31:06] Looking for 'find' - found /usr/bin/find
[10:31:06] Looking for 'grep' - found /usr/bin/grep
[10:31:06] Looking for 'hmmpress' - found /home/joshgb/anaconda3/envs/bio/bin/hmmpress
[10:31:06] Determined hmmpress version is 003004 from '# HMMER 3.4 (Aug 2023); http://hmmer.org/'
[10:31:06] Looking for 'hmmscan' - found /home/joshgb/anaconda3/envs/bio/bin/hmmscan
[10:31:06] Determined hmmscan version is 003004 from '# HMMER 3.4 (Aug 2023); http://hmmer.org/'
[10:31:06] Looking for 'java' - found /home/joshgb/anaconda3/envs/bio/bin/java
[10:31:06] Looking for 'makeblastdb' - found /home/joshgb/anaconda3/envs/bio/bin/makeblastdb
[10:31:06] Determined makeblastdb version is 002015 from 'makeblastdb: 2.15.0+'
[10:31:06] Looking for 'minced' - found /home/joshgb/anaconda3/envs/bio/bin/minced
[10:31:06] Determined minced version is 004002 from 'minced 0.4.2'
[10:31:06] Looking for 'parallel' - found /home/joshgb/anaconda3/envs/bio/bin/parallel
[10:31:06] Determined parallel version is 20231122 from 'GNU parallel 20231122'
[10:31:06] Looking for 'prodigal' - found /home/joshgb/anaconda3/envs/bio/bin/prodigal
[10:31:06] Determined prodigal version is 002006 from 'Prodigal V2.6.3: February, 2016'
[10:31:06] Looking for 'prokka-genbank_to_fasta_db' - found /home/joshgb/anaconda3/envs/bio/bin/prokka-genbank_to_fasta_db
[10:31:07] Looking for 'sed' - found /usr/bin/sed
[10:31:07] Looking for 'tbl2asn' - found /home/joshgb/anaconda3/envs/bio/bin/tbl2asn
[10:31:07] Determined tbl2asn version is 025007 from 'tbl2asn 25.7   arguments:'
[10:31:07] Using genetic code table 11.
[10:31:07] Loading and checking input file: ./H012.fsa
[10:31:07] Wrote 86 contigs totalling 7483624 bp.
[10:31:07] Predicting tRNAs and tmRNAs
[10:31:07] Running: aragorn -l -gc11  -w \.\/H012\.fsa_prokka\/\.\/H012\.fsa\.fna
[10:31:10] 1 tRNA-Pro c[59162,59238] 35 (tgg)
[10:31:10] 2 tRNA-Arg [60243,60319] 35 (tct)
[10:31:10] 1 tRNA-Thr c[17681,17756] 34 (cgt)
[10:31:10] 1 tRNA-Ala c[790,865] 34 (tgc)
[10:31:10] 2 tRNA-Ile c[959,1035] 35 (gat)
[10:31:10] 1 tRNA-Ile [259,335] 35 (gat)
[10:31:10] 2 tRNA-Ala [426,501] 34 (tgc)
[10:31:10] 1 tRNA-Ile [259,335] 35 (gat)
[10:31:10] 2 tRNA-Ala [427,502] 34 (tgc)
[10:31:10] 1 tRNA-Met [74264,74340] 35 (cat)
[10:31:10] 2 tRNA-Ala [147031,147106] 34 (ggc)
[10:31:10] 3 tRNA-Ser c[246077,246166] 35 (gga)
[10:31:10] 4 tRNA-Leu c[303809,303895] 35 (cag)
[10:31:10] 5 tRNA-Arg [543725,543801] 35 (acg)
[10:31:10] 6 tRNA-Gly [567720,567793] 33 (ccc)
[10:31:10] 7 tRNA-Thr c[620502,620576] 33 (ggt)
[10:31:10] 8 tRNA-Phe [626786,626861] 34 (gaa)
[10:31:10] 9 tRNA-His [800851,800927] 35 (gtg)
[10:31:10] 10 tRNA-Gln c[842364,842437] 33 (ctg)
[10:31:10] 11 tRNA-Gln [1116765,1116838] 33 (ttg)
[10:31:10] 12 tRNA-Pro [1136339,1136415] 35 (cgg)
[10:31:10] 13 tRNA-Ser [1473114,1473204] 35 (gct)
[10:31:10] 14 tRNA-Trp [1556436,1556525] 37 (cca)
[10:31:10] 15 tRNA-Pro [1637944,1638020] 35 (ggg)
[10:31:10] 16 tRNA-Val c[1697971,1698046] 34 (tac)
[10:31:10] 17 tRNA-Asp [1698451,1698527] 35 (gtc)
[10:31:10] 18 tRNA-Asp [1698612,1698688] 35 (gtc)
[10:31:10] 19 tRNA-Thr [1761865,1761940] 34 (tgt)
[10:31:10] 20 tRNA-Tyr [1764230,1764314] 35 (gta)
[10:31:10] 21 tRNA-Gly [1764339,1764412] 33 (tcc)
[10:31:10] 22 tRNA-Trp [1767507,1767582] 34 (cca)
[10:31:10] 23 tRNA-Asn c[1947807,1947881] 33 (gtt)
[10:31:10] 24 tRNA-Cys [1952611,1952684] 33 (gca)
[10:31:10] 25 tRNA-Leu [1989385,1989469] 35 (tag)
[10:31:10] 26 tRNA-Glu c[2024722,2024796] 34 (ttc)
[10:31:10] 27 tRNA-Glu c[2024973,2025047] 34 (ctc)
[10:31:10] 28 tRNA-Glu c[2025122,2025196] 34 (ttc)
[10:31:10] 29 tRNA-Lys [2137100,2137175] 34 (ttt)
[10:31:10] 30 tRNA-Ser [2290649,2290738] 35 (tga)
[10:31:10] 31 tRNA-Leu [2355865,2355949] 35 (gag)
[10:31:10] 32 tRNA-Lys c[3020752,3020827] 34 (ctt)
[10:31:10] 33 tmRNA* [3090832,3091172] 212,250 ANDNYAEARLAA*
[10:31:10] 34 tRNA-Met [3240645,3240720] 34 (cat)
[10:31:10] 35 tRNA-Gly [3465564,3465639] 38 (gcc)
[10:31:10] 36 tRNA-Arg [3507443,3507519] 35 (ccg)
[10:31:10] 37 tRNA-Met c[3825780,3825856] 35 (cat)
[10:31:11] tRNA c[4042005,4042095] is a pseudo/wacky gene - skipping.
[10:31:11] 39 tRNA-Val [4055168,4055242] 33 (gac)
[10:31:11] 40 tRNA-Met c[4322308,4322384] 35 (cat)
[10:31:11] 41 tRNA-Leu [4355552,4355636] 35 (caa)
[10:31:11] 42 tRNA-Arg [4415270,4415346] 35 (cct)
[10:31:11] 43 tRNA-Gly [4598070,4598144] 33 (gcc)
[10:31:11] 44 tRNA-Ser c[4722636,4722725] 35 (cga)
[10:31:11] 1 tRNA-Gly c[268063,268150] 35 (gcc)
[10:31:11] Found 53 tRNAs
[10:31:11] Predicting Ribosomal RNAs
[10:31:11] Running Barrnap with 8 threads
[10:31:13] 1 C66 22 23S ribosomal RNA
[10:31:13] 2 C66 3293 16S ribosomal RNA
[10:31:13] 3 Cchr 73939 5S ribosomal RNA
[10:31:13] 4 Cchr 4322519 5S ribosomal RNA
[10:31:13] Found 4 rRNAs
[10:31:13] Skipping ncRNA search, enable with --rfam if desired.
[10:31:13] Total of 56 tRNA + rRNA features
[10:31:13] Searching for CRISPR repeats
[10:31:13] Found 0 CRISPRs
[10:31:13] Predicting coding sequences
[10:31:13] Contigs total 7483624 bp, so using single mode
[10:31:13] Running: prodigal -i \.\/H012\.fsa_prokka\/\.\/H012\.fsa\.fna -c -m -g 11 -p single -f sco -q
[10:31:26] Excluding CDS which overlaps existing RNA (tRNA) at Cchr:1555997..1556686 on + strand
[10:31:27] Excluding CDS which overlaps existing RNA (tRNA) at Cchr:3465295..3466035 on - strand
[10:31:28] Excluding CDS which overlaps existing RNA (tRNA) at Cchr:4320504..4322351 on + strand
[10:31:28] Excluding CDS which overlaps existing RNA (tRNA) at CpRL12:267327..268388 on + strand
[10:31:28] Found 7165 CDS
[10:31:28] Connecting features back to sequences
[10:31:28] Not using genus-specific database. Try --usegenus to enable it.
[10:31:28] Annotating CDS, please be patient.
[10:31:28] Will use 8 CPUs for similarity searching.
[10:31:34] There are still 7165 unannotated CDS left (started with 7165)
[10:31:34] Will use blast to search against /home/joshgb/anaconda3/envs/bio/db/kingdom/Bacteria/IS with 8 CPUs
[10:31:34] Running: cat \.\/H012\.fsa_prokka\/\.\/H012\.fsa\.IS\.tmp\.86175\.faa | parallel --gnu --plain -j 8 --block 138087 --recstart '>' --pipe blastp -query - -db /home/joshgb/anaconda3/envs/bio/db/kingdom/Bacteria/IS -evalue 1e-30 -qcov_hsp_perc 90 -num_threads 1 -num_descriptions 1 -num_alignments 1 -seg no > \.\/H012\.fsa_prokka\/\.\/H012\.fsa\.IS\.tmp\.86175\.blast 2> /dev/null
[10:32:12] Deleting unwanted file: ./H012.fsa_prokka/./H012.fsa.IS.tmp.86175.faa
[10:32:12] Deleting unwanted file: ./H012.fsa_prokka/./H012.fsa.IS.tmp.86175.blast
[10:32:20] There are still 7129 unannotated CDS left (started with 7165)
[10:32:20] Will use blast to search against /home/joshgb/anaconda3/envs/bio/db/kingdom/Bacteria/AMR with 8 CPUs
[10:32:20] Running: cat \.\/H012\.fsa_prokka\/\.\/H012\.fsa\.AMR\.tmp\.86175\.faa | parallel --gnu --plain -j 8 --block 137405 --recstart '>' --pipe blastp -query - -db /home/joshgb/anaconda3/envs/bio/db/kingdom/Bacteria/AMR -evalue 1e-300 -qcov_hsp_perc 90 -num_threads 1 -num_descriptions 1 -num_alignments 1 -seg no > \.\/H012\.fsa_prokka\/\.\/H012\.fsa\.AMR\.tmp\.86175\.blast 2> /dev/null
[10:32:52] Deleting unwanted file: ./H012.fsa_prokka/./H012.fsa.AMR.tmp.86175.faa
[10:32:52] Deleting unwanted file: ./H012.fsa_prokka/./H012.fsa.AMR.tmp.86175.blast
[10:32:59] There are still 7127 unannotated CDS left (started with 7165)
[10:32:59] Will use blast to search against /home/joshgb/anaconda3/envs/bio/db/kingdom/Bacteria/sprot with 8 CPUs
[10:32:59] Running: cat \.\/H012\.fsa_prokka\/\.\/H012\.fsa\.sprot\.tmp\.86175\.faa | parallel --gnu --plain -j 8 --block 137271 --recstart '>' --pipe blastp -query - -db /home/joshgb/anaconda3/envs/bio/db/kingdom/Bacteria/sprot -evalue 1e-09 -qcov_hsp_perc 80 -num_threads 1 -num_descriptions 1 -num_alignments 1 -seg no > \.\/H012\.fsa_prokka\/\.\/H012\.fsa\.sprot\.tmp\.86175\.blast 2> /dev/null
[10:35:56] Modify product: Uncharacterized signaling protein CC_0091 => putative signaling protein
[10:35:56] Modify product: Probable phosphite transport system-binding protein PtxB => putative phosphite transport system-binding protein PtxB
[10:35:56] Modify product: Probable transcriptional regulator PhnF => putative transcriptional regulator PhnF
[10:35:56] Modify product: Uncharacterized ABC transporter ATP-binding protein YejF => putative ABC transporter ATP-binding protein YejF
[10:35:56] Modify product: Probable riboflavin import permease protein RfuD => putative riboflavin import permease protein RfuD
[10:35:56] Modify product: Uncharacterized aminopeptidase Rv1333 => putative aminopeptidase
[10:35:56] Modify product: Uncharacterized protein Rv1507c => putative protein
[10:35:56] Modify product: Uncharacterized oxidoreductase SA2266 => putative oxidoreductase
[10:35:56] Modify product: UPF0098 protein YbcL => hypothetical protein
[10:35:56] Modify product: Uncharacterized protein YyaP => putative protein YyaP
[10:35:56] Modify product: UPF0102 protein RPA0323 => hypothetical protein
[10:35:56] Modify product: Uncharacterized transporter YycB => putative transporter YycB
[10:35:56] Modify product: Probable D-xylose utilization operon transcriptional repressor => putative D-xylose utilization operon transcriptional repressor
[10:35:56] Modify product: Virulence protein STM3117 => Virulence protein
[10:35:56] Modify product: Uncharacterized hydrolase HI_0588 => putative hydrolase
[10:35:56] Modify product: Probable protein kinase UbiB => putative protein kinase UbiB
[10:35:56] Modify product: Probable enoyl-CoA hydratase echA8 => putative enoyl-CoA hydratase echA8
[10:35:56] Modify product: Probable lipid II flippase MurJ => putative lipid II flippase MurJ
[10:35:56] Modify product: Uncharacterized inner membrane transporter YedA => putative inner membrane transporter YedA
[10:35:56] Modify product: Uncharacterized protein Rv1998c => putative protein
[10:35:56] Modify product: Probable GTP-binding protein EngB => putative GTP-binding protein EngB
[10:35:56] Modify product: Uncharacterized oxidoreductase ORF5 in fasciation locus => putative oxidoreductase ORF5 in fasciation locus
[10:35:56] Modify product: Uncharacterized protein YyaP => putative protein YyaP
[10:35:57] Modify product: Putative acyltransferase Rv0859 => Putative acyltransferase
[10:35:57] Modify product: Uncharacterized signaling protein CC_0091 => putative signaling protein
[10:35:57] Modify product: Uncharacterized HTH-type transcriptional regulator Rv1556 => putative HTH-type transcriptional regulator
[10:35:57] Modify product: Uncharacterized protein Rv0887c => putative protein
[10:35:57] Modify product: Putative HTH-type transcriptional regulator Rv1287 => Putative HTH-type transcriptional regulator
[10:35:57] Modify product: Probable multidrug-efflux transporter Rv1634 => putative multidrug-efflux transporter
[10:35:57] Modify product: Uncharacterized ABC transporter ATP-binding protein YheS => putative ABC transporter ATP-binding protein YheS
[10:35:57] Modify product: UPF0053 inner membrane protein YtfL => hypothetical protein
[10:35:57] Modify product: Probable transport protein HsrA => putative transport protein HsrA
[10:35:57] Modify product: UPF0073 inner membrane protein YqfA => hypothetical protein
[10:35:57] Modify product: Uncharacterized MFS-type transporter EfpA => putative MFS-type transporter EfpA
[10:35:57] Modify product: Uncharacterized HTH-type transcriptional regulator YxaF => putative HTH-type transcriptional regulator YxaF
[10:35:57] Modify product: Zinc-type alcohol dehydrogenase-like protein SA1988 => Zinc-type alcohol dehydrogenase-like protein
[10:35:57] Modify product: Uncharacterized protein YcbX => putative protein YcbX
[10:35:57] Modify product: Uncharacterized protein YedJ => putative protein YedJ
[10:35:57] Modify product: UPF0060 membrane protein YnfA => hypothetical protein
[10:35:57] Modify product: Uncharacterized oxidoreductase YciK => putative oxidoreductase YciK
[10:35:57] Modify product: UPF0701 protein HI_0467 => hypothetical protein
[10:35:57] Modify product: Uncharacterized ABC transporter ATP-binding protein YheS => putative ABC transporter ATP-binding protein YheS
[10:35:57] Modify product: Uncharacterized protein Rv1488 => putative protein
[10:35:57] Modify product: Cytochrome c oxidase subunit 1 homolog, bacteroid => Cytochrome c oxidase subunit 1 , bacteroid
[10:35:57] Modify product: Probable copper-importing P-type ATPase A => putative copper-importing P-type ATPase A
[10:35:57] Modify product: Probable copper-importing P-type ATPase A => putative copper-importing P-type ATPase A
[10:35:57] Modify product: Cytochrome c oxidase subunit 1 homolog, bacteroid => Cytochrome c oxidase subunit 1 , bacteroid
[10:35:57] Modify product: Peptidoglycan-N-acetylglucosamine deacetylase BC_3618 => Peptidoglycan-N-acetylglucosamine deacetylase
[10:35:57] Modify product: Probable enoyl-CoA hydratase 1 => putative enoyl-CoA hydratase 1
[10:35:57] Modify product: Uncharacterized signaling protein CC_0091 => putative signaling protein
[10:35:57] Modify product: Zinc-type alcohol dehydrogenase-like protein SA1988 => Zinc-type alcohol dehydrogenase-like protein
[10:35:57] Modify product: Probable HTH-type transcriptional regulator LgoR => putative HTH-type transcriptional regulator LgoR
[10:35:57] Modify product: Phosphate-specific transport system accessory protein PhoU homolog => Phosphate-specific transport system accessory protein PhoU 
[10:35:57] Modify product: Uncharacterized protein Rv2004c => putative protein
[10:35:57] Modify product: Probable alcohol dehydrogenase AdhA => putative alcohol dehydrogenase AdhA
[10:35:57] Modify product: UPF0126 inner membrane protein YadS => hypothetical protein
[10:35:57] Modify product: Nucleoid-associated protein HI_0442 => Nucleoid-associated protein
[10:35:57] Modify product: Uncharacterized sugar kinase YdjH => putative sugar kinase YdjH
[10:35:57] Modify product: Probable adenylyltransferase/sulfurtransferase MoeZ => putative adenylyltransferase/sulfurtransferase MoeZ
[10:35:57] Modify product: Acetyltransferase PA3944 => Acetyltransferase
[10:35:57] Modify product: Uncharacterized protein YccU => putative protein YccU
[10:35:57] Modify product: Probable sugar-binding periplasmic protein => putative sugar-binding periplasmic protein
[10:35:57] Modify product: Putative cystathionine beta-synthase Rv1077 => Putative cystathionine beta-synthase
[10:35:57] Modify product: Probable nitrate transporter NarT => putative nitrate transporter NarT
[10:35:57] Modify product: Probable transcriptional regulatory protein pdtaR => putative transcriptional regulatory protein pdtaR
[10:35:57] Modify product: Solute-binding protein Bamb_6123 => Solute-binding protein
[10:35:57] Modify product: Probable soluble pyridine nucleotide transhydrogenase => putative soluble pyridine nucleotide transhydrogenase
[10:35:57] Modify product: UPF0173 metal-dependent hydrolase SA1529 => hypothetical protein
[10:35:57] Modify product: TelA-like protein SA1238 => TelA-like protein
[10:35:58] Modify product: UPF0060 membrane protein YnfA => hypothetical protein
[10:35:58] Modify product: Probable transcriptional repressor TraM => putative transcriptional repressor TraM
[10:35:58] Modify product: Probable transcriptional activator protein TraR => putative transcriptional activator protein TraR
[10:35:58] Modify product: Probable FMNH2-dependent monooxygenase SfnC => putative FMNH2-dependent monooxygenase SfnC
[10:35:58] Modify product: Probable FMNH2-dependent monooxygenase SfnC => putative FMNH2-dependent monooxygenase SfnC
[10:35:58] Modify product: Probable FMNH2-dependent monooxygenase SfnC => putative FMNH2-dependent monooxygenase SfnC
[10:35:58] Modify product: Uncharacterized DapA-like lyase => putative DapA-like lyase
[10:35:58] Modify product: Probable 3-hydroxybutyryl-CoA dehydrogenase => putative 3-hydroxybutyryl-CoA dehydrogenase
[10:35:58] Modify product: Uncharacterized protein PA2218 => putative protein
[10:35:58] Modify product: Uncharacterized oxidoreductase YjmC => putative oxidoreductase YjmC
[10:35:58] Modify product: Probable hydrolase YcaC => putative hydrolase YcaC
[10:35:58] Modify product: Chemotaxis protein CheY homolog => Chemotaxis protein CheY 
[10:35:58] Modify product: Chemotaxis protein CheY homolog => Chemotaxis protein CheY 
[10:35:58] Modify product: Bifunctional protein FolD => Bifunctional protein FolD protein
[10:35:58] Modify product: Uncharacterized protein HI_0933 => putative protein
[10:35:58] Modify product: PGL/p-HBAD biosynthesis glycosyltransferase Rv2957 => PGL/p-HBAD biosynthesis glycosyltransferase
[10:35:58] Modify product: Uncharacterized protein Rv1507c => putative protein
[10:35:58] Modify product: Probable transport protein HsrA => putative transport protein HsrA
[10:35:58] Modify product: Zinc-type alcohol dehydrogenase-like protein SA1988 => Zinc-type alcohol dehydrogenase-like protein
[10:35:58] Modify product: Uncharacterized FAD-linked oxidoreductase Rv2280 => putative FAD-linked oxidoreductase
[10:35:58] Modify product: Probable HTH-type transcriptional regulator LgoR => putative HTH-type transcriptional regulator LgoR
[10:35:58] Modify product: Uncharacterized signaling protein CC_0091 => putative signaling protein
[10:35:58] Modify product: Probable 2-dehydro-3-deoxygalactonokinase DgoK1 => putative 2-dehydro-3-deoxygalactonokinase DgoK1
[10:35:58] Modify product: Uncharacterized FAD-linked oxidoreductase Rv2280 => putative FAD-linked oxidoreductase
[10:35:58] Modify product: Probable D-xylose utilization operon transcriptional repressor => putative D-xylose utilization operon transcriptional repressor
[10:35:58] Modify product: Uncharacterized protein Rv2568c => putative protein
[10:35:58] Modify product: UPF0301 protein AlgH => hypothetical protein
[10:35:58] Modify product: Probable amino-acid permease protein YxeN => putative amino-acid permease protein YxeN
[10:35:58] Modify product: Probable amino-acid permease protein YxeN => putative amino-acid permease protein YxeN
[10:35:58] Modify product: Uncharacterized zinc protease Rv2782c => putative zinc protease
[10:35:58] Modify product: UPF0337 protein YjbJ => hypothetical protein
[10:35:58] Modify product: Probable 5-dehydro-4-deoxyglucarate dehydratase => putative 5-dehydro-4-deoxyglucarate dehydratase
[10:35:58] Modify product: Probable D,D-dipeptide-binding periplasmic protein DdpA => putative D,D-dipeptide-binding periplasmic protein DdpA
[10:35:58] Modify product: Probable D,D-dipeptide transport system permease protein DdpC => putative D,D-dipeptide transport system permease protein DdpC
[10:35:58] Modify product: Uncharacterized ABC transporter ATP-binding protein YknY => putative ABC transporter ATP-binding protein YknY
[10:35:58] Modify product: Probable riboflavin import permease protein RfuD => putative riboflavin import permease protein RfuD
[10:35:58] Modify product: Purine-binding protein BAB2_0673 => Purine-binding protein
[10:35:58] Modify product: UPF0056 inner membrane protein MarC => hypothetical protein
[10:35:58] Modify product: Uncharacterized HTH-type transcriptional regulator Rv3095 => putative HTH-type transcriptional regulator
[10:35:58] Modify product: UPF0053 inner membrane protein YoaE => hypothetical protein
[10:35:58] Modify product: Uncharacterized metal-dependent hydrolase YcfH => putative metal-dependent hydrolase YcfH
[10:35:58] Modify product: Acetyltransferase SACOL1063 => Acetyltransferase
[10:35:58] Modify product: Uncharacterized N-acetyltransferase YsnE => putative N-acetyltransferase YsnE
[10:35:58] Modify product: Uncharacterized NTE family protein Rv1063c => putative NTE family protein
[10:35:58] Modify product: UPF0178 protein YaiI => hypothetical protein
[10:35:58] Modify product: Probable cysteine desulfurase => putative cysteine desulfurase
[10:35:58] Modify product: Probable ATP-dependent transporter SufC => putative ATP-dependent transporter SufC
[10:35:58] Modify product: Uncharacterized protein RP812 => putative protein RP812
[10:35:58] Modify product: Uncharacterized protein YcjX => putative protein YcjX
[10:35:58] Modify product: UPF0283 membrane protein YcjF => hypothetical protein
[10:35:58] Modify product: Probable ribonucleotide transport ATP-binding protein mkl => putative ribonucleotide transport ATP-binding protein mkl
[10:35:58] Modify product: Probable 3-phenylpropionic acid transporter => putative 3-phenylpropionic acid transporter
[10:35:58] Modify product: HTH-type transcriptional regulator Rv2034 => HTH-type transcriptional regulator
[10:35:58] Modify product: Uncharacterized protein Atu1656 => putative protein
[10:35:58] Modify product: Putative multidrug export ATP-binding/permease protein SAV1866 => Putative multidrug export ATP-binding/permease protein
[10:35:58] Modify product: Uncharacterized ABC transporter ATP-binding protein YadG => putative ABC transporter ATP-binding protein YadG
[10:35:58] Modify product: Probable sugar-binding periplasmic protein => putative sugar-binding periplasmic protein
[10:35:58] Modify product: Acetyltransferase PA3944 => Acetyltransferase
[10:35:59] Modify product: Uncharacterized HTH-type transcriptional regulator Rv1985c => putative HTH-type transcriptional regulator
[10:35:59] Modify product: Probable transport protein HsrA => putative transport protein HsrA
[10:35:59] Modify product: Uncharacterized acyl-CoA thioester hydrolase HI_0827 => putative acyl-CoA thioester hydrolase
[10:35:59] Modify product: Uncharacterized ABC transporter ATP-binding protein YknY => putative ABC transporter ATP-binding protein YknY
[10:35:59] Modify product: Uncharacterized signaling protein CC_0091 => putative signaling protein
[10:35:59] Modify product: UPF0053 inner membrane protein YtfL => hypothetical protein
[10:35:59] Modify product: Probable propionate kinase => putative propionate kinase
[10:35:59] Modify product: Probable alcohol dehydrogenase AdhA => putative alcohol dehydrogenase AdhA
[10:35:59] Modify product: Probable cation-transporting ATPase F => putative cation-transporting ATPase F
[10:35:59] Modify product: Probable UbiX-like flavin prenyltransferase => putative UbiX-like flavin prenyltransferase
[10:35:59] Modify product: Uncharacterized protease YhbU => putative protease YhbU
[10:35:59] Modify product: Uncharacterized protein Rv2567 => putative protein
[10:35:59] Modify product: Uncharacterized protein Rv2569c => putative protein
[10:35:59] Modify product: Probable enoyl-CoA hydratase 1 => putative enoyl-CoA hydratase 1
[10:35:59] Modify product: UPF0053 inner membrane protein YoaE => hypothetical protein
[10:35:59] Modify product: Probable efflux pump membrane transporter TtgB => putative efflux pump membrane transporter TtgB
[10:35:59] Modify product: Uncharacterized protein YphB => putative protein YphB
[10:35:59] Modify product: UPF0311 protein RPA1785 => hypothetical protein
[10:35:59] Modify product: Probable 3-hydroxybutyryl-CoA dehydrogenase => putative 3-hydroxybutyryl-CoA dehydrogenase
[10:35:59] Modify product: UPF0053 inner membrane protein YfjD => hypothetical protein
[10:35:59] Modify product: Solute-binding protein Bpro_3107 => Solute-binding protein
[10:35:59] Modify product: Uncharacterized amino acid permease YhdG => putative amino acid permease YhdG
[10:35:59] Modify product: Probable chromate transport protein => putative chromate transport protein
[10:35:59] Modify product: Uncharacterized protein HI_0131 => putative protein
[10:35:59] Modify product: Uncharacterized glycosyltransferase sll0501 => putative glycosyltransferase
[10:35:59] Modify product: Uncharacterized FAD-linked oxidoreductase Rv2280 => putative FAD-linked oxidoreductase
[10:35:59] Modify product: Probable lipoprotein YiaD => putative lipoprotein YiaD
[10:35:59] Modify product: Stress response UPF0229 protein YhbH => hypothetical protein
[10:35:59] Modify product: Uncharacterized protein YyaP => putative protein YyaP
[10:35:59] Modify product: Probable peptidoglycan glycosyltransferase FtsW => putative peptidoglycan glycosyltransferase FtsW
[10:35:59] Modify product: Probable peptidoglycan D,D-transpeptidase FtsI => putative peptidoglycan D,D-transpeptidase FtsI
[10:35:59] Modify product: Uncharacterized inner membrane transporter YedA => putative inner membrane transporter YedA
[10:35:59] Modify product: Acetyltransferase Atu2258 => Acetyltransferase
[10:35:59] Modify product: Uncharacterized protein YbaA => putative protein YbaA
[10:35:59] Modify product: Uncharacterized protein YqeY => putative protein YqeY
[10:35:59] Modify product: Probable chaperone CsaA => putative chaperone CsaA
[10:35:59] Modify product: Putative multidrug export ATP-binding/permease protein SAV1866 => Putative multidrug export ATP-binding/permease protein
[10:35:59] Modify product: Uncharacterized N-acetyltransferase YycN => putative N-acetyltransferase YycN
[10:35:59] Modify product: Cyclic di-GMP phosphodiesterase PA4108 => Cyclic di-GMP phosphodiesterase
[10:35:59] Modify product: Leu/Ile/Val-binding protein homolog 3 => Leu/Ile/Val-binding protein 
[10:35:59] Modify product: Probable 2-dehydro-3-deoxy-D-pentonate aldolase YjhH => putative 2-dehydro-3-deoxy-D-pentonate aldolase YjhH
[10:35:59] Modify product: Uncharacterized protein YhaZ => putative protein YhaZ
[10:35:59] Modify product: Uncharacterized protein Rv2411c => putative protein
[10:35:59] Modify product: Putative formate dehydrogenase SA2102 => Putative formate dehydrogenase
[10:35:59] Modify product: Probable HTH-type transcriptional regulator YgaV => putative HTH-type transcriptional regulator YgaV
[10:35:59] Modify product: Putative peptide transport permease protein Rv1282c => Putative peptide transport permease protein
[10:35:59] Modify product: Uncharacterized oxidoreductase YgfF => putative oxidoreductase YgfF
[10:35:59] Modify product: Uncharacterized HTH-type transcriptional regulator YybR => putative HTH-type transcriptional regulator YybR
[10:35:59] Modify product: Uncharacterized oxidoreductase MSMEG_2408/MSMEI_2347 => putative oxidoreductase/MSMEI_2347
[10:35:59] Modify product: UPF0434 protein NMA0874 => hypothetical protein
[10:35:59] Modify product: Uncharacterized protein Rv3292 => putative protein
[10:35:59] Modify product: UPF0309 protein BH3325 => hypothetical protein
[10:36:00] Modify product: Probable D,D-dipeptide transport system permease protein DdpC => putative D,D-dipeptide transport system permease protein DdpC
[10:36:00] Modify product: Probable D,D-dipeptide-binding periplasmic protein DdpA => putative D,D-dipeptide-binding periplasmic protein DdpA
[10:36:00] Modify product: Multifunctional alkaline phosphatase superfamily protein pRL90232 => Multifunctional alkaline phosphatase superfamily protein
[10:36:00] Modify product: Uncharacterized protein Rv0887c => putative protein
[10:36:00] Modify product: Protease HtpX homolog => Protease HtpX 
[10:36:00] Modify product: Putative monooxygenase Rv0793 => Putative monooxygenase
[10:36:00] Modify product: Probable flavin reductase => putative flavin reductase
[10:36:00] Modify product: Uncharacterized protein Rv2569c => putative protein
[10:36:00] Modify product: UPF0194 membrane protein YbhG => hypothetical protein
[10:36:00] Modify product: Probable multidrug ABC transporter ATP-binding protein YbhF => putative multidrug ABC transporter ATP-binding protein YbhF
[10:36:00] Modify product: Probable multidrug ABC transporter permease YbhS => putative multidrug ABC transporter permease YbhS
[10:36:00] Modify product: Probable multidrug ABC transporter permease YbhR => putative multidrug ABC transporter permease YbhR
[10:36:00] Modify product: Uncharacterized protein HI_1162 => putative protein
[10:36:00] Modify product: Leu/Ile/Val-binding protein homolog 3 => Leu/Ile/Val-binding protein 
[10:36:00] Modify product: Probable amino-acid import ATP-binding protein YxeO => putative amino-acid import ATP-binding protein YxeO
[10:36:00] Modify product: Uncharacterized protein YjdJ => putative protein YjdJ
[10:36:00] Modify product: Probable FMNH2-dependent monooxygenase SfnC => putative FMNH2-dependent monooxygenase SfnC
[10:36:00] Modify product: Probable HTH-type transcriptional repressor ExuR => putative HTH-type transcriptional repressor ExuR
[10:36:00] Modify product: Probable ABC transporter-binding protein DR_1438 => putative ABC transporter-binding protein
[10:36:00] Modify product: Uncharacterized sugar kinase YdjH => putative sugar kinase YdjH
[10:36:00] Modify product: Uncharacterized sugar transferase EpsL => putative sugar transferase EpsL
[10:36:00] Modify product: Uncharacterized sugar transferase EpsL => putative sugar transferase EpsL
[10:36:00] Modify product: D-galactonate dehydratase family member SBI_01856 => D-galactonate dehydratase family member
[10:36:00] Modify product: UPF0065 protein in clcB-clcD intergenic region => hypothetical protein
[10:36:00] Modify product: Uncharacterized signaling protein CC_0091 => putative signaling protein
[10:36:00] Modify product: Uncharacterized protein YagA => putative protein YagA
[10:36:00] Modify product: Probable transcriptional regulatory protein aq_1575 => putative transcriptional regulatory protein
[10:36:00] Modify product: Putative multidrug export ATP-binding/permease protein SAV1866 => Putative multidrug export ATP-binding/permease protein
[10:36:00] Modify product: UPF0065 protein in clcB-clcD intergenic region => hypothetical protein
[10:36:00] Modify product: UPF0339 protein Atu0232 => hypothetical protein
[10:36:00] Modify product: HTH-type transcriptional regulator Rv2034 => HTH-type transcriptional regulator
[10:36:00] Modify product: UPF0335 protein CCNA_03428 => hypothetical protein
[10:36:00] Modify product: Cytochrome c oxidase subunit 1 homolog, bacteroid => Cytochrome c oxidase subunit 1 , bacteroid
[10:36:00] Modify product: Uncharacterized DapA-like lyase => putative DapA-like lyase
[10:36:00] Modify product: Uncharacterized oxidoreductase Rv1144 => putative oxidoreductase
[10:36:00] Modify product: Probable membrane transporter protein XF_0764 => putative membrane transporter protein
[10:36:00] Modify product: Probable L,D-transpeptidase YbiS => putative L,D-transpeptidase YbiS
[10:36:00] Modify product: Uncharacterized protein NMB0459 => putative protein
[10:36:00] Modify product: Probable methylxanthine N7-demethylase NdmC => putative methylxanthine N7-demethylase NdmC
[10:36:00] Modify product: Purine-binding protein BAB2_0673 => Purine-binding protein
[10:36:00] Modify product: Purine-binding protein BAB2_0673 => Purine-binding protein
[10:36:00] Modify product: Probable riboflavin import permease protein RfuC => putative riboflavin import permease protein RfuC
[10:36:00] Modify product: Probable riboflavin import permease protein RfuD => putative riboflavin import permease protein RfuD
[10:36:00] Modify product: Probable glutamine ABC transporter permease protein GlnP => putative glutamine ABC transporter permease protein GlnP
[10:36:00] Modify product: Probable glutamine ABC transporter permease protein GlnM => putative glutamine ABC transporter permease protein GlnM
[10:36:00] Modify product: Probable sugar-binding periplasmic protein => putative sugar-binding periplasmic protein
[10:36:00] Modify product: Putative thiamine biosynthesis protein HI_0357 => Putative thiamine biosynthesis protein
[10:36:00] Modify product: Probable nicotinate-nucleotide pyrophosphorylase [carboxylating] => putative nicotinate-nucleotide pyrophosphorylase [carboxylating]
[10:36:00] Modify product: Uncharacterized ABC transporter ATP-binding protein TM_0288 => putative ABC transporter ATP-binding protein
[10:36:00] Modify product: Putative multidrug export ATP-binding/permease protein SAV1866 => Putative multidrug export ATP-binding/permease protein
[10:36:00] Modify product: UPF0098 protein Rv2140c => hypothetical protein
[10:36:00] Modify product: Uncharacterized ABC transporter ATP-binding protein YejF => putative ABC transporter ATP-binding protein YejF
[10:36:00] Modify product: Putative peptide transport permease protein Rv1282c => Putative peptide transport permease protein
[10:36:00] Modify product: Glycogen operon protein GlgX homolog => Glycogen operon protein GlgX 
[10:36:00] Modify product: Probable cardiolipin synthase YwiE => putative cardiolipin synthase YwiE
[10:36:00] Modify product: Probable pyridine nucleotide-disulfide oxidoreductase RclA => putative pyridine nucleotide-disulfide oxidoreductase RclA
[10:36:00] Modify product: Probable 3-hydroxyisobutyrate dehydrogenase => putative 3-hydroxyisobutyrate dehydrogenase
[10:36:00] Modify product: Probable ECF RNA polymerase sigma factor SigI => putative ECF RNA polymerase sigma factor SigI
[10:36:00] Modify product: Deacetylase Oant_2987 => Deacetylase
[10:36:00] Modify product: Probable ABC transporter-binding protein DR_1571 => putative ABC transporter-binding protein
[10:36:00] Modify product: Probable D,D-dipeptide transport system permease protein DdpC => putative D,D-dipeptide transport system permease protein DdpC
[10:36:00] Modify product: Acetyltransferase PA3944 => Acetyltransferase
[10:36:01] Modify product: Uncharacterized HTH-type transcriptional regulator Rv3095 => putative HTH-type transcriptional regulator
[10:36:01] Modify product: Probable glutamine ABC transporter permease protein GlnM => putative glutamine ABC transporter permease protein GlnM
[10:36:01] Modify product: UPF0719 inner membrane protein YjfL => hypothetical protein
[10:36:01] Modify product: Probable 5-dehydro-4-deoxyglucarate dehydratase => putative 5-dehydro-4-deoxyglucarate dehydratase
[10:36:01] Modify product: Probable D,D-dipeptide transport system permease protein DdpC => putative D,D-dipeptide transport system permease protein DdpC
[10:36:01] Modify product: Cyclic di-GMP phosphodiesterase PA4108 => Cyclic di-GMP phosphodiesterase
[10:36:01] Modify product: Probable D,D-dipeptide transport system permease protein DdpC => putative D,D-dipeptide transport system permease protein DdpC
[10:36:01] Modify product: Probable 2-dehydro-3-deoxy-D-pentonate aldolase YjhH => putative 2-dehydro-3-deoxy-D-pentonate aldolase YjhH
[10:36:01] Modify product: Uncharacterized acyl--CoA ligase YhfT => putative acyl--CoA ligase YhfT
[10:36:01] Modify product: Probable acetyl-CoA acyltransferase => putative acetyl-CoA acyltransferase
[10:36:01] Modify product: UPF0276 protein CCNA_03364 => hypothetical protein
[10:36:01] Modify product: Monocarboxylate 2-oxoacid-binding periplasmic protein all3028 => Monocarboxylate 2-oxoacid-binding periplasmic protein
[10:36:01] Modify product: Probable N-methylproline demethylase => putative N-methylproline demethylase
[10:36:01] Modify product: Uncharacterized oxidoreductase SA2266 => putative oxidoreductase
[10:36:01] Modify product: Uncharacterized oxidoreductase YjmC => putative oxidoreductase YjmC
[10:36:01] Modify product: Probable N-octanoylanthranilate hydrolase AqdA1 => putative N-octanoylanthranilate hydrolase AqdA1
[10:36:01] Modify product: Probable tartrate dehydrogenase/decarboxylase TtuC' => putative tartrate dehydrogenase/decarboxylase TtuC'
[10:36:01] Modify product: Probable allantoin permease => putative allantoin permease
[10:36:01] Modify product: Probable D,D-dipeptide transport system permease protein DdpC => putative D,D-dipeptide transport system permease protein DdpC
[10:36:01] Modify product: Probable D,D-dipeptide-binding periplasmic protein DdpA => putative D,D-dipeptide-binding periplasmic protein DdpA
[10:36:01] Modify product: Probable 5-dehydro-4-deoxyglucarate dehydratase => putative 5-dehydro-4-deoxyglucarate dehydratase
[10:36:01] Modify product: Probable ABC transporter-binding protein DR_1438 => putative ABC transporter-binding protein
[10:36:01] Modify product: Probable HTH-type transcriptional repressor ExuR => putative HTH-type transcriptional repressor ExuR
[10:36:01] Modify product: Uncharacterized ABC transporter ATP-binding protein Rv0986 => putative ABC transporter ATP-binding protein
[10:36:01] Modify product: Probable D,D-dipeptide transport system permease protein DdpC => putative D,D-dipeptide transport system permease protein DdpC
[10:36:01] Modify product: Purine-binding protein BAB2_0673 => Purine-binding protein
[10:36:01] Modify product: Multifunctional alkaline phosphatase superfamily protein pRL90232 => Multifunctional alkaline phosphatase superfamily protein
[10:36:01] Modify product: Probable ABC transporter ATP-binding/permease protein HI_0664 => putative ABC transporter ATP-binding/permease protein
[10:36:01] Modify product: Uncharacterized ABC transporter ATP-binding protein YheS => putative ABC transporter ATP-binding protein YheS
[10:36:01] Modify product: Probable cystine transporter YijE => putative cystine transporter YijE
[10:36:01] Cleaned 271 /product names
[10:36:01] Deleting unwanted file: ./H012.fsa_prokka/./H012.fsa.sprot.tmp.86175.faa
[10:36:01] Deleting unwanted file: ./H012.fsa_prokka/./H012.fsa.sprot.tmp.86175.blast
[10:36:05] There are still 3878 unannotated CDS left (started with 7165)
[10:36:05] Will use hmmer3 to search against /home/joshgb/anaconda3/envs/bio/db/hmm/HAMAP.hmm with 8 CPUs
[10:36:05] Running: cat \.\/H012\.fsa_prokka\/\.\/H012\.fsa\.HAMAP\.hmm\.tmp\.86175\.faa | parallel --gnu --plain -j 8 --block 65527 --recstart '>' --pipe hmmscan --noali --notextw --acc -E 1e-09 --cpu 1 /home/joshgb/anaconda3/envs/bio/db/hmm/HAMAP.hmm /dev/stdin > \.\/H012\.fsa_prokka\/\.\/H012\.fsa\.HAMAP\.hmm\.tmp\.86175\.hmmer3 2> /dev/null
[10:36:54] Modify product: Uncharacterized MFS-type transporter YfcJ => putative MFS-type transporter YfcJ
[10:36:54] Modify product: Uncharacterized MFS-type transporter YcaD => putative MFS-type transporter YcaD
[10:36:55] Modify product: Uncharacterized Nudix hydrolase NudL => putative Nudix hydrolase NudL
[10:36:55] Modify product: Uncharacterized MFS-type transporter YcaD => putative MFS-type transporter YcaD
[10:36:55] Modify product: Uncharacterized MFS-type transporter YcaD => putative MFS-type transporter YcaD
[10:36:55] Cleaned 5 /product names
[10:36:55] Deleting unwanted file: ./H012.fsa_prokka/./H012.fsa.HAMAP.hmm.tmp.86175.faa
[10:36:55] Deleting unwanted file: ./H012.fsa_prokka/./H012.fsa.HAMAP.hmm.tmp.86175.hmmer3
[10:36:55] Labelling remaining 3390 proteins as 'hypothetical protein'
[10:36:55] Possible /pseudo 'Tyrosine recombinase XerC' at C19 position 4689
[10:36:55] Possible /pseudo 'Tyrosine recombinase XerC' at C19 position 5521
[10:36:55] Possible /pseudo 'UDP-glucose 4-epimerase' at Cchr position 107656
[10:36:55] Possible /pseudo 'Sorbitol dehydrogenase' at Cchr position 665898
[10:36:55] Possible /pseudo 'Non-homologous end joining protein Ku' at Cchr position 682936
[10:36:55] Possible /pseudo 'Flagellin' at Cchr position 736359
[10:36:55] Possible /pseudo 'Flagellin' at Cchr position 737517
[10:36:55] Possible /pseudo 'Flagellin' at Cchr position 738729
[10:36:55] Possible /pseudo 'ATP synthase subunit b' at Cchr position 934079
[10:36:55] Possible /pseudo 'putative amino-acid permease protein YxeN' at Cchr position 1070872
[10:36:55] Possible /pseudo 'Ribose import permease protein RbsC' at Cchr position 1918540
[10:36:55] Possible /pseudo 'Bicyclomycin resistance protein' at Cchr position 2421615
[10:36:55] Possible /pseudo '3'(2'),5'-bisphosphate nucleotidase CysQ' at Cchr position 2424748
[10:36:55] Possible /pseudo 'Cysteine desulfurase IscS' at Cchr position 2492383
[10:36:55] Possible /pseudo 'IS5 family transposase ISRel13' at Cchr position 2685257
[10:36:55] Possible /pseudo 'Sensor histidine kinase RcsC' at Cchr position 2715010
[10:36:55] Possible /pseudo 'Trehalose import ATP-binding protein SugC' at Cchr position 2739667
[10:36:55] Possible /pseudo 'L-cystine transport system permease protein YecS' at Cchr position 2760173
[10:36:55] Possible /pseudo '5-demethoxyubiquinone hydroxylase, mitochondrial' at Cchr position 2834027
[10:36:55] Possible /pseudo 'Putative protein-methionine-sulfoxide reductase subunit YedZ1' at Cchr position 2855711
[10:36:55] Possible /pseudo 'Cytochrome b/c1' at Cchr position 3350772
[10:36:55] Possible /pseudo 'tRNA 5-methylaminomethyl-2-thiouridine biosynthesis bifunctional protein MnmC' at Cchr position 3470793
[10:36:55] Possible /pseudo 'D-galactonate dehydratase family member RspA' at Cchr position 3775769
[10:36:55] Possible /pseudo 'Manganese transport system membrane protein MntB' at Cchr position 3797170
[10:36:55] Possible /pseudo 'putative protein' at Cchr position 4079144
[10:36:55] Possible /pseudo 'ATP-dependent zinc metalloprotease FtsH' at Cchr position 4313156
[10:36:55] Possible /pseudo 'RNA polymerase sigma-54 factor 2' at CpRL10 position 15279
[10:36:55] Possible /pseudo 'Catabolite control protein A' at CpRL10 position 114433
[10:36:55] Possible /pseudo 'HTH-type transcriptional repressor GlaR' at CpRL11 position 180610
[10:36:55] Possible /pseudo 'L-cystine transport system permease protein YecS' at CpRL11 position 185698
[10:36:55] Possible /pseudo 'L-cystine transport system permease protein YecS' at CpRL12 position 26752
[10:36:55] Possible /pseudo 'Ribose import permease protein RbsC' at CpRL12 position 181628
[10:36:55] Possible /pseudo 'Glycine betaine transport system permease protein OpuAB' at CpRL12 position 387654
[10:36:55] Possible /pseudo 'Multidrug resistance protein MdtA' at CpRL12 position 543108
[10:36:55] Possible /pseudo 'Sensor histidine kinase RcsC' at CpRL12 position 577452
[10:36:55] Possible /pseudo 'D-galactonate dehydratase' at CpRL12 position 650793
[10:36:55] Possible /pseudo 'Response regulator protein TmoT' at CpRL12 position 655449
[10:36:55] Possible /pseudo 'D-inositol-3-phosphate glycosyltransferase' at CpRL9 position 281960
[10:36:55] Found 2049 unique /gene codes.
[10:36:55] Fixed 4 duplicate /gene - fcl_1 fcl_2 fcl_3 fcl_4
[10:36:55] Fixed 3 duplicate /gene - thrB_1 thrB_2 thrB_3
[10:36:55] Fixed 2 duplicate /gene - nagK_1 nagK_2
[10:36:55] Fixed 2 duplicate /gene - dinG_1 dinG_2
[10:36:55] Fixed 2 duplicate /gene - dadD_1 dadD_2
[10:36:55] Fixed 6 duplicate /gene - gstB_1 gstB_2 gstB_3 gstB_4 gstB_5 gstB_6
[10:36:55] Fixed 4 duplicate /gene - nagC_1 nagC_2 nagC_3 nagC_4
[10:36:55] Fixed 4 duplicate /gene - ibpA_1 ibpA_2 ibpA_3 ibpA_4
[10:36:55] Fixed 2 duplicate /gene - arsH_1 arsH_2
[10:36:55] Fixed 2 duplicate /gene - acm_1 acm_2
[10:36:55] Fixed 2 duplicate /gene - bauA_1 bauA_2
[10:36:55] Fixed 2 duplicate /gene - glnG_1 glnG_2
[10:36:55] Fixed 2 duplicate /gene - kdgK_1 kdgK_2
[10:36:55] Fixed 5 duplicate /gene - dnaJ_1 dnaJ_2 dnaJ_3 dnaJ_4 dnaJ_5
[10:36:55] Fixed 2 duplicate /gene - degU_1 degU_2
[10:36:55] Fixed 2 duplicate /gene - moaA_1 moaA_2
[10:36:55] Fixed 2 duplicate /gene - puuD_1 puuD_2
[10:36:55] Fixed 8 duplicate /gene - yajO_1 yajO_2 yajO_3 yajO_4 yajO_5 yajO_6 yajO_7 yajO_8
[10:36:55] Fixed 2 duplicate /gene - cckA_1 cckA_2
[10:36:55] Fixed 3 duplicate /gene - eryB_1 eryB_2 eryB_3
[10:36:55] Fixed 2 duplicate /gene - argG_1 argG_2
[10:36:55] Fixed 2 duplicate /gene - ald_1 ald_2
[10:36:55] Fixed 2 duplicate /gene - phnM_1 phnM_2
[10:36:55] Fixed 4 duplicate /gene - occM_1 occM_2 occM_3 occM_4
[10:36:55] Fixed 3 duplicate /gene - mpdB_1 mpdB_2 mpdB_3
[10:36:55] Fixed 2 duplicate /gene - dasA_1 dasA_2
[10:36:55] Fixed 3 duplicate /gene - carB_1 carB_2 carB_3
[10:36:55] Fixed 3 duplicate /gene - dhaA_1 dhaA_2 dhaA_3
[10:36:55] Fixed 17 duplicate /gene - sasA_1 sasA_2 sasA_3 sasA_4 sasA_5 sasA_6 sasA_7 sasA_8 sasA_9 sasA_10 sasA_11 sasA_12 sasA_13 sasA_14 sasA_15 sasA_16 sasA_17
[10:36:55] Fixed 4 duplicate /gene - fucU_1 fucU_2 fucU_3 fucU_4
[10:36:55] Fixed 2 duplicate /gene - araG_1 araG_2
[10:36:55] Fixed 4 duplicate /gene - occP_1 occP_2 occP_3 occP_4
[10:36:55] Fixed 7 duplicate /gene - cdhR_1 cdhR_2 cdhR_3 cdhR_4 cdhR_5 cdhR_6 cdhR_7
[10:36:55] Fixed 3 duplicate /gene - carA_1 carA_2 carA_3
[10:36:55] Fixed 2 duplicate /gene - flgG_1 flgG_2
[10:36:55] Fixed 3 duplicate /gene - araB_1 araB_2 araB_3
[10:36:55] Fixed 2 duplicate /gene - groS5_1 groS5_2
[10:36:55] Fixed 3 duplicate /gene - msiK_1 msiK_2 msiK_3
[10:36:55] Fixed 2 duplicate /gene - tadA_1 tadA_2
[10:36:55] Fixed 2 duplicate /gene - rapA2_1 rapA2_2
[10:36:55] Fixed 2 duplicate /gene - mepA_1 mepA_2
[10:36:55] Fixed 3 duplicate /gene - prsE_1 prsE_2 prsE_3
[10:36:55] Fixed 6 duplicate /gene - rhtB_1 rhtB_2 rhtB_3 rhtB_4 rhtB_5 rhtB_6
[10:36:55] Fixed 3 duplicate /gene - hbpA_1 hbpA_2 hbpA_3
[10:36:55] Fixed 6 duplicate /gene - ydcV_1 ydcV_2 ydcV_3 ydcV_4 ydcV_5 ydcV_6
[10:36:55] Fixed 2 duplicate /gene - fadA_1 fadA_2
[10:36:55] Fixed 4 duplicate /gene - pcm_1 pcm_2 pcm_3 pcm_4
[10:36:55] Fixed 3 duplicate /gene - yheS_1 yheS_2 yheS_3
[10:36:55] Fixed 3 duplicate /gene - corA_1 corA_2 corA_3
[10:36:55] Fixed 2 duplicate /gene - dksA_1 dksA_2
[10:36:55] Fixed 2 duplicate /gene - dnaN_1 dnaN_2
[10:36:55] Fixed 2 duplicate /gene - csqR_1 csqR_2
[10:36:55] Fixed 2 duplicate /gene - prs_1 prs_2
[10:36:55] Fixed 2 duplicate /gene - mnmC_1 mnmC_2
[10:36:55] Fixed 2 duplicate /gene - atm1_1 atm1_2
[10:36:55] Fixed 2 duplicate /gene - rnd_1 rnd_2
[10:36:55] Fixed 2 duplicate /gene - purC_1 purC_2
[10:36:55] Fixed 11 duplicate /gene - hcaB_1 hcaB_2 hcaB_3 hcaB_4 hcaB_5 hcaB_6 hcaB_7 hcaB_8 hcaB_9 hcaB_10 hcaB_11
[10:36:55] Fixed 2 duplicate /gene - yknY_1 yknY_2
[10:36:55] Fixed 2 duplicate /gene - argF_1 argF_2
[10:36:55] Fixed 7 duplicate /gene - ligD_1 ligD_2 ligD_3 ligD_4 ligD_5 ligD_6 ligD_7
[10:36:55] Fixed 3 duplicate /gene - hilA_1 hilA_2 hilA_3
[10:36:55] Fixed 2 duplicate /gene - ftsZ_1 ftsZ_2
[10:36:55] Fixed 3 duplicate /gene - rpoN2_1 rpoN2_2 rpoN2_3
[10:36:55] Fixed 4 duplicate /gene - ribN_1 ribN_2 ribN_3 ribN_4
[10:36:55] Fixed 3 duplicate /gene - ddpA_1 ddpA_2 ddpA_3
[10:36:55] Fixed 3 duplicate /gene - hipO_1 hipO_2 hipO_3
[10:36:55] Fixed 2 duplicate /gene - nuoK_1 nuoK_2
[10:36:55] Fixed 2 duplicate /gene - msrB_1 msrB_2
[10:36:55] Fixed 2 duplicate /gene - ydhP_1 ydhP_2
[10:36:55] Fixed 2 duplicate /gene - sir_1 sir_2
[10:36:55] Fixed 3 duplicate /gene - lldR_1 lldR_2 lldR_3
[10:36:55] Fixed 3 duplicate /gene - suhB_1 suhB_2 suhB_3
[10:36:55] Fixed 2 duplicate /gene - epsL_1 epsL_2
[10:36:55] Fixed 2 duplicate /gene - ptsJ_1 ptsJ_2
[10:36:55] Fixed 3 duplicate /gene - mmgC_1 mmgC_2 mmgC_3
[10:36:55] Fixed 3 duplicate /gene - prmC_1 prmC_2 prmC_3
[10:36:55] Fixed 2 duplicate /gene - pepA_1 pepA_2
[10:36:55] Fixed 4 duplicate /gene - mtgA_1 mtgA_2 mtgA_3 mtgA_4
[10:36:55] Fixed 2 duplicate /gene - lrpC_1 lrpC_2
[10:36:55] Fixed 16 duplicate /gene - gsiC_1 gsiC_2 gsiC_3 gsiC_4 gsiC_5 gsiC_6 gsiC_7 gsiC_8 gsiC_9 gsiC_10 gsiC_11 gsiC_12 gsiC_13 gsiC_14 gsiC_15 gsiC_16
[10:36:55] Fixed 2 duplicate /gene - oppB_1 oppB_2
[10:36:55] Fixed 2 duplicate /gene - tmoT_1 tmoT_2
[10:36:55] Fixed 2 duplicate /gene - gpr_1 gpr_2
[10:36:55] Fixed 3 duplicate /gene - iscS_1 iscS_2 iscS_3
[10:36:55] Fixed 2 duplicate /gene - ubiL_1 ubiL_2
[10:36:55] Fixed 2 duplicate /gene - phyR_1 phyR_2
[10:36:55] Fixed 2 duplicate /gene - idnD_1 idnD_2
[10:36:55] Fixed 4 duplicate /gene - hutH_1 hutH_2 hutH_3 hutH_4
[10:36:55] Fixed 3 duplicate /gene - namA_1 namA_2 namA_3
[10:36:55] Fixed 2 duplicate /gene - opuCB_1 opuCB_2
[10:36:55] Fixed 2 duplicate /gene - lsrB_1 lsrB_2
[10:36:55] Fixed 3 duplicate /gene - araH_1 araH_2 araH_3
[10:36:55] Fixed 2 duplicate /gene - maa_1 maa_2
[10:36:55] Fixed 2 duplicate /gene - tatA_1 tatA_2
[10:36:55] Fixed 2 duplicate /gene - secDF_1 secDF_2
[10:36:55] Fixed 11 duplicate /gene - lacF_1 lacF_2 lacF_3 lacF_4 lacF_5 lacF_6 lacF_7 lacF_8 lacF_9 lacF_10 lacF_11
[10:36:55] Fixed 2 duplicate /gene - alr_1 alr_2
[10:36:55] Fixed 3 duplicate /gene - potD_1 potD_2 potD_3
[10:36:55] Fixed 2 duplicate /gene - bamA_1 bamA_2
[10:36:55] Fixed 2 duplicate /gene - cntI_1 cntI_2
[10:36:55] Fixed 3 duplicate /gene - hcaR_1 hcaR_2 hcaR_3
[10:36:55] Fixed 2 duplicate /gene - todT_1 todT_2
[10:36:55] Fixed 2 duplicate /gene - yihV_1 yihV_2
[10:36:55] Fixed 4 duplicate /gene - yfcG_1 yfcG_2 yfcG_3 yfcG_4
[10:36:55] Fixed 2 duplicate /gene - cnrB_1 cnrB_2
[10:36:55] Fixed 4 duplicate /gene - rpaR_1 rpaR_2 rpaR_3 rpaR_4
[10:36:55] Fixed 3 duplicate /gene - mltF_1 mltF_2 mltF_3
[10:36:55] Fixed 2 duplicate /gene - otnC_1 otnC_2
[10:36:55] Fixed 3 duplicate /gene - gbsA_1 gbsA_2 gbsA_3
[10:36:55] Fixed 2 duplicate /gene - otnK_1 otnK_2
[10:36:55] Fixed 2 duplicate /gene - ku_1 ku_2
[10:36:55] Fixed 2 duplicate /gene - naiP_1 naiP_2
[10:36:55] Fixed 3 duplicate /gene - hmuU_1 hmuU_2 hmuU_3
[10:36:55] Fixed 14 duplicate /gene - melD_1 melD_2 melD_3 melD_4 melD_5 melD_6 melD_7 melD_8 melD_9 melD_10 melD_11 melD_12 melD_13 melD_14
[10:36:55] Fixed 2 duplicate /gene - glmS_1 glmS_2
[10:36:55] Fixed 2 duplicate /gene - arcB_1 arcB_2
[10:36:55] Fixed 2 duplicate /gene - purU_1 purU_2
[10:36:55] Fixed 3 duplicate /gene - blh_1 blh_2 blh_3
[10:36:55] Fixed 3 duplicate /gene - paaF_1 paaF_2 paaF_3
[10:36:55] Fixed 2 duplicate /gene - oppA_1 oppA_2
[10:36:55] Fixed 2 duplicate /gene - garD_1 garD_2
[10:36:55] Fixed 3 duplicate /gene - bdcA_1 bdcA_2 bdcA_3
[10:36:55] Fixed 2 duplicate /gene - accC_1 accC_2
[10:36:55] Fixed 2 duplicate /gene - yjlD_1 yjlD_2
[10:36:55] Fixed 4 duplicate /gene - yabJ_1 yabJ_2 yabJ_3 yabJ_4
[10:36:55] Fixed 2 duplicate /gene - braC_1 braC_2
[10:36:55] Fixed 2 duplicate /gene - zwf_1 zwf_2
[10:36:55] Fixed 3 duplicate /gene - apsD_1 apsD_2 apsD_3
[10:36:55] Fixed 2 duplicate /gene - tetC_1 tetC_2
[10:36:55] Fixed 6 duplicate /gene - lptB_1 lptB_2 lptB_3 lptB_4 lptB_5 lptB_6
[10:36:55] Fixed 2 duplicate /gene - lsrF_1 lsrF_2
[10:36:55] Fixed 2 duplicate /gene - glnH_1 glnH_2
[10:36:55] Fixed 2 duplicate /gene - argE_1 argE_2
[10:36:55] Fixed 5 duplicate /gene - bacC_1 bacC_2 bacC_3 bacC_4 bacC_5
[10:36:55] Fixed 2 duplicate /gene - ptsN_1 ptsN_2
[10:36:55] Fixed 2 duplicate /gene - codAch2_1 codAch2_2
[10:36:55] Fixed 16 duplicate /gene - pgrR_1 pgrR_2 pgrR_3 pgrR_4 pgrR_5 pgrR_6 pgrR_7 pgrR_8 pgrR_9 pgrR_10 pgrR_11 pgrR_12 pgrR_13 pgrR_14 pgrR_15 pgrR_16
[10:36:55] Fixed 5 duplicate /gene - lacG_1 lacG_2 lacG_3 lacG_4 lacG_5
[10:36:55] Fixed 2 duplicate /gene - ugpQ_1 ugpQ_2
[10:36:55] Fixed 13 duplicate /gene - oppF_1 oppF_2 oppF_3 oppF_4 oppF_5 oppF_6 oppF_7 oppF_8 oppF_9 oppF_10 oppF_11 oppF_12 oppF_13
[10:36:55] Fixed 2 duplicate /gene - occQ_1 occQ_2
[10:36:55] Fixed 4 duplicate /gene - dadA1_1 dadA1_2 dadA1_3 dadA1_4
[10:36:55] Fixed 2 duplicate /gene - tdh_1 tdh_2
[10:36:55] Fixed 2 duplicate /gene - aziB2_1 aziB2_2
[10:36:55] Fixed 2 duplicate /gene - codA_1 codA_2
[10:36:55] Fixed 2 duplicate /gene - hchA_1 hchA_2
[10:36:55] Fixed 2 duplicate /gene - tam_1 tam_2
[10:36:55] Fixed 2 duplicate /gene - ctaC_1 ctaC_2
[10:36:55] Fixed 3 duplicate /gene - soxA_1 soxA_2 soxA_3
[10:36:55] Fixed 2 duplicate /gene - msmE_1 msmE_2
[10:36:55] Fixed 3 duplicate /gene - paoA_1 paoA_2 paoA_3
[10:36:55] Fixed 4 duplicate /gene - vapC_1 vapC_2 vapC_3 vapC_4
[10:36:55] Fixed 8 duplicate /gene - hdfR_1 hdfR_2 hdfR_3 hdfR_4 hdfR_5 hdfR_6 hdfR_7 hdfR_8
[10:36:55] Fixed 4 duplicate /gene - sfnC_1 sfnC_2 sfnC_3 sfnC_4
[10:36:55] Fixed 2 duplicate /gene - yddA_1 yddA_2
[10:36:55] Fixed 2 duplicate /gene - nfdA_1 nfdA_2
[10:36:55] Fixed 2 duplicate /gene - serA_1 serA_2
[10:36:55] Fixed 4 duplicate /gene - etfA_1 etfA_2 etfA_3 etfA_4
[10:36:55] Fixed 2 duplicate /gene - cugP_1 cugP_2
[10:36:55] Fixed 3 duplicate /gene - ndhB_1 ndhB_2 ndhB_3
[10:36:55] Fixed 3 duplicate /gene - gno_1 gno_2 gno_3
[10:36:55] Fixed 2 duplicate /gene - yteT_1 yteT_2
[10:36:55] Fixed 3 duplicate /gene - ydiK_1 ydiK_2 ydiK_3
[10:36:55] Fixed 2 duplicate /gene - dhaAF_1 dhaAF_2
[10:36:55] Fixed 2 duplicate /gene - cysA_1 cysA_2
[10:36:55] Fixed 10 duplicate /gene - gsiD_1 gsiD_2 gsiD_3 gsiD_4 gsiD_5 gsiD_6 gsiD_7 gsiD_8 gsiD_9 gsiD_10
[10:36:55] Fixed 2 duplicate /gene - deoC_1 deoC_2
[10:36:55] Fixed 2 duplicate /gene - pxpB_1 pxpB_2
[10:36:55] Fixed 2 duplicate /gene - azoB_1 azoB_2
[10:36:55] Fixed 3 duplicate /gene - cpoB_1 cpoB_2 cpoB_3
[10:36:55] Fixed 3 duplicate /gene - pip_1 pip_2 pip_3
[10:36:55] Fixed 2 duplicate /gene - nrtA_1 nrtA_2
[10:36:55] Fixed 2 duplicate /gene - hyi_1 hyi_2
[10:36:55] Fixed 2 duplicate /gene - degP_1 degP_2
[10:36:55] Fixed 2 duplicate /gene - phzF_1 phzF_2
[10:36:55] Fixed 2 duplicate /gene - adh1_1 adh1_2
[10:36:55] Fixed 2 duplicate /gene - pxpA_1 pxpA_2
[10:36:55] Fixed 3 duplicate /gene - bdhA_1 bdhA_2 bdhA_3
[10:36:55] Fixed 3 duplicate /gene - ilvI_1 ilvI_2 ilvI_3
[10:36:55] Fixed 3 duplicate /gene - ulaR_1 ulaR_2 ulaR_3
[10:36:55] Fixed 2 duplicate /gene - tauB_1 tauB_2
[10:36:55] Fixed 4 duplicate /gene - abo_1 abo_2 abo_3 abo_4
[10:36:55] Fixed 2 duplicate /gene - ilvA_1 ilvA_2
[10:36:55] Fixed 6 duplicate /gene - COQ3_1 COQ3_2 COQ3_3 COQ3_4 COQ3_5 COQ3_6
[10:36:55] Fixed 2 duplicate /gene - nrtB_1 nrtB_2
[10:36:55] Fixed 3 duplicate /gene - mdtE_1 mdtE_2 mdtE_3
[10:36:55] Fixed 6 duplicate /gene - pal_1 pal_2 pal_3 pal_4 pal_5 pal_6
[10:36:55] Fixed 4 duplicate /gene - etfB_1 etfB_2 etfB_3 etfB_4
[10:36:55] Fixed 3 duplicate /gene - galE_1 galE_2 galE_3
[10:36:55] Fixed 3 duplicate /gene - rapA_1 rapA_2 rapA_3
[10:36:55] Fixed 2 duplicate /gene - flhA_1 flhA_2
[10:36:55] Fixed 2 duplicate /gene - acdA_1 acdA_2
[10:36:55] Fixed 3 duplicate /gene - clpP_1 clpP_2 clpP_3
[10:36:55] Fixed 3 duplicate /gene - yofA_1 yofA_2 yofA_3
[10:36:55] Fixed 5 duplicate /gene - nanR_1 nanR_2 nanR_3 nanR_4 nanR_5
[10:36:55] Fixed 3 duplicate /gene - paoB_1 paoB_2 paoB_3
[10:36:55] Fixed 3 duplicate /gene - rbsK_1 rbsK_2 rbsK_3
[10:36:55] Fixed 2 duplicate /gene - rpoH_1 rpoH_2
[10:36:55] Fixed 2 duplicate /gene - glpE_1 glpE_2
[10:36:55] Fixed 4 duplicate /gene - aroE_1 aroE_2 aroE_3 aroE_4
[10:36:55] Fixed 2 duplicate /gene - nuoL_1 nuoL_2
[10:36:55] Fixed 6 duplicate /gene - menH_1 menH_2 menH_3 menH_4 menH_5 menH_6
[10:36:55] Fixed 21 duplicate /gene - rbsC_1 rbsC_2 rbsC_3 rbsC_4 rbsC_5 rbsC_6 rbsC_7 rbsC_8 rbsC_9 rbsC_10 rbsC_11 rbsC_12 rbsC_13 rbsC_14 rbsC_15 rbsC_16 rbsC_17 rbsC_18 rbsC_19 rbsC_20 rbsC_21
[10:36:55] Fixed 4 duplicate /gene - glpR_1 glpR_2 glpR_3 glpR_4
[10:36:55] Fixed 2 duplicate /gene - yejF_1 yejF_2
[10:36:55] Fixed 3 duplicate /gene - amiC_1 amiC_2 amiC_3
[10:36:55] Fixed 2 duplicate /gene - mmcO_1 mmcO_2
[10:36:55] Fixed 2 duplicate /gene - yedA_1 yedA_2
[10:36:55] Fixed 3 duplicate /gene - ycaD_1 ycaD_2 ycaD_3
[10:36:55] Fixed 3 duplicate /gene - caiD_1 caiD_2 caiD_3
[10:36:55] Fixed 2 duplicate /gene - ompA_1 ompA_2
[10:36:55] Fixed 2 duplicate /gene - gyrB_1 gyrB_2
[10:36:55] Fixed 2 duplicate /gene - thpR_1 thpR_2
[10:36:55] Fixed 2 duplicate /gene - oprJ_1 oprJ_2
[10:36:55] Fixed 3 duplicate /gene - ropA_1 ropA_2 ropA_3
[10:36:55] Fixed 2 duplicate /gene - nuoM_1 nuoM_2
[10:36:55] Fixed 3 duplicate /gene - soxB_1 soxB_2 soxB_3
[10:36:55] Fixed 2 duplicate /gene - pspA_1 pspA_2
[10:36:55] Fixed 2 duplicate /gene - aaeA_1 aaeA_2
[10:36:55] Fixed 2 duplicate /gene - xynB_1 xynB_2
[10:36:55] Fixed 2 duplicate /gene - pyrE_1 pyrE_2
[10:36:55] Fixed 3 duplicate /gene - nagZ_1 nagZ_2 nagZ_3
[10:36:55] Fixed 4 duplicate /gene - agpA_1 agpA_2 agpA_3 agpA_4
[10:36:55] Fixed 3 duplicate /gene - puuC_1 puuC_2 puuC_3
[10:36:55] Fixed 3 duplicate /gene - cysE_1 cysE_2 cysE_3
[10:36:55] Fixed 2 duplicate /gene - gppA_1 gppA_2
[10:36:55] Fixed 9 duplicate /gene - sugA_1 sugA_2 sugA_3 sugA_4 sugA_5 sugA_6 sugA_7 sugA_8 sugA_9
[10:36:55] Fixed 2 duplicate /gene - rpe_1 rpe_2
[10:36:55] Fixed 2 duplicate /gene - aldHT_1 aldHT_2
[10:36:55] Fixed 2 duplicate /gene - gmd_1 gmd_2
[10:36:55] Fixed 2 duplicate /gene - ydaD_1 ydaD_2
[10:36:55] Fixed 2 duplicate /gene - ymdB_1 ymdB_2
[10:36:55] Fixed 2 duplicate /gene - tdcB_1 tdcB_2
[10:36:55] Fixed 3 duplicate /gene - emrB_1 emrB_2 emrB_3
[10:36:55] Fixed 6 duplicate /gene - comR_1 comR_2 comR_3 comR_4 comR_5 comR_6
[10:36:55] Fixed 2 duplicate /gene - hpcH_1 hpcH_2
[10:36:55] Fixed 2 duplicate /gene - secY_1 secY_2
[10:36:55] Fixed 2 duplicate /gene - pcrA_1 pcrA_2
[10:36:55] Fixed 2 duplicate /gene - per_1 per_2
[10:36:55] Fixed 14 duplicate /gene - dppB_1 dppB_2 dppB_3 dppB_4 dppB_5 dppB_6 dppB_7 dppB_8 dppB_9 dppB_10 dppB_11 dppB_12 dppB_13 dppB_14
[10:36:55] Fixed 10 duplicate /gene - ngcG_1 ngcG_2 ngcG_3 ngcG_4 ngcG_5 ngcG_6 ngcG_7 ngcG_8 ngcG_9 ngcG_10
[10:36:55] Fixed 2 duplicate /gene - gntK_1 gntK_2
[10:36:55] Fixed 2 duplicate /gene - doeA_1 doeA_2
[10:36:55] Fixed 2 duplicate /gene - tcyB_1 tcyB_2
[10:36:55] Fixed 3 duplicate /gene - proA_1 proA_2 proA_3
[10:36:55] Fixed 2 duplicate /gene - fhuA_1 fhuA_2
[10:36:55] Fixed 7 duplicate /gene - ssuB_1 ssuB_2 ssuB_3 ssuB_4 ssuB_5 ssuB_6 ssuB_7
[10:36:55] Fixed 3 duplicate /gene - fixN_1 fixN_2 fixN_3
[10:36:55] Fixed 2 duplicate /gene - ydjH_1 ydjH_2
[10:36:55] Fixed 7 duplicate /gene - arnC_1 arnC_2 arnC_3 arnC_4 arnC_5 arnC_6 arnC_7
[10:36:55] Fixed 4 duplicate /gene - dnaE2_1 dnaE2_2 dnaE2_3 dnaE2_4
[10:36:55] Fixed 2 duplicate /gene - doeB_1 doeB_2
[10:36:55] Fixed 2 duplicate /gene - tcyA_1 tcyA_2
[10:36:55] Fixed 2 duplicate /gene - takP_1 takP_2
[10:36:55] Fixed 4 duplicate /gene - nadE_1 nadE_2 nadE_3 nadE_4
[10:36:55] Fixed 4 duplicate /gene - yciC_1 yciC_2 yciC_3 yciC_4
[10:36:55] Fixed 2 duplicate /gene - yqjF_1 yqjF_2
[10:36:55] Fixed 4 duplicate /gene - appA_1 appA_2 appA_3 appA_4
[10:36:55] Fixed 2 duplicate /gene - menF_1 menF_2
[10:36:55] Fixed 2 duplicate /gene - dtnK_1 dtnK_2
[10:36:55] Fixed 18 duplicate /gene - ugpC_1 ugpC_2 ugpC_3 ugpC_4 ugpC_5 ugpC_6 ugpC_7 ugpC_8 ugpC_9 ugpC_10 ugpC_11 ugpC_12 ugpC_13 ugpC_14 ugpC_15 ugpC_16 ugpC_17 ugpC_18
[10:36:55] Fixed 4 duplicate /gene - yesO_1 yesO_2 yesO_3 yesO_4
[10:36:55] Fixed 5 duplicate /gene - ompR_1 ompR_2 ompR_3 ompR_4 ompR_5
[10:36:55] Fixed 2 duplicate /gene - virB4_1 virB4_2
[10:36:55] Fixed 3 duplicate /gene - ssuA_1 ssuA_2 ssuA_3
[10:36:55] Fixed 2 duplicate /gene - fhuB_1 fhuB_2
[10:36:55] Fixed 2 duplicate /gene - ccmC_1 ccmC_2
[10:36:55] Fixed 2 duplicate /gene - leuS_1 leuS_2
[10:36:55] Fixed 2 duplicate /gene - gpuA_1 gpuA_2
[10:36:55] Fixed 2 duplicate /gene - dctB_1 dctB_2
[10:36:55] Fixed 4 duplicate /gene - dgoD_1 dgoD_2 dgoD_3 dgoD_4
[10:36:55] Fixed 2 duplicate /gene - aroA_1 aroA_2
[10:36:55] Fixed 7 duplicate /gene - dppA_1 dppA_2 dppA_3 dppA_4 dppA_5 dppA_6 dppA_7
[10:36:55] Fixed 2 duplicate /gene - zntR_1 zntR_2
[10:36:55] Fixed 3 duplicate /gene - copA_1 copA_2 copA_3
[10:36:55] Fixed 2 duplicate /gene - trpI_1 trpI_2
[10:36:55] Fixed 3 duplicate /gene - hexR_1 hexR_2 hexR_3
[10:36:55] Fixed 2 duplicate /gene - exuR_1 exuR_2
[10:36:55] Fixed 2 duplicate /gene - iscR_1 iscR_2
[10:36:55] Fixed 6 duplicate /gene - sugB_1 sugB_2 sugB_3 sugB_4 sugB_5 sugB_6
[10:36:55] Fixed 2 duplicate /gene - nagL_1 nagL_2
[10:36:55] Fixed 2 duplicate /gene - emrA_1 emrA_2
[10:36:55] Fixed 3 duplicate /gene - gnl_1 gnl_2 gnl_3
[10:36:55] Fixed 5 duplicate /gene - rutB_1 rutB_2 rutB_3 rutB_4 rutB_5
[10:36:55] Fixed 2 duplicate /gene - metG_1 metG_2
[10:36:55] Fixed 2 duplicate /gene - mshD_1 mshD_2
[10:36:55] Fixed 2 duplicate /gene - glgX_1 glgX_2
[10:36:55] Fixed 5 duplicate /gene - azoR_1 azoR_2 azoR_3 azoR_4 azoR_5
[10:36:55] Fixed 10 duplicate /gene - mdtA_1 mdtA_2 mdtA_3 mdtA_4 mdtA_5 mdtA_6 mdtA_7 mdtA_8 mdtA_9 mdtA_10
[10:36:55] Fixed 3 duplicate /gene - uctC_1 uctC_2 uctC_3
[10:36:55] Fixed 2 duplicate /gene - ilvE_1 ilvE_2
[10:36:55] Fixed 2 duplicate /gene - ngcF_1 ngcF_2
[10:36:55] Fixed 3 duplicate /gene - xthA_1 xthA_2 xthA_3
[10:36:55] Fixed 3 duplicate /gene - yyaP_1 yyaP_2 yyaP_3
[10:36:55] Fixed 3 duplicate /gene - cheY_1 cheY_2 cheY_3
[10:36:55] Fixed 2 duplicate /gene - ahcY_1 ahcY_2
[10:36:55] Fixed 2 duplicate /gene - uxuA_1 uxuA_2
[10:36:55] Fixed 2 duplicate /gene - COQ7_1 COQ7_2
[10:36:55] Fixed 2 duplicate /gene - hmrR_1 hmrR_2
[10:36:55] Fixed 4 duplicate /gene - xylB_1 xylB_2 xylB_3 xylB_4
[10:36:55] Fixed 9 duplicate /gene - ccpA_1 ccpA_2 ccpA_3 ccpA_4 ccpA_5 ccpA_6 ccpA_7 ccpA_8 ccpA_9
[10:36:55] Fixed 5 duplicate /gene - potA_1 potA_2 potA_3 potA_4 potA_5
[10:36:55] Fixed 3 duplicate /gene - ywrD_1 ywrD_2 ywrD_3
[10:36:55] Fixed 2 duplicate /gene - pyrC_1 pyrC_2
[10:36:55] Fixed 5 duplicate /gene - mntB_1 mntB_2 mntB_3 mntB_4 mntB_5
[10:36:55] Fixed 9 duplicate /gene - COQ5_1 COQ5_2 COQ5_3 COQ5_4 COQ5_5 COQ5_6 COQ5_7 COQ5_8 COQ5_9
[10:36:55] Fixed 2 duplicate /gene - ade_1 ade_2
[10:36:55] Fixed 2 duplicate /gene - vjbR_1 vjbR_2
[10:36:55] Fixed 2 duplicate /gene - rob_1 rob_2
[10:36:55] Fixed 5 duplicate /gene - iolE_1 iolE_2 iolE_3 iolE_4 iolE_5
[10:36:55] Fixed 4 duplicate /gene - recD2_1 recD2_2 recD2_3 recD2_4
[10:36:55] Fixed 2 duplicate /gene - dxs_1 dxs_2
[10:36:55] Fixed 2 duplicate /gene - tufA_1 tufA_2
[10:36:55] Fixed 2 duplicate /gene - occT_1 occT_2
[10:36:55] Fixed 2 duplicate /gene - kce_1 kce_2
[10:36:55] Fixed 2 duplicate /gene - panB_1 panB_2
[10:36:55] Fixed 2 duplicate /gene - yhjE_1 yhjE_2
[10:36:55] Fixed 2 duplicate /gene - hlyU_1 hlyU_2
[10:36:55] Fixed 6 duplicate /gene - gntR_1 gntR_2 gntR_3 gntR_4 gntR_5 gntR_6
[10:36:55] Fixed 19 duplicate /gene - rcsC_1 rcsC_2 rcsC_3 rcsC_4 rcsC_5 rcsC_6 rcsC_7 rcsC_8 rcsC_9 rcsC_10 rcsC_11 rcsC_12 rcsC_13 rcsC_14 rcsC_15 rcsC_16 rcsC_17 rcsC_18 rcsC_19
[10:36:55] Fixed 6 duplicate /gene - araQ_1 araQ_2 araQ_3 araQ_4 araQ_5 araQ_6
[10:36:55] Fixed 10 duplicate /gene - yecS_1 yecS_2 yecS_3 yecS_4 yecS_5 yecS_6 yecS_7 yecS_8 yecS_9 yecS_10
[10:36:55] Fixed 2 duplicate /gene - cpdR_1 cpdR_2
[10:36:55] Fixed 2 duplicate /gene - pdxI_1 pdxI_2
[10:36:55] Fixed 3 duplicate /gene - paoC_1 paoC_2 paoC_3
[10:36:55] Fixed 2 duplicate /gene - lacZ_1 lacZ_2
[10:36:55] Fixed 2 duplicate /gene - lyx_1 lyx_2
[10:36:55] Fixed 6 duplicate /gene - hisC_1 hisC_2 hisC_3 hisC_4 hisC_5 hisC_6
[10:36:55] Fixed 2 duplicate /gene - def_1 def_2
[10:36:55] Fixed 2 duplicate /gene - mftE_1 mftE_2
[10:36:55] Fixed 8 duplicate /gene - rbsB_1 rbsB_2 rbsB_3 rbsB_4 rbsB_5 rbsB_6 rbsB_7 rbsB_8
[10:36:55] Fixed 13 duplicate /gene - malK_1 malK_2 malK_3 malK_4 malK_5 malK_6 malK_7 malK_8 malK_9 malK_10 malK_11 malK_12 malK_13
[10:36:55] Fixed 6 duplicate /gene - livH_1 livH_2 livH_3 livH_4 livH_5 livH_6
[10:36:55] Fixed 2 duplicate /gene - ccmE_1 ccmE_2
[10:36:55] Fixed 17 duplicate /gene - rbsA_1 rbsA_2 rbsA_3 rbsA_4 rbsA_5 rbsA_6 rbsA_7 rbsA_8 rbsA_9 rbsA_10 rbsA_11 rbsA_12 rbsA_13 rbsA_14 rbsA_15 rbsA_16 rbsA_17
[10:36:55] Fixed 2 duplicate /gene - ydcS_1 ydcS_2
[10:36:55] Fixed 11 duplicate /gene - rhaR_1 rhaR_2 rhaR_3 rhaR_4 rhaR_5 rhaR_6 rhaR_7 rhaR_8 rhaR_9 rhaR_10 rhaR_11
[10:36:55] Fixed 3 duplicate /gene - msrP_1 msrP_2 msrP_3
[10:36:55] Fixed 2 duplicate /gene - yedK_1 yedK_2
[10:36:55] Fixed 5 duplicate /gene - gdh_1 gdh_2 gdh_3 gdh_4 gdh_5
[10:36:55] Fixed 3 duplicate /gene - xylF_1 xylF_2 xylF_3
[10:36:55] Fixed 2 duplicate /gene - pdhR_1 pdhR_2
[10:36:55] Fixed 2 duplicate /gene - prsD_1 prsD_2
[10:36:55] Fixed 6 duplicate /gene - fliC_1 fliC_2 fliC_3 fliC_4 fliC_5 fliC_6
[10:36:55] Fixed 2 duplicate /gene - ccoP_1 ccoP_2
[10:36:55] Fixed 2 duplicate /gene - wzxC_1 wzxC_2
[10:36:55] Fixed 2 duplicate /gene - hypBA1_1 hypBA1_2
[10:36:55] Fixed 2 duplicate /gene - chaA_1 chaA_2
[10:36:55] Fixed 13 duplicate /gene - oppD_1 oppD_2 oppD_3 oppD_4 oppD_5 oppD_6 oppD_7 oppD_8 oppD_9 oppD_10 oppD_11 oppD_12 oppD_13
[10:36:55] Fixed 2 duplicate /gene - proV_1 proV_2
[10:36:55] Fixed 3 duplicate /gene - melA_1 melA_2 melA_3
[10:36:55] Fixed 2 duplicate /gene - pxpC_1 pxpC_2
[10:36:55] Fixed 5 duplicate /gene - ecfG_1 ecfG_2 ecfG_3 ecfG_4 ecfG_5
[10:36:55] Fixed 2 duplicate /gene - ubiA_1 ubiA_2
[10:36:55] Fixed 8 duplicate /gene - frcA_1 frcA_2 frcA_3 frcA_4 frcA_5 frcA_6 frcA_7 frcA_8
[10:36:55] Fixed 2 duplicate /gene - dmdC_1 dmdC_2
[10:36:55] Fixed 2 duplicate /gene - ndhC_1 ndhC_2
[10:36:55] Fixed 16 duplicate /gene - btuD_1 btuD_2 btuD_3 btuD_4 btuD_5 btuD_6 btuD_7 btuD_8 btuD_9 btuD_10 btuD_11 btuD_12 btuD_13 btuD_14 btuD_15 btuD_16
[10:36:55] Fixed 2 duplicate /gene - lsrD_1 lsrD_2
[10:36:55] Fixed 3 duplicate /gene - potB_1 potB_2 potB_3
[10:36:55] Fixed 7 duplicate /gene - glaR_1 glaR_2 glaR_3 glaR_4 glaR_5 glaR_6 glaR_7
[10:36:55] Fixed 9 duplicate /gene - glnQ_1 glnQ_2 glnQ_3 glnQ_4 glnQ_5 glnQ_6 glnQ_7 glnQ_8 glnQ_9
[10:36:55] Fixed 2 duplicate /gene - potH_1 potH_2
[10:36:55] Fixed 4 duplicate /gene - fabF_1 fabF_2 fabF_3 fabF_4
[10:36:55] Fixed 2 duplicate /gene - catD_1 catD_2
[10:36:55] Fixed 3 duplicate /gene - ybjJ_1 ybjJ_2 ybjJ_3
[10:36:55] Fixed 2 duplicate /gene - adhA_1 adhA_2
[10:36:55] Fixed 2 duplicate /gene - tag_1 tag_2
[10:36:55] Fixed 3 duplicate /gene - bcr_1 bcr_2 bcr_3
[10:36:55] Fixed 2 duplicate /gene - yadH_1 yadH_2
[10:36:55] Fixed 6 duplicate /gene - gabD_1 gabD_2 gabD_3 gabD_4 gabD_5 gabD_6
[10:36:55] Fixed 2 duplicate /gene - fruK_1 fruK_2
[10:36:55] Fixed 2 duplicate /gene - araD_1 araD_2
[10:36:55] Fixed 2 duplicate /gene - parE4_1 parE4_2
[10:36:55] Fixed 3 duplicate /gene - lldD_1 lldD_2 lldD_3
[10:36:55] Fixed 3 duplicate /gene - betB_1 betB_2 betB_3
[10:36:55] Fixed 2 duplicate /gene - hpaC_1 hpaC_2
[10:36:55] Fixed 2 duplicate /gene - dapAL_1 dapAL_2
[10:36:55] Fixed 3 duplicate /gene - proC_1 proC_2 proC_3
[10:36:55] Fixed 3 duplicate /gene - rbtD_1 rbtD_2 rbtD_3
[10:36:55] Fixed 2 duplicate /gene - gci_1 gci_2
[10:36:55] Fixed 8 duplicate /gene - livF_1 livF_2 livF_3 livF_4 livF_5 livF_6 livF_7 livF_8
[10:36:55] Fixed 4 duplicate /gene - ugpB_1 ugpB_2 ugpB_3 ugpB_4
[10:36:55] Fixed 2 duplicate /gene - araP_1 araP_2
[10:36:55] Fixed 3 duplicate /gene - fhuC_1 fhuC_2 fhuC_3
[10:36:55] Fixed 5 duplicate /gene - cpdA_1 cpdA_2 cpdA_3 cpdA_4 cpdA_5
[10:36:55] Fixed 2 duplicate /gene - lexA_1 lexA_2
[10:36:55] Fixed 2 duplicate /gene - xdh_1 xdh_2
[10:36:55] Fixed 2 duplicate /gene - msbA_1 msbA_2
[10:36:55] Fixed 2 duplicate /gene - deoR_1 deoR_2
[10:36:55] Fixed 3 duplicate /gene - rfbB_1 rfbB_2 rfbB_3
[10:36:55] Fixed 4 duplicate /gene - slyA_1 slyA_2 slyA_3 slyA_4
[10:36:55] Fixed 2 duplicate /gene - puuA_1 puuA_2
[10:36:55] Fixed 6 duplicate /gene - fitB_1 fitB_2 fitB_3 fitB_4 fitB_5 fitB_6
[10:36:55] Fixed 2 duplicate /gene - mdh_1 mdh_2
[10:36:55] Fixed 3 duplicate /gene - ftsH_1 ftsH_2 ftsH_3
[10:36:55] Fixed 2 duplicate /gene - yrdA_1 yrdA_2
[10:36:55] Fixed 2 duplicate /gene - fabI_1 fabI_2
[10:36:55] Fixed 2 duplicate /gene - glnM_1 glnM_2
[10:36:55] Fixed 3 duplicate /gene - dadA_1 dadA_2 dadA_3
[10:36:55] Fixed 7 duplicate /gene - sugC_1 sugC_2 sugC_3 sugC_4 sugC_5 sugC_6 sugC_7
[10:36:55] Fixed 2 duplicate /gene - aar_1 aar_2
[10:36:55] Fixed 2 duplicate /gene - ttgB_1 ttgB_2
[10:36:55] Fixed 2 duplicate /gene - lcfB_1 lcfB_2
[10:36:55] Fixed 5 duplicate /gene - xerC_1 xerC_2 xerC_3 xerC_4 xerC_5
[10:36:55] Fixed 2 duplicate /gene - glnP_1 glnP_2
[10:36:55] Fixed 4 duplicate /gene - spuC_1 spuC_2 spuC_3 spuC_4
[10:36:55] Fixed 3 duplicate /gene - nanK_1 nanK_2 nanK_3
[10:36:55] Fixed 2 duplicate /gene - yjhH_1 yjhH_2
[10:36:55] Fixed 2 duplicate /gene - coaA_1 coaA_2
[10:36:55] Fixed 3 duplicate /gene - aspC_1 aspC_2 aspC_3
[10:36:55] Fixed 2 duplicate /gene - yfdE_1 yfdE_2
[10:36:55] Fixed 3 duplicate /gene - kup_1 kup_2 kup_3
[10:36:55] Fixed 3 duplicate /gene - ccmF_1 ccmF_2 ccmF_3
[10:36:55] Fixed 3 duplicate /gene - davD_1 davD_2 davD_3
[10:36:55] Fixed 2 duplicate /gene - melR_1 melR_2
[10:36:55] Fixed 2 duplicate /gene - iolB_1 iolB_2
[10:36:55] Fixed 2 duplicate /gene - pntB_1 pntB_2
[10:36:55] Fixed 2 duplicate /gene - garR_1 garR_2
[10:36:55] Fixed 4 duplicate /gene - mdtC_1 mdtC_2 mdtC_3 mdtC_4
[10:36:55] Fixed 2 duplicate /gene - acpP_1 acpP_2
[10:36:55] Fixed 3 duplicate /gene - glgB_1 glgB_2 glgB_3
[10:36:55] Fixed 18 duplicate /gene - fabG_1 fabG_2 fabG_3 fabG_4 fabG_5 fabG_6 fabG_7 fabG_8 fabG_9 fabG_10 fabG_11 fabG_12 fabG_13 fabG_14 fabG_15 fabG_16 fabG_17 fabG_18
[10:36:55] Fixed 2 duplicate /gene - yhdN_1 yhdN_2
[10:36:55] Fixed 7 duplicate /gene - puuB_1 puuB_2 puuB_3 puuB_4 puuB_5 puuB_6 puuB_7
[10:36:55] Fixed 3 duplicate /gene - ghrA_1 ghrA_2 ghrA_3
[10:36:55] Fixed 14 duplicate /gene - iolG_1 iolG_2 iolG_3 iolG_4 iolG_5 iolG_6 iolG_7 iolG_8 iolG_9 iolG_10 iolG_11 iolG_12 iolG_13 iolG_14
[10:36:55] Fixed 2 duplicate /gene - nodD2_1 nodD2_2
[10:36:55] Fixed 5 duplicate /gene - ugpA_1 ugpA_2 ugpA_3 ugpA_4 ugpA_5
[10:36:55] Fixed 2 duplicate /gene - tcyC_1 tcyC_2
[10:36:55] Fixed 2 duplicate /gene - sigF_1 sigF_2
[10:36:55] Fixed 3 duplicate /gene - eryD_1 eryD_2 eryD_3
[10:36:55] Fixed 4 duplicate /gene - ssuC_1 ssuC_2 ssuC_3 ssuC_4
[10:36:55] Fixed 2 duplicate /gene - argD_1 argD_2
[10:36:55] Fixed 2 duplicate /gene - nifD_1 nifD_2
[10:36:55] Fixed 8 duplicate /gene - msmX_1 msmX_2 msmX_3 msmX_4 msmX_5 msmX_6 msmX_7 msmX_8
[10:36:55] Fixed 2 duplicate /gene - msrQ_1 msrQ_2
[10:36:55] Fixed 2 duplicate /gene - ssb_1 ssb_2
[10:36:55] Fixed 2 duplicate /gene - glpK_1 glpK_2
[10:36:55] Fixed 2 duplicate /gene - fbcH_1 fbcH_2
[10:36:55] Fixed 2 duplicate /gene - betI_1 betI_2
[10:36:55] Fixed 22 duplicate /gene - dmlR_1 dmlR_2 dmlR_3 dmlR_4 dmlR_5 dmlR_6 dmlR_7 dmlR_8 dmlR_9 dmlR_10 dmlR_11 dmlR_12 dmlR_13 dmlR_14 dmlR_15 dmlR_16 dmlR_17 dmlR_18 dmlR_19 dmlR_20 dmlR_21 dmlR_22
[10:36:55] Fixed 4 duplicate /gene - betA_1 betA_2 betA_3 betA_4
[10:36:55] Fixed 2 duplicate /gene - artJ_1 artJ_2
[10:36:55] Fixed 4 duplicate /gene - xylH_1 xylH_2 xylH_3 xylH_4
[10:36:55] Fixed 2 duplicate /gene - dhaL_1 dhaL_2
[10:36:55] Fixed 3 duplicate /gene - rbsR_1 rbsR_2 rbsR_3
[10:36:55] Fixed 2 duplicate /gene - fixK_1 fixK_2
[10:36:55] Fixed 2 duplicate /gene - pld1_1 pld1_2
[10:36:55] Fixed 12 duplicate /gene - rhaS_1 rhaS_2 rhaS_3 rhaS_4 rhaS_5 rhaS_6 rhaS_7 rhaS_8 rhaS_9 rhaS_10 rhaS_11 rhaS_12
[10:36:55] Fixed 4 duplicate /gene - rhtC_1 rhtC_2 rhtC_3 rhtC_4
[10:36:55] Fixed 2 duplicate /gene - fhuD_1 fhuD_2
[10:36:55] Fixed 2 duplicate /gene - ada_1 ada_2
[10:36:55] Fixed 4 duplicate /gene - gph_1 gph_2 gph_3 gph_4
[10:36:55] Fixed 3 duplicate /gene - entS_1 entS_2 entS_3
[10:36:55] Fixed 2 duplicate /gene - dctD_1 dctD_2
[10:36:55] Fixed 3 duplicate /gene - actP_1 actP_2 actP_3
[10:36:55] Fixed 2 duplicate /gene - ucpA_1 ucpA_2
[10:36:55] Fixed 4 duplicate /gene - mglA_1 mglA_2 mglA_3 mglA_4
[10:36:55] Fixed 2 duplicate /gene - dhaK_1 dhaK_2
[10:36:55] Fixed 3 duplicate /gene - gcvT_1 gcvT_2 gcvT_3
[10:36:55] Fixed 3 duplicate /gene - bepF_1 bepF_2 bepF_3
[10:36:55] Fixed 2 duplicate /gene - hlyD_1 hlyD_2
[10:36:55] Fixed 4 duplicate /gene - dapH_1 dapH_2 dapH_3 dapH_4
[10:36:55] Fixed 3 duplicate /gene - araC_1 araC_2 araC_3
[10:36:55] Fixed 8 duplicate /gene - dasC_1 dasC_2 dasC_3 dasC_4 dasC_5 dasC_6 dasC_7 dasC_8
[10:36:55] Fixed 6 duplicate /gene - cysQ_1 cysQ_2 cysQ_3 cysQ_4 cysQ_5 cysQ_6
[10:36:55] Fixed 2 duplicate /gene - ynfM_1 ynfM_2
[10:36:55] Fixed 2 duplicate /gene - dnaK_1 dnaK_2
[10:36:55] Fixed 2 duplicate /gene - nuoH_1 nuoH_2
[10:36:55] Fixed 4 duplicate /gene - dapE_1 dapE_2 dapE_3 dapE_4
[10:36:55] Fixed 2 duplicate /gene - gloA_1 gloA_2
[10:36:55] Fixed 2 duplicate /gene - atpB_1 atpB_2
[10:36:55] Fixed 3 duplicate /gene - rpsU_1 rpsU_2 rpsU_3
[10:36:55] Fixed 2 duplicate /gene - rspA_1 rspA_2
[10:36:55] Fixed 4 duplicate /gene - cheB_1 cheB_2 cheB_3 cheB_4
[10:36:55] Fixed 2 duplicate /gene - rox_1 rox_2
[10:36:55] Fixed 3 duplicate /gene - hsrA_1 hsrA_2 hsrA_3
[10:36:55] Fixed 2 duplicate /gene - nsrR_1 nsrR_2
[10:36:55] Fixed 2 duplicate /gene - bcp_1 bcp_2
[10:36:55] Fixed 2 duplicate /gene - bphC_1 bphC_2
[10:36:55] Fixed 2 duplicate /gene - pdxA2_1 pdxA2_2
[10:36:55] Fixed 2 duplicate /gene - gltC_1 gltC_2
[10:36:55] Fixed 3 duplicate /gene - bepA_1 bepA_2 bepA_3
[10:36:55] Fixed 11 duplicate /gene - lrp_1 lrp_2 lrp_3 lrp_4 lrp_5 lrp_6 lrp_7 lrp_8 lrp_9 lrp_10 lrp_11
[10:36:55] Fixed 2 duplicate /gene - cheA_1 cheA_2
[10:36:55] Fixed 2 duplicate /gene - gltX_1 gltX_2
[10:36:55] Fixed 2 duplicate /gene - ybhL_1 ybhL_2
[10:36:55] Fixed 2 duplicate /gene - fzlA_1 fzlA_2
[10:36:55] Fixed 2 duplicate /gene - thiE_1 thiE_2
[10:36:55] Fixed 2 duplicate /gene - cyoC_1 cyoC_2
[10:36:55] Fixed 2 duplicate /gene - rlpA_1 rlpA_2
[10:36:55] Fixed 3 duplicate /gene - gloB_1 gloB_2 gloB_3
[10:36:55] Fixed 5 duplicate /gene - iolS_1 iolS_2 iolS_3 iolS_4 iolS_5
[10:36:55] Fixed 2 duplicate /gene - swrC_1 swrC_2
[10:36:55] Fixed 2 duplicate /gene - lgoR_1 lgoR_2
[10:36:55] Fixed 7 duplicate /gene - mshA_1 mshA_2 mshA_3 mshA_4 mshA_5 mshA_6 mshA_7
[10:36:55] Fixed 7 duplicate /gene - lutR_1 lutR_2 lutR_3 lutR_4 lutR_5 lutR_6 lutR_7
[10:36:55] Fixed 2 duplicate /gene - rhlE_1 rhlE_2
[10:36:55] Fixed 2 duplicate /gene - alaS_1 alaS_2
[10:36:55] Fixed 2 duplicate /gene - atpF_1 atpF_2
[10:36:55] Fixed 2 duplicate /gene - gutB_1 gutB_2
[10:36:55] Fixed 3 duplicate /gene - dppD_1 dppD_2 dppD_3
[10:36:55] Fixed 2 duplicate /gene - dipZ_1 dipZ_2
[10:36:55] Fixed 2 duplicate /gene - imuB_1 imuB_2
[10:36:55] Fixed 2 duplicate /gene - hemA_1 hemA_2
[10:36:55] Fixed 2 duplicate /gene - groL5_1 groL5_2
[10:36:55] Fixed 2 duplicate /gene - trxB_1 trxB_2
[10:36:55] Fixed 2 duplicate /gene - golD_1 golD_2
[10:36:55] Fixed 3 duplicate /gene - nrsF_1 nrsF_2 nrsF_3
[10:36:55] Fixed 2 duplicate /gene - purF_1 purF_2
[10:36:55] Fixed 2 duplicate /gene - nifK_1 nifK_2
[10:36:55] Fixed 6 duplicate /gene - noc_1 noc_2 noc_3 noc_4 noc_5 noc_6
[10:36:55] Fixed 5 duplicate /gene - ycjP_1 ycjP_2 ycjP_3 ycjP_4 ycjP_5
[10:36:55] Fixed 3 duplicate /gene - IMPDH_1 IMPDH_2 IMPDH_3
[10:36:55] Fixed 3 duplicate /gene - dctM_1 dctM_2 dctM_3
[10:36:55] Fixed 2 duplicate /gene - pcaG_1 pcaG_2
[10:36:55] Fixed 15 duplicate /gene - gsiA_1 gsiA_2 gsiA_3 gsiA_4 gsiA_5 gsiA_6 gsiA_7 gsiA_8 gsiA_9 gsiA_10 gsiA_11 gsiA_12 gsiA_13 gsiA_14 gsiA_15
[10:36:55] Fixed 6 duplicate /gene - rspR_1 rspR_2 rspR_3 rspR_4 rspR_5 rspR_6
[10:36:55] Fixed 2 duplicate /gene - yjmC_1 yjmC_2
[10:36:55] Fixed 2 duplicate /gene - accB_1 accB_2
[10:36:55] Fixed 4 duplicate /gene - alkJ_1 alkJ_2 alkJ_3 alkJ_4
[10:36:55] Fixed 7 duplicate /gene - ntaA_1 ntaA_2 ntaA_3 ntaA_4 ntaA_5 ntaA_6 ntaA_7
[10:36:55] Fixed 2 duplicate /gene - kdgR_1 kdgR_2
[10:36:55] Fixed 3 duplicate /gene - opuAB_1 opuAB_2 opuAB_3
[10:36:55] Fixed 2 duplicate /gene - pcaH_1 pcaH_2
[10:36:55] Fixed 2 duplicate /gene - nodM_1 nodM_2
[10:36:55] Fixed 2 duplicate /gene - nrtD_1 nrtD_2
[10:36:55] Fixed 2 duplicate /gene - kdsB_1 kdsB_2
[10:36:55] Fixed 2 duplicate /gene - rppH_1 rppH_2
[10:36:55] Fixed 11 duplicate /gene - dapA_1 dapA_2 dapA_3 dapA_4 dapA_5 dapA_6 dapA_7 dapA_8 dapA_9 dapA_10 dapA_11
[10:36:55] Fixed 4 duplicate /gene - cspA_1 cspA_2 cspA_3 cspA_4
[10:36:55] Fixed 6 duplicate /gene - degA_1 degA_2 degA_3 degA_4 degA_5 degA_6
[10:36:55] Fixed 6 duplicate /gene - nagR_1 nagR_2 nagR_3 nagR_4 nagR_5 nagR_6
[10:36:55] Fixed 2 duplicate /gene - hutU_1 hutU_2
[10:36:55] Fixed 3 duplicate /gene - arsC_1 arsC_2 arsC_3
[10:36:55] Fixed 7 duplicate /gene - ddpC_1 ddpC_2 ddpC_3 ddpC_4 ddpC_5 ddpC_6 ddpC_7
[10:36:55] Fixed 2 duplicate /gene - map_1 map_2
[10:36:55] Fixed 2 duplicate /gene - paoD_1 paoD_2
[10:36:55] Fixed 3 duplicate /gene - glxR_1 glxR_2 glxR_3
[10:36:55] Fixed 2 duplicate /gene - cycY_1 cycY_2
[10:36:55] Fixed 2 duplicate /gene - linX_1 linX_2
[10:36:55] Fixed 5 duplicate /gene - ribX_1 ribX_2 ribX_3 ribX_4 ribX_5
[10:36:55] Fixed 2 duplicate /gene - calB_1 calB_2
[10:36:55] Fixed 2 duplicate /gene - nuoJ_1 nuoJ_2
[10:36:55] Fixed 2 duplicate /gene - pcaR_1 pcaR_2
[10:36:55] Fixed 2 duplicate /gene - lolD_1 lolD_2
[10:36:55] Fixed 2 duplicate /gene - tenA_1 tenA_2
[10:36:55] Fixed 2 duplicate /gene - msuD_1 msuD_2
[10:36:55] Fixed 2 duplicate /gene - thi4_1 thi4_2
[10:36:55] Fixed 2 duplicate /gene - rsmB_1 rsmB_2
[10:36:55] Fixed 5 duplicate /gene - rafR_1 rafR_2 rafR_3 rafR_4 rafR_5
[10:36:55] Fixed 2 duplicate /gene - soxD_1 soxD_2
[10:36:55] Fixed 2 duplicate /gene - vdh_1 vdh_2
[10:36:55] Fixed 2 duplicate /gene - mmgB_1 mmgB_2
[10:36:55] Fixed 4 duplicate /gene - fliY_1 fliY_2 fliY_3 fliY_4
[10:36:55] Fixed 2 duplicate /gene - hyuA_1 hyuA_2
[10:36:55] Fixed 3 duplicate /gene - rfuD_1 rfuD_2 rfuD_3
[10:36:55] Fixed 2 duplicate /gene - rnhA_1 rnhA_2
[10:36:55] Fixed 6 duplicate /gene - oxyR_1 oxyR_2 oxyR_3 oxyR_4 oxyR_5 oxyR_6
[10:36:55] Fixed 2 duplicate /gene - lutA_1 lutA_2
[10:36:55] Fixed 2 duplicate /gene - malL_1 malL_2
[10:36:55] Fixed 3 duplicate /gene - bpoC_1 bpoC_2 bpoC_3
[10:36:55] Fixed 5 duplicate /gene - acsA_1 acsA_2 acsA_3 acsA_4 acsA_5
[10:36:55] Fixed 2 duplicate /gene - rlmB_1 rlmB_2
[10:36:55] Fixed 6 duplicate /gene - cheW_1 cheW_2 cheW_3 cheW_4 cheW_5 cheW_6
[10:36:55] Fixed 3 duplicate /gene - linC_1 linC_2 linC_3
[10:36:55] Fixed 2 duplicate /gene - aes_1 aes_2
[10:36:55] Fixed 2 duplicate /gene - dhmA_1 dhmA_2
[10:36:55] Fixed 2 duplicate /gene - nemA_1 nemA_2
[10:36:55] Fixed 7 duplicate /gene - decR_1 decR_2 decR_3 decR_4 decR_5 decR_6 decR_7
[10:36:55] Fixed 13 duplicate /gene - gcvA_1 gcvA_2 gcvA_3 gcvA_4 gcvA_5 gcvA_6 gcvA_7 gcvA_8 gcvA_9 gcvA_10 gcvA_11 gcvA_12 gcvA_13
[10:36:55] Fixed 2 duplicate /gene - gbpR_1 gbpR_2
[10:36:55] Fixed 2 duplicate /gene - hpyO_1 hpyO_2
[10:36:55] Fixed 2 duplicate /gene - ephA_1 ephA_2
[10:36:55] Fixed 4 duplicate /gene - purR_1 purR_2 purR_3 purR_4
[10:36:55] Fixed 2 duplicate /gene - fusA_1 fusA_2
[10:36:55] Fixed 2 duplicate /gene - dapB_1 dapB_2
[10:36:55] Fixed 3 duplicate /gene - ycjO_1 ycjO_2 ycjO_3
[10:36:55] Fixed 2 duplicate /gene - exoI_1 exoI_2
[10:36:55] Fixed 2 duplicate /gene - yxeN_1 yxeN_2
[10:36:55] Fixed 2 duplicate /gene - ohrB_1 ohrB_2
[10:36:55] Fixed 2 duplicate /gene - pccB_1 pccB_2
[10:36:55] Fixed 2 duplicate /gene - murG_1 murG_2
[10:36:55] Fixed 2 duplicate /gene - otnI_1 otnI_2
[10:36:55] Fixed 6 duplicate /gene - cytR_1 cytR_2 cytR_3 cytR_4 cytR_5 cytR_6
[10:36:55] Fixed 2 duplicate /gene - cheR_1 cheR_2
[10:36:55] Fixed 6 duplicate /gene - oppC_1 oppC_2 oppC_3 oppC_4 oppC_5 oppC_6
[10:36:55] Fixed 2 duplicate /gene - glmM_1 glmM_2
[10:36:55] Fixed 2 duplicate /gene - yieH_1 yieH_2
[10:36:55] Fixed 6 duplicate /gene - gsiB_1 gsiB_2 gsiB_3 gsiB_4 gsiB_5 gsiB_6
[10:36:55] Fixed 592 colliding /gene names.
[10:36:55] Adding /locus_tag identifiers
[10:36:55] Assigned 7222 locus_tags to CDS and RNA features.
[10:36:55] Writing outputs to ./H012.fsa_prokka/
[10:37:03] Generating annotation statistics file
[10:37:03] Generating Genbank and Sequin files
[10:37:03] Running: tbl2asn -V b -a r10k -l paired-ends -M n -N 1 -y 'Annotated using prokka 1.14.6 from https://github.com/tseemann/prokka' -Z \.\/H012\.fsa_prokka\/\.\/H012\.fsa\.err -i \.\/H012\.fsa_prokka\/\.\/H012\.fsa\.fsa 2> /dev/null
[10:37:18] Deleting unwanted file: ./H012.fsa_prokka/errorsummary.val
[10:37:18] Deleting unwanted file: ./H012.fsa_prokka/./H012.fsa.dr
[10:37:18] Deleting unwanted file: ./H012.fsa_prokka/./H012.fsa.fixedproducts
[10:37:18] Deleting unwanted file: ./H012.fsa_prokka/./H012.fsa.ecn
[10:37:18] Deleting unwanted file: ./H012.fsa_prokka/./H012.fsa.val
[10:37:18] Repairing broken .GBK output that tbl2asn produces...
[10:37:18] Running: sed 's/COORDINATES: profile/COORDINATES:profile/' < \.\/H012\.fsa_prokka\/\.\/H012\.fsa\.gbf > \.\/H012\.fsa_prokka\/\.\/H012\.fsa\.gbk
[10:37:18] Deleting unwanted file: ./H012.fsa_prokka/./H012.fsa.gbf
[10:37:18] Output files:
[10:37:18] Annotation finished successfully.
[10:37:18] Walltime used: 6.20 minutes
[10:37:18] If you use this result please cite the Prokka paper:
[10:37:18] Seemann T (2014) Prokka: rapid prokaryotic genome annotation. Bioinformatics. 30(14):2068-9.
[10:37:18] Type 'prokka --citation' for more details.
[10:37:18] Thank you, come again.
