[11:41:01] This is prokka 1.14.6
[11:41:01] Written by Torsten Seemann <torsten.seemann@gmail.com>
[11:41:01] Homepage is https://github.com/tseemann/prokka
[11:41:01] Local time is Tue Dec 12 11:41:01 2023
[11:41:01] You are joshgb
[11:41:01] Operating system is linux
[11:41:01] You have BioPerl 1.7.8
[11:41:01] System has 8 cores.
[11:41:01] Will use maximum of 8 cores.
[11:41:01] Annotating as >>> Bacteria <<<
[11:41:01] Generating locus_tag from './H178.fsa' contents.
[11:41:01] Setting --locustag FDLMGIJM from MD5 fd5602366aa97e6eb88867b5fac3b366
[11:41:01] Creating new output folder: ./H178.fsa_prokka
[11:41:01] Running: mkdir -p \.\/H178\.fsa_prokka
[11:41:01] Using filename prefix: ./H178.fsa.XXX
[11:41:01] Setting HMMER_NCPU=1
[11:41:01] Writing log to: ./H178.fsa_prokka/./H178.fsa.log
[11:41:01] Command: /home/joshgb/anaconda3/envs/bio/bin/prokka --outdir ./H178.fsa_prokka --prefix ./H178.fsa --genus Rhizobium --species leguminosarum ./H178.fsa
[11:41:01] Appending to PATH: /home/joshgb/anaconda3/envs/bio/bin
[11:41:01] Looking for 'aragorn' - found /home/joshgb/anaconda3/envs/bio/bin/aragorn
[11:41:01] Determined aragorn version is 001002 from 'ARAGORN v1.2.41 Dean Laslett'
[11:41:01] Looking for 'barrnap' - found /home/joshgb/anaconda3/envs/bio/bin/barrnap
[11:41:01] Determined barrnap version is 000009 from 'barrnap 0.9'
[11:41:01] Looking for 'blastp' - found /home/joshgb/anaconda3/envs/bio/bin/blastp
[11:41:01] Determined blastp version is 002015 from 'blastp: 2.15.0+'
[11:41:01] Looking for 'cmpress' - found /home/joshgb/anaconda3/envs/bio/bin/cmpress
[11:41:01] Determined cmpress version is 001001 from '# INFERNAL 1.1.4 (Dec 2020)'
[11:41:01] Looking for 'cmscan' - found /home/joshgb/anaconda3/envs/bio/bin/cmscan
[11:41:01] Determined cmscan version is 001001 from '# INFERNAL 1.1.4 (Dec 2020)'
[11:41:01] Looking for 'egrep' - found /usr/bin/egrep
[11:41:01] Looking for 'find' - found /usr/bin/find
[11:41:01] Looking for 'grep' - found /usr/bin/grep
[11:41:01] Looking for 'hmmpress' - found /home/joshgb/anaconda3/envs/bio/bin/hmmpress
[11:41:01] Determined hmmpress version is 003004 from '# HMMER 3.4 (Aug 2023); http://hmmer.org/'
[11:41:01] Looking for 'hmmscan' - found /home/joshgb/anaconda3/envs/bio/bin/hmmscan
[11:41:01] Determined hmmscan version is 003004 from '# HMMER 3.4 (Aug 2023); http://hmmer.org/'
[11:41:01] Looking for 'java' - found /home/joshgb/anaconda3/envs/bio/bin/java
[11:41:01] Looking for 'makeblastdb' - found /home/joshgb/anaconda3/envs/bio/bin/makeblastdb
[11:41:01] Determined makeblastdb version is 002015 from 'makeblastdb: 2.15.0+'
[11:41:01] Looking for 'minced' - found /home/joshgb/anaconda3/envs/bio/bin/minced
[11:41:01] Determined minced version is 004002 from 'minced 0.4.2'
[11:41:01] Looking for 'parallel' - found /home/joshgb/anaconda3/envs/bio/bin/parallel
[11:41:02] Determined parallel version is 20231122 from 'GNU parallel 20231122'
[11:41:02] Looking for 'prodigal' - found /home/joshgb/anaconda3/envs/bio/bin/prodigal
[11:41:02] Determined prodigal version is 002006 from 'Prodigal V2.6.3: February, 2016'
[11:41:02] Looking for 'prokka-genbank_to_fasta_db' - found /home/joshgb/anaconda3/envs/bio/bin/prokka-genbank_to_fasta_db
[11:41:02] Looking for 'sed' - found /usr/bin/sed
[11:41:02] Looking for 'tbl2asn' - found /home/joshgb/anaconda3/envs/bio/bin/tbl2asn
[11:41:02] Determined tbl2asn version is 025007 from 'tbl2asn 25.7   arguments:'
[11:41:02] Using genetic code table 11.
[11:41:02] Loading and checking input file: ./H178.fsa
[11:41:02] Wrote 50 contigs totalling 7594457 bp.
[11:41:02] Predicting tRNAs and tmRNAs
[11:41:02] Running: aragorn -l -gc11  -w \.\/H178\.fsa_prokka\/\.\/H178\.fsa\.fna
[11:41:08] 1 tRNA-Ile [2379,2455] 35 (gat)
[11:41:08] 2 tRNA-Ala [2549,2624] 34 (tgc)
[11:41:08] 3 tRNA-Ala [62796,62871] 34 (ggc)
[11:41:08] 4 tRNA-Ser c[153592,153681] 35 (gga)
[11:41:08] 5 tRNA-Leu c[218132,218218] 35 (cag)
[11:41:08] 6 tRNA-Arg [425680,425756] 35 (acg)
[11:41:08] 7 tRNA-Thr c[503964,504039] 34 (cgt)
[11:41:08] 8 tRNA-Gly [523772,523845] 33 (ccc)
[11:41:08] 9 tRNA-Thr c[578608,578682] 33 (ggt)
[11:41:08] 10 tRNA-Phe [584983,585058] 34 (gaa)
[11:41:08] 11 tRNA-His [760120,760196] 35 (gtg)
[11:41:08] 12 tRNA-Gln c[809028,809101] 33 (ctg)
[11:41:08] 13 tRNA-Gln [1065304,1065377] 33 (ttg)
[11:41:08] 14 tRNA-Pro [1078101,1078177] 35 (cgg)
[11:41:08] 15 tRNA-Ser [1480503,1480593] 35 (gct)
[11:41:08] 16 tRNA-Pro [1645625,1645701] 35 (ggg)
[11:41:08] 17 tRNA-Val c[1704200,1704275] 34 (tac)
[11:41:08] 18 tRNA-Asp [1704679,1704755] 35 (gtc)
[11:41:08] 19 tRNA-Asp [1704840,1704916] 35 (gtc)
[11:41:08] 20 tRNA-Thr [1765855,1765930] 34 (tgt)
[11:41:08] 21 tRNA-Tyr [1768358,1768442] 35 (gta)
[11:41:08] 22 tRNA-Gly [1768467,1768540] 33 (tcc)
[11:41:08] 23 tRNA-Trp [1771633,1771708] 34 (cca)
[11:41:08] 24 tRNA-Leu [1931384,1931468] 35 (taa)
[11:41:08] 25 tRNA-Asn c[1997058,1997132] 33 (gtt)
[11:41:08] 26 tRNA-Cys [1998602,1998675] 33 (gca)
[11:41:08] 27 tRNA-Leu [2035874,2035958] 35 (tag)
[11:41:08] 28 tRNA-Glu c[2074176,2074250] 34 (ttc)
[11:41:08] 29 tRNA-Met c[2074422,2074498] 35 (cat)
[11:41:08] 30 tRNA-Glu c[2075824,2075898] 34 (ctc)
[11:41:08] 31 tRNA-Glu c[2075972,2076046] 34 (ttc)
[11:41:08] 32 tRNA-Pro c[2079256,2079332] 35 (tgg)
[11:41:08] 33 tRNA-Arg [2080356,2080432] 35 (tct)
[11:41:08] 34 tRNA-Lys [2174592,2174667] 34 (ttt)
[11:41:08] 35 tRNA-Ser [2339710,2339799] 35 (tga)
[11:41:08] 36 tRNA-Leu c[2408417,2408499] 35 (gag)
[11:41:08] 37 tRNA-Leu [2409473,2409557] 35 (gag)
[11:41:08] 38 tRNA-Ser [2428845,2428916] 34 (gct)
[11:41:08] 39 tRNA-Lys c[3029985,3030060] 34 (ctt)
[11:41:08] 40 tmRNA* [3097316,3097656] 212,250 ANDNYAEARLAA*
[11:41:08] 41 tRNA-Met [3241513,3241588] 34 (cat)
[11:41:08] 42 tRNA-Ala [3273242,3273328] 33 (cgc)
[11:41:08] 43 tRNA-Arg [3506232,3506308] 35 (ccg)
[11:41:08] 44 tRNA-His c[3601761,3601854] 35 (gtg)
[11:41:08] 45 tRNA-Met c[3747565,3747641] 35 (cat)
[11:41:08] 46 tRNA-Met c[3791793,3791869] 35 (cat)
[11:41:08] 47 tRNA-Val [3941430,3941504] 33 (gac)
[11:41:08] 48 tRNA-Met c[4182973,4183049] 35 (cat)
[11:41:08] 49 tRNA-Leu [4215638,4215722] 35 (caa)
[11:41:08] 50 tRNA-Arg [4269726,4269802] 35 (cct)
[11:41:08] 51 tRNA-Gly [4463960,4464034] 33 (gcc)
[11:41:08] 52 tRNA-Ser c[4593325,4593414] 35 (cga)
[11:41:08] Found 52 tRNAs
[11:41:08] Predicting Ribosomal RNAs
[11:41:08] Running Barrnap with 8 threads
[11:41:11] 1 C99 12 5S ribosomal RNA (partial)
[11:41:11] 2 Cchr 560 16S ribosomal RNA
[11:41:11] 3 Cchr 3453 23S ribosomal RNA
[11:41:11] 4 Cchr 3747893 5S ribosomal RNA
[11:41:11] Found 4 rRNAs
[11:41:11] Skipping ncRNA search, enable with --rfam if desired.
[11:41:11] Total of 55 tRNA + rRNA features
[11:41:11] Searching for CRISPR repeats
[11:41:12] Found 0 CRISPRs
[11:41:12] Predicting coding sequences
[11:41:12] Contigs total 7594457 bp, so using single mode
[11:41:12] Running: prodigal -i \.\/H178\.fsa_prokka\/\.\/H178\.fsa\.fna -c -m -g 11 -p single -f sco -q
[11:41:27] Excluding CDS which overlaps existing RNA (tRNA) at Cchr:1996873..1997121 on + strand
[11:41:28] Excluding CDS which overlaps existing RNA (tRNA) at Cchr:3272555..3274435 on - strand
[11:41:28] Excluding CDS which overlaps existing RNA (tRNA) at Cchr:3600841..3602154 on + strand
[11:41:29] Excluding CDS which overlaps existing RNA (tRNA) at Cchr:4463971..4464087 on - strand
[11:41:29] Found 7207 CDS
[11:41:29] Connecting features back to sequences
[11:41:29] Not using genus-specific database. Try --usegenus to enable it.
[11:41:29] Annotating CDS, please be patient.
[11:41:29] Will use 8 CPUs for similarity searching.
[11:41:36] There are still 7207 unannotated CDS left (started with 7207)
[11:41:36] Will use blast to search against /home/joshgb/anaconda3/envs/bio/db/kingdom/Bacteria/IS with 8 CPUs
[11:41:36] Running: cat \.\/H178\.fsa_prokka\/\.\/H178\.fsa\.IS\.tmp\.10265\.faa | parallel --gnu --plain -j 8 --block 139795 --recstart '>' --pipe blastp -query - -db /home/joshgb/anaconda3/envs/bio/db/kingdom/Bacteria/IS -evalue 1e-30 -qcov_hsp_perc 90 -num_threads 1 -num_descriptions 1 -num_alignments 1 -seg no > \.\/H178\.fsa_prokka\/\.\/H178\.fsa\.IS\.tmp\.10265\.blast 2> /dev/null
[11:42:25] Deleting unwanted file: ./H178.fsa_prokka/./H178.fsa.IS.tmp.10265.faa
[11:42:25] Deleting unwanted file: ./H178.fsa_prokka/./H178.fsa.IS.tmp.10265.blast
[11:42:34] There are still 7167 unannotated CDS left (started with 7207)
[11:42:34] Will use blast to search against /home/joshgb/anaconda3/envs/bio/db/kingdom/Bacteria/AMR with 8 CPUs
[11:42:34] Running: cat \.\/H178\.fsa_prokka\/\.\/H178\.fsa\.AMR\.tmp\.10265\.faa | parallel --gnu --plain -j 8 --block 139163 --recstart '>' --pipe blastp -query - -db /home/joshgb/anaconda3/envs/bio/db/kingdom/Bacteria/AMR -evalue 1e-300 -qcov_hsp_perc 90 -num_threads 1 -num_descriptions 1 -num_alignments 1 -seg no > \.\/H178\.fsa_prokka\/\.\/H178\.fsa\.AMR\.tmp\.10265\.blast 2> /dev/null
[11:43:17] Deleting unwanted file: ./H178.fsa_prokka/./H178.fsa.AMR.tmp.10265.faa
[11:43:17] Deleting unwanted file: ./H178.fsa_prokka/./H178.fsa.AMR.tmp.10265.blast
[11:43:25] There are still 7165 unannotated CDS left (started with 7207)
[11:43:25] Will use blast to search against /home/joshgb/anaconda3/envs/bio/db/kingdom/Bacteria/sprot with 8 CPUs
[11:43:25] Running: cat \.\/H178\.fsa_prokka\/\.\/H178\.fsa\.sprot\.tmp\.10265\.faa | parallel --gnu --plain -j 8 --block 139029 --recstart '>' --pipe blastp -query - -db /home/joshgb/anaconda3/envs/bio/db/kingdom/Bacteria/sprot -evalue 1e-09 -qcov_hsp_perc 80 -num_threads 1 -num_descriptions 1 -num_alignments 1 -seg no > \.\/H178\.fsa_prokka\/\.\/H178\.fsa\.sprot\.tmp\.10265\.blast 2> /dev/null
[11:46:27] Modify product: UPF0060 membrane protein YnfA => hypothetical protein
[11:46:27] Modify product: Uncharacterized oxidoreductase YciK => putative oxidoreductase YciK
[11:46:27] Modify product: UPF0701 protein HI_0467 => hypothetical protein
[11:46:27] Modify product: Uncharacterized ABC transporter ATP-binding protein YheS => putative ABC transporter ATP-binding protein YheS
[11:46:27] Modify product: Uncharacterized protein YccU => putative protein YccU
[11:46:27] Modify product: Probable glycerol-3-phosphate acyltransferase => putative glycerol-3-phosphate acyltransferase
[11:46:28] Modify product: Probable sulfoacetate transporter SauU => putative sulfoacetate transporter SauU
[11:46:28] Modify product: Uncharacterized HTH-type transcriptional regulator YahB => putative HTH-type transcriptional regulator YahB
[11:46:28] Modify product: Uncharacterized oxidoreductase SA2266 => putative oxidoreductase
[11:46:28] Modify product: Putative cystathionine beta-synthase Rv1077 => Putative cystathionine beta-synthase
[11:46:28] Modify product: Probable nitrate transporter NarT => putative nitrate transporter NarT
[11:46:28] Modify product: Probable transcriptional regulatory protein pdtaR => putative transcriptional regulatory protein pdtaR
[11:46:28] Modify product: Uncharacterized protein YyaP => putative protein YyaP
[11:46:28] Modify product: Uncharacterized oxidoreductase SA2266 => putative oxidoreductase
[11:46:28] Modify product: Putative acyltransferase Rv0859 => Putative acyltransferase
[11:46:28] Modify product: Probable N-acetyl-LL-diaminopimelate aminotransferase => putative N-acetyl-LL-diaminopimelate aminotransferase
[11:46:28] Modify product: Uncharacterized protein YisK => putative protein YisK
[11:46:28] Modify product: Probable 3-hydroxybutyryl-CoA dehydrogenase => putative 3-hydroxybutyryl-CoA dehydrogenase
[11:46:28] Modify product: Uncharacterized HTH-type transcriptional regulator YdjF => putative HTH-type transcriptional regulator YdjF
[11:46:28] Modify product: Chemotaxis protein CheY homolog => Chemotaxis protein CheY 
[11:46:28] Modify product: Chemotaxis protein CheY homolog => Chemotaxis protein CheY 
[11:46:28] Modify product: Bifunctional protein FolD => Bifunctional protein FolD protein
[11:46:28] Modify product: Uncharacterized protein HI_0933 => putative protein
[11:46:28] Modify product: Probable transport protein HsrA => putative transport protein HsrA
[11:46:28] Modify product: Zinc-type alcohol dehydrogenase-like protein SA1988 => Zinc-type alcohol dehydrogenase-like protein
[11:46:28] Modify product: Uncharacterized FAD-linked oxidoreductase Rv2280 => putative FAD-linked oxidoreductase
[11:46:28] Modify product: Probable HTH-type transcriptional regulator LgoR => putative HTH-type transcriptional regulator LgoR
[11:46:28] Modify product: Uncharacterized signaling protein CC_0091 => putative signaling protein
[11:46:28] Modify product: Probable 2-dehydro-3-deoxygalactonokinase DgoK1 => putative 2-dehydro-3-deoxygalactonokinase DgoK1
[11:46:28] Modify product: Uncharacterized FAD-linked oxidoreductase Rv2280 => putative FAD-linked oxidoreductase
[11:46:28] Modify product: Uncharacterized protein Rv2568c => putative protein
[11:46:28] Modify product: UPF0301 protein AlgH => hypothetical protein
[11:46:28] Modify product: Probable amino-acid permease protein YxeN => putative amino-acid permease protein YxeN
[11:46:28] Modify product: Probable amino-acid permease protein YxeN => putative amino-acid permease protein YxeN
[11:46:28] Modify product: Solute-binding protein Bamb_6123 => Solute-binding protein
[11:46:28] Modify product: Probable soluble pyridine nucleotide transhydrogenase => putative soluble pyridine nucleotide transhydrogenase
[11:46:28] Modify product: UPF0173 metal-dependent hydrolase SA1529 => hypothetical protein
[11:46:28] Modify product: UPF0337 protein YjbJ => hypothetical protein
[11:46:28] Modify product: Probable 5-dehydro-4-deoxyglucarate dehydratase => putative 5-dehydro-4-deoxyglucarate dehydratase
[11:46:28] Modify product: Probable D,D-dipeptide-binding periplasmic protein DdpA => putative D,D-dipeptide-binding periplasmic protein DdpA
[11:46:28] Modify product: Probable D,D-dipeptide transport system permease protein DdpC => putative D,D-dipeptide transport system permease protein DdpC
[11:46:28] Modify product: Uncharacterized ABC transporter ATP-binding protein YknY => putative ABC transporter ATP-binding protein YknY
[11:46:28] Modify product: Purine-binding protein BAB2_0673 => Purine-binding protein
[11:46:28] Modify product: UPF0056 inner membrane protein MarC => hypothetical protein
[11:46:28] Modify product: Probable HTH-type transcriptional repressor ExuR => putative HTH-type transcriptional repressor ExuR
[11:46:28] Modify product: Uncharacterized protein Rv2569c => putative protein
[11:46:28] Modify product: Acetyltransferase SACOL1063 => Acetyltransferase
[11:46:28] Modify product: Uncharacterized N-acetyltransferase YsnE => putative N-acetyltransferase YsnE
[11:46:28] Modify product: Uncharacterized NTE family protein Rv1063c => putative NTE family protein
[11:46:28] Modify product: UPF0178 protein YaiI => hypothetical protein
[11:46:28] Modify product: Probable cysteine desulfurase => putative cysteine desulfurase
[11:46:28] Modify product: Probable ATP-dependent transporter SufC => putative ATP-dependent transporter SufC
[11:46:28] Modify product: Uncharacterized signaling protein CC_0091 => putative signaling protein
[11:46:28] Modify product: Uncharacterized protein YqjZ => putative protein YqjZ
[11:46:28] Modify product: Acetyltransferase PA3944 => Acetyltransferase
[11:46:28] Modify product: UPF0053 inner membrane protein YtfL => hypothetical protein
[11:46:28] Modify product: Probable chromate transport protein => putative chromate transport protein
[11:46:28] Modify product: Uncharacterized protein HI_0131 => putative protein
[11:46:28] Modify product: Uncharacterized glycosyltransferase sll0501 => putative glycosyltransferase
[11:46:28] Modify product: Uncharacterized FAD-linked oxidoreductase Rv2280 => putative FAD-linked oxidoreductase
[11:46:28] Modify product: Probable lipoprotein YiaD => putative lipoprotein YiaD
[11:46:28] Modify product: Stress response UPF0229 protein YhbH => hypothetical protein
[11:46:28] Modify product: Uncharacterized protein YyaP => putative protein YyaP
[11:46:28] Modify product: Probable peptidoglycan glycosyltransferase FtsW => putative peptidoglycan glycosyltransferase FtsW
[11:46:28] Modify product: Probable peptidoglycan D,D-transpeptidase FtsI => putative peptidoglycan D,D-transpeptidase FtsI
[11:46:28] Modify product: Uncharacterized inner membrane transporter YedA => putative inner membrane transporter YedA
[11:46:28] Modify product: Acetyltransferase Atu2258 => Acetyltransferase
[11:46:28] Modify product: Uncharacterized protein YbaA => putative protein YbaA
[11:46:28] Modify product: Uncharacterized protein YqeY => putative protein YqeY
[11:46:28] Modify product: Probable chaperone CsaA => putative chaperone CsaA
[11:46:28] Modify product: Putative multidrug export ATP-binding/permease protein SAV1866 => Putative multidrug export ATP-binding/permease protein
[11:46:28] Modify product: Acetyltransferase Atu2258 => Acetyltransferase
[11:46:28] Modify product: Uncharacterized periplasmic iron-binding protein HI_0362 => putative periplasmic iron-binding protein
[11:46:28] Modify product: Uncharacterized zinc protease Rv2782c => putative zinc protease
[11:46:29] Modify product: Uncharacterized protein YagA => putative protein YagA
[11:46:29] Modify product: Uncharacterized protein Rv2307c => putative protein
[11:46:29] Modify product: Uncharacterized protein Rv0887c => putative protein
[11:46:29] Modify product: Putative HTH-type transcriptional regulator Rv1287 => Putative HTH-type transcriptional regulator
[11:46:29] Modify product: Probable multidrug-efflux transporter Rv1634 => putative multidrug-efflux transporter
[11:46:29] Modify product: Uncharacterized ABC transporter ATP-binding protein YheS => putative ABC transporter ATP-binding protein YheS
[11:46:29] Modify product: UPF0053 inner membrane protein YtfL => hypothetical protein
[11:46:29] Modify product: Probable acetoacetate decarboxylase => putative acetoacetate decarboxylase
[11:46:29] Modify product: Probable transport protein HsrA => putative transport protein HsrA
[11:46:29] Modify product: UPF0073 inner membrane protein YqfA => hypothetical protein
[11:46:29] Modify product: Uncharacterized MFS-type transporter EfpA => putative MFS-type transporter EfpA
[11:46:29] Modify product: Uncharacterized HTH-type transcriptional regulator YxaF => putative HTH-type transcriptional regulator YxaF
[11:46:29] Modify product: Zinc-type alcohol dehydrogenase-like protein SA1988 => Zinc-type alcohol dehydrogenase-like protein
[11:46:29] Modify product: Uncharacterized protein YcbX => putative protein YcbX
[11:46:29] Modify product: Uncharacterized protein YedJ => putative protein YedJ
[11:46:29] Modify product: Nucleoid-associated protein HI_0442 => Nucleoid-associated protein
[11:46:29] Modify product: Uncharacterized sugar kinase YdjH => putative sugar kinase YdjH
[11:46:29] Modify product: Probable adenylyltransferase/sulfurtransferase MoeZ => putative adenylyltransferase/sulfurtransferase MoeZ
[11:46:29] Modify product: Uncharacterized signaling protein CC_0091 => putative signaling protein
[11:46:29] Modify product: Probable transcriptional regulator PhnF => putative transcriptional regulator PhnF
[11:46:29] Modify product: Uncharacterized ABC transporter ATP-binding protein YejF => putative ABC transporter ATP-binding protein YejF
[11:46:29] Modify product: Probable riboflavin import permease protein RfuD => putative riboflavin import permease protein RfuD
[11:46:29] Modify product: Uncharacterized aminopeptidase Rv1333 => putative aminopeptidase
[11:46:29] Modify product: Uncharacterized oxidoreductase SA2266 => putative oxidoreductase
[11:46:29] Modify product: UPF0098 protein YbcL => hypothetical protein
[11:46:29] Modify product: Uncharacterized protein YyaP => putative protein YyaP
[11:46:29] Modify product: UPF0102 protein RPA0323 => hypothetical protein
[11:46:29] Modify product: Uncharacterized transporter YycB => putative transporter YycB
[11:46:29] Modify product: Probable D-xylose utilization operon transcriptional repressor => putative D-xylose utilization operon transcriptional repressor
[11:46:29] Modify product: Virulence protein STM3117 => Virulence protein
[11:46:29] Modify product: Probable protein kinase UbiB => putative protein kinase UbiB
[11:46:29] Modify product: Probable enoyl-CoA hydratase echA8 => putative enoyl-CoA hydratase echA8
[11:46:29] Modify product: Probable lipid II flippase MurJ => putative lipid II flippase MurJ
[11:46:29] Modify product: Uncharacterized inner membrane transporter YedA => putative inner membrane transporter YedA
[11:46:29] Modify product: Uncharacterized protein Rv1998c => putative protein
[11:46:29] Modify product: Probable GTP-binding protein EngB => putative GTP-binding protein EngB
[11:46:29] Modify product: Uncharacterized signaling protein CC_0091 => putative signaling protein
[11:46:29] Modify product: Probable HTH-type transcriptional regulator LgoR => putative HTH-type transcriptional regulator LgoR
[11:46:29] Modify product: Uncharacterized protein Rv1405c => putative protein
[11:46:29] Modify product: Probable copper-importing P-type ATPase A => putative copper-importing P-type ATPase A
[11:46:29] Modify product: Cytochrome c oxidase subunit 1 homolog, bacteroid => Cytochrome c oxidase subunit 1 , bacteroid
[11:46:29] Modify product: Phosphate-specific transport system accessory protein PhoU homolog => Phosphate-specific transport system accessory protein PhoU 
[11:46:29] Modify product: Probable RNA 2'-phosphotransferase => putative RNA 2'-phosphotransferase
[11:46:29] Modify product: Uncharacterized protein RP812 => putative protein RP812
[11:46:29] Modify product: Uncharacterized N-acetyltransferase YafP => putative N-acetyltransferase YafP
[11:46:29] Modify product: Uncharacterized protein YcjX => putative protein YcjX
[11:46:29] Modify product: UPF0283 membrane protein YcjF => hypothetical protein
[11:46:29] Modify product: Probable ribonucleotide transport ATP-binding protein mkl => putative ribonucleotide transport ATP-binding protein mkl
[11:46:29] Modify product: Probable 3-phenylpropionic acid transporter => putative 3-phenylpropionic acid transporter
[11:46:29] Modify product: Probable transport protein HsrA => putative transport protein HsrA
[11:46:29] Modify product: Uncharacterized protein Atu1656 => putative protein
[11:46:29] Modify product: Putative multidrug export ATP-binding/permease protein SAV1866 => Putative multidrug export ATP-binding/permease protein
[11:46:29] Modify product: Stringent starvation protein A homolog => Stringent starvation protein A 
[11:46:29] Modify product: Uncharacterized ABC transporter ATP-binding protein YadG => putative ABC transporter ATP-binding protein YadG
[11:46:29] Modify product: Probable sugar-binding periplasmic protein => putative sugar-binding periplasmic protein
[11:46:29] Modify product: Probable membrane transporter protein YfcA => putative membrane transporter protein YfcA
[11:46:29] Modify product: Uncharacterized HTH-type transcriptional regulator Rv1985c => putative HTH-type transcriptional regulator
[11:46:29] Modify product: Probable transport protein HsrA => putative transport protein HsrA
[11:46:29] Modify product: Methyl-accepting chemotaxis protein Amb2333 => Methyl-accepting chemotaxis protein
[11:46:29] Modify product: Uncharacterized acyl-CoA thioester hydrolase HI_0827 => putative acyl-CoA thioester hydrolase
[11:46:29] Modify product: Uncharacterized oxidoreductase SA2266 => putative oxidoreductase
[11:46:29] Modify product: Uncharacterized HTH-type transcriptional regulator YybR => putative HTH-type transcriptional regulator YybR
[11:46:29] Modify product: Uncharacterized ABC transporter ATP-binding protein TM_0288 => putative ABC transporter ATP-binding protein
[11:46:29] Modify product: Uncharacterized ABC transporter ATP-binding protein YknY => putative ABC transporter ATP-binding protein YknY
[11:46:29] Modify product: Probable siderophore transport system permease protein YfhA => putative siderophore transport system permease protein YfhA
[11:46:29] Modify product: Uncharacterized DapA-like lyase => putative DapA-like lyase
[11:46:29] Modify product: Probable hydrolase YcaC => putative hydrolase YcaC
[11:46:29] Modify product: Probable tartrate dehydrogenase/decarboxylase TtuC' => putative tartrate dehydrogenase/decarboxylase TtuC'
[11:46:29] Modify product: UPF0065 protein in clcB-clcD intergenic region => hypothetical protein
[11:46:29] Modify product: Uncharacterized protein YisK => putative protein YisK
[11:46:30] Modify product: Probable tartrate dehydrogenase/decarboxylase TtuC' => putative tartrate dehydrogenase/decarboxylase TtuC'
[11:46:30] Modify product: Uncharacterized MFS-type transporter YfcJ => putative MFS-type transporter YfcJ
[11:46:30] Modify product: UPF0065 protein in clcB-clcD intergenic region => hypothetical protein
[11:46:30] Modify product: Probable sulfate transporter Rv1739c => putative sulfate transporter
[11:46:30] Modify product: Probable N-methylproline demethylase => putative N-methylproline demethylase
[11:46:30] Modify product: Stringent starvation protein A homolog => Stringent starvation protein A 
[11:46:30] Modify product: Probable hydrolase YcaC => putative hydrolase YcaC
[11:46:30] Modify product: Putative hydrolase MSMEG_3995/MSMEI_3903 => Putative hydrolase/MSMEI_3903
[11:46:30] Modify product: Probable D,D-dipeptide transport system permease protein DdpC => putative D,D-dipeptide transport system permease protein DdpC
[11:46:30] Modify product: Probable zinc-binding alcohol dehydrogenase Rv1895 => putative zinc-binding alcohol dehydrogenase
[11:46:30] Modify product: Uncharacterized protein PA2218 => putative protein
[11:46:30] Modify product: Probable sugar-binding periplasmic protein => putative sugar-binding periplasmic protein
[11:46:30] Modify product: Probable sugar-binding periplasmic protein => putative sugar-binding periplasmic protein
[11:46:30] Modify product: UPF0126 inner membrane protein YadS => hypothetical protein
[11:46:30] Modify product: Cyclic di-GMP phosphodiesterase PA4108 => Cyclic di-GMP phosphodiesterase
[11:46:30] Modify product: Leu/Ile/Val-binding protein homolog 3 => Leu/Ile/Val-binding protein 
[11:46:30] Modify product: Uncharacterized protein YnbD => putative protein YnbD
[11:46:30] Modify product: Uncharacterized protein YnbC => putative protein YnbC
[11:46:30] Modify product: Uncharacterized protein YhaZ => putative protein YhaZ
[11:46:30] Modify product: Uncharacterized protein Rv2411c => putative protein
[11:46:30] Modify product: Uncharacterized protein Rv2569c => putative protein
[11:46:30] Modify product: UPF0194 membrane protein YbhG => hypothetical protein
[11:46:30] Modify product: Probable multidrug ABC transporter ATP-binding protein YbhF => putative multidrug ABC transporter ATP-binding protein YbhF
[11:46:30] Modify product: Probable multidrug ABC transporter permease YbhS => putative multidrug ABC transporter permease YbhS
[11:46:30] Modify product: Probable multidrug ABC transporter permease YbhR => putative multidrug ABC transporter permease YbhR
[11:46:30] Modify product: Leu/Ile/Val-binding protein homolog 3 => Leu/Ile/Val-binding protein 
[11:46:30] Modify product: Probable amino-acid import ATP-binding protein YxeO => putative amino-acid import ATP-binding protein YxeO
[11:46:30] Modify product: Probable FMNH2-dependent monooxygenase SfnC => putative FMNH2-dependent monooxygenase SfnC
[11:46:30] Modify product: Probable ABC transporter-binding protein DR_1438 => putative ABC transporter-binding protein
[11:46:30] Modify product: Uncharacterized sugar transferase EpsL => putative sugar transferase EpsL
[11:46:30] Modify product: UPF0065 protein in clcB-clcD intergenic region => hypothetical protein
[11:46:30] Modify product: Uncharacterized signaling protein CC_0091 => putative signaling protein
[11:46:30] Modify product: Probable transcriptional regulatory protein aq_1575 => putative transcriptional regulatory protein
[11:46:30] Modify product: Putative multidrug export ATP-binding/permease protein SAV1866 => Putative multidrug export ATP-binding/permease protein
[11:46:30] Modify product: UPF0065 protein in clcB-clcD intergenic region => hypothetical protein
[11:46:30] Modify product: UPF0339 protein Atu0232 => hypothetical protein
[11:46:30] Modify product: Uncharacterized oxidoreductase YgfF => putative oxidoreductase YgfF
[11:46:30] Modify product: Uncharacterized ABC transporter ATP-binding protein Rv0986 => putative ABC transporter ATP-binding protein
[11:46:30] Modify product: Uncharacterized oxidoreductase MSMEG_2408/MSMEI_2347 => putative oxidoreductase/MSMEI_2347
[11:46:30] Modify product: UPF0434 protein NMA0874 => hypothetical protein
[11:46:30] Modify product: NADH dehydrogenase-like protein MT1860 => NADH dehydrogenase-like protein
[11:46:30] Modify product: Uncharacterized protein Rv3292 => putative protein
[11:46:30] Modify product: Probable glutamine ABC transporter permease protein GlnM => putative glutamine ABC transporter permease protein GlnM
[11:46:30] Modify product: UPF0309 protein BH3325 => hypothetical protein
[11:46:30] Modify product: Probable D,D-dipeptide transport system permease protein DdpC => putative D,D-dipeptide transport system permease protein DdpC
[11:46:30] Modify product: Probable D,D-dipeptide-binding periplasmic protein DdpA => putative D,D-dipeptide-binding periplasmic protein DdpA
[11:46:30] Modify product: Multifunctional alkaline phosphatase superfamily protein pRL90232 => Multifunctional alkaline phosphatase superfamily protein
[11:46:30] Modify product: Uncharacterized protein Rv0887c => putative protein
[11:46:30] Modify product: Uncharacterized ABC transporter ATP-binding protein Rv0986 => putative ABC transporter ATP-binding protein
[11:46:30] Modify product: Protease HtpX homolog => Protease HtpX 
[11:46:30] Modify product: HTH-type transcriptional regulator Rv2034 => HTH-type transcriptional regulator
[11:46:30] Modify product: UPF0335 protein CCNA_03428 => hypothetical protein
[11:46:30] Modify product: Uncharacterized protein Rv2567 => putative protein
[11:46:30] Modify product: Uncharacterized protein Rv2569c => putative protein
[11:46:30] Modify product: Probable enoyl-CoA hydratase 1 => putative enoyl-CoA hydratase 1
[11:46:30] Modify product: UPF0053 inner membrane protein YoaE => hypothetical protein
[11:46:30] Modify product: Uncharacterized protein YphB => putative protein YphB
[11:46:31] Modify product: UPF0311 protein RPA1785 => hypothetical protein
[11:46:31] Modify product: Probable bifunctional transcriptional activator/DNA repair enzyme AlkA => putative bifunctional transcriptional activator/DNA repair enzyme AlkA
[11:46:31] Modify product: Probable 3-hydroxybutyryl-CoA dehydrogenase => putative 3-hydroxybutyryl-CoA dehydrogenase
[11:46:31] Modify product: UPF0053 inner membrane protein YfjD => hypothetical protein
[11:46:31] Modify product: Uncharacterized amino acid permease YhdG => putative amino acid permease YhdG
[11:46:31] Modify product: Putative formate dehydrogenase SA2102 => Putative formate dehydrogenase
[11:46:31] Modify product: Putative peptide transport permease protein Rv1282c => Putative peptide transport permease protein
[11:46:31] Modify product: Probable glutamine ABC transporter permease protein GlnP => putative glutamine ABC transporter permease protein GlnP
[11:46:31] Modify product: Probable glutamine ABC transporter permease protein GlnM => putative glutamine ABC transporter permease protein GlnM
[11:46:31] Modify product: Probable sugar-binding periplasmic protein => putative sugar-binding periplasmic protein
[11:46:31] Modify product: Uncharacterized protein Rv1502 => putative protein
[11:46:31] Modify product: Uncharacterized protein Rv1502 => putative protein
[11:46:31] Modify product: Uncharacterized protein Rv1507c => putative protein
[11:46:31] Modify product: Probable D,D-dipeptide transport system permease protein DdpC => putative D,D-dipeptide transport system permease protein DdpC
[11:46:31] Modify product: Acetyltransferase PA3944 => Acetyltransferase
[11:46:31] Modify product: Zinc-type alcohol dehydrogenase-like protein SA1988 => Zinc-type alcohol dehydrogenase-like protein
[11:46:31] Modify product: Uncharacterized HTH-type transcriptional regulator Rv3095 => putative HTH-type transcriptional regulator
[11:46:31] Modify product: Probable nicotinate-nucleotide pyrophosphorylase [carboxylating] => putative nicotinate-nucleotide pyrophosphorylase [carboxylating]
[11:46:31] Modify product: Putative multidrug export ATP-binding/permease protein SAV1866 => Putative multidrug export ATP-binding/permease protein
[11:46:31] Modify product: Uncharacterized NTE family protein Rv2565 => putative NTE family protein
[11:46:31] Modify product: Probable cyclic di-GMP phosphodiesterase PdeB => putative cyclic di-GMP phosphodiesterase PdeB
[11:46:31] Modify product: Uncharacterized ABC transporter ATP-binding protein Rv0986 => putative ABC transporter ATP-binding protein
[11:46:31] Modify product: Probable membrane transporter protein YfcA => putative membrane transporter protein YfcA
[11:46:31] Modify product: Cyclic nucleotide-gated potassium channel mll3241 => Cyclic nucleotide-gated potassium channel
[11:46:31] Modify product: UPF0194 membrane protein YbhG => hypothetical protein
[11:46:31] Modify product: Uncharacterized ABC transporter ATP-binding protein YejF => putative ABC transporter ATP-binding protein YejF
[11:46:31] Modify product: Probable L,D-transpeptidase YnhG => putative L,D-transpeptidase YnhG
[11:46:31] Modify product: Putative peptide transport permease protein Rv1282c => Putative peptide transport permease protein
[11:46:31] Modify product: Glycogen operon protein GlgX homolog => Glycogen operon protein GlgX 
[11:46:31] Modify product: Probable pyridine nucleotide-disulfide oxidoreductase RclA => putative pyridine nucleotide-disulfide oxidoreductase RclA
[11:46:31] Modify product: Probable 3-hydroxyisobutyrate dehydrogenase => putative 3-hydroxyisobutyrate dehydrogenase
[11:46:31] Modify product: Probable ECF RNA polymerase sigma factor SigI => putative ECF RNA polymerase sigma factor SigI
[11:46:31] Modify product: Deacetylase Atu3266 => Deacetylase
[11:46:31] Modify product: Probable glycerol-3-phosphate dehydrogenase 2 [NAD(P)+] => putative glycerol-3-phosphate dehydrogenase 2 [NAD(P)+]
[11:46:31] Modify product: Uncharacterized protein Rv1488 => putative protein
[11:46:31] Modify product: Uncharacterized oxidoreductase MSMEG_2408/MSMEI_2347 => putative oxidoreductase/MSMEI_2347
[11:46:31] Modify product: Uncharacterized protein PA2218 => putative protein
[11:46:31] Modify product: Probable 2-dehydro-3-deoxy-D-pentonate aldolase YjhH => putative 2-dehydro-3-deoxy-D-pentonate aldolase YjhH
[11:46:31] Modify product: Uncharacterized HTH-type transcriptional regulator YybR => putative HTH-type transcriptional regulator YybR
[11:46:31] Modify product: Uncharacterized acyl--CoA ligase YhfT => putative acyl--CoA ligase YhfT
[11:46:31] Modify product: Probable acetyl-CoA acyltransferase => putative acetyl-CoA acyltransferase
[11:46:31] Modify product: Uncharacterized oxidoreductase YjmC => putative oxidoreductase YjmC
[11:46:31] Modify product: Uncharacterized protein PA2218 => putative protein
[11:46:31] Modify product: Probable 3-hydroxybutyryl-CoA dehydrogenase => putative 3-hydroxybutyryl-CoA dehydrogenase
[11:46:31] Modify product: Uncharacterized oxidoreductase SA2266 => putative oxidoreductase
[11:46:31] Modify product: D-mannonate dehydratase CC2812 => D-mannonate dehydratase
[11:46:31] Modify product: D-galactonate dehydratase family member SBI_01856 => D-galactonate dehydratase family member
[11:46:31] Modify product: Probable tartrate dehydrogenase/decarboxylase TtuC' => putative tartrate dehydrogenase/decarboxylase TtuC'
[11:46:31] Modify product: Uncharacterized protein HI_1163 => putative protein
[11:46:31] Modify product: Probable allantoin permease => putative allantoin permease
[11:46:32] Modify product: UPF0324 inner membrane protein YeiH => hypothetical protein
[11:46:32] Modify product: Probable D,D-dipeptide transport system permease protein DdpC => putative D,D-dipeptide transport system permease protein DdpC
[11:46:32] Modify product: Probable D,D-dipeptide-binding periplasmic protein DdpA => putative D,D-dipeptide-binding periplasmic protein DdpA
[11:46:32] Modify product: Probable 5-dehydro-4-deoxyglucarate dehydratase => putative 5-dehydro-4-deoxyglucarate dehydratase
[11:46:32] Modify product: Probable sulfate transporter Rv1739c => putative sulfate transporter
[11:46:32] Modify product: Probable 5-dehydro-4-deoxyglucarate dehydratase => putative 5-dehydro-4-deoxyglucarate dehydratase
[11:46:32] Modify product: Probable D,D-dipeptide transport system permease protein DdpC => putative D,D-dipeptide transport system permease protein DdpC
[11:46:32] Modify product: Cyclic di-GMP phosphodiesterase PA4108 => Cyclic di-GMP phosphodiesterase
[11:46:32] Modify product: Uncharacterized GMC-type oxidoreductase Rv1279 => putative GMC-type oxidoreductase
[11:46:32] Modify product: Probable aminotransferase Rv3329 => putative aminotransferase
[11:46:32] Modify product: Uncharacterized FAD-linked oxidoreductase Rv2280 => putative FAD-linked oxidoreductase
[11:46:32] Modify product: Putative 2-hydroxyacid dehydrogenase HI_1556 => Putative 2-hydroxyacid dehydrogenase
[11:46:32] Modify product: Probable copper-importing P-type ATPase A => putative copper-importing P-type ATPase A
[11:46:32] Modify product: Cytochrome c oxidase subunit 1 homolog, bacteroid => Cytochrome c oxidase subunit 1 , bacteroid
[11:46:32] Modify product: Peptidoglycan-N-acetylglucosamine deacetylase BC_3618 => Peptidoglycan-N-acetylglucosamine deacetylase
[11:46:32] Modify product: Probable enoyl-CoA hydratase 1 => putative enoyl-CoA hydratase 1
[11:46:32] Modify product: Probable efflux pump outer membrane protein TtgC => putative efflux pump outer membrane protein TtgC
[11:46:32] Modify product: Uncharacterized protein Rv2715 => putative protein
[11:46:32] Modify product: Nitrilase bll6402 => Nitrilase
[11:46:32] Modify product: Probable cysteine desulfurase => putative cysteine desulfurase
[11:46:32] Modify product: Uncharacterized ABC transporter ATP-binding protein YheS => putative ABC transporter ATP-binding protein YheS
[11:46:32] Modify product: Probable flavin reductase => putative flavin reductase
[11:46:32] Modify product: Uncharacterized DapA-like lyase => putative DapA-like lyase
[11:46:32] Modify product: Uncharacterized oxidoreductase Rv1144 => putative oxidoreductase
[11:46:32] Modify product: Probable methylxanthine N7-demethylase NdmC => putative methylxanthine N7-demethylase NdmC
[11:46:32] Modify product: Purine-binding protein BAB2_0673 => Purine-binding protein
[11:46:32] Modify product: Probable riboflavin import permease protein RfuC => putative riboflavin import permease protein RfuC
[11:46:32] Modify product: Purine-binding protein BAB2_0673 => Purine-binding protein
[11:46:32] Modify product: Probable riboflavin import permease protein RfuC => putative riboflavin import permease protein RfuC
[11:46:32] Modify product: Probable riboflavin import permease protein RfuD => putative riboflavin import permease protein RfuD
[11:46:32] Modify product: Purine-binding protein BAB2_0673 => Purine-binding protein
[11:46:32] Modify product: Probable ABC transporter ATP-binding/permease protein HI_0664 => putative ABC transporter ATP-binding/permease protein
[11:46:32] Cleaned 283 /product names
[11:46:32] Deleting unwanted file: ./H178.fsa_prokka/./H178.fsa.sprot.tmp.10265.faa
[11:46:32] Deleting unwanted file: ./H178.fsa_prokka/./H178.fsa.sprot.tmp.10265.blast
[11:46:35] There are still 3766 unannotated CDS left (started with 7207)
[11:46:35] Will use hmmer3 to search against /home/joshgb/anaconda3/envs/bio/db/hmm/HAMAP.hmm with 8 CPUs
[11:46:35] Running: cat \.\/H178\.fsa_prokka\/\.\/H178\.fsa\.HAMAP\.hmm\.tmp\.10265\.faa | parallel --gnu --plain -j 8 --block 64152 --recstart '>' --pipe hmmscan --noali --notextw --acc -E 1e-09 --cpu 1 /home/joshgb/anaconda3/envs/bio/db/hmm/HAMAP.hmm /dev/stdin > \.\/H178\.fsa_prokka\/\.\/H178\.fsa\.HAMAP\.hmm\.tmp\.10265\.hmmer3 2> /dev/null
[11:47:21] Modify product: Uncharacterized MFS-type transporter YcaD => putative MFS-type transporter YcaD
[11:47:21] Modify product: Uncharacterized MFS-type transporter YcaD => putative MFS-type transporter YcaD
[11:47:22] Modify product: Uncharacterized Nudix hydrolase NudL => putative Nudix hydrolase NudL
[11:47:22] Modify product: Uncharacterized MFS-type transporter YcaD => putative MFS-type transporter YcaD
[11:47:22] Cleaned 4 /product names
[11:47:22] Deleting unwanted file: ./H178.fsa_prokka/./H178.fsa.HAMAP.hmm.tmp.10265.faa
[11:47:22] Deleting unwanted file: ./H178.fsa_prokka/./H178.fsa.HAMAP.hmm.tmp.10265.hmmer3
[11:47:22] Labelling remaining 3267 proteins as 'hypothetical protein'
[11:47:22] Possible /pseudo 'Glucose 1-dehydrogenase' at C21 position 95278
[11:47:22] Possible /pseudo 'Blue-light-activated histidine kinase' at C32 position 11940
[11:47:22] Possible /pseudo 'Blue-light-activated histidine kinase' at C32 position 12527
[11:47:22] Possible /pseudo 'Non-homologous end joining protein Ku' at C32 position 23330
[11:47:22] Possible /pseudo 'HTH-type transcriptional activator RhaR' at C42 position 16234
[11:47:22] Possible /pseudo 'Electron transfer flavoprotein subunit beta' at C75 position 886
[11:47:22] Possible /pseudo 'UDP-glucose 4-epimerase' at Cchr position 23617
[11:47:22] Possible /pseudo 'Competence protein ComM' at Cchr position 302817
[11:47:22] Possible /pseudo 'Sorbitol dehydrogenase' at Cchr position 621984
[11:47:22] Possible /pseudo 'Non-homologous end joining protein Ku' at Cchr position 643996
[11:47:22] Possible /pseudo 'Flagellin' at Cchr position 695705
[11:47:22] Possible /pseudo 'Flagellin' at Cchr position 696861
[11:47:22] Possible /pseudo 'Flagellin' at Cchr position 698073
[11:47:22] Possible /pseudo 'ATP synthase subunit b' at Cchr position 900196
[11:47:22] Possible /pseudo 'putative amino-acid permease protein YxeN' at Cchr position 1009060
[11:47:22] Possible /pseudo 'IS3 family transposase ISAtu5' at Cchr position 1141580
[11:47:22] Possible /pseudo 'Electron transfer flavoprotein-ubiquinone oxidoreductase' at Cchr position 1422021
[11:47:22] Possible /pseudo 'IS5 family transposase ISRel13' at Cchr position 2368276
[11:47:22] Possible /pseudo 'Protein YdeP' at Cchr position 2433185
[11:47:22] Possible /pseudo 'Bicyclomycin resistance protein' at Cchr position 2479410
[11:47:22] Possible /pseudo '3'(2'),5'-bisphosphate nucleotidase CysQ' at Cchr position 2483069
[11:47:22] Possible /pseudo 'Sensor histidine kinase RcsC' at Cchr position 2733846
[11:47:22] Possible /pseudo 'Trehalose import ATP-binding protein SugC' at Cchr position 2752385
[11:47:22] Possible /pseudo 'L-cystine transport system permease protein YecS' at Cchr position 2771727
[11:47:22] Possible /pseudo 'Putative protein-methionine-sulfoxide reductase subunit YedZ1' at Cchr position 2883313
[11:47:22] Possible /pseudo 'Monomeric sarcosine oxidase' at Cchr position 3169366
[11:47:22] Possible /pseudo 'Cytochrome b/c1' at Cchr position 3354580
[11:47:22] Possible /pseudo 'tRNA 5-methylaminomethyl-2-thiouridine biosynthesis bifunctional protein MnmC' at Cchr position 3475308
[11:47:22] Possible /pseudo 'putative protein' at Cchr position 3965035
[11:47:22] Possible /pseudo 'L-cystine transport system permease protein YecS' at Cchr position 4374004
[11:47:22] Possible /pseudo 'D-galactose-binding periplasmic protein' at Cchr position 4584645
[11:47:22] Possible /pseudo 'putative protein' at CpRL10 position 131104
[11:47:22] Possible /pseudo 'putative protein' at CpRL10 position 132134
[11:47:22] Possible /pseudo 'HTH-type transcriptional repressor GlaR' at CpRL11 position 309005
[11:47:22] Possible /pseudo 'L-cystine transport system permease protein YecS' at CpRL11 position 313925
[11:47:22] Possible /pseudo 'High-affinity branched-chain amino acid transport ATP-binding protein LivF' at CpRL12 position 61410
[11:47:22] Possible /pseudo 'Glycine betaine transport system permease protein OpuAB' at CpRL12 position 584122
[11:47:22] Possible /pseudo 'Multidrug resistance protein MdtA' at CpRL12 position 720272
[11:47:22] Possible /pseudo 'Sensor histidine kinase RcsC' at CpRL12 position 754223
[11:47:22] Possible /pseudo 'D-galactonate dehydratase' at CpRL12 position 846388
[11:47:22] Possible /pseudo 'Response regulator protein TmoT' at CpRL12 position 851068
[11:47:22] Possible /pseudo 'L-cystine transport system permease protein YecS' at CpRL12 position 946482
[11:47:22] Possible /pseudo 'Alpha-ketoglutaric semialdehyde dehydrogenase 2' at CpRL12 position 1007482
[11:47:22] Possible /pseudo 'Ribose import permease protein RbsC' at CpRL12 position 1078087
[11:47:22] Possible /pseudo 'IS3 family transposase ISRle4' at CpRL12 position 1151115
[11:47:22] Possible /pseudo 'IS5 family transposase ISRel13' at CpRL9 position 24276
[11:47:22] Possible /pseudo 'IS5 family transposase ISNGR9' at CpRL9 position 46790
[11:47:22] Possible /pseudo 'Catabolite control protein A' at CpRL9 position 216409
[11:47:22] Possible /pseudo 'Dibenzothiophene desulfurization enzyme C' at CpRL9 position 435514
[11:47:22] Possible /pseudo 'UDP-glucose 4-epimerase' at CpRL9 position 526890
[11:47:22] Found 2095 unique /gene codes.
[11:47:22] Fixed 12 duplicate /gene - lrp_1 lrp_2 lrp_3 lrp_4 lrp_5 lrp_6 lrp_7 lrp_8 lrp_9 lrp_10 lrp_11 lrp_12
[11:47:22] Fixed 2 duplicate /gene - ptsN_1 ptsN_2
[11:47:22] Fixed 2 duplicate /gene - rppH_1 rppH_2
[11:47:22] Fixed 4 duplicate /gene - nagL_1 nagL_2 nagL_3 nagL_4
[11:47:22] Fixed 2 duplicate /gene - clcB_1 clcB_2
[11:47:22] Fixed 2 duplicate /gene - gspA_1 gspA_2
[11:47:22] Fixed 3 duplicate /gene - yheS_1 yheS_2 yheS_3
[11:47:22] Fixed 3 duplicate /gene - ydiK_1 ydiK_2 ydiK_3
[11:47:22] Fixed 3 duplicate /gene - gno_1 gno_2 gno_3
[11:47:22] Fixed 3 duplicate /gene - bcr_1 bcr_2 bcr_3
[11:47:22] Fixed 2 duplicate /gene - secDF_1 secDF_2
[11:47:22] Fixed 2 duplicate /gene - lyx_1 lyx_2
[11:47:22] Fixed 3 duplicate /gene - kce_1 kce_2 kce_3
[11:47:22] Fixed 20 duplicate /gene - sasA_1 sasA_2 sasA_3 sasA_4 sasA_5 sasA_6 sasA_7 sasA_8 sasA_9 sasA_10 sasA_11 sasA_12 sasA_13 sasA_14 sasA_15 sasA_16 sasA_17 sasA_18 sasA_19 sasA_20
[11:47:22] Fixed 2 duplicate /gene - mshD_1 mshD_2
[11:47:22] Fixed 18 duplicate /gene - pgrR_1 pgrR_2 pgrR_3 pgrR_4 pgrR_5 pgrR_6 pgrR_7 pgrR_8 pgrR_9 pgrR_10 pgrR_11 pgrR_12 pgrR_13 pgrR_14 pgrR_15 pgrR_16 pgrR_17 pgrR_18
[11:47:22] Fixed 2 duplicate /gene - trpI_1 trpI_2
[11:47:22] Fixed 2 duplicate /gene - puuD_1 puuD_2
[11:47:22] Fixed 5 duplicate /gene - thrB_1 thrB_2 thrB_3 thrB_4 thrB_5
[11:47:22] Fixed 3 duplicate /gene - gcvT_1 gcvT_2 gcvT_3
[11:47:22] Fixed 2 duplicate /gene - cpnA_1 cpnA_2
[11:47:22] Fixed 2 duplicate /gene - tenA_1 tenA_2
[11:47:22] Fixed 2 duplicate /gene - hypBA1_1 hypBA1_2
[11:47:22] Fixed 2 duplicate /gene - pdxA2_1 pdxA2_2
[11:47:22] Fixed 3 duplicate /gene - ggt_1 ggt_2 ggt_3
[11:47:22] Fixed 2 duplicate /gene - qorA_1 qorA_2
[11:47:22] Fixed 2 duplicate /gene - opuCB_1 opuCB_2
[11:47:22] Fixed 2 duplicate /gene - fcl_1 fcl_2
[11:47:22] Fixed 2 duplicate /gene - lutA_1 lutA_2
[11:47:22] Fixed 4 duplicate /gene - fitB_1 fitB_2 fitB_3 fitB_4
[11:47:22] Fixed 3 duplicate /gene - yesO_1 yesO_2 yesO_3
[11:47:22] Fixed 2 duplicate /gene - pntA_1 pntA_2
[11:47:22] Fixed 4 duplicate /gene - gstB_1 gstB_2 gstB_3 gstB_4
[11:47:22] Fixed 3 duplicate /gene - ttuC'_1 ttuC'_2 ttuC'_3
[11:47:22] Fixed 2 duplicate /gene - gpr_1 gpr_2
[11:47:22] Fixed 11 duplicate /gene - glnQ_1 glnQ_2 glnQ_3 glnQ_4 glnQ_5 glnQ_6 glnQ_7 glnQ_8 glnQ_9 glnQ_10 glnQ_11
[11:47:22] Fixed 2 duplicate /gene - suhB_1 suhB_2
[11:47:22] Fixed 2 duplicate /gene - eno_1 eno_2
[11:47:22] Fixed 6 duplicate /gene - etfB_1 etfB_2 etfB_3 etfB_4 etfB_5 etfB_6
[11:47:22] Fixed 4 duplicate /gene - emrA_1 emrA_2 emrA_3 emrA_4
[11:47:22] Fixed 2 duplicate /gene - accA1_1 accA1_2
[11:47:22] Fixed 2 duplicate /gene - coaA_1 coaA_2
[11:47:22] Fixed 2 duplicate /gene - lrpC_1 lrpC_2
[11:47:22] Fixed 2 duplicate /gene - aatA_1 aatA_2
[11:47:22] Fixed 2 duplicate /gene - exoI_1 exoI_2
[11:47:22] Fixed 3 duplicate /gene - lldD_1 lldD_2 lldD_3
[11:47:22] Fixed 5 duplicate /gene - potD_1 potD_2 potD_3 potD_4 potD_5
[11:47:22] Fixed 2 duplicate /gene - kup_1 kup_2
[11:47:22] Fixed 2 duplicate /gene - nrsF_1 nrsF_2
[11:47:22] Fixed 8 duplicate /gene - rspR_1 rspR_2 rspR_3 rspR_4 rspR_5 rspR_6 rspR_7 rspR_8
[11:47:22] Fixed 2 duplicate /gene - dapB_1 dapB_2
[11:47:22] Fixed 3 duplicate /gene - kduD_1 kduD_2 kduD_3
[11:47:22] Fixed 2 duplicate /gene - yybR_1 yybR_2
[11:47:22] Fixed 2 duplicate /gene - virB9_1 virB9_2
[11:47:22] Fixed 8 duplicate /gene - glaR_1 glaR_2 glaR_3 glaR_4 glaR_5 glaR_6 glaR_7 glaR_8
[11:47:22] Fixed 3 duplicate /gene - cpoB_1 cpoB_2 cpoB_3
[11:47:22] Fixed 2 duplicate /gene - rsmB_1 rsmB_2
[11:47:22] Fixed 6 duplicate /gene - purR_1 purR_2 purR_3 purR_4 purR_5 purR_6
[11:47:22] Fixed 2 duplicate /gene - glnG_1 glnG_2
[11:47:22] Fixed 2 duplicate /gene - ftsZ_1 ftsZ_2
[11:47:22] Fixed 2 duplicate /gene - hbpA_1 hbpA_2
[11:47:22] Fixed 3 duplicate /gene - dapE_1 dapE_2 dapE_3
[11:47:22] Fixed 4 duplicate /gene - galE_1 galE_2 galE_3 galE_4
[11:47:22] Fixed 3 duplicate /gene - cnbH_1 cnbH_2 cnbH_3
[11:47:22] Fixed 12 duplicate /gene - oppD_1 oppD_2 oppD_3 oppD_4 oppD_5 oppD_6 oppD_7 oppD_8 oppD_9 oppD_10 oppD_11 oppD_12
[11:47:22] Fixed 3 duplicate /gene - opuAB_1 opuAB_2 opuAB_3
[11:47:22] Fixed 3 duplicate /gene - alkJ_1 alkJ_2 alkJ_3
[11:47:22] Fixed 2 duplicate /gene - bpoC_1 bpoC_2
[11:47:22] Fixed 12 duplicate /gene - livF_1 livF_2 livF_3 livF_4 livF_5 livF_6 livF_7 livF_8 livF_9 livF_10 livF_11 livF_12
[11:47:22] Fixed 11 duplicate /gene - rbsB_1 rbsB_2 rbsB_3 rbsB_4 rbsB_5 rbsB_6 rbsB_7 rbsB_8 rbsB_9 rbsB_10 rbsB_11
[11:47:22] Fixed 5 duplicate /gene - xylB_1 xylB_2 xylB_3 xylB_4 xylB_5
[11:47:22] Fixed 2 duplicate /gene - yxeN_1 yxeN_2
[11:47:22] Fixed 4 duplicate /gene - cpdA_1 cpdA_2 cpdA_3 cpdA_4
[11:47:22] Fixed 2 duplicate /gene - dmoA_1 dmoA_2
[11:47:22] Fixed 2 duplicate /gene - nicR_1 nicR_2
[11:47:22] Fixed 2 duplicate /gene - ydhP_1 ydhP_2
[11:47:22] Fixed 2 duplicate /gene - abgB_1 abgB_2
[11:47:22] Fixed 8 duplicate /gene - hdfR_1 hdfR_2 hdfR_3 hdfR_4 hdfR_5 hdfR_6 hdfR_7 hdfR_8
[11:47:22] Fixed 2 duplicate /gene - ackA_1 ackA_2
[11:47:22] Fixed 3 duplicate /gene - murG_1 murG_2 murG_3
[11:47:22] Fixed 2 duplicate /gene - alsC_1 alsC_2
[11:47:22] Fixed 3 duplicate /gene - davD_1 davD_2 davD_3
[11:47:22] Fixed 2 duplicate /gene - xynR_1 xynR_2
[11:47:22] Fixed 2 duplicate /gene - fhuA_1 fhuA_2
[11:47:22] Fixed 3 duplicate /gene - sfnF_1 sfnF_2 sfnF_3
[11:47:22] Fixed 3 duplicate /gene - ycaD_1 ycaD_2 ycaD_3
[11:47:22] Fixed 2 duplicate /gene - dhmA_1 dhmA_2
[11:47:22] Fixed 2 duplicate /gene - copA_1 copA_2
[11:47:22] Fixed 3 duplicate /gene - tctD_1 tctD_2 tctD_3
[11:47:22] Fixed 2 duplicate /gene - adh_1 adh_2
[11:47:22] Fixed 3 duplicate /gene - yyaP_1 yyaP_2 yyaP_3
[11:47:22] Fixed 4 duplicate /gene - appA_1 appA_2 appA_3 appA_4
[11:47:22] Fixed 2 duplicate /gene - aldHT_1 aldHT_2
[11:47:22] Fixed 2 duplicate /gene - fabI_1 fabI_2
[11:47:22] Fixed 2 duplicate /gene - cobD_1 cobD_2
[11:47:22] Fixed 3 duplicate /gene - dadA_1 dadA_2 dadA_3
[11:47:22] Fixed 4 duplicate /gene - nanR_1 nanR_2 nanR_3 nanR_4
[11:47:22] Fixed 13 duplicate /gene - rhaS_1 rhaS_2 rhaS_3 rhaS_4 rhaS_5 rhaS_6 rhaS_7 rhaS_8 rhaS_9 rhaS_10 rhaS_11 rhaS_12 rhaS_13
[11:47:22] Fixed 3 duplicate /gene - clpP_1 clpP_2 clpP_3
[11:47:22] Fixed 2 duplicate /gene - fumC_1 fumC_2
[11:47:22] Fixed 2 duplicate /gene - degP_1 degP_2
[11:47:22] Fixed 2 duplicate /gene - yqjF_1 yqjF_2
[11:47:22] Fixed 4 duplicate /gene - glpR_1 glpR_2 glpR_3 glpR_4
[11:47:22] Fixed 9 duplicate /gene - mdtA_1 mdtA_2 mdtA_3 mdtA_4 mdtA_5 mdtA_6 mdtA_7 mdtA_8 mdtA_9
[11:47:22] Fixed 5 duplicate /gene - dppA_1 dppA_2 dppA_3 dppA_4 dppA_5
[11:47:22] Fixed 2 duplicate /gene - hchA_1 hchA_2
[11:47:22] Fixed 4 duplicate /gene - rpsU_1 rpsU_2 rpsU_3 rpsU_4
[11:47:22] Fixed 2 duplicate /gene - betA_1 betA_2
[11:47:22] Fixed 3 duplicate /gene - cysE_1 cysE_2 cysE_3
[11:47:22] Fixed 2 duplicate /gene - mhqO_1 mhqO_2
[11:47:22] Fixed 5 duplicate /gene - ssuC_1 ssuC_2 ssuC_3 ssuC_4 ssuC_5
[11:47:22] Fixed 2 duplicate /gene - amiR_1 amiR_2
[11:47:22] Fixed 2 duplicate /gene - nodM_1 nodM_2
[11:47:22] Fixed 2 duplicate /gene - nemA_1 nemA_2
[11:47:22] Fixed 3 duplicate /gene - prsE_1 prsE_2 prsE_3
[11:47:22] Fixed 2 duplicate /gene - aaeA_1 aaeA_2
[11:47:22] Fixed 4 duplicate /gene - pal_1 pal_2 pal_3 pal_4
[11:47:22] Fixed 5 duplicate /gene - cheW_1 cheW_2 cheW_3 cheW_4 cheW_5
[11:47:22] Fixed 3 duplicate /gene - occP_1 occP_2 occP_3
[11:47:22] Fixed 2 duplicate /gene - mntB_1 mntB_2
[11:47:22] Fixed 2 duplicate /gene - nsrR_1 nsrR_2
[11:47:22] Fixed 2 duplicate /gene - rfuD_1 rfuD_2
[11:47:22] Fixed 2 duplicate /gene - rlpA_1 rlpA_2
[11:47:22] Fixed 3 duplicate /gene - nagZ_1 nagZ_2 nagZ_3
[11:47:22] Fixed 3 duplicate /gene - recD2_1 recD2_2 recD2_3
[11:47:22] Fixed 2 duplicate /gene - ilvE_1 ilvE_2
[11:47:22] Fixed 2 duplicate /gene - tadA_1 tadA_2
[11:47:22] Fixed 2 duplicate /gene - cntI_1 cntI_2
[11:47:22] Fixed 4 duplicate /gene - ohrR_1 ohrR_2 ohrR_3 ohrR_4
[11:47:22] Fixed 3 duplicate /gene - lacG_1 lacG_2 lacG_3
[11:47:22] Fixed 2 duplicate /gene - tetC_1 tetC_2
[11:47:22] Fixed 7 duplicate /gene - fliY_1 fliY_2 fliY_3 fliY_4 fliY_5 fliY_6 fliY_7
[11:47:22] Fixed 2 duplicate /gene - pyrE_1 pyrE_2
[11:47:22] Fixed 3 duplicate /gene - oxyS_1 oxyS_2 oxyS_3
[11:47:22] Fixed 5 duplicate /gene - dnaJ_1 dnaJ_2 dnaJ_3 dnaJ_4 dnaJ_5
[11:47:22] Fixed 4 duplicate /gene - mdtC_1 mdtC_2 mdtC_3 mdtC_4
[11:47:22] Fixed 2 duplicate /gene - dctD_1 dctD_2
[11:47:22] Fixed 2 duplicate /gene - bdhA_1 bdhA_2
[11:47:22] Fixed 2 duplicate /gene - apaH_1 apaH_2
[11:47:22] Fixed 3 duplicate /gene - xerC_1 xerC_2 xerC_3
[11:47:22] Fixed 2 duplicate /gene - pdxI_1 pdxI_2
[11:47:22] Fixed 3 duplicate /gene - yjiA_1 yjiA_2 yjiA_3
[11:47:22] Fixed 3 duplicate /gene - dxs_1 dxs_2 dxs_3
[11:47:22] Fixed 11 duplicate /gene - livH_1 livH_2 livH_3 livH_4 livH_5 livH_6 livH_7 livH_8 livH_9 livH_10 livH_11
[11:47:22] Fixed 2 duplicate /gene - dppC_1 dppC_2
[11:47:22] Fixed 2 duplicate /gene - rpoH_1 rpoH_2
[11:47:22] Fixed 3 duplicate /gene - kdgK_1 kdgK_2 kdgK_3
[11:47:22] Fixed 2 duplicate /gene - rhlE_1 rhlE_2
[11:47:22] Fixed 3 duplicate /gene - thiE_1 thiE_2 thiE_3
[11:47:22] Fixed 2 duplicate /gene - pccB_1 pccB_2
[11:47:22] Fixed 27 duplicate /gene - dmlR_1 dmlR_2 dmlR_3 dmlR_4 dmlR_5 dmlR_6 dmlR_7 dmlR_8 dmlR_9 dmlR_10 dmlR_11 dmlR_12 dmlR_13 dmlR_14 dmlR_15 dmlR_16 dmlR_17 dmlR_18 dmlR_19 dmlR_20 dmlR_21 dmlR_22 dmlR_23 dmlR_24 dmlR_25 dmlR_26 dmlR_27
[11:47:22] Fixed 2 duplicate /gene - ybhL_1 ybhL_2
[11:47:22] Fixed 4 duplicate /gene - ssuA_1 ssuA_2 ssuA_3 ssuA_4
[11:47:22] Fixed 7 duplicate /gene - tdh_1 tdh_2 tdh_3 tdh_4 tdh_5 tdh_6 tdh_7
[11:47:22] Fixed 5 duplicate /gene - dgoD_1 dgoD_2 dgoD_3 dgoD_4 dgoD_5
[11:47:22] Fixed 2 duplicate /gene - tsaR_1 tsaR_2
[11:47:22] Fixed 2 duplicate /gene - fecE_1 fecE_2
[11:47:22] Fixed 2 duplicate /gene - map_1 map_2
[11:47:22] Fixed 2 duplicate /gene - tufA_1 tufA_2
[11:47:22] Fixed 6 duplicate /gene - oppC_1 oppC_2 oppC_3 oppC_4 oppC_5 oppC_6
[11:47:22] Fixed 2 duplicate /gene - soxB_1 soxB_2
[11:47:22] Fixed 9 duplicate /gene - ydcV_1 ydcV_2 ydcV_3 ydcV_4 ydcV_5 ydcV_6 ydcV_7 ydcV_8 ydcV_9
[11:47:22] Fixed 2 duplicate /gene - flgG_1 flgG_2
[11:47:22] Fixed 2 duplicate /gene - cheA_1 cheA_2
[11:47:22] Fixed 3 duplicate /gene - accB_1 accB_2 accB_3
[11:47:22] Fixed 2 duplicate /gene - atpF_1 atpF_2
[11:47:22] Fixed 2 duplicate /gene - puuA_1 puuA_2
[11:47:22] Fixed 3 duplicate /gene - argP_1 argP_2 argP_3
[11:47:22] Fixed 2 duplicate /gene - ada_1 ada_2
[11:47:22] Fixed 7 duplicate /gene - sugB_1 sugB_2 sugB_3 sugB_4 sugB_5 sugB_6 sugB_7
[11:47:22] Fixed 12 duplicate /gene - yecS_1 yecS_2 yecS_3 yecS_4 yecS_5 yecS_6 yecS_7 yecS_8 yecS_9 yecS_10 yecS_11 yecS_12
[11:47:22] Fixed 9 duplicate /gene - msmX_1 msmX_2 msmX_3 msmX_4 msmX_5 msmX_6 msmX_7 msmX_8 msmX_9
[11:47:22] Fixed 2 duplicate /gene - dhaA_1 dhaA_2
[11:47:22] Fixed 3 duplicate /gene - agpA_1 agpA_2 agpA_3
[11:47:22] Fixed 3 duplicate /gene - nagC_1 nagC_2 nagC_3
[11:47:22] Fixed 4 duplicate /gene - pip_1 pip_2 pip_3 pip_4
[11:47:22] Fixed 3 duplicate /gene - ucpA_1 ucpA_2 ucpA_3
[11:47:22] Fixed 2 duplicate /gene - linF_1 linF_2
[11:47:22] Fixed 2 duplicate /gene - trmR_1 trmR_2
[11:47:22] Fixed 2 duplicate /gene - dhaK_1 dhaK_2
[11:47:22] Fixed 3 duplicate /gene - occM_1 occM_2 occM_3
[11:47:22] Fixed 2 duplicate /gene - rnd_1 rnd_2
[11:47:22] Fixed 3 duplicate /gene - pxpA_1 pxpA_2 pxpA_3
[11:47:22] Fixed 2 duplicate /gene - gloB_1 gloB_2
[11:47:22] Fixed 5 duplicate /gene - rafR_1 rafR_2 rafR_3 rafR_4 rafR_5
[11:47:22] Fixed 5 duplicate /gene - cspA_1 cspA_2 cspA_3 cspA_4 cspA_5
[11:47:22] Fixed 2 duplicate /gene - pld1_1 pld1_2
[11:47:22] Fixed 4 duplicate /gene - ribN_1 ribN_2 ribN_3 ribN_4
[11:47:22] Fixed 5 duplicate /gene - rbsR_1 rbsR_2 rbsR_3 rbsR_4 rbsR_5
[11:47:22] Fixed 2 duplicate /gene - acdA_1 acdA_2
[11:47:22] Fixed 2 duplicate /gene - tal_1 tal_2
[11:47:22] Fixed 9 duplicate /gene - mshA_1 mshA_2 mshA_3 mshA_4 mshA_5 mshA_6 mshA_7 mshA_8 mshA_9
[11:47:22] Fixed 2 duplicate /gene - sir_1 sir_2
[11:47:22] Fixed 2 duplicate /gene - safD_1 safD_2
[11:47:22] Fixed 4 duplicate /gene - oppA_1 oppA_2 oppA_3 oppA_4
[11:47:22] Fixed 3 duplicate /gene - ghrA_1 ghrA_2 ghrA_3
[11:47:22] Fixed 4 duplicate /gene - pcpR_1 pcpR_2 pcpR_3 pcpR_4
[11:47:22] Fixed 12 duplicate /gene - oppF_1 oppF_2 oppF_3 oppF_4 oppF_5 oppF_6 oppF_7 oppF_8 oppF_9 oppF_10 oppF_11 oppF_12
[11:47:22] Fixed 3 duplicate /gene - rutB_1 rutB_2 rutB_3
[11:47:22] Fixed 2 duplicate /gene - nuoM_1 nuoM_2
[11:47:22] Fixed 7 duplicate /gene - fucU_1 fucU_2 fucU_3 fucU_4 fucU_5 fucU_6 fucU_7
[11:47:22] Fixed 2 duplicate /gene - puuC_1 puuC_2
[11:47:22] Fixed 4 duplicate /gene - decR_1 decR_2 decR_3 decR_4
[11:47:22] Fixed 2 duplicate /gene - nagK_1 nagK_2
[11:47:22] Fixed 6 duplicate /gene - mglA_1 mglA_2 mglA_3 mglA_4 mglA_5 mglA_6
[11:47:22] Fixed 5 duplicate /gene - gsiB_1 gsiB_2 gsiB_3 gsiB_4 gsiB_5
[11:47:22] Fixed 2 duplicate /gene - argE_1 argE_2
[11:47:22] Fixed 2 duplicate /gene - yhdN_1 yhdN_2
[11:47:22] Fixed 2 duplicate /gene - ygeA_1 ygeA_2
[11:47:22] Fixed 3 duplicate /gene - linC_1 linC_2 linC_3
[11:47:22] Fixed 4 duplicate /gene - deoR_1 deoR_2 deoR_3 deoR_4
[11:47:22] Fixed 2 duplicate /gene - idhA_1 idhA_2
[11:47:22] Fixed 2 duplicate /gene - sspA_1 sspA_2
[11:47:22] Fixed 3 duplicate /gene - otnI_1 otnI_2 otnI_3
[11:47:22] Fixed 3 duplicate /gene - pxpC_1 pxpC_2 pxpC_3
[11:47:22] Fixed 3 duplicate /gene - eryD_1 eryD_2 eryD_3
[11:47:22] Fixed 2 duplicate /gene - hutU_1 hutU_2
[11:47:22] Fixed 15 duplicate /gene - iolG_1 iolG_2 iolG_3 iolG_4 iolG_5 iolG_6 iolG_7 iolG_8 iolG_9 iolG_10 iolG_11 iolG_12 iolG_13 iolG_14 iolG_15
[11:47:22] Fixed 2 duplicate /gene - ftsH_1 ftsH_2
[11:47:22] Fixed 2 duplicate /gene - nuoJ_1 nuoJ_2
[11:47:22] Fixed 3 duplicate /gene - bdcA_1 bdcA_2 bdcA_3
[11:47:22] Fixed 3 duplicate /gene - flhA_1 flhA_2 flhA_3
[11:47:22] Fixed 2 duplicate /gene - lvr_1 lvr_2
[11:47:22] Fixed 3 duplicate /gene - paoB_1 paoB_2 paoB_3
[11:47:22] Fixed 2 duplicate /gene - srlR_1 srlR_2
[11:47:22] Fixed 2 duplicate /gene - gbsA_1 gbsA_2
[11:47:22] Fixed 5 duplicate /gene - gabD_1 gabD_2 gabD_3 gabD_4 gabD_5
[11:47:22] Fixed 2 duplicate /gene - iscR_1 iscR_2
[11:47:22] Fixed 2 duplicate /gene - xdh_1 xdh_2
[11:47:22] Fixed 2 duplicate /gene - rbtD_1 rbtD_2
[11:47:22] Fixed 7 duplicate /gene - potA_1 potA_2 potA_3 potA_4 potA_5 potA_6 potA_7
[11:47:22] Fixed 5 duplicate /gene - noc_1 noc_2 noc_3 noc_4 noc_5
[11:47:22] Fixed 2 duplicate /gene - phnM_1 phnM_2
[11:47:22] Fixed 2 duplicate /gene - glmM_1 glmM_2
[11:47:22] Fixed 2 duplicate /gene - pcaR_1 pcaR_2
[11:47:22] Fixed 2 duplicate /gene - leuS_1 leuS_2
[11:47:22] Fixed 4 duplicate /gene - gntR_1 gntR_2 gntR_3 gntR_4
[11:47:22] Fixed 2 duplicate /gene - zwf_1 zwf_2
[11:47:22] Fixed 2 duplicate /gene - yihV_1 yihV_2
[11:47:22] Fixed 2 duplicate /gene - yknY_1 yknY_2
[11:47:22] Fixed 2 duplicate /gene - arcB_1 arcB_2
[11:47:22] Fixed 2 duplicate /gene - dppD_1 dppD_2
[11:47:22] Fixed 7 duplicate /gene - ycjP_1 ycjP_2 ycjP_3 ycjP_4 ycjP_5 ycjP_6 ycjP_7
[11:47:22] Fixed 2 duplicate /gene - ohrB_1 ohrB_2
[11:47:22] Fixed 4 duplicate /gene - ecfG_1 ecfG_2 ecfG_3 ecfG_4
[11:47:22] Fixed 2 duplicate /gene - fusA_1 fusA_2
[11:47:22] Fixed 3 duplicate /gene - garR_1 garR_2 garR_3
[11:47:22] Fixed 2 duplicate /gene - mltF_1 mltF_2
[11:47:22] Fixed 2 duplicate /gene - tauB_1 tauB_2
[11:47:22] Fixed 3 duplicate /gene - mnmC_1 mnmC_2 mnmC_3
[11:47:22] Fixed 2 duplicate /gene - araB_1 araB_2
[11:47:22] Fixed 2 duplicate /gene - ndhB_1 ndhB_2
[11:47:22] Fixed 3 duplicate /gene - xthA_1 xthA_2 xthA_3
[11:47:22] Fixed 2 duplicate /gene - alaS_1 alaS_2
[11:47:22] Fixed 2 duplicate /gene - rfuC_1 rfuC_2
[11:47:22] Fixed 2 duplicate /gene - nadE_1 nadE_2
[11:47:22] Fixed 4 duplicate /gene - ybjJ_1 ybjJ_2 ybjJ_3 ybjJ_4
[11:47:22] Fixed 3 duplicate /gene - nodD2_1 nodD2_2 nodD2_3
[11:47:22] Fixed 3 duplicate /gene - mdtD_1 mdtD_2 mdtD_3
[11:47:22] Fixed 6 duplicate /gene - ddpC_1 ddpC_2 ddpC_3 ddpC_4 ddpC_5 ddpC_6
[11:47:22] Fixed 2 duplicate /gene - mepA_1 mepA_2
[11:47:22] Fixed 4 duplicate /gene - aroE_1 aroE_2 aroE_3 aroE_4
[11:47:22] Fixed 2 duplicate /gene - rapA2_1 rapA2_2
[11:47:22] Fixed 3 duplicate /gene - apsD_1 apsD_2 apsD_3
[11:47:22] Fixed 4 duplicate /gene - arnC_1 arnC_2 arnC_3 arnC_4
[11:47:22] Fixed 3 duplicate /gene - vapC_1 vapC_2 vapC_3
[11:47:22] Fixed 3 duplicate /gene - ulaR_1 ulaR_2 ulaR_3
[11:47:22] Fixed 4 duplicate /gene - msrP_1 msrP_2 msrP_3 msrP_4
[11:47:22] Fixed 3 duplicate /gene - polS_1 polS_2 polS_3
[11:47:22] Fixed 2 duplicate /gene - msrB_1 msrB_2
[11:47:22] Fixed 2 duplicate /gene - maa_1 maa_2
[11:47:22] Fixed 2 duplicate /gene - hilA_1 hilA_2
[11:47:22] Fixed 3 duplicate /gene - mmgB_1 mmgB_2 mmgB_3
[11:47:22] Fixed 2 duplicate /gene - ilvI_1 ilvI_2
[11:47:22] Fixed 2 duplicate /gene - lgoR_1 lgoR_2
[11:47:22] Fixed 3 duplicate /gene - glgB_1 glgB_2 glgB_3
[11:47:22] Fixed 2 duplicate /gene - ntrC_1 ntrC_2
[11:47:22] Fixed 2 duplicate /gene - bphC_1 bphC_2
[11:47:22] Fixed 5 duplicate /gene - glnH_1 glnH_2 glnH_3 glnH_4 glnH_5
[11:47:22] Fixed 2 duplicate /gene - ltnD_1 ltnD_2
[11:47:22] Fixed 2 duplicate /gene - gltX_1 gltX_2
[11:47:22] Fixed 4 duplicate /gene - hutH_1 hutH_2 hutH_3 hutH_4
[11:47:22] Fixed 2 duplicate /gene - nsaD_1 nsaD_2
[11:47:22] Fixed 3 duplicate /gene - IMPDH_1 IMPDH_2 IMPDH_3
[11:47:22] Fixed 2 duplicate /gene - blh_1 blh_2
[11:47:22] Fixed 5 duplicate /gene - ccpA_1 ccpA_2 ccpA_3 ccpA_4 ccpA_5
[11:47:22] Fixed 2 duplicate /gene - mtrA_1 mtrA_2
[11:47:22] Fixed 3 duplicate /gene - lsrB_1 lsrB_2 lsrB_3
[11:47:22] Fixed 2 duplicate /gene - fpgS_1 fpgS_2
[11:47:22] Fixed 2 duplicate /gene - aar_1 aar_2
[11:47:22] Fixed 7 duplicate /gene - rhtB_1 rhtB_2 rhtB_3 rhtB_4 rhtB_5 rhtB_6 rhtB_7
[11:47:22] Fixed 3 duplicate /gene - ssuD_1 ssuD_2 ssuD_3
[11:47:22] Fixed 2 duplicate /gene - melR_1 melR_2
[11:47:22] Fixed 2 duplicate /gene - xynB_1 xynB_2
[11:47:22] Fixed 2 duplicate /gene - araP_1 araP_2
[11:47:22] Fixed 2 duplicate /gene - uspF_1 uspF_2
[11:47:22] Fixed 7 duplicate /gene - iolS_1 iolS_2 iolS_3 iolS_4 iolS_5 iolS_6 iolS_7
[11:47:22] Fixed 2 duplicate /gene - ycaC_1 ycaC_2
[11:47:22] Fixed 2 duplicate /gene - carB_1 carB_2
[11:47:22] Fixed 2 duplicate /gene - ugpB_1 ugpB_2
[11:47:22] Fixed 3 duplicate /gene - tcyB_1 tcyB_2 tcyB_3
[11:47:22] Fixed 5 duplicate /gene - ribX_1 ribX_2 ribX_3 ribX_4 ribX_5
[11:47:22] Fixed 2 duplicate /gene - potH_1 potH_2
[11:47:22] Fixed 8 duplicate /gene - cdhR_1 cdhR_2 cdhR_3 cdhR_4 cdhR_5 cdhR_6 cdhR_7 cdhR_8
[11:47:22] Fixed 6 duplicate /gene - COQ3_1 COQ3_2 COQ3_3 COQ3_4 COQ3_5 COQ3_6
[11:47:22] Fixed 24 duplicate /gene - btuD_1 btuD_2 btuD_3 btuD_4 btuD_5 btuD_6 btuD_7 btuD_8 btuD_9 btuD_10 btuD_11 btuD_12 btuD_13 btuD_14 btuD_15 btuD_16 btuD_17 btuD_18 btuD_19 btuD_20 btuD_21 btuD_22 btuD_23 btuD_24
[11:47:22] Fixed 2 duplicate /gene - ped_1 ped_2
[11:47:22] Fixed 2 duplicate /gene - glpE_1 glpE_2
[11:47:22] Fixed 3 duplicate /gene - ddpA_1 ddpA_2 ddpA_3
[11:47:22] Fixed 11 duplicate /gene - lacF_1 lacF_2 lacF_3 lacF_4 lacF_5 lacF_6 lacF_7 lacF_8 lacF_9 lacF_10 lacF_11
[11:47:22] Fixed 2 duplicate /gene - ehpR_1 ehpR_2
[11:47:22] Fixed 3 duplicate /gene - eryB_1 eryB_2 eryB_3
[11:47:22] Fixed 2 duplicate /gene - pcaH_1 pcaH_2
[11:47:22] Fixed 2 duplicate /gene - gutB_1 gutB_2
[11:47:22] Fixed 2 duplicate /gene - deoC_1 deoC_2
[11:47:22] Fixed 2 duplicate /gene - paoD_1 paoD_2
[11:47:22] Fixed 2 duplicate /gene - codA_1 codA_2
[11:47:22] Fixed 4 duplicate /gene - etfA_1 etfA_2 etfA_3 etfA_4
[11:47:22] Fixed 2 duplicate /gene - adh1_1 adh1_2
[11:47:22] Fixed 3 duplicate /gene - emrB_1 emrB_2 emrB_3
[11:47:22] Fixed 9 duplicate /gene - dapA_1 dapA_2 dapA_3 dapA_4 dapA_5 dapA_6 dapA_7 dapA_8 dapA_9
[11:47:22] Fixed 2 duplicate /gene - otnK_1 otnK_2
[11:47:22] Fixed 2 duplicate /gene - iolB_1 iolB_2
[11:47:22] Fixed 2 duplicate /gene - cheR_1 cheR_2
[11:47:22] Fixed 4 duplicate /gene - cpo_1 cpo_2 cpo_3 cpo_4
[11:47:22] Fixed 2 duplicate /gene - argG_1 argG_2
[11:47:22] Fixed 4 duplicate /gene - ku_1 ku_2 ku_3 ku_4
[11:47:22] Fixed 3 duplicate /gene - hcaR_1 hcaR_2 hcaR_3
[11:47:22] Fixed 5 duplicate /gene - iolE_1 iolE_2 iolE_3 iolE_4 iolE_5
[11:47:22] Fixed 2 duplicate /gene - lexA_1 lexA_2
[11:47:22] Fixed 11 duplicate /gene - rhaR_1 rhaR_2 rhaR_3 rhaR_4 rhaR_5 rhaR_6 rhaR_7 rhaR_8 rhaR_9 rhaR_10 rhaR_11
[11:47:22] Fixed 2 duplicate /gene - yisK_1 yisK_2
[11:47:22] Fixed 3 duplicate /gene - proA_1 proA_2 proA_3
[11:47:22] Fixed 2 duplicate /gene - nrtA_1 nrtA_2
[11:47:22] Fixed 4 duplicate /gene - yciC_1 yciC_2 yciC_3 yciC_4
[11:47:22] Fixed 4 duplicate /gene - rbsK_1 rbsK_2 rbsK_3 rbsK_4
[11:47:22] Fixed 3 duplicate /gene - ydfG_1 ydfG_2 ydfG_3
[11:47:22] Fixed 2 duplicate /gene - coaE_1 coaE_2
[11:47:22] Fixed 4 duplicate /gene - mtgA_1 mtgA_2 mtgA_3 mtgA_4
[11:47:22] Fixed 2 duplicate /gene - udh_1 udh_2
[11:47:22] Fixed 3 duplicate /gene - xylF_1 xylF_2 xylF_3
[11:47:22] Fixed 2 duplicate /gene - yedY1_1 yedY1_2
[11:47:22] Fixed 9 duplicate /gene - gsiD_1 gsiD_2 gsiD_3 gsiD_4 gsiD_5 gsiD_6 gsiD_7 gsiD_8 gsiD_9
[11:47:22] Fixed 19 duplicate /gene - rbsA_1 rbsA_2 rbsA_3 rbsA_4 rbsA_5 rbsA_6 rbsA_7 rbsA_8 rbsA_9 rbsA_10 rbsA_11 rbsA_12 rbsA_13 rbsA_14 rbsA_15 rbsA_16 rbsA_17 rbsA_18 rbsA_19
[11:47:22] Fixed 2 duplicate /gene - flgE_1 flgE_2
[11:47:22] Fixed 6 duplicate /gene - yajO_1 yajO_2 yajO_3 yajO_4 yajO_5 yajO_6
[11:47:22] Fixed 2 duplicate /gene - gyrB_1 gyrB_2
[11:47:22] Fixed 4 duplicate /gene - yabJ_1 yabJ_2 yabJ_3 yabJ_4
[11:47:22] Fixed 2 duplicate /gene - yfcA_1 yfcA_2
[11:47:22] Fixed 2 duplicate /gene - ydcS_1 ydcS_2
[11:47:22] Fixed 6 duplicate /gene - nagR_1 nagR_2 nagR_3 nagR_4 nagR_5 nagR_6
[11:47:22] Fixed 7 duplicate /gene - dasC_1 dasC_2 dasC_3 dasC_4 dasC_5 dasC_6 dasC_7
[11:47:22] Fixed 2 duplicate /gene - tap_1 tap_2
[11:47:22] Fixed 4 duplicate /gene - ald_1 ald_2 ald_3 ald_4
[11:47:22] Fixed 2 duplicate /gene - otnC_1 otnC_2
[11:47:22] Fixed 2 duplicate /gene - tas_1 tas_2
[11:47:22] Fixed 2 duplicate /gene - dksA_1 dksA_2
[11:47:22] Fixed 2 duplicate /gene - dmdC_1 dmdC_2
[11:47:22] Fixed 2 duplicate /gene - fruK_1 fruK_2
[11:47:22] Fixed 2 duplicate /gene - soxD_1 soxD_2
[11:47:22] Fixed 2 duplicate /gene - lov_1 lov_2
[11:47:22] Fixed 2 duplicate /gene - smc_1 smc_2
[11:47:22] Fixed 3 duplicate /gene - ompR_1 ompR_2 ompR_3
[11:47:22] Fixed 3 duplicate /gene - lldR_1 lldR_2 lldR_3
[11:47:22] Fixed 2 duplicate /gene - cyoC_1 cyoC_2
[11:47:22] Fixed 2 duplicate /gene - pdhR_1 pdhR_2
[11:47:22] Fixed 3 duplicate /gene - pntB_1 pntB_2 pntB_3
[11:47:22] Fixed 3 duplicate /gene - yciF_1 yciF_2 yciF_3
[11:47:22] Fixed 2 duplicate /gene - virB4_1 virB4_2
[11:47:22] Fixed 2 duplicate /gene - yliI_1 yliI_2
[11:47:22] Fixed 4 duplicate /gene - proC_1 proC_2 proC_3 proC_4
[11:47:22] Fixed 2 duplicate /gene - scrK_1 scrK_2
[11:47:22] Fixed 2 duplicate /gene - nuoH_1 nuoH_2
[11:47:22] Fixed 5 duplicate /gene - oxyR_1 oxyR_2 oxyR_3 oxyR_4 oxyR_5
[11:47:22] Fixed 12 duplicate /gene - malK_1 malK_2 malK_3 malK_4 malK_5 malK_6 malK_7 malK_8 malK_9 malK_10 malK_11 malK_12
[11:47:22] Fixed 26 duplicate /gene - rbsC_1 rbsC_2 rbsC_3 rbsC_4 rbsC_5 rbsC_6 rbsC_7 rbsC_8 rbsC_9 rbsC_10 rbsC_11 rbsC_12 rbsC_13 rbsC_14 rbsC_15 rbsC_16 rbsC_17 rbsC_18 rbsC_19 rbsC_20 rbsC_21 rbsC_22 rbsC_23 rbsC_24 rbsC_25 rbsC_26
[11:47:22] Fixed 2 duplicate /gene - comM_1 comM_2
[11:47:22] Fixed 2 duplicate /gene - gbpR_1 gbpR_2
[11:47:22] Fixed 2 duplicate /gene - speB_1 speB_2
[11:47:22] Fixed 4 duplicate /gene - dapH_1 dapH_2 dapH_3 dapH_4
[11:47:22] Fixed 2 duplicate /gene - gpmA_1 gpmA_2
[11:47:22] Fixed 4 duplicate /gene - degU_1 degU_2 degU_3 degU_4
[11:47:22] Fixed 4 duplicate /gene - gph_1 gph_2 gph_3 gph_4
[11:47:22] Fixed 3 duplicate /gene - slyA_1 slyA_2 slyA_3
[11:47:22] Fixed 4 duplicate /gene - aes_1 aes_2 aes_3 aes_4
[11:47:22] Fixed 2 duplicate /gene - pstB_1 pstB_2
[11:47:22] Fixed 2 duplicate /gene - yejF_1 yejF_2
[11:47:22] Fixed 3 duplicate /gene - trxB_1 trxB_2 trxB_3
[11:47:22] Fixed 2 duplicate /gene - tyrS_1 tyrS_2
[11:47:22] Fixed 3 duplicate /gene - nepI_1 nepI_2 nepI_3
[11:47:22] Fixed 11 duplicate /gene - COQ5_1 COQ5_2 COQ5_3 COQ5_4 COQ5_5 COQ5_6 COQ5_7 COQ5_8 COQ5_9 COQ5_10 COQ5_11
[11:47:22] Fixed 2 duplicate /gene - ngcF_1 ngcF_2
[11:47:22] Fixed 2 duplicate /gene - gntK_1 gntK_2
[11:47:22] Fixed 5 duplicate /gene - ntaA_1 ntaA_2 ntaA_3 ntaA_4 ntaA_5
[11:47:22] Fixed 5 duplicate /gene - degA_1 degA_2 degA_3 degA_4 degA_5
[11:47:22] Fixed 2 duplicate /gene - apc3_1 apc3_2
[11:47:22] Fixed 2 duplicate /gene - fbcH_1 fbcH_2
[11:47:22] Fixed 2 duplicate /gene - kdpB_1 kdpB_2
[11:47:22] Fixed 3 duplicate /gene - phoB_1 phoB_2 phoB_3
[11:47:22] Fixed 5 duplicate /gene - xylH_1 xylH_2 xylH_3 xylH_4 xylH_5
[11:47:22] Fixed 4 duplicate /gene - imuB_1 imuB_2 imuB_3 imuB_4
[11:47:22] Fixed 4 duplicate /gene - lsrD_1 lsrD_2 lsrD_3 lsrD_4
[11:47:22] Fixed 2 duplicate /gene - nifD_1 nifD_2
[11:47:22] Fixed 2 duplicate /gene - def_1 def_2
[11:47:22] Fixed 2 duplicate /gene - ilvA_1 ilvA_2
[11:47:22] Fixed 8 duplicate /gene - ssuB_1 ssuB_2 ssuB_3 ssuB_4 ssuB_5 ssuB_6 ssuB_7 ssuB_8
[11:47:22] Fixed 4 duplicate /gene - dnaE2_1 dnaE2_2 dnaE2_3 dnaE2_4
[11:47:22] Fixed 2 duplicate /gene - prs_1 prs_2
[11:47:22] Fixed 2 duplicate /gene - yedK_1 yedK_2
[11:47:22] Fixed 4 duplicate /gene - azoR_1 azoR_2 azoR_3 azoR_4
[11:47:22] Fixed 2 duplicate /gene - araD_1 araD_2
[11:47:22] Fixed 5 duplicate /gene - comR_1 comR_2 comR_3 comR_4 comR_5
[11:47:22] Fixed 2 duplicate /gene - ubiL_1 ubiL_2
[11:47:22] Fixed 2 duplicate /gene - plsY_1 plsY_2
[11:47:22] Fixed 3 duplicate /gene - hpyO_1 hpyO_2 hpyO_3
[11:47:22] Fixed 2 duplicate /gene - yedA_1 yedA_2
[11:47:22] Fixed 3 duplicate /gene - melA_1 melA_2 melA_3
[11:47:22] Fixed 7 duplicate /gene - bacC_1 bacC_2 bacC_3 bacC_4 bacC_5 bacC_6 bacC_7
[11:47:22] Fixed 3 duplicate /gene - thiC_1 thiC_2 thiC_3
[11:47:22] Fixed 4 duplicate /gene - araG_1 araG_2 araG_3 araG_4
[11:47:22] Fixed 3 duplicate /gene - cysA_1 cysA_2 cysA_3
[11:47:22] Fixed 2 duplicate /gene - sigF_1 sigF_2
[11:47:22] Fixed 2 duplicate /gene - aroQ_1 aroQ_2
[11:47:22] Fixed 4 duplicate /gene - abo_1 abo_2 abo_3 abo_4
[11:47:22] Fixed 4 duplicate /gene - hipO_1 hipO_2 hipO_3 hipO_4
[11:47:22] Fixed 22 duplicate /gene - fabG_1 fabG_2 fabG_3 fabG_4 fabG_5 fabG_6 fabG_7 fabG_8 fabG_9 fabG_10 fabG_11 fabG_12 fabG_13 fabG_14 fabG_15 fabG_16 fabG_17 fabG_18 fabG_19 fabG_20 fabG_21 fabG_22
[11:47:22] Fixed 2 duplicate /gene - lcfB_1 lcfB_2
[11:47:22] Fixed 3 duplicate /gene - bepA_1 bepA_2 bepA_3
[11:47:22] Fixed 2 duplicate /gene - atm1_1 atm1_2
[11:47:22] Fixed 2 duplicate /gene - artJ_1 artJ_2
[11:47:22] Fixed 2 duplicate /gene - hlyU_1 hlyU_2
[11:47:22] Fixed 3 duplicate /gene - bepF_1 bepF_2 bepF_3
[11:47:22] Fixed 3 duplicate /gene - mdtE_1 mdtE_2 mdtE_3
[11:47:22] Fixed 3 duplicate /gene - betB_1 betB_2 betB_3
[11:47:22] Fixed 2 duplicate /gene - hisC_1 hisC_2
[11:47:22] Fixed 2 duplicate /gene - pyrC_1 pyrC_2
[11:47:22] Fixed 2 duplicate /gene - nuoK_1 nuoK_2
[11:47:22] Fixed 2 duplicate /gene - ahcY_1 ahcY_2
[11:47:22] Fixed 2 duplicate /gene - yadH_1 yadH_2
[11:47:22] Fixed 4 duplicate /gene - ligD_1 ligD_2 ligD_3 ligD_4
[11:47:22] Fixed 13 duplicate /gene - dppB_1 dppB_2 dppB_3 dppB_4 dppB_5 dppB_6 dppB_7 dppB_8 dppB_9 dppB_10 dppB_11 dppB_12 dppB_13
[11:47:22] Fixed 4 duplicate /gene - ropA_1 ropA_2 ropA_3 ropA_4
[11:47:22] Fixed 2 duplicate /gene - hmp_1 hmp_2
[11:47:22] Fixed 4 duplicate /gene - hsrA_1 hsrA_2 hsrA_3 hsrA_4
[11:47:22] Fixed 2 duplicate /gene - gltR_1 gltR_2
[11:47:22] Fixed 2 duplicate /gene - glnM_1 glnM_2
[11:47:22] Fixed 2 duplicate /gene - rnhA_1 rnhA_2
[11:47:22] Fixed 2 duplicate /gene - araQ_1 araQ_2
[11:47:22] Fixed 2 duplicate /gene - glmU_1 glmU_2
[11:47:22] Fixed 2 duplicate /gene - cckA_1 cckA_2
[11:47:22] Fixed 3 duplicate /gene - cheY_1 cheY_2 cheY_3
[11:47:22] Fixed 2 duplicate /gene - ydaD_1 ydaD_2
[11:47:22] Fixed 2 duplicate /gene - metG_1 metG_2
[11:47:22] Fixed 2 duplicate /gene - paaF_1 paaF_2
[11:47:22] Fixed 4 duplicate /gene - pcm_1 pcm_2 pcm_3 pcm_4
[11:47:22] Fixed 2 duplicate /gene - rfbB_1 rfbB_2
[11:47:22] Fixed 3 duplicate /gene - accC_1 accC_2 accC_3
[11:47:22] Fixed 3 duplicate /gene - phzF_1 phzF_2 phzF_3
[11:47:22] Fixed 2 duplicate /gene - oppB_1 oppB_2
[11:47:22] Fixed 2 duplicate /gene - groL5_1 groL5_2
[11:47:22] Fixed 3 duplicate /gene - cynR_1 cynR_2 cynR_3
[11:47:22] Fixed 2 duplicate /gene - rutF_1 rutF_2
[11:47:22] Fixed 2 duplicate /gene - soxC_1 soxC_2
[11:47:22] Fixed 2 duplicate /gene - tam_1 tam_2
[11:47:22] Fixed 15 duplicate /gene - gsiA_1 gsiA_2 gsiA_3 gsiA_4 gsiA_5 gsiA_6 gsiA_7 gsiA_8 gsiA_9 gsiA_10 gsiA_11 gsiA_12 gsiA_13 gsiA_14 gsiA_15
[11:47:22] Fixed 2 duplicate /gene - aspC_1 aspC_2
[11:47:22] Fixed 2 duplicate /gene - catD_1 catD_2
[11:47:22] Fixed 2 duplicate /gene - mglB_1 mglB_2
[11:47:22] Fixed 5 duplicate /gene - sugC_1 sugC_2 sugC_3 sugC_4 sugC_5
[11:47:22] Fixed 2 duplicate /gene - argF_1 argF_2
[11:47:22] Fixed 2 duplicate /gene - frc_1 frc_2
[11:47:22] Fixed 2 duplicate /gene - paoA_1 paoA_2
[11:47:22] Fixed 5 duplicate /gene - lutR_1 lutR_2 lutR_3 lutR_4 lutR_5
[11:47:22] Fixed 2 duplicate /gene - crt_1 crt_2
[11:47:22] Fixed 2 duplicate /gene - malL_1 malL_2
[11:47:22] Fixed 2 duplicate /gene - uctC_1 uctC_2
[11:47:22] Fixed 2 duplicate /gene - dinG_1 dinG_2
[11:47:22] Fixed 8 duplicate /gene - frcA_1 frcA_2 frcA_3 frcA_4 frcA_5 frcA_6 frcA_7 frcA_8
[11:47:22] Fixed 5 duplicate /gene - potB_1 potB_2 potB_3 potB_4 potB_5
[11:47:22] Fixed 2 duplicate /gene - purC_1 purC_2
[11:47:22] Fixed 2 duplicate /gene - bamA_1 bamA_2
[11:47:22] Fixed 2 duplicate /gene - alr_1 alr_2
[11:47:22] Fixed 2 duplicate /gene - dapAL_1 dapAL_2
[11:47:22] Fixed 2 duplicate /gene - chaA_1 chaA_2
[11:47:22] Fixed 13 duplicate /gene - gcvA_1 gcvA_2 gcvA_3 gcvA_4 gcvA_5 gcvA_6 gcvA_7 gcvA_8 gcvA_9 gcvA_10 gcvA_11 gcvA_12 gcvA_13
[11:47:22] Fixed 7 duplicate /gene - puuB_1 puuB_2 puuB_3 puuB_4 puuB_5 puuB_6 puuB_7
[11:47:22] Fixed 4 duplicate /gene - cheB_1 cheB_2 cheB_3 cheB_4
[11:47:22] Fixed 2 duplicate /gene - ndvB_1 ndvB_2
[11:47:22] Fixed 4 duplicate /gene - rpaR_1 rpaR_2 rpaR_3 rpaR_4
[11:47:22] Fixed 2 duplicate /gene - atpB_1 atpB_2
[11:47:22] Fixed 2 duplicate /gene - msmE_1 msmE_2
[11:47:22] Fixed 2 duplicate /gene - npcC_1 npcC_2
[11:47:22] Fixed 2 duplicate /gene - vdh_1 vdh_2
[11:47:22] Fixed 3 duplicate /gene - tmoT_1 tmoT_2 tmoT_3
[11:47:22] Fixed 4 duplicate /gene - soxA_1 soxA_2 soxA_3 soxA_4
[11:47:22] Fixed 2 duplicate /gene - dnaK_1 dnaK_2
[11:47:22] Fixed 13 duplicate /gene - gsiC_1 gsiC_2 gsiC_3 gsiC_4 gsiC_5 gsiC_6 gsiC_7 gsiC_8 gsiC_9 gsiC_10 gsiC_11 gsiC_12 gsiC_13
[11:47:22] Fixed 3 duplicate /gene - ade_1 ade_2 ade_3
[11:47:22] Fixed 9 duplicate /gene - sugA_1 sugA_2 sugA_3 sugA_4 sugA_5 sugA_6 sugA_7 sugA_8 sugA_9
[11:47:22] Fixed 2 duplicate /gene - purU_1 purU_2
[11:47:22] Fixed 3 duplicate /gene - hmuU_1 hmuU_2 hmuU_3
[11:47:22] Fixed 2 duplicate /gene - serA_1 serA_2
[11:47:22] Fixed 2 duplicate /gene - panB_1 panB_2
[11:47:22] Fixed 2 duplicate /gene - menF_1 menF_2
[11:47:22] Fixed 2 duplicate /gene - glmS_1 glmS_2
[11:47:22] Fixed 2 duplicate /gene - yrdA_1 yrdA_2
[11:47:22] Fixed 3 duplicate /gene - paoC_1 paoC_2 paoC_3
[11:47:22] Fixed 7 duplicate /gene - fliC_1 fliC_2 fliC_3 fliC_4 fliC_5 fliC_6 fliC_7
[11:47:22] Fixed 2 duplicate /gene - fixN_1 fixN_2
[11:47:22] Fixed 2 duplicate /gene - cpdR_1 cpdR_2
[11:47:22] Fixed 3 duplicate /gene - corA_1 corA_2 corA_3
[11:47:22] Fixed 2 duplicate /gene - phyR_1 phyR_2
[11:47:22] Fixed 2 duplicate /gene - galE1_1 galE1_2
[11:47:22] Fixed 2 duplicate /gene - yjgH_1 yjgH_2
[11:47:22] Fixed 2 duplicate /gene - aam_1 aam_2
[11:47:22] Fixed 3 duplicate /gene - glnP_1 glnP_2 glnP_3
[11:47:22] Fixed 4 duplicate /gene - entS_1 entS_2 entS_3 entS_4
[11:47:22] Fixed 2 duplicate /gene - todT_1 todT_2
[11:47:22] Fixed 3 duplicate /gene - pxpB_1 pxpB_2 pxpB_3
[11:47:22] Fixed 2 duplicate /gene - gloA_1 gloA_2
[11:47:22] Fixed 2 duplicate /gene - spuC_1 spuC_2
[11:47:22] Fixed 3 duplicate /gene - mpdB_1 mpdB_2 mpdB_3
[11:47:22] Fixed 2 duplicate /gene - farB_1 farB_2
[11:47:22] Fixed 11 duplicate /gene - hcaB_1 hcaB_2 hcaB_3 hcaB_4 hcaB_5 hcaB_6 hcaB_7 hcaB_8 hcaB_9 hcaB_10 hcaB_11
[11:47:22] Fixed 2 duplicate /gene - hyuA_1 hyuA_2
[11:47:22] Fixed 2 duplicate /gene - htpX_1 htpX_2
[11:47:22] Fixed 2 duplicate /gene - purF_1 purF_2
[11:47:22] Fixed 2 duplicate /gene - arsC_1 arsC_2
[11:47:22] Fixed 2 duplicate /gene - pepA_1 pepA_2
[11:47:22] Fixed 2 duplicate /gene - msiK_1 msiK_2
[11:47:22] Fixed 3 duplicate /gene - araH_1 araH_2 araH_3
[11:47:22] Fixed 2 duplicate /gene - cynT_1 cynT_2
[11:47:22] Fixed 6 duplicate /gene - yfcG_1 yfcG_2 yfcG_3 yfcG_4 yfcG_5 yfcG_6
[11:47:22] Fixed 3 duplicate /gene - chrR_1 chrR_2 chrR_3
[11:47:22] Fixed 3 duplicate /gene - afr_1 afr_2 afr_3
[11:47:22] Fixed 4 duplicate /gene - fixK_1 fixK_2 fixK_3 fixK_4
[11:47:22] Fixed 2 duplicate /gene - glpK_1 glpK_2
[11:47:22] Fixed 3 duplicate /gene - dauA_1 dauA_2 dauA_3
[11:47:22] Fixed 2 duplicate /gene - cysL_1 cysL_2
[11:47:22] Fixed 2 duplicate /gene - hisD_1 hisD_2
[11:47:22] Fixed 3 duplicate /gene - nanK_1 nanK_2 nanK_3
[11:47:22] Fixed 2 duplicate /gene - yhjE_1 yhjE_2
[11:47:22] Fixed 2 duplicate /gene - nifK_1 nifK_2
[11:47:22] Fixed 7 duplicate /gene - lptB_1 lptB_2 lptB_3 lptB_4 lptB_5 lptB_6 lptB_7
[11:47:22] Fixed 5 duplicate /gene - gnl_1 gnl_2 gnl_3 gnl_4 gnl_5
[11:47:22] Fixed 4 duplicate /gene - dadA1_1 dadA1_2 dadA1_3 dadA1_4
[11:47:22] Fixed 2 duplicate /gene - lsrF_1 lsrF_2
[11:47:22] Fixed 4 duplicate /gene - azoB_1 azoB_2 azoB_3 azoB_4
[11:47:22] Fixed 2 duplicate /gene - ubiA_1 ubiA_2
[11:47:22] Fixed 2 duplicate /gene - csd_1 csd_2
[11:47:22] Fixed 12 duplicate /gene - ngcG_1 ngcG_2 ngcG_3 ngcG_4 ngcG_5 ngcG_6 ngcG_7 ngcG_8 ngcG_9 ngcG_10 ngcG_11 ngcG_12
[11:47:22] Fixed 2 duplicate /gene - amiF_1 amiF_2
[11:47:22] Fixed 2 duplicate /gene - benM_1 benM_2
[11:47:22] Fixed 2 duplicate /gene - sctC_1 sctC_2
[11:47:22] Fixed 8 duplicate /gene - cytR_1 cytR_2 cytR_3 cytR_4 cytR_5 cytR_6 cytR_7 cytR_8
[11:47:22] Fixed 2 duplicate /gene - garD_1 garD_2
[11:47:22] Fixed 3 duplicate /gene - carA_1 carA_2 carA_3
[11:47:22] Fixed 4 duplicate /gene - araC_1 araC_2 araC_3 araC_4
[11:47:22] Fixed 2 duplicate /gene - ugpA_1 ugpA_2
[11:47:22] Fixed 2 duplicate /gene - pcaG_1 pcaG_2
[11:47:22] Fixed 2 duplicate /gene - glgX_1 glgX_2
[11:47:22] Fixed 2 duplicate /gene - ndhC_1 ndhC_2
[11:47:22] Fixed 3 duplicate /gene - ydeP_1 ydeP_2 ydeP_3
[11:47:22] Fixed 2 duplicate /gene - arnB_1 arnB_2
[11:47:22] Fixed 5 duplicate /gene - acsA_1 acsA_2 acsA_3 acsA_4 acsA_5
[11:47:22] Fixed 2 duplicate /gene - mdh_1 mdh_2
[11:47:22] Fixed 2 duplicate /gene - dctB_1 dctB_2
[11:47:22] Fixed 2 duplicate /gene - arcA_1 arcA_2
[11:47:22] Fixed 2 duplicate /gene - prmC_1 prmC_2
[11:47:22] Fixed 2 duplicate /gene - aroA_1 aroA_2
[11:47:22] Fixed 4 duplicate /gene - mmgC_1 mmgC_2 mmgC_3 mmgC_4
[11:47:22] Fixed 5 duplicate /gene - cysQ_1 cysQ_2 cysQ_3 cysQ_4 cysQ_5
[11:47:22] Fixed 3 duplicate /gene - vioA_1 vioA_2 vioA_3
[11:47:22] Fixed 3 duplicate /gene - lig_1 lig_2 lig_3
[11:47:22] Fixed 2 duplicate /gene - ycjO_1 ycjO_2
[11:47:22] Fixed 2 duplicate /gene - rlmB_1 rlmB_2
[11:47:22] Fixed 2 duplicate /gene - traC_1 traC_2
[11:47:22] Fixed 4 duplicate /gene - rhtC_1 rhtC_2 rhtC_3 rhtC_4
[11:47:22] Fixed 3 duplicate /gene - betI_1 betI_2 betI_3
[11:47:22] Fixed 2 duplicate /gene - gppA_1 gppA_2
[11:47:22] Fixed 5 duplicate /gene - gdh_1 gdh_2 gdh_3 gdh_4 gdh_5
[11:47:22] Fixed 2 duplicate /gene - cmpD_1 cmpD_2
[11:47:22] Fixed 2 duplicate /gene - groS5_1 groS5_2
[11:47:22] Fixed 10 duplicate /gene - melD_1 melD_2 melD_3 melD_4 melD_5 melD_6 melD_7 melD_8 melD_9 melD_10
[11:47:22] Fixed 7 duplicate /gene - amiC_1 amiC_2 amiC_3 amiC_4 amiC_5 amiC_6 amiC_7
[11:47:22] Fixed 4 duplicate /gene - fabF_1 fabF_2 fabF_3 fabF_4
[11:47:22] Fixed 2 duplicate /gene - prsD_1 prsD_2
[11:47:22] Fixed 3 duplicate /gene - ibpA_1 ibpA_2 ibpA_3
[11:47:22] Fixed 16 duplicate /gene - ugpC_1 ugpC_2 ugpC_3 ugpC_4 ugpC_5 ugpC_6 ugpC_7 ugpC_8 ugpC_9 ugpC_10 ugpC_11 ugpC_12 ugpC_13 ugpC_14 ugpC_15 ugpC_16
[11:47:22] Fixed 21 duplicate /gene - rcsC_1 rcsC_2 rcsC_3 rcsC_4 rcsC_5 rcsC_6 rcsC_7 rcsC_8 rcsC_9 rcsC_10 rcsC_11 rcsC_12 rcsC_13 rcsC_14 rcsC_15 rcsC_16 rcsC_17 rcsC_18 rcsC_19 rcsC_20 rcsC_21
[11:47:22] Fixed 4 duplicate /gene - tcyC_1 tcyC_2 tcyC_3 tcyC_4
[11:47:22] Fixed 2 duplicate /gene - bcsA_1 bcsA_2
[11:47:22] Fixed 3 duplicate /gene - golD_1 golD_2 golD_3
[11:47:22] Fixed 2 duplicate /gene - bauA_1 bauA_2
[11:47:22] Fixed 4 duplicate /gene - braC_1 braC_2 braC_3 braC_4
[11:47:22] Fixed 2 duplicate /gene - tgnC_1 tgnC_2
[11:47:22] Fixed 6 duplicate /gene - menH_1 menH_2 menH_3 menH_4 menH_5 menH_6
[11:47:22] Fixed 2 duplicate /gene - baeR_1 baeR_2
[11:47:22] Fixed 2 duplicate /gene - uxuA_1 uxuA_2
[11:47:22] Fixed 2 duplicate /gene - idnD_1 idnD_2
[11:47:22] Fixed 2 duplicate /gene - gumH_1 gumH_2
[11:47:22] Fixed 601 colliding /gene names.
[11:47:22] Adding /locus_tag identifiers
[11:47:22] Assigned 7263 locus_tags to CDS and RNA features.
[11:47:22] Writing outputs to ./H178.fsa_prokka/
[11:47:30] Generating annotation statistics file
[11:47:30] Generating Genbank and Sequin files
[11:47:30] Running: tbl2asn -V b -a r10k -l paired-ends -M n -N 1 -y 'Annotated using prokka 1.14.6 from https://github.com/tseemann/prokka' -Z \.\/H178\.fsa_prokka\/\.\/H178\.fsa\.err -i \.\/H178\.fsa_prokka\/\.\/H178\.fsa\.fsa 2> /dev/null
[11:47:44] Deleting unwanted file: ./H178.fsa_prokka/errorsummary.val
[11:47:44] Deleting unwanted file: ./H178.fsa_prokka/./H178.fsa.dr
[11:47:44] Deleting unwanted file: ./H178.fsa_prokka/./H178.fsa.fixedproducts
[11:47:44] Deleting unwanted file: ./H178.fsa_prokka/./H178.fsa.ecn
[11:47:44] Deleting unwanted file: ./H178.fsa_prokka/./H178.fsa.val
[11:47:44] Repairing broken .GBK output that tbl2asn produces...
[11:47:44] Running: sed 's/COORDINATES: profile/COORDINATES:profile/' < \.\/H178\.fsa_prokka\/\.\/H178\.fsa\.gbf > \.\/H178\.fsa_prokka\/\.\/H178\.fsa\.gbk
[11:47:44] Deleting unwanted file: ./H178.fsa_prokka/./H178.fsa.gbf
[11:47:44] Output files:
[11:47:44] Annotation finished successfully.
[11:47:44] Walltime used: 6.72 minutes
[11:47:44] If you use this result please cite the Prokka paper:
[11:47:44] Seemann T (2014) Prokka: rapid prokaryotic genome annotation. Bioinformatics. 30(14):2068-9.
[11:47:44] Type 'prokka --citation' for more details.
[11:47:44] Share and enjoy!
