[10:44:17] This is prokka 1.14.6
[10:44:17] Written by Torsten Seemann <torsten.seemann@gmail.com>
[10:44:17] Homepage is https://github.com/tseemann/prokka
[10:44:17] Local time is Tue Dec 12 10:44:17 2023
[10:44:17] You are joshgb
[10:44:17] Operating system is linux
[10:44:17] You have BioPerl 1.7.8
[10:44:17] System has 8 cores.
[10:44:17] Will use maximum of 8 cores.
[10:44:17] Annotating as >>> Bacteria <<<
[10:44:17] Generating locus_tag from './H082.fsa' contents.
[10:44:17] Setting --locustag ILGCGFME from MD5 250c0f6e95283cc30c2b85f06498955d
[10:44:17] Creating new output folder: ./H082.fsa_prokka
[10:44:17] Running: mkdir -p \.\/H082\.fsa_prokka
[10:44:17] Using filename prefix: ./H082.fsa.XXX
[10:44:17] Setting HMMER_NCPU=1
[10:44:17] Writing log to: ./H082.fsa_prokka/./H082.fsa.log
[10:44:17] Command: /home/joshgb/anaconda3/envs/bio/bin/prokka --outdir ./H082.fsa_prokka --prefix ./H082.fsa --genus Rhizobium --species leguminosarum ./H082.fsa
[10:44:17] Appending to PATH: /home/joshgb/anaconda3/envs/bio/bin
[10:44:17] Looking for 'aragorn' - found /home/joshgb/anaconda3/envs/bio/bin/aragorn
[10:44:17] Determined aragorn version is 001002 from 'ARAGORN v1.2.41 Dean Laslett'
[10:44:17] Looking for 'barrnap' - found /home/joshgb/anaconda3/envs/bio/bin/barrnap
[10:44:17] Determined barrnap version is 000009 from 'barrnap 0.9'
[10:44:17] Looking for 'blastp' - found /home/joshgb/anaconda3/envs/bio/bin/blastp
[10:44:17] Determined blastp version is 002015 from 'blastp: 2.15.0+'
[10:44:17] Looking for 'cmpress' - found /home/joshgb/anaconda3/envs/bio/bin/cmpress
[10:44:17] Determined cmpress version is 001001 from '# INFERNAL 1.1.4 (Dec 2020)'
[10:44:17] Looking for 'cmscan' - found /home/joshgb/anaconda3/envs/bio/bin/cmscan
[10:44:17] Determined cmscan version is 001001 from '# INFERNAL 1.1.4 (Dec 2020)'
[10:44:17] Looking for 'egrep' - found /usr/bin/egrep
[10:44:17] Looking for 'find' - found /usr/bin/find
[10:44:17] Looking for 'grep' - found /usr/bin/grep
[10:44:17] Looking for 'hmmpress' - found /home/joshgb/anaconda3/envs/bio/bin/hmmpress
[10:44:17] Determined hmmpress version is 003004 from '# HMMER 3.4 (Aug 2023); http://hmmer.org/'
[10:44:17] Looking for 'hmmscan' - found /home/joshgb/anaconda3/envs/bio/bin/hmmscan
[10:44:17] Determined hmmscan version is 003004 from '# HMMER 3.4 (Aug 2023); http://hmmer.org/'
[10:44:17] Looking for 'java' - found /home/joshgb/anaconda3/envs/bio/bin/java
[10:44:17] Looking for 'makeblastdb' - found /home/joshgb/anaconda3/envs/bio/bin/makeblastdb
[10:44:17] Determined makeblastdb version is 002015 from 'makeblastdb: 2.15.0+'
[10:44:17] Looking for 'minced' - found /home/joshgb/anaconda3/envs/bio/bin/minced
[10:44:17] Determined minced version is 004002 from 'minced 0.4.2'
[10:44:17] Looking for 'parallel' - found /home/joshgb/anaconda3/envs/bio/bin/parallel
[10:44:18] Determined parallel version is 20231122 from 'GNU parallel 20231122'
[10:44:18] Looking for 'prodigal' - found /home/joshgb/anaconda3/envs/bio/bin/prodigal
[10:44:18] Determined prodigal version is 002006 from 'Prodigal V2.6.3: February, 2016'
[10:44:18] Looking for 'prokka-genbank_to_fasta_db' - found /home/joshgb/anaconda3/envs/bio/bin/prokka-genbank_to_fasta_db
[10:44:18] Looking for 'sed' - found /usr/bin/sed
[10:44:18] Looking for 'tbl2asn' - found /home/joshgb/anaconda3/envs/bio/bin/tbl2asn
[10:44:18] Determined tbl2asn version is 025007 from 'tbl2asn 25.7   arguments:'
[10:44:18] Using genetic code table 11.
[10:44:18] Loading and checking input file: ./H082.fsa
[10:44:18] Wrote 20 contigs totalling 7376650 bp.
[10:44:18] Predicting tRNAs and tmRNAs
[10:44:18] Running: aragorn -l -gc11  -w \.\/H082\.fsa_prokka\/\.\/H082\.fsa\.fna
[10:44:22] 1 tRNA-Gly [8836,8909] 33 (ccc)
[10:44:22] 1 tRNA-Met [156,232] 35 (cat)
[10:44:22] 2 tRNA-Ala [57079,57154] 34 (ggc)
[10:44:22] 3 tRNA-Ser c[152178,152267] 35 (gga)
[10:44:22] 4 tRNA-Leu c[206028,206114] 35 (cag)
[10:44:22] 5 tRNA-Arg [403949,404025] 35 (acg)
[10:44:22] 6 tRNA-Thr c[489263,489338] 34 (cgt)
[10:44:22] 7 tRNA-Thr c[553821,553895] 33 (ggt)
[10:44:22] 8 tRNA-Phe [560107,560182] 34 (gaa)
[10:44:22] 9 tRNA-His [753487,753563] 35 (gtg)
[10:44:22] 10 tRNA-Gln c[798964,799037] 33 (ctg)
[10:44:22] 11 tRNA-Gln [1061184,1061257] 33 (ttg)
[10:44:22] 12 tRNA-Pro [1092090,1092166] 35 (cgg)
[10:44:22] 13 tRNA-Ser [1456664,1456754] 35 (gct)
[10:44:22] 14 tRNA-Pro [1621333,1621409] 35 (ggg)
[10:44:22] 15 tRNA-Val c[1674686,1674761] 34 (tac)
[10:44:22] 16 tRNA-Asp [1675155,1675231] 35 (gtc)
[10:44:22] 17 tRNA-Asp [1675316,1675392] 35 (gtc)
[10:44:22] 18 tRNA-Thr [1746117,1746192] 34 (tgt)
[10:44:22] 19 tRNA-Tyr [1748616,1748700] 35 (gta)
[10:44:22] 20 tRNA-Gly [1748726,1748799] 33 (tcc)
[10:44:22] 21 tRNA-Trp [1751894,1751969] 34 (cca)
[10:44:22] 22 tRNA-Leu [1852201,1852285] 35 (taa)
[10:44:22] 23 tRNA-Asn c[1921989,1922063] 33 (gtt)
[10:44:22] 24 tRNA-Cys [1923515,1923588] 33 (gca)
[10:44:22] 25 tRNA-Leu [1960630,1960714] 35 (tag)
[10:44:22] 26 tRNA-Glu c[1996617,1996691] 34 (ttc)
[10:44:22] 27 tRNA-Glu c[1996918,1996992] 34 (ctc)
[10:44:22] 28 tRNA-Glu c[1997067,1997141] 34 (ttc)
[10:44:22] 29 tRNA-Pro c[2000346,2000422] 35 (tgg)
[10:44:22] 30 tRNA-Arg [2001428,2001504] 35 (tct)
[10:44:22] 31 tRNA-Lys [2083913,2083988] 34 (ttt)
[10:44:22] 32 tRNA-Ser [2275541,2275630] 35 (tga)
[10:44:22] 33 tRNA-Leu [2346408,2346492] 35 (gag)
[10:44:22] 34 tRNA-Lys c[2991362,2991437] 34 (ctt)
[10:44:22] 35 tmRNA* [3112387,3112727] 212,250 ANDNYAEARLAA*
[10:44:22] 36 tRNA-Met [3207125,3207200] 34 (cat)
[10:44:22] 37 tRNA-Arg [3466754,3466830] 35 (ccg)
[10:44:22] 38 tRNA-Ala [3536941,3537038] 37 (tgc)
[10:44:22] 39 tRNA-Met c[3788851,3788927] 35 (cat)
[10:44:22] tRNA c[3924970,3925062] is a pseudo/wacky gene - skipping.
[10:44:22] 41 tRNA-Val [3938145,3938219] 33 (gac)
[10:44:22] 42 tRNA-Met c[4192832,4192908] 35 (cat)
[10:44:22] 43 tRNA-Ala c[4196860,4196935] 34 (tgc)
[10:44:22] 44 tRNA-Ile c[4197029,4197105] 35 (gat)
[10:44:22] 45 tRNA-Leu [4231314,4231398] 35 (caa)
[10:44:22] 46 tRNA-Arg [4287520,4287596] 35 (cct)
[10:44:22] 47 tRNA-Gly [4505919,4505993] 33 (gcc)
[10:44:22] 48 tRNA-Ser c[4646842,4646931] 35 (cga)
[10:44:22] Found 48 tRNAs
[10:44:22] Predicting Ribosomal RNAs
[10:44:22] Running Barrnap with 8 threads
[10:44:24] 1 Cchr 4193043 5S ribosomal RNA
[10:44:24] 2 Cchr 4193398 23S ribosomal RNA
[10:44:24] 3 Cchr 4197443 16S ribosomal RNA
[10:44:24] Found 3 rRNAs
[10:44:24] Skipping ncRNA search, enable with --rfam if desired.
[10:44:24] Total of 50 tRNA + rRNA features
[10:44:24] Searching for CRISPR repeats
[10:44:24] Found 0 CRISPRs
[10:44:24] Predicting coding sequences
[10:44:24] Contigs total 7376650 bp, so using single mode
[10:44:24] Running: prodigal -i \.\/H082\.fsa_prokka\/\.\/H082\.fsa\.fna -c -m -g 11 -p single -f sco -q
[10:44:38] Excluding CDS which overlaps existing RNA (tRNA) at Cchr:3536872..3537915 on - strand
[10:44:39] Found 7059 CDS
[10:44:39] Connecting features back to sequences
[10:44:39] Not using genus-specific database. Try --usegenus to enable it.
[10:44:39] Annotating CDS, please be patient.
[10:44:39] Will use 8 CPUs for similarity searching.
[10:44:46] There are still 7059 unannotated CDS left (started with 7059)
[10:44:46] Will use blast to search against /home/joshgb/anaconda3/envs/bio/db/kingdom/Bacteria/IS with 8 CPUs
[10:44:46] Running: cat \.\/H082\.fsa_prokka\/\.\/H082\.fsa\.IS\.tmp\.94937\.faa | parallel --gnu --plain -j 8 --block 136485 --recstart '>' --pipe blastp -query - -db /home/joshgb/anaconda3/envs/bio/db/kingdom/Bacteria/IS -evalue 1e-30 -qcov_hsp_perc 90 -num_threads 1 -num_descriptions 1 -num_alignments 1 -seg no > \.\/H082\.fsa_prokka\/\.\/H082\.fsa\.IS\.tmp\.94937\.blast 2> /dev/null
[10:45:24] Deleting unwanted file: ./H082.fsa_prokka/./H082.fsa.IS.tmp.94937.faa
[10:45:24] Deleting unwanted file: ./H082.fsa_prokka/./H082.fsa.IS.tmp.94937.blast
[10:45:30] There are still 7030 unannotated CDS left (started with 7059)
[10:45:30] Will use blast to search against /home/joshgb/anaconda3/envs/bio/db/kingdom/Bacteria/AMR with 8 CPUs
[10:45:30] Running: cat \.\/H082\.fsa_prokka\/\.\/H082\.fsa\.AMR\.tmp\.94937\.faa | parallel --gnu --plain -j 8 --block 136053 --recstart '>' --pipe blastp -query - -db /home/joshgb/anaconda3/envs/bio/db/kingdom/Bacteria/AMR -evalue 1e-300 -qcov_hsp_perc 90 -num_threads 1 -num_descriptions 1 -num_alignments 1 -seg no > \.\/H082\.fsa_prokka\/\.\/H082\.fsa\.AMR\.tmp\.94937\.blast 2> /dev/null
[10:46:22] Deleting unwanted file: ./H082.fsa_prokka/./H082.fsa.AMR.tmp.94937.faa
[10:46:22] Deleting unwanted file: ./H082.fsa_prokka/./H082.fsa.AMR.tmp.94937.blast
[10:46:29] There are still 7028 unannotated CDS left (started with 7059)
[10:46:29] Will use blast to search against /home/joshgb/anaconda3/envs/bio/db/kingdom/Bacteria/sprot with 8 CPUs
[10:46:29] Running: cat \.\/H082\.fsa_prokka\/\.\/H082\.fsa\.sprot\.tmp\.94937\.faa | parallel --gnu --plain -j 8 --block 135919 --recstart '>' --pipe blastp -query - -db /home/joshgb/anaconda3/envs/bio/db/kingdom/Bacteria/sprot -evalue 1e-09 -qcov_hsp_perc 80 -num_threads 1 -num_descriptions 1 -num_alignments 1 -seg no > \.\/H082\.fsa_prokka\/\.\/H082\.fsa\.sprot\.tmp\.94937\.blast 2> /dev/null
[10:49:57] Modify product: Probable transport protein HsrA => putative transport protein HsrA
[10:49:57] Modify product: Zinc-type alcohol dehydrogenase-like protein SA1988 => Zinc-type alcohol dehydrogenase-like protein
[10:49:57] Modify product: Uncharacterized FAD-linked oxidoreductase Rv2280 => putative FAD-linked oxidoreductase
[10:49:57] Modify product: Probable HTH-type transcriptional regulator LgoR => putative HTH-type transcriptional regulator LgoR
[10:49:57] Modify product: Uncharacterized signaling protein CC_0091 => putative signaling protein
[10:49:57] Modify product: Probable 2-dehydro-3-deoxygalactonokinase DgoK1 => putative 2-dehydro-3-deoxygalactonokinase DgoK1
[10:49:57] Modify product: Uncharacterized FAD-linked oxidoreductase Rv2280 => putative FAD-linked oxidoreductase
[10:49:57] Modify product: Probable D-xylose utilization operon transcriptional repressor => putative D-xylose utilization operon transcriptional repressor
[10:49:57] Modify product: Uncharacterized protein Rv2568c => putative protein
[10:49:57] Modify product: UPF0301 protein AlgH => hypothetical protein
[10:49:57] Modify product: Uncharacterized periplasmic iron-binding protein HI_0362 => putative periplasmic iron-binding protein
[10:49:57] Modify product: Uncharacterized zinc protease Rv2782c => putative zinc protease
[10:49:58] Modify product: Uncharacterized protein YehL => putative protein YehL
[10:49:58] Modify product: Uncharacterized HTH-type transcriptional regulator Rv1556 => putative HTH-type transcriptional regulator
[10:49:58] Modify product: Uncharacterized protein Rv0887c => putative protein
[10:49:58] Modify product: Putative HTH-type transcriptional regulator Rv1287 => Putative HTH-type transcriptional regulator
[10:49:58] Modify product: Probable multidrug-efflux transporter Rv1634 => putative multidrug-efflux transporter
[10:49:58] Modify product: Uncharacterized ABC transporter ATP-binding protein YheS => putative ABC transporter ATP-binding protein YheS
[10:49:58] Modify product: UPF0053 inner membrane protein YtfL => hypothetical protein
[10:49:58] Modify product: Uncharacterized HTH-type transcriptional regulator Rv1985c => putative HTH-type transcriptional regulator
[10:49:58] Modify product: Probable transport protein HsrA => putative transport protein HsrA
[10:49:58] Modify product: Uncharacterized acyl-CoA thioester hydrolase HI_0827 => putative acyl-CoA thioester hydrolase
[10:49:58] Modify product: Uncharacterized oxidoreductase SA2266 => putative oxidoreductase
[10:49:58] Modify product: Uncharacterized ABC transporter ATP-binding protein YknY => putative ABC transporter ATP-binding protein YknY
[10:49:58] Modify product: Uncharacterized signaling protein CC_0091 => putative signaling protein
[10:49:58] Modify product: Uncharacterized protein YqjZ => putative protein YqjZ
[10:49:58] Modify product: UPF0053 inner membrane protein YtfL => hypothetical protein
[10:49:58] Modify product: Probable chromate transport protein => putative chromate transport protein
[10:49:58] Modify product: Uncharacterized protein HI_0131 => putative protein
[10:49:58] Modify product: Uncharacterized FAD-linked oxidoreductase Rv2280 => putative FAD-linked oxidoreductase
[10:49:58] Modify product: Probable lipoprotein YiaD => putative lipoprotein YiaD
[10:49:58] Modify product: Stress response UPF0229 protein YhbH => hypothetical protein
[10:49:58] Modify product: Uncharacterized protein YyaP => putative protein YyaP
[10:49:58] Modify product: Uncharacterized protein YbaA => putative protein YbaA
[10:49:58] Modify product: Uncharacterized protein YqeY => putative protein YqeY
[10:49:58] Modify product: Probable chaperone CsaA => putative chaperone CsaA
[10:49:58] Modify product: Uncharacterized N-acetyltransferase YycN => putative N-acetyltransferase YycN
[10:49:58] Modify product: Cyclic di-GMP phosphodiesterase PA4108 => Cyclic di-GMP phosphodiesterase
[10:49:58] Modify product: Leu/Ile/Val-binding protein homolog 3 => Leu/Ile/Val-binding protein 
[10:49:58] Modify product: Probable 2-dehydro-3-deoxy-D-pentonate aldolase YjhH => putative 2-dehydro-3-deoxy-D-pentonate aldolase YjhH
[10:49:58] Modify product: Uncharacterized protein YhaZ => putative protein YhaZ
[10:49:58] Modify product: Uncharacterized protein Rv2411c => putative protein
[10:49:58] Modify product: Uncharacterized protein Rv2569c => putative protein
[10:49:58] Modify product: UPF0194 membrane protein YbhG => hypothetical protein
[10:49:58] Modify product: Probable multidrug ABC transporter ATP-binding protein YbhF => putative multidrug ABC transporter ATP-binding protein YbhF
[10:49:58] Modify product: Probable multidrug ABC transporter permease YbhS => putative multidrug ABC transporter permease YbhS
[10:49:58] Modify product: Probable multidrug ABC transporter permease YbhR => putative multidrug ABC transporter permease YbhR
[10:49:58] Modify product: Uncharacterized protein HI_1162 => putative protein
[10:49:59] Modify product: Putative cystathionine beta-synthase Rv1077 => Putative cystathionine beta-synthase
[10:49:59] Modify product: Probable nitrate transporter NarT => putative nitrate transporter NarT
[10:49:59] Modify product: Probable transcriptional regulatory protein pdtaR => putative transcriptional regulatory protein pdtaR
[10:49:59] Modify product: Solute-binding protein Bamb_6123 => Solute-binding protein
[10:49:59] Modify product: Uncharacterized ABC transporter ATP-binding protein HI_1470 => putative ABC transporter ATP-binding protein
[10:49:59] Modify product: Probable ABC transporter permease protein HI_1471 => putative ABC transporter permease protein
[10:49:59] Modify product: Probable soluble pyridine nucleotide transhydrogenase => putative soluble pyridine nucleotide transhydrogenase
[10:49:59] Modify product: UPF0173 metal-dependent hydrolase SA1529 => hypothetical protein
[10:49:59] Modify product: UPF0337 protein YjbJ => hypothetical protein
[10:49:59] Modify product: Probable 5-dehydro-4-deoxyglucarate dehydratase => putative 5-dehydro-4-deoxyglucarate dehydratase
[10:49:59] Modify product: Probable D,D-dipeptide-binding periplasmic protein DdpA => putative D,D-dipeptide-binding periplasmic protein DdpA
[10:49:59] Modify product: Probable D,D-dipeptide transport system permease protein DdpC => putative D,D-dipeptide transport system permease protein DdpC
[10:49:59] Modify product: Uncharacterized oxidoreductase SA2266 => putative oxidoreductase
[10:49:59] Modify product: Uncharacterized ABC transporter ATP-binding protein YknY => putative ABC transporter ATP-binding protein YknY
[10:49:59] Modify product: Probable riboflavin import permease protein RfuD => putative riboflavin import permease protein RfuD
[10:49:59] Modify product: Purine-binding protein BAB2_0673 => Purine-binding protein
[10:49:59] Modify product: UPF0056 inner membrane protein MarC => hypothetical protein
[10:49:59] Modify product: Phosphorylated carbohydrates phosphatase TM_1254 => Phosphorylated carbohydrates phosphatase
[10:49:59] Modify product: Putative multidrug export ATP-binding/permease protein SAV1866 => Putative multidrug export ATP-binding/permease protein
[10:49:59] Modify product: Probable transport protein HsrA => putative transport protein HsrA
[10:49:59] Modify product: UPF0073 inner membrane protein YqfA => hypothetical protein
[10:49:59] Modify product: Uncharacterized MFS-type transporter EfpA => putative MFS-type transporter EfpA
[10:49:59] Modify product: Uncharacterized HTH-type transcriptional regulator YxaF => putative HTH-type transcriptional regulator YxaF
[10:49:59] Modify product: Zinc-type alcohol dehydrogenase-like protein SA1988 => Zinc-type alcohol dehydrogenase-like protein
[10:49:59] Modify product: Uncharacterized protein YcbX => putative protein YcbX
[10:49:59] Modify product: Uncharacterized protein YedJ => putative protein YedJ
[10:49:59] Modify product: UPF0060 membrane protein YnfA => hypothetical protein
[10:49:59] Modify product: Uncharacterized oxidoreductase YciK => putative oxidoreductase YciK
[10:49:59] Modify product: UPF0701 protein HI_0467 => hypothetical protein
[10:49:59] Modify product: Uncharacterized ABC transporter ATP-binding protein YheS => putative ABC transporter ATP-binding protein YheS
[10:49:59] Modify product: Acetyltransferase PA3944 => Acetyltransferase
[10:49:59] Modify product: Uncharacterized protein YccU => putative protein YccU
[10:49:59] Modify product: Probable lipid II flippase MurJ => putative lipid II flippase MurJ
[10:49:59] Modify product: Uncharacterized inner membrane transporter YedA => putative inner membrane transporter YedA
[10:49:59] Modify product: Uncharacterized protein Rv1998c => putative protein
[10:49:59] Modify product: Probable GTP-binding protein EngB => putative GTP-binding protein EngB
[10:49:59] Modify product: Zinc-type alcohol dehydrogenase-like protein SA1988 => Zinc-type alcohol dehydrogenase-like protein
[10:49:59] Modify product: Uncharacterized signaling protein CC_0091 => putative signaling protein
[10:49:59] Modify product: Probable HTH-type transcriptional regulator LgoR => putative HTH-type transcriptional regulator LgoR
[10:49:59] Modify product: Phosphate-specific transport system accessory protein PhoU homolog => Phosphate-specific transport system accessory protein PhoU 
[10:49:59] Modify product: Uncharacterized protein YyaP => putative protein YyaP
[10:49:59] Modify product: Putative acyltransferase Rv0859 => Putative acyltransferase
[10:50:00] Modify product: Chemotaxis protein CheY homolog => Chemotaxis protein CheY 
[10:50:00] Modify product: Chemotaxis protein CheY homolog => Chemotaxis protein CheY 
[10:50:00] Modify product: Bifunctional protein FolD => Bifunctional protein FolD protein
[10:50:00] Modify product: Uncharacterized protein HI_0933 => putative protein
[10:50:00] Modify product: Probable glucosamine-6-phosphate deaminase 2 => putative glucosamine-6-phosphate deaminase 2
[10:50:00] Modify product: Probable peptidoglycan glycosyltransferase FtsW => putative peptidoglycan glycosyltransferase FtsW
[10:50:00] Modify product: Probable peptidoglycan D,D-transpeptidase FtsI => putative peptidoglycan D,D-transpeptidase FtsI
[10:50:00] Modify product: Uncharacterized inner membrane transporter YedA => putative inner membrane transporter YedA
[10:50:00] Modify product: UPF0126 inner membrane protein YadS => hypothetical protein
[10:50:00] Modify product: Nucleoid-associated protein HI_0442 => Nucleoid-associated protein
[10:50:00] Modify product: Uncharacterized sugar kinase YdjH => putative sugar kinase YdjH
[10:50:00] Modify product: Probable adenylyltransferase/sulfurtransferase MoeZ => putative adenylyltransferase/sulfurtransferase MoeZ
[10:50:00] Modify product: Uncharacterized signaling protein CC_0091 => putative signaling protein
[10:50:00] Modify product: Probable phosphite transport system-binding protein PtxB => putative phosphite transport system-binding protein PtxB
[10:50:00] Modify product: Probable transcriptional regulator PhnF => putative transcriptional regulator PhnF
[10:50:00] Modify product: Uncharacterized ABC transporter ATP-binding protein YejF => putative ABC transporter ATP-binding protein YejF
[10:50:00] Modify product: Probable riboflavin import permease protein RfuD => putative riboflavin import permease protein RfuD
[10:50:00] Modify product: Uncharacterized aminopeptidase Rv1333 => putative aminopeptidase
[10:50:00] Modify product: Uncharacterized oxidoreductase SA2266 => putative oxidoreductase
[10:50:00] Modify product: UPF0098 protein YbcL => hypothetical protein
[10:50:00] Modify product: Uncharacterized protein YyaP => putative protein YyaP
[10:50:00] Modify product: UPF0102 protein RPA0323 => hypothetical protein
[10:50:00] Modify product: Uncharacterized transporter YycB => putative transporter YycB
[10:50:00] Modify product: Virulence protein STM3117 => Virulence protein
[10:50:00] Modify product: Uncharacterized hydrolase HI_0588 => putative hydrolase
[10:50:00] Modify product: Probable protein kinase UbiB => putative protein kinase UbiB
[10:50:00] Modify product: Probable enoyl-CoA hydratase echA8 => putative enoyl-CoA hydratase echA8
[10:50:00] Modify product: Uncharacterized HTH-type transcriptional regulator Rv3095 => putative HTH-type transcriptional regulator
[10:50:00] Modify product: Probable HTH-type transcriptional repressor ExuR => putative HTH-type transcriptional repressor ExuR
[10:50:00] Modify product: UPF0053 inner membrane protein YoaE => hypothetical protein
[10:50:00] Modify product: Uncharacterized oxidoreductase SpyM50865 => putative oxidoreductase
[10:50:00] Modify product: Uncharacterized oxidoreductase SA2266 => putative oxidoreductase
[10:50:00] Modify product: Acetyltransferase SACOL1063 => Acetyltransferase
[10:50:00] Modify product: Uncharacterized N-acetyltransferase YsnE => putative N-acetyltransferase YsnE
[10:50:00] Modify product: Uncharacterized NTE family protein Rv1063c => putative NTE family protein
[10:50:00] Modify product: UPF0178 protein YaiI => hypothetical protein
[10:50:00] Modify product: Probable cysteine desulfurase => putative cysteine desulfurase
[10:50:00] Modify product: Probable ATP-dependent transporter SufC => putative ATP-dependent transporter SufC
[10:50:00] Modify product: Probable RNA 2'-phosphotransferase => putative RNA 2'-phosphotransferase
[10:50:00] Modify product: Uncharacterized protein RP812 => putative protein RP812
[10:50:00] Modify product: Uncharacterized N-acetyltransferase YafP => putative N-acetyltransferase YafP
[10:50:00] Modify product: Uncharacterized protein YcjX => putative protein YcjX
[10:50:00] Modify product: UPF0283 membrane protein YcjF => hypothetical protein
[10:50:00] Modify product: Probable ribonucleotide transport ATP-binding protein mkl => putative ribonucleotide transport ATP-binding protein mkl
[10:50:00] Modify product: Probable 3-phenylpropionic acid transporter => putative 3-phenylpropionic acid transporter
[10:50:00] Modify product: Probable transport protein HsrA => putative transport protein HsrA
[10:50:00] Modify product: Uncharacterized protein Atu1656 => putative protein
[10:50:00] Modify product: Putative multidrug export ATP-binding/permease protein SAV1866 => Putative multidrug export ATP-binding/permease protein
[10:50:01] Modify product: Uncharacterized ABC transporter ATP-binding protein YadG => putative ABC transporter ATP-binding protein YadG
[10:50:01] Modify product: Probable sugar-binding periplasmic protein => putative sugar-binding periplasmic protein
[10:50:01] Modify product: Acetyltransferase PA3944 => Acetyltransferase
[10:50:01] Modify product: Leu/Ile/Val-binding protein homolog 3 => Leu/Ile/Val-binding protein 
[10:50:01] Modify product: Probable amino-acid import ATP-binding protein YxeO => putative amino-acid import ATP-binding protein YxeO
[10:50:01] Modify product: Uncharacterized protein YjdJ => putative protein YjdJ
[10:50:01] Modify product: Probable FMNH2-dependent monooxygenase SfnC => putative FMNH2-dependent monooxygenase SfnC
[10:50:01] Modify product: Probable HTH-type transcriptional repressor ExuR => putative HTH-type transcriptional repressor ExuR
[10:50:01] Modify product: Probable ABC transporter-binding protein DR_1438 => putative ABC transporter-binding protein
[10:50:01] Modify product: Uncharacterized sugar kinase YdjH => putative sugar kinase YdjH
[10:50:01] Modify product: Uncharacterized sugar transferase EpsL => putative sugar transferase EpsL
[10:50:01] Modify product: Uncharacterized sugar transferase EpsL => putative sugar transferase EpsL
[10:50:01] Modify product: D-galactonate dehydratase family member SBI_01856 => D-galactonate dehydratase family member
[10:50:01] Modify product: UPF0065 protein in clcB-clcD intergenic region => hypothetical protein
[10:50:01] Modify product: Uncharacterized signaling protein CC_0091 => putative signaling protein
[10:50:01] Modify product: Probable transcriptional regulatory protein aq_1575 => putative transcriptional regulatory protein
[10:50:01] Modify product: Putative multidrug export ATP-binding/permease protein SAV1866 => Putative multidrug export ATP-binding/permease protein
[10:50:01] Modify product: UPF0065 protein in clcB-clcD intergenic region => hypothetical protein
[10:50:01] Modify product: UPF0339 protein Atu0232 => hypothetical protein
[10:50:01] Modify product: HTH-type transcriptional regulator Rv2034 => HTH-type transcriptional regulator
[10:50:01] Modify product: UPF0335 protein CCNA_03428 => hypothetical protein
[10:50:01] Modify product: UPF0335 protein CCNA_03428 => hypothetical protein
[10:50:01] Modify product: Uncharacterized protein Rv2567 => putative protein
[10:50:01] Modify product: Uncharacterized protein Rv2569c => putative protein
[10:50:01] Modify product: Probable enoyl-CoA hydratase 1 => putative enoyl-CoA hydratase 1
[10:50:01] Modify product: Uncharacterized protein HI_0131 => putative protein
[10:50:01] Modify product: Uncharacterized protein HI_0131 => putative protein
[10:50:01] Modify product: Probable membrane transporter protein YfcA => putative membrane transporter protein YfcA
[10:50:01] Modify product: Uncharacterized ABC transporter ATP-binding protein YejF => putative ABC transporter ATP-binding protein YejF
[10:50:01] Modify product: Probable flavin reductase => putative flavin reductase
[10:50:01] Modify product: Uncharacterized DapA-like lyase => putative DapA-like lyase
[10:50:01] Modify product: Uncharacterized peptidase SA1530 => putative peptidase
[10:50:01] Modify product: Uncharacterized oxidoreductase Rv1144 => putative oxidoreductase
[10:50:01] Modify product: Putative peptide transport permease protein Rv1282c => Putative peptide transport permease protein
[10:50:01] Modify product: Glycogen operon protein GlgX homolog => Glycogen operon protein GlgX 
[10:50:01] Modify product: Probable cardiolipin synthase YwiE => putative cardiolipin synthase YwiE
[10:50:01] Modify product: Probable pyridine nucleotide-disulfide oxidoreductase RclA => putative pyridine nucleotide-disulfide oxidoreductase RclA
[10:50:01] Modify product: Probable 3-hydroxyisobutyrate dehydrogenase => putative 3-hydroxyisobutyrate dehydrogenase
[10:50:01] Modify product: Probable ECF RNA polymerase sigma factor SigI => putative ECF RNA polymerase sigma factor SigI
[10:50:01] Modify product: Deacetylase Oant_2987 => Deacetylase
[10:50:01] Modify product: UPF0053 inner membrane protein YoaE => hypothetical protein
[10:50:01] Modify product: Probable efflux pump membrane transporter TtgB => putative efflux pump membrane transporter TtgB
[10:50:01] Modify product: Uncharacterized protein YphB => putative protein YphB
[10:50:02] Modify product: Probable sugar-binding periplasmic protein => putative sugar-binding periplasmic protein
[10:50:02] Modify product: Probable 3-hydroxybutyryl-CoA dehydrogenase => putative 3-hydroxybutyryl-CoA dehydrogenase
[10:50:02] Modify product: UPF0053 inner membrane protein YfjD => hypothetical protein
[10:50:02] Modify product: Solute-binding protein Bpro_3107 => Solute-binding protein
[10:50:02] Modify product: Uncharacterized amino acid permease YhdG => putative amino acid permease YhdG
[10:50:02] Modify product: Putative formate dehydrogenase SA2102 => Putative formate dehydrogenase
[10:50:02] Modify product: Putative peptide transport permease protein Rv1282c => Putative peptide transport permease protein
[10:50:02] Modify product: Uncharacterized oxidoreductase YgfF => putative oxidoreductase YgfF
[10:50:02] Modify product: Uncharacterized protein HI_1028 => putative protein
[10:50:02] Modify product: Putative low molecular weight protein-tyrosine-phosphatase slr0328 => Putative low molecular weight protein-tyrosine-phosphatase
[10:50:02] Modify product: Uncharacterized oxidoreductase MSMEG_2408/MSMEI_2347 => putative oxidoreductase/MSMEI_2347
[10:50:02] Modify product: Probable D,D-dipeptide transport system permease protein DdpC => putative D,D-dipeptide transport system permease protein DdpC
[10:50:02] Modify product: Acetyltransferase PA3944 => Acetyltransferase
[10:50:02] Modify product: Uncharacterized HTH-type transcriptional regulator Rv3095 => putative HTH-type transcriptional regulator
[10:50:02] Modify product: 60 kDa SS-A/Ro ribonucleoprotein homolog => 60 kDa SS-A/Ro ribonucleoprotein 
[10:50:02] Modify product: Probable sugar-binding periplasmic protein => putative sugar-binding periplasmic protein
[10:50:02] Modify product: Probable nicotinate-nucleotide pyrophosphorylase [carboxylating] => putative nicotinate-nucleotide pyrophosphorylase [carboxylating]
[10:50:02] Modify product: UPF0053 inner membrane protein YtfL => hypothetical protein
[10:50:02] Modify product: Probable quorum-quenching lactonase YtnP => putative quorum-quenching lactonase YtnP
[10:50:02] Modify product: Probable transporter SCO4007 => putative transporter
[10:50:02] Modify product: Uncharacterized ABC transporter ATP-binding protein TM_0288 => putative ABC transporter ATP-binding protein
[10:50:02] Modify product: Putative multidrug export ATP-binding/permease protein SAV1866 => Putative multidrug export ATP-binding/permease protein
[10:50:02] Modify product: UPF0434 protein NMA0874 => hypothetical protein
[10:50:02] Modify product: NADH dehydrogenase-like protein MT1860 => NADH dehydrogenase-like protein
[10:50:02] Modify product: Uncharacterized protein Rv3292 => putative protein
[10:50:02] Modify product: UPF0309 protein BH3325 => hypothetical protein
[10:50:03] Modify product: Probable D,D-dipeptide transport system permease protein DdpC => putative D,D-dipeptide transport system permease protein DdpC
[10:50:03] Modify product: Probable D,D-dipeptide-binding periplasmic protein DdpA => putative D,D-dipeptide-binding periplasmic protein DdpA
[10:50:03] Modify product: Multifunctional alkaline phosphatase superfamily protein pRL90232 => Multifunctional alkaline phosphatase superfamily protein
[10:50:03] Modify product: Uncharacterized protein Rv0887c => putative protein
[10:50:03] Modify product: Uncharacterized ABC transporter ATP-binding protein Rv0986 => putative ABC transporter ATP-binding protein
[10:50:03] Modify product: Protease HtpX homolog => Protease HtpX 
[10:50:03] Modify product: Probable methylxanthine N7-demethylase NdmC => putative methylxanthine N7-demethylase NdmC
[10:50:03] Modify product: Purine-binding protein BAB2_0673 => Purine-binding protein
[10:50:03] Modify product: Probable riboflavin import permease protein RfuC => putative riboflavin import permease protein RfuC
[10:50:03] Modify product: Purine-binding protein BAB2_0673 => Purine-binding protein
[10:50:03] Modify product: Probable riboflavin import permease protein RfuC => putative riboflavin import permease protein RfuC
[10:50:03] Modify product: Probable riboflavin import permease protein RfuD => putative riboflavin import permease protein RfuD
[10:50:03] Modify product: Probable glutamine ABC transporter permease protein GlnP => putative glutamine ABC transporter permease protein GlnP
[10:50:03] Modify product: Probable glutamine ABC transporter permease protein GlnM => putative glutamine ABC transporter permease protein GlnM
[10:50:03] Modify product: Probable sugar-binding periplasmic protein => putative sugar-binding periplasmic protein
[10:50:03] Modify product: Uncharacterized MFS-type transporter YcaD => putative MFS-type transporter YcaD
[10:50:03] Modify product: Putative hydrolase MSMEG_3995/MSMEI_3903 => Putative hydrolase/MSMEI_3903
[10:50:03] Modify product: Probable D,D-dipeptide transport system permease protein DdpC => putative D,D-dipeptide transport system permease protein DdpC
[10:50:03] Modify product: Uncharacterized FAD-linked oxidoreductase Rv2280 => putative FAD-linked oxidoreductase
[10:50:03] Modify product: Probable 5-dehydro-4-deoxyglucarate dehydratase => putative 5-dehydro-4-deoxyglucarate dehydratase
[10:50:03] Modify product: Probable D,D-dipeptide transport system permease protein DdpC => putative D,D-dipeptide transport system permease protein DdpC
[10:50:03] Modify product: Cyclic di-GMP phosphodiesterase PA4108 => Cyclic di-GMP phosphodiesterase
[10:50:03] Modify product: Probable D,D-dipeptide transport system permease protein DdpC => putative D,D-dipeptide transport system permease protein DdpC
[10:50:03] Modify product: Uncharacterized GMC-type oxidoreductase Rv1279 => putative GMC-type oxidoreductase
[10:50:03] Modify product: Probable 2-dehydro-3-deoxy-D-pentonate aldolase YjhH => putative 2-dehydro-3-deoxy-D-pentonate aldolase YjhH
[10:50:03] Modify product: Uncharacterized protein Rv2715 => putative protein
[10:50:03] Modify product: Uncharacterized HTH-type transcriptional regulator YybR => putative HTH-type transcriptional regulator YybR
[10:50:03] Modify product: Uncharacterized acyl--CoA ligase YhfT => putative acyl--CoA ligase YhfT
[10:50:03] Modify product: Probable acetyl-CoA acyltransferase => putative acetyl-CoA acyltransferase
[10:50:04] Modify product: Uncharacterized oxidoreductase SA2266 => putative oxidoreductase
[10:50:04] Modify product: Probable FMNH2-dependent monooxygenase SfnC => putative FMNH2-dependent monooxygenase SfnC
[10:50:04] Modify product: Probable N-methylproline demethylase => putative N-methylproline demethylase
[10:50:04] Modify product: Uncharacterized oxidoreductase SA2266 => putative oxidoreductase
[10:50:04] Modify product: Probable enoyl-CoA hydratase 1 => putative enoyl-CoA hydratase 1
[10:50:04] Modify product: Peptidoglycan-N-acetylglucosamine deacetylase BC_3618 => Peptidoglycan-N-acetylglucosamine deacetylase
[10:50:04] Modify product: Cytochrome c oxidase subunit 1 homolog, bacteroid => Cytochrome c oxidase subunit 1 , bacteroid
[10:50:04] Modify product: Probable copper-transporting ATPase PacS => putative copper-transporting ATPase PacS
[10:50:04] Modify product: Uncharacterized oxidoreductase YjmC => putative oxidoreductase YjmC
[10:50:04] Modify product: Probable N-octanoylanthranilate hydrolase AqdA1 => putative N-octanoylanthranilate hydrolase AqdA1
[10:50:04] Modify product: Probable tartrate dehydrogenase/decarboxylase TtuC' => putative tartrate dehydrogenase/decarboxylase TtuC'
[10:50:04] Modify product: UPF0324 inner membrane protein YeiH => hypothetical protein
[10:50:04] Modify product: Probable D,D-dipeptide transport system permease protein DdpC => putative D,D-dipeptide transport system permease protein DdpC
[10:50:04] Modify product: Probable D,D-dipeptide-binding periplasmic protein DdpA => putative D,D-dipeptide-binding periplasmic protein DdpA
[10:50:04] Modify product: Probable 5-dehydro-4-deoxyglucarate dehydratase => putative 5-dehydro-4-deoxyglucarate dehydratase
[10:50:04] Modify product: Probable glutamine ABC transporter permease protein GlnM => putative glutamine ABC transporter permease protein GlnM
[10:50:05] Modify product: UPF0719 inner membrane protein YjfL => hypothetical protein
[10:50:05] Modify product: Probable acetoacetate decarboxylase => putative acetoacetate decarboxylase
[10:50:05] Modify product: Multifunctional alkaline phosphatase superfamily protein pRL90232 => Multifunctional alkaline phosphatase superfamily protein
[10:50:05] Modify product: Leu/Ile/Val-binding protein homolog 3 => Leu/Ile/Val-binding protein 
[10:50:05] Modify product: Probable ABC transporter ATP-binding/permease protein HI_0664 => putative ABC transporter ATP-binding/permease protein
[10:50:05] Modify product: Uncharacterized ABC transporter ATP-binding protein YheS => putative ABC transporter ATP-binding protein YheS
[10:50:05] Modify product: Probable cystine transporter YijE => putative cystine transporter YijE
[10:50:05] Cleaned 259 /product names
[10:50:05] Deleting unwanted file: ./H082.fsa_prokka/./H082.fsa.sprot.tmp.94937.faa
[10:50:05] Deleting unwanted file: ./H082.fsa_prokka/./H082.fsa.sprot.tmp.94937.blast
[10:50:10] There are still 3796 unannotated CDS left (started with 7059)
[10:50:10] Will use hmmer3 to search against /home/joshgb/anaconda3/envs/bio/db/hmm/HAMAP.hmm with 8 CPUs
[10:50:10] Running: cat \.\/H082\.fsa_prokka\/\.\/H082\.fsa\.HAMAP\.hmm\.tmp\.94937\.faa | parallel --gnu --plain -j 8 --block 64804 --recstart '>' --pipe hmmscan --noali --notextw --acc -E 1e-09 --cpu 1 /home/joshgb/anaconda3/envs/bio/db/hmm/HAMAP.hmm /dev/stdin > \.\/H082\.fsa_prokka\/\.\/H082\.fsa\.HAMAP\.hmm\.tmp\.94937\.hmmer3 2> /dev/null
[10:51:25] Modify product: Uncharacterized Nudix hydrolase NudL => putative Nudix hydrolase NudL
[10:51:25] Modify product: Uncharacterized MFS-type transporter YcaD => putative MFS-type transporter YcaD
[10:51:26] Modify product: Uncharacterized MFS-type transporter YcaD => putative MFS-type transporter YcaD
[10:51:26] Modify product: Uncharacterized MFS-type transporter YcaD => putative MFS-type transporter YcaD
[10:51:27] Cleaned 4 /product names
[10:51:27] Deleting unwanted file: ./H082.fsa_prokka/./H082.fsa.HAMAP.hmm.tmp.94937.faa
[10:51:27] Deleting unwanted file: ./H082.fsa_prokka/./H082.fsa.HAMAP.hmm.tmp.94937.hmmer3
[10:51:27] Labelling remaining 3315 proteins as 'hypothetical protein'
[10:51:27] Possible /pseudo 'Monomeric sarcosine oxidase' at C28 position 40861
[10:51:27] Possible /pseudo 'UDP-glucose 4-epimerase' at C33 position 17260
[10:51:27] Possible /pseudo 'UDP-glucose 4-epimerase' at Cchr position 16855
[10:51:27] Possible /pseudo 'Sorbitol dehydrogenase' at Cchr position 609955
[10:51:27] Possible /pseudo 'Non-homologous end joining protein Ku' at Cchr position 627700
[10:51:27] Possible /pseudo 'Flagellin' at Cchr position 679510
[10:51:27] Possible /pseudo 'Flagellin' at Cchr position 680663
[10:51:27] Possible /pseudo 'Flagellin' at Cchr position 681875
[10:51:27] Possible /pseudo 'HTH-type transcriptional regulator DmlR' at Cchr position 824498
[10:51:27] Possible /pseudo 'ATP synthase subunit b' at Cchr position 892399
[10:51:27] Possible /pseudo 'putative oxidoreductase' at Cchr position 2297444
[10:51:27] Possible /pseudo 'Bicyclomycin resistance protein' at Cchr position 2412700
[10:51:27] Possible /pseudo '3'(2'),5'-bisphosphate nucleotidase CysQ' at Cchr position 2416354
[10:51:27] Possible /pseudo 'Sensor histidine kinase RcsC' at Cchr position 2680049
[10:51:27] Possible /pseudo 'Trehalose import ATP-binding protein SugC' at Cchr position 2700282
[10:51:27] Possible /pseudo 'L-cystine transport system permease protein YecS' at Cchr position 2719518
[10:51:27] Possible /pseudo 'Putative protein-methionine-sulfoxide reductase subunit YedZ1' at Cchr position 2828226
[10:51:27] Possible /pseudo 'Thymidylate synthase' at Cchr position 3111615
[10:51:27] Possible /pseudo 'Cytochrome b/c1' at Cchr position 3312218
[10:51:27] Possible /pseudo 'tRNA 5-methylaminomethyl-2-thiouridine biosynthesis bifunctional protein MnmC' at Cchr position 3430208
[10:51:27] Possible /pseudo 'Manganese transport system membrane protein MntB' at Cchr position 3760127
[10:51:27] Possible /pseudo 'putative protein' at Cchr position 4004551
[10:51:27] Possible /pseudo 'L-cystine transport system permease protein YecS' at Cchr position 4390827
[10:51:27] Possible /pseudo 'Regulator of nucleoside diphosphate kinase' at CpRL10 position 208580
[10:51:27] Possible /pseudo 'putative protein' at CpRL10 position 227885
[10:51:27] Possible /pseudo 'Non-homologous end joining protein Ku' at CpRL11 position 5395
[10:51:27] Possible /pseudo 'Non-homologous end joining protein Ku' at CpRL11 position 36856
[10:51:27] Possible /pseudo 'Catabolite control protein A' at CpRL11 position 185442
[10:51:27] Possible /pseudo 'IS3 family transposase ISAtu5' at CpRL11 position 598433
[10:51:27] Possible /pseudo 'Non-homologous end joining protein Ku' at CpRL11 position 599735
[10:51:27] Possible /pseudo 'IS3 family transposase ISRle4' at CpRL11 position 668229
[10:51:27] Possible /pseudo 'IS3 family transposase ISAtu5' at CpRL11 position 693227
[10:51:27] Possible /pseudo 'HTH-type transcriptional repressor GlaR' at CpRL11 position 755465
[10:51:27] Possible /pseudo 'L-cystine transport system permease protein YecS' at CpRL11 position 760507
[10:51:27] Possible /pseudo '3-oxoacyl-[acyl-carrier-protein] reductase FabG' at CpRL12 position 140880
[10:51:27] Possible /pseudo 'Ribose import permease protein RbsC' at CpRL12 position 332372
[10:51:27] Possible /pseudo 'Peroxyureidoacrylate/ureidoacrylate amidohydrolase RutB' at CpRL12 position 553012
[10:51:27] Possible /pseudo 'IS5 family transposase ISRl2' at CpRL12 position 703472
[10:51:27] Possible /pseudo 'Multidrug resistance protein MdtE' at CpRL12 position 890503
[10:51:27] Possible /pseudo 'Sensor histidine kinase RcsC' at CpRL12 position 922535
[10:51:27] Possible /pseudo 'D-galactonate dehydratase' at CpRL12 position 1010772
[10:51:27] Possible /pseudo 'Response regulator protein TmoT' at CpRL12 position 1015375
[10:51:27] Possible /pseudo 'L-cystine transport system permease protein YecS' at CpRL12 position 1097601
[10:51:27] Possible /pseudo 'Dibenzothiophene desulfurization enzyme C' at CpRL9 position 82185
[10:51:27] Possible /pseudo 'D-inositol-3-phosphate glycosyltransferase' at CpRL9 position 239399
[10:51:27] Found 2050 unique /gene codes.
[10:51:27] Fixed 2 duplicate /gene - argG_1 argG_2
[10:51:27] Fixed 2 duplicate /gene - cpdR_1 cpdR_2
[10:51:27] Fixed 2 duplicate /gene - linF_1 linF_2
[10:51:27] Fixed 3 duplicate /gene - bepF_1 bepF_2 bepF_3
[10:51:27] Fixed 2 duplicate /gene - FCS1_1 FCS1_2
[10:51:27] Fixed 3 duplicate /gene - lsrD_1 lsrD_2 lsrD_3
[10:51:27] Fixed 2 duplicate /gene - araA_1 araA_2
[10:51:27] Fixed 2 duplicate /gene - idnD_1 idnD_2
[10:51:27] Fixed 5 duplicate /gene - hisC_1 hisC_2 hisC_3 hisC_4 hisC_5
[10:51:27] Fixed 5 duplicate /gene - soxA_1 soxA_2 soxA_3 soxA_4 soxA_5
[10:51:27] Fixed 2 duplicate /gene - gci_1 gci_2
[10:51:27] Fixed 2 duplicate /gene - yhbO_1 yhbO_2
[10:51:27] Fixed 2 duplicate /gene - rfuC_1 rfuC_2
[10:51:27] Fixed 2 duplicate /gene - nagL_1 nagL_2
[10:51:27] Fixed 2 duplicate /gene - phzF_1 phzF_2
[10:51:27] Fixed 2 duplicate /gene - nhaK_1 nhaK_2
[10:51:27] Fixed 2 duplicate /gene - groS5_1 groS5_2
[10:51:27] Fixed 3 duplicate /gene - gloA_1 gloA_2 gloA_3
[10:51:27] Fixed 2 duplicate /gene - dhaA_1 dhaA_2
[10:51:27] Fixed 2 duplicate /gene - bauA_1 bauA_2
[10:51:27] Fixed 2 duplicate /gene - hutU_1 hutU_2
[10:51:27] Fixed 2 duplicate /gene - maiA_1 maiA_2
[10:51:27] Fixed 2 duplicate /gene - dasA_1 dasA_2
[10:51:27] Fixed 3 duplicate /gene - todT_1 todT_2 todT_3
[10:51:27] Fixed 5 duplicate /gene - dapH_1 dapH_2 dapH_3 dapH_4 dapH_5
[10:51:27] Fixed 2 duplicate /gene - pstB_1 pstB_2
[10:51:27] Fixed 3 duplicate /gene - pxpA_1 pxpA_2 pxpA_3
[10:51:27] Fixed 17 duplicate /gene - rbsC_1 rbsC_2 rbsC_3 rbsC_4 rbsC_5 rbsC_6 rbsC_7 rbsC_8 rbsC_9 rbsC_10 rbsC_11 rbsC_12 rbsC_13 rbsC_14 rbsC_15 rbsC_16 rbsC_17
[10:51:27] Fixed 14 duplicate /gene - gsiA_1 gsiA_2 gsiA_3 gsiA_4 gsiA_5 gsiA_6 gsiA_7 gsiA_8 gsiA_9 gsiA_10 gsiA_11 gsiA_12 gsiA_13 gsiA_14
[10:51:27] Fixed 2 duplicate /gene - prs_1 prs_2
[10:51:27] Fixed 2 duplicate /gene - maa_1 maa_2
[10:51:27] Fixed 2 duplicate /gene - mtrA_1 mtrA_2
[10:51:27] Fixed 5 duplicate /gene - xylH_1 xylH_2 xylH_3 xylH_4 xylH_5
[10:51:27] Fixed 7 duplicate /gene - fliC_1 fliC_2 fliC_3 fliC_4 fliC_5 fliC_6 fliC_7
[10:51:27] Fixed 4 duplicate /gene - tmoT_1 tmoT_2 tmoT_3 tmoT_4
[10:51:27] Fixed 24 duplicate /gene - pgrR_1 pgrR_2 pgrR_3 pgrR_4 pgrR_5 pgrR_6 pgrR_7 pgrR_8 pgrR_9 pgrR_10 pgrR_11 pgrR_12 pgrR_13 pgrR_14 pgrR_15 pgrR_16 pgrR_17 pgrR_18 pgrR_19 pgrR_20 pgrR_21 pgrR_22 pgrR_23 pgrR_24
[10:51:27] Fixed 4 duplicate /gene - gltR_1 gltR_2 gltR_3 gltR_4
[10:51:27] Fixed 11 duplicate /gene - gcvA_1 gcvA_2 gcvA_3 gcvA_4 gcvA_5 gcvA_6 gcvA_7 gcvA_8 gcvA_9 gcvA_10 gcvA_11
[10:51:27] Fixed 2 duplicate /gene - dkgB_1 dkgB_2
[10:51:27] Fixed 2 duplicate /gene - tetC_1 tetC_2
[10:51:27] Fixed 2 duplicate /gene - ucpA_1 ucpA_2
[10:51:27] Fixed 6 duplicate /gene - comR_1 comR_2 comR_3 comR_4 comR_5 comR_6
[10:51:27] Fixed 2 duplicate /gene - yedA_1 yedA_2
[10:51:27] Fixed 3 duplicate /gene - ydhP_1 ydhP_2 ydhP_3
[10:51:27] Fixed 2 duplicate /gene - deoC_1 deoC_2
[10:51:27] Fixed 2 duplicate /gene - dhaL_1 dhaL_2
[10:51:27] Fixed 9 duplicate /gene - dapA_1 dapA_2 dapA_3 dapA_4 dapA_5 dapA_6 dapA_7 dapA_8 dapA_9
[10:51:27] Fixed 3 duplicate /gene - catD_1 catD_2 catD_3
[10:51:27] Fixed 2 duplicate /gene - glmS_1 glmS_2
[10:51:27] Fixed 4 duplicate /gene - ribX_1 ribX_2 ribX_3 ribX_4
[10:51:27] Fixed 2 duplicate /gene - mepA_1 mepA_2
[10:51:27] Fixed 2 duplicate /gene - gfa_1 gfa_2
[10:51:27] Fixed 11 duplicate /gene - ydcV_1 ydcV_2 ydcV_3 ydcV_4 ydcV_5 ydcV_6 ydcV_7 ydcV_8 ydcV_9 ydcV_10 ydcV_11
[10:51:27] Fixed 11 duplicate /gene - cdhR_1 cdhR_2 cdhR_3 cdhR_4 cdhR_5 cdhR_6 cdhR_7 cdhR_8 cdhR_9 cdhR_10 cdhR_11
[10:51:27] Fixed 2 duplicate /gene - glxR_1 glxR_2
[10:51:27] Fixed 2 duplicate /gene - zitB_1 zitB_2
[10:51:27] Fixed 4 duplicate /gene - dadA1_1 dadA1_2 dadA1_3 dadA1_4
[10:51:27] Fixed 2 duplicate /gene - codA_1 codA_2
[10:51:27] Fixed 7 duplicate /gene - rbsB_1 rbsB_2 rbsB_3 rbsB_4 rbsB_5 rbsB_6 rbsB_7
[10:51:27] Fixed 3 duplicate /gene - araH_1 araH_2 araH_3
[10:51:27] Fixed 2 duplicate /gene - phnM_1 phnM_2
[10:51:27] Fixed 3 duplicate /gene - ade_1 ade_2 ade_3
[10:51:27] Fixed 2 duplicate /gene - gltX_1 gltX_2
[10:51:27] Fixed 2 duplicate /gene - gdhIV_1 gdhIV_2
[10:51:27] Fixed 3 duplicate /gene - aatA_1 aatA_2 aatA_3
[10:51:27] Fixed 2 duplicate /gene - rapA2_1 rapA2_2
[10:51:27] Fixed 2 duplicate /gene - opuAB_1 opuAB_2
[10:51:27] Fixed 2 duplicate /gene - bigR_1 bigR_2
[10:51:27] Fixed 3 duplicate /gene - xthA_1 xthA_2 xthA_3
[10:51:27] Fixed 3 duplicate /gene - alaS_1 alaS_2 alaS_3
[10:51:27] Fixed 2 duplicate /gene - dinG_1 dinG_2
[10:51:27] Fixed 4 duplicate /gene - bcr_1 bcr_2 bcr_3 bcr_4
[10:51:27] Fixed 2 duplicate /gene - plsY_1 plsY_2
[10:51:27] Fixed 2 duplicate /gene - rhlE_1 rhlE_2
[10:51:27] Fixed 2 duplicate /gene - purC_1 purC_2
[10:51:27] Fixed 3 duplicate /gene - cysA_1 cysA_2 cysA_3
[10:51:27] Fixed 2 duplicate /gene - atzF_1 atzF_2
[10:51:27] Fixed 3 duplicate /gene - rfuD_1 rfuD_2 rfuD_3
[10:51:27] Fixed 2 duplicate /gene - otnK_1 otnK_2
[10:51:27] Fixed 2 duplicate /gene - mdh_1 mdh_2
[10:51:27] Fixed 2 duplicate /gene - atpB_1 atpB_2
[10:51:27] Fixed 2 duplicate /gene - tdh_1 tdh_2
[10:51:27] Fixed 2 duplicate /gene - tal_1 tal_2
[10:51:27] Fixed 2 duplicate /gene - vdh_1 vdh_2
[10:51:27] Fixed 2 duplicate /gene - chaA_1 chaA_2
[10:51:27] Fixed 3 duplicate /gene - thyA_1 thyA_2 thyA_3
[10:51:27] Fixed 2 duplicate /gene - etfA_1 etfA_2
[10:51:27] Fixed 4 duplicate /gene - lldR_1 lldR_2 lldR_3 lldR_4
[10:51:27] Fixed 2 duplicate /gene - sfnF_1 sfnF_2
[10:51:27] Fixed 7 duplicate /gene - fliY_1 fliY_2 fliY_3 fliY_4 fliY_5 fliY_6 fliY_7
[10:51:27] Fixed 2 duplicate /gene - hcaR_1 hcaR_2
[10:51:27] Fixed 2 duplicate /gene - dadA_1 dadA_2
[10:51:27] Fixed 4 duplicate /gene - ybjJ_1 ybjJ_2 ybjJ_3 ybjJ_4
[10:51:27] Fixed 2 duplicate /gene - allB_1 allB_2
[10:51:27] Fixed 3 duplicate /gene - rbsK_1 rbsK_2 rbsK_3
[10:51:27] Fixed 2 duplicate /gene - argF_1 argF_2
[10:51:27] Fixed 3 duplicate /gene - pstS_1 pstS_2 pstS_3
[10:51:27] Fixed 2 duplicate /gene - glyA2_1 glyA2_2
[10:51:27] Fixed 2 duplicate /gene - ilvA_1 ilvA_2
[10:51:27] Fixed 2 duplicate /gene - tcyC_1 tcyC_2
[10:51:27] Fixed 2 duplicate /gene - ousW_1 ousW_2
[10:51:27] Fixed 2 duplicate /gene - yjiA_1 yjiA_2
[10:51:27] Fixed 4 duplicate /gene - decR_1 decR_2 decR_3 decR_4
[10:51:27] Fixed 4 duplicate /gene - mdtE_1 mdtE_2 mdtE_3 mdtE_4
[10:51:27] Fixed 3 duplicate /gene - fcl_1 fcl_2 fcl_3
[10:51:27] Fixed 2 duplicate /gene - pyrC_1 pyrC_2
[10:51:27] Fixed 2 duplicate /gene - fecE_1 fecE_2
[10:51:27] Fixed 2 duplicate /gene - cntI_1 cntI_2
[10:51:27] Fixed 3 duplicate /gene - wzxC_1 wzxC_2 wzxC_3
[10:51:27] Fixed 2 duplicate /gene - yhdN_1 yhdN_2
[10:51:27] Fixed 8 duplicate /gene - glnQ_1 glnQ_2 glnQ_3 glnQ_4 glnQ_5 glnQ_6 glnQ_7 glnQ_8
[10:51:27] Fixed 2 duplicate /gene - cpoB_1 cpoB_2
[10:51:27] Fixed 3 duplicate /gene - yyaP_1 yyaP_2 yyaP_3
[10:51:27] Fixed 2 duplicate /gene - yjhH_1 yjhH_2
[10:51:27] Fixed 2 duplicate /gene - hmrR_1 hmrR_2
[10:51:27] Fixed 2 duplicate /gene - dipZ_1 dipZ_2
[10:51:27] Fixed 4 duplicate /gene - bacC_1 bacC_2 bacC_3 bacC_4
[10:51:27] Fixed 3 duplicate /gene - yheS_1 yheS_2 yheS_3
[10:51:27] Fixed 2 duplicate /gene - hxpA_1 hxpA_2
[10:51:27] Fixed 2 duplicate /gene - traG_1 traG_2
[10:51:27] Fixed 2 duplicate /gene - lsrB_1 lsrB_2
[10:51:27] Fixed 3 duplicate /gene - yqaA_1 yqaA_2 yqaA_3
[10:51:27] Fixed 2 duplicate /gene - mrpD_1 mrpD_2
[10:51:27] Fixed 5 duplicate /gene - tam_1 tam_2 tam_3 tam_4 tam_5
[10:51:27] Fixed 4 duplicate /gene - galE_1 galE_2 galE_3 galE_4
[10:51:27] Fixed 4 duplicate /gene - ugpA_1 ugpA_2 ugpA_3 ugpA_4
[10:51:27] Fixed 2 duplicate /gene - melR_1 melR_2
[10:51:27] Fixed 2 duplicate /gene - malL_1 malL_2
[10:51:27] Fixed 2 duplicate /gene - yihV_1 yihV_2
[10:51:27] Fixed 3 duplicate /gene - ecfG_1 ecfG_2 ecfG_3
[10:51:27] Fixed 2 duplicate /gene - doeB_1 doeB_2
[10:51:27] Fixed 8 duplicate /gene - sugA_1 sugA_2 sugA_3 sugA_4 sugA_5 sugA_6 sugA_7 sugA_8
[10:51:27] Fixed 10 duplicate /gene - livH_1 livH_2 livH_3 livH_4 livH_5 livH_6 livH_7 livH_8 livH_9 livH_10
[10:51:27] Fixed 2 duplicate /gene - tcyB_1 tcyB_2
[10:51:27] Fixed 3 duplicate /gene - ddpA_1 ddpA_2 ddpA_3
[10:51:27] Fixed 2 duplicate /gene - glgX_1 glgX_2
[10:51:27] Fixed 4 duplicate /gene - prsD_1 prsD_2 prsD_3 prsD_4
[10:51:27] Fixed 3 duplicate /gene - ilvI_1 ilvI_2 ilvI_3
[10:51:27] Fixed 15 duplicate /gene - iolG_1 iolG_2 iolG_3 iolG_4 iolG_5 iolG_6 iolG_7 iolG_8 iolG_9 iolG_10 iolG_11 iolG_12 iolG_13 iolG_14 iolG_15
[10:51:27] Fixed 2 duplicate /gene - tenA_1 tenA_2
[10:51:27] Fixed 9 duplicate /gene - sugB_1 sugB_2 sugB_3 sugB_4 sugB_5 sugB_6 sugB_7 sugB_8 sugB_9
[10:51:27] Fixed 2 duplicate /gene - ghrA_1 ghrA_2
[10:51:27] Fixed 3 duplicate /gene - azoB_1 azoB_2 azoB_3
[10:51:27] Fixed 9 duplicate /gene - yajO_1 yajO_2 yajO_3 yajO_4 yajO_5 yajO_6 yajO_7 yajO_8 yajO_9
[10:51:27] Fixed 11 duplicate /gene - gsiD_1 gsiD_2 gsiD_3 gsiD_4 gsiD_5 gsiD_6 gsiD_7 gsiD_8 gsiD_9 gsiD_10 gsiD_11
[10:51:27] Fixed 4 duplicate /gene - ugpB_1 ugpB_2 ugpB_3 ugpB_4
[10:51:27] Fixed 3 duplicate /gene - dhaK_1 dhaK_2 dhaK_3
[10:51:27] Fixed 2 duplicate /gene - coaE_1 coaE_2
[10:51:27] Fixed 2 duplicate /gene - doeA_1 doeA_2
[10:51:27] Fixed 4 duplicate /gene - oxyR_1 oxyR_2 oxyR_3 oxyR_4
[10:51:27] Fixed 2 duplicate /gene - rpoN2_1 rpoN2_2
[10:51:27] Fixed 3 duplicate /gene - nodM_1 nodM_2 nodM_3
[10:51:27] Fixed 2 duplicate /gene - pccB_1 pccB_2
[10:51:27] Fixed 3 duplicate /gene - cpo_1 cpo_2 cpo_3
[10:51:27] Fixed 2 duplicate /gene - yqjF_1 yqjF_2
[10:51:27] Fixed 2 duplicate /gene - udh_1 udh_2
[10:51:27] Fixed 3 duplicate /gene - soxD_1 soxD_2 soxD_3
[10:51:27] Fixed 5 duplicate /gene - nanK_1 nanK_2 nanK_3 nanK_4 nanK_5
[10:51:27] Fixed 7 duplicate /gene - msmX_1 msmX_2 msmX_3 msmX_4 msmX_5 msmX_6 msmX_7
[10:51:27] Fixed 4 duplicate /gene - pal_1 pal_2 pal_3 pal_4
[10:51:27] Fixed 2 duplicate /gene - gpmA_1 gpmA_2
[10:51:27] Fixed 4 duplicate /gene - pip_1 pip_2 pip_3 pip_4
[10:51:27] Fixed 2 duplicate /gene - trmR_1 trmR_2
[10:51:27] Fixed 3 duplicate /gene - mnmC_1 mnmC_2 mnmC_3
[10:51:27] Fixed 2 duplicate /gene - groL5_1 groL5_2
[10:51:27] Fixed 4 duplicate /gene - ngcF_1 ngcF_2 ngcF_3 ngcF_4
[10:51:27] Fixed 3 duplicate /gene - eryD_1 eryD_2 eryD_3
[10:51:27] Fixed 7 duplicate /gene - ddpC_1 ddpC_2 ddpC_3 ddpC_4 ddpC_5 ddpC_6 ddpC_7
[10:51:27] Fixed 4 duplicate /gene - ompR_1 ompR_2 ompR_3 ompR_4
[10:51:27] Fixed 2 duplicate /gene - nagK_1 nagK_2
[10:51:27] Fixed 2 duplicate /gene - flgE_1 flgE_2
[10:51:27] Fixed 6 duplicate /gene - sugC_1 sugC_2 sugC_3 sugC_4 sugC_5 sugC_6
[10:51:27] Fixed 12 duplicate /gene - yecS_1 yecS_2 yecS_3 yecS_4 yecS_5 yecS_6 yecS_7 yecS_8 yecS_9 yecS_10 yecS_11 yecS_12
[10:51:27] Fixed 2 duplicate /gene - ydaD_1 ydaD_2
[10:51:27] Fixed 2 duplicate /gene - hbpA_1 hbpA_2
[10:51:27] Fixed 2 duplicate /gene - gpr_1 gpr_2
[10:51:27] Fixed 21 duplicate /gene - ugpC_1 ugpC_2 ugpC_3 ugpC_4 ugpC_5 ugpC_6 ugpC_7 ugpC_8 ugpC_9 ugpC_10 ugpC_11 ugpC_12 ugpC_13 ugpC_14 ugpC_15 ugpC_16 ugpC_17 ugpC_18 ugpC_19 ugpC_20 ugpC_21
[10:51:27] Fixed 2 duplicate /gene - hyi_1 hyi_2
[10:51:27] Fixed 4 duplicate /gene - fabF_1 fabF_2 fabF_3 fabF_4
[10:51:27] Fixed 2 duplicate /gene - etfB_1 etfB_2
[10:51:27] Fixed 3 duplicate /gene - ydiK_1 ydiK_2 ydiK_3
[10:51:27] Fixed 4 duplicate /gene - ycjP_1 ycjP_2 ycjP_3 ycjP_4
[10:51:27] Fixed 2 duplicate /gene - epsL_1 epsL_2
[10:51:27] Fixed 3 duplicate /gene - ftsH_1 ftsH_2 ftsH_3
[10:51:27] Fixed 2 duplicate /gene - ohrB_1 ohrB_2
[10:51:27] Fixed 2 duplicate /gene - def_1 def_2
[10:51:27] Fixed 2 duplicate /gene - nicR_1 nicR_2
[10:51:27] Fixed 2 duplicate /gene - garR_1 garR_2
[10:51:27] Fixed 2 duplicate /gene - tufA_1 tufA_2
[10:51:27] Fixed 3 duplicate /gene - tctD_1 tctD_2 tctD_3
[10:51:27] Fixed 6 duplicate /gene - amiC_1 amiC_2 amiC_3 amiC_4 amiC_5 amiC_6
[10:51:27] Fixed 2 duplicate /gene - yedK_1 yedK_2
[10:51:27] Fixed 3 duplicate /gene - rbtD_1 rbtD_2 rbtD_3
[10:51:27] Fixed 4 duplicate /gene - menH_1 menH_2 menH_3 menH_4
[10:51:27] Fixed 3 duplicate /gene - braC_1 braC_2 braC_3
[10:51:27] Fixed 2 duplicate /gene - nifD_1 nifD_2
[10:51:27] Fixed 15 duplicate /gene - gsiC_1 gsiC_2 gsiC_3 gsiC_4 gsiC_5 gsiC_6 gsiC_7 gsiC_8 gsiC_9 gsiC_10 gsiC_11 gsiC_12 gsiC_13 gsiC_14 gsiC_15
[10:51:27] Fixed 17 duplicate /gene - rbsA_1 rbsA_2 rbsA_3 rbsA_4 rbsA_5 rbsA_6 rbsA_7 rbsA_8 rbsA_9 rbsA_10 rbsA_11 rbsA_12 rbsA_13 rbsA_14 rbsA_15 rbsA_16 rbsA_17
[10:51:27] Fixed 3 duplicate /gene - pxpC_1 pxpC_2 pxpC_3
[10:51:27] Fixed 2 duplicate /gene - rppH_1 rppH_2
[10:51:27] Fixed 9 duplicate /gene - ngcG_1 ngcG_2 ngcG_3 ngcG_4 ngcG_5 ngcG_6 ngcG_7 ngcG_8 ngcG_9
[10:51:27] Fixed 2 duplicate /gene - glnG_1 glnG_2
[10:51:27] Fixed 2 duplicate /gene - nifK_1 nifK_2
[10:51:27] Fixed 8 duplicate /gene - ku_1 ku_2 ku_3 ku_4 ku_5 ku_6 ku_7 ku_8
[10:51:27] Fixed 2 duplicate /gene - kdgR_1 kdgR_2
[10:51:27] Fixed 3 duplicate /gene - eryB_1 eryB_2 eryB_3
[10:51:27] Fixed 4 duplicate /gene - COQ3_1 COQ3_2 COQ3_3 COQ3_4
[10:51:27] Fixed 2 duplicate /gene - fzlA_1 fzlA_2
[10:51:27] Fixed 7 duplicate /gene - dasC_1 dasC_2 dasC_3 dasC_4 dasC_5 dasC_6 dasC_7
[10:51:27] Fixed 4 duplicate /gene - noc_1 noc_2 noc_3 noc_4
[10:51:27] Fixed 2 duplicate /gene - cheR_1 cheR_2
[10:51:27] Fixed 2 duplicate /gene - mmgC_1 mmgC_2
[10:51:27] Fixed 10 duplicate /gene - rhaR_1 rhaR_2 rhaR_3 rhaR_4 rhaR_5 rhaR_6 rhaR_7 rhaR_8 rhaR_9 rhaR_10
[10:51:27] Fixed 3 duplicate /gene - rhtC_1 rhtC_2 rhtC_3
[10:51:27] Fixed 2 duplicate /gene - xynR_1 xynR_2
[10:51:27] Fixed 2 duplicate /gene - soxC_1 soxC_2
[10:51:27] Fixed 2 duplicate /gene - dapB_1 dapB_2
[10:51:27] Fixed 3 duplicate /gene - ulaR_1 ulaR_2 ulaR_3
[10:51:27] Fixed 2 duplicate /gene - iscR_1 iscR_2
[10:51:27] Fixed 4 duplicate /gene - xylB_1 xylB_2 xylB_3 xylB_4
[10:51:27] Fixed 20 duplicate /gene - btuD_1 btuD_2 btuD_3 btuD_4 btuD_5 btuD_6 btuD_7 btuD_8 btuD_9 btuD_10 btuD_11 btuD_12 btuD_13 btuD_14 btuD_15 btuD_16 btuD_17 btuD_18 btuD_19 btuD_20
[10:51:27] Fixed 2 duplicate /gene - fusA_1 fusA_2
[10:51:27] Fixed 3 duplicate /gene - linX_1 linX_2 linX_3
[10:51:27] Fixed 4 duplicate /gene - araC_1 araC_2 araC_3 araC_4
[10:51:27] Fixed 2 duplicate /gene - kaiC_1 kaiC_2
[10:51:27] Fixed 2 duplicate /gene - rnhA_1 rnhA_2
[10:51:27] Fixed 24 duplicate /gene - sasA_1 sasA_2 sasA_3 sasA_4 sasA_5 sasA_6 sasA_7 sasA_8 sasA_9 sasA_10 sasA_11 sasA_12 sasA_13 sasA_14 sasA_15 sasA_16 sasA_17 sasA_18 sasA_19 sasA_20 sasA_21 sasA_22 sasA_23 sasA_24
[10:51:27] Fixed 13 duplicate /gene - malK_1 malK_2 malK_3 malK_4 malK_5 malK_6 malK_7 malK_8 malK_9 malK_10 malK_11 malK_12 malK_13
[10:51:27] Fixed 5 duplicate /gene - iolE_1 iolE_2 iolE_3 iolE_4 iolE_5
[10:51:27] Fixed 2 duplicate /gene - yceI_1 yceI_2
[10:51:27] Fixed 4 duplicate /gene - nagC_1 nagC_2 nagC_3 nagC_4
[10:51:27] Fixed 6 duplicate /gene - gsiB_1 gsiB_2 gsiB_3 gsiB_4 gsiB_5 gsiB_6
[10:51:27] Fixed 3 duplicate /gene - pxpB_1 pxpB_2 pxpB_3
[10:51:27] Fixed 2 duplicate /gene - bdcA_1 bdcA_2
[10:51:27] Fixed 2 duplicate /gene - thiE_1 thiE_2
[10:51:27] Fixed 2 duplicate /gene - opuCB_1 opuCB_2
[10:51:27] Fixed 2 duplicate /gene - sir_1 sir_2
[10:51:27] Fixed 2 duplicate /gene - gloB_1 gloB_2
[10:51:27] Fixed 2 duplicate /gene - tyrS_1 tyrS_2
[10:51:27] Fixed 2 duplicate /gene - blh_1 blh_2
[10:51:27] Fixed 2 duplicate /gene - lyx_1 lyx_2
[10:51:27] Fixed 2 duplicate /gene - aroA_1 aroA_2
[10:51:27] Fixed 5 duplicate /gene - dgoD_1 dgoD_2 dgoD_3 dgoD_4 dgoD_5
[10:51:27] Fixed 21 duplicate /gene - rcsC_1 rcsC_2 rcsC_3 rcsC_4 rcsC_5 rcsC_6 rcsC_7 rcsC_8 rcsC_9 rcsC_10 rcsC_11 rcsC_12 rcsC_13 rcsC_14 rcsC_15 rcsC_16 rcsC_17 rcsC_18 rcsC_19 rcsC_20 rcsC_21
[10:51:27] Fixed 13 duplicate /gene - oppF_1 oppF_2 oppF_3 oppF_4 oppF_5 oppF_6 oppF_7 oppF_8 oppF_9 oppF_10 oppF_11 oppF_12 oppF_13
[10:51:27] Fixed 2 duplicate /gene - paoC_1 paoC_2
[10:51:27] Fixed 5 duplicate /gene - rhtB_1 rhtB_2 rhtB_3 rhtB_4 rhtB_5
[10:51:27] Fixed 2 duplicate /gene - uxuA_1 uxuA_2
[10:51:27] Fixed 2 duplicate /gene - rlpA_1 rlpA_2
[10:51:27] Fixed 3 duplicate /gene - soxB_1 soxB_2 soxB_3
[10:51:27] Fixed 5 duplicate /gene - glpR_1 glpR_2 glpR_3 glpR_4 glpR_5
[10:51:27] Fixed 22 duplicate /gene - fabG_1 fabG_2 fabG_3 fabG_4 fabG_5 fabG_6 fabG_7 fabG_8 fabG_9 fabG_10 fabG_11 fabG_12 fabG_13 fabG_14 fabG_15 fabG_16 fabG_17 fabG_18 fabG_19 fabG_20 fabG_21 fabG_22
[10:51:27] Fixed 4 duplicate /gene - rpaR_1 rpaR_2 rpaR_3 rpaR_4
[10:51:27] Fixed 3 duplicate /gene - yabJ_1 yabJ_2 yabJ_3
[10:51:27] Fixed 2 duplicate /gene - degU_1 degU_2
[10:51:27] Fixed 3 duplicate /gene - flhA_1 flhA_2 flhA_3
[10:51:27] Fixed 2 duplicate /gene - nemA_1 nemA_2
[10:51:27] Fixed 4 duplicate /gene - gph_1 gph_2 gph_3 gph_4
[10:51:27] Fixed 3 duplicate /gene - araB_1 araB_2 araB_3
[10:51:27] Fixed 2 duplicate /gene - flgG_1 flgG_2
[10:51:27] Fixed 2 duplicate /gene - tetA_1 tetA_2
[10:51:27] Fixed 2 duplicate /gene - mrpA_1 mrpA_2
[10:51:27] Fixed 3 duplicate /gene - gbpR_1 gbpR_2 gbpR_3
[10:51:27] Fixed 2 duplicate /gene - glmM_1 glmM_2
[10:51:27] Fixed 2 duplicate /gene - pepA_1 pepA_2
[10:51:27] Fixed 2 duplicate /gene - lnrK_1 lnrK_2
[10:51:27] Fixed 2 duplicate /gene - oppB_1 oppB_2
[10:51:27] Fixed 2 duplicate /gene - betI_1 betI_2
[10:51:27] Fixed 2 duplicate /gene - actP_1 actP_2
[10:51:27] Fixed 3 duplicate /gene - spuC_1 spuC_2 spuC_3
[10:51:27] Fixed 2 duplicate /gene - wbgU_1 wbgU_2
[10:51:27] Fixed 3 duplicate /gene - carB_1 carB_2 carB_3
[10:51:27] Fixed 2 duplicate /gene - secDF_1 secDF_2
[10:51:27] Fixed 6 duplicate /gene - potB_1 potB_2 potB_3 potB_4 potB_5 potB_6
[10:51:27] Fixed 5 duplicate /gene - rutB_1 rutB_2 rutB_3 rutB_4 rutB_5
[10:51:27] Fixed 2 duplicate /gene - clcB_1 clcB_2
[10:51:27] Fixed 2 duplicate /gene - dxs_1 dxs_2
[10:51:27] Fixed 3 duplicate /gene - proA_1 proA_2 proA_3
[10:51:27] Fixed 2 duplicate /gene - lexA_1 lexA_2
[10:51:27] Fixed 2 duplicate /gene - artJ_1 artJ_2
[10:51:27] Fixed 5 duplicate /gene - bepA_1 bepA_2 bepA_3 bepA_4 bepA_5
[10:51:27] Fixed 3 duplicate /gene - rbsR_1 rbsR_2 rbsR_3
[10:51:27] Fixed 4 duplicate /gene - ropA_1 ropA_2 ropA_3 ropA_4
[10:51:27] Fixed 3 duplicate /gene - lldD_1 lldD_2 lldD_3
[10:51:27] Fixed 2 duplicate /gene - fhuB_1 fhuB_2
[10:51:27] Fixed 12 duplicate /gene - dppB_1 dppB_2 dppB_3 dppB_4 dppB_5 dppB_6 dppB_7 dppB_8 dppB_9 dppB_10 dppB_11 dppB_12
[10:51:27] Fixed 4 duplicate /gene - recD2_1 recD2_2 recD2_3 recD2_4
[10:51:27] Fixed 5 duplicate /gene - puuB_1 puuB_2 puuB_3 puuB_4 puuB_5
[10:51:27] Fixed 2 duplicate /gene - ubiA_1 ubiA_2
[10:51:27] Fixed 9 duplicate /gene - lrp_1 lrp_2 lrp_3 lrp_4 lrp_5 lrp_6 lrp_7 lrp_8 lrp_9
[10:51:27] Fixed 2 duplicate /gene - pntB_1 pntB_2
[10:51:27] Fixed 6 duplicate /gene - xerC_1 xerC_2 xerC_3 xerC_4 xerC_5 xerC_6
[10:51:27] Fixed 3 duplicate /gene - fucU_1 fucU_2 fucU_3
[10:51:27] Fixed 2 duplicate /gene - cheA_1 cheA_2
[10:51:27] Fixed 2 duplicate /gene - aroQ_1 aroQ_2
[10:51:27] Fixed 2 duplicate /gene - murG_1 murG_2
[10:51:27] Fixed 2 duplicate /gene - lolD_1 lolD_2
[10:51:27] Fixed 4 duplicate /gene - prsE_1 prsE_2 prsE_3 prsE_4
[10:51:27] Fixed 3 duplicate /gene - mtgA_1 mtgA_2 mtgA_3
[10:51:27] Fixed 3 duplicate /gene - aes_1 aes_2 aes_3
[10:51:27] Fixed 4 duplicate /gene - fixK_1 fixK_2 fixK_3 fixK_4
[10:51:27] Fixed 2 duplicate /gene - purU_1 purU_2
[10:51:27] Fixed 7 duplicate /gene - mshA_1 mshA_2 mshA_3 mshA_4 mshA_5 mshA_6 mshA_7
[10:51:27] Fixed 5 duplicate /gene - oppC_1 oppC_2 oppC_3 oppC_4 oppC_5
[10:51:27] Fixed 3 duplicate /gene - betB_1 betB_2 betB_3
[10:51:27] Fixed 3 duplicate /gene - arsC_1 arsC_2 arsC_3
[10:51:27] Fixed 2 duplicate /gene - atm1_1 atm1_2
[10:51:27] Fixed 2 duplicate /gene - cnbH_1 cnbH_2
[10:51:27] Fixed 2 duplicate /gene - ptsN_1 ptsN_2
[10:51:27] Fixed 2 duplicate /gene - ubiL_1 ubiL_2
[10:51:27] Fixed 3 duplicate /gene - dapE_1 dapE_2 dapE_3
[10:51:27] Fixed 6 duplicate /gene - lutR_1 lutR_2 lutR_3 lutR_4 lutR_5 lutR_6
[10:51:27] Fixed 3 duplicate /gene - occM_1 occM_2 occM_3
[10:51:27] Fixed 5 duplicate /gene - lacG_1 lacG_2 lacG_3 lacG_4 lacG_5
[10:51:27] Fixed 2 duplicate /gene - dctB_1 dctB_2
[10:51:27] Fixed 2 duplicate /gene - xylF_1 xylF_2
[10:51:27] Fixed 2 duplicate /gene - iorB_1 iorB_2
[10:51:27] Fixed 2 duplicate /gene - phoB_1 phoB_2
[10:51:27] Fixed 2 duplicate /gene - glmU_1 glmU_2
[10:51:27] Fixed 13 duplicate /gene - melD_1 melD_2 melD_3 melD_4 melD_5 melD_6 melD_7 melD_8 melD_9 melD_10 melD_11 melD_12 melD_13
[10:51:27] Fixed 2 duplicate /gene - ligJ_1 ligJ_2
[10:51:27] Fixed 2 duplicate /gene - fhuC_1 fhuC_2
[10:51:27] Fixed 3 duplicate /gene - glaR_1 glaR_2 glaR_3
[10:51:27] Fixed 2 duplicate /gene - puuC_1 puuC_2
[10:51:27] Fixed 3 duplicate /gene - entS_1 entS_2 entS_3
[10:51:27] Fixed 2 duplicate /gene - ssuA_1 ssuA_2
[10:51:27] Fixed 2 duplicate /gene - lepB_1 lepB_2
[10:51:27] Fixed 3 duplicate /gene - appA_1 appA_2 appA_3
[10:51:27] Fixed 2 duplicate /gene - gppA_1 gppA_2
[10:51:27] Fixed 2 duplicate /gene - deoR_1 deoR_2
[10:51:27] Fixed 4 duplicate /gene - ntaA_1 ntaA_2 ntaA_3 ntaA_4
[10:51:27] Fixed 3 duplicate /gene - gabD_1 gabD_2 gabD_3
[10:51:27] Fixed 3 duplicate /gene - imuB_1 imuB_2 imuB_3
[10:51:27] Fixed 4 duplicate /gene - mglA_1 mglA_2 mglA_3 mglA_4
[10:51:27] Fixed 25 duplicate /gene - dmlR_1 dmlR_2 dmlR_3 dmlR_4 dmlR_5 dmlR_6 dmlR_7 dmlR_8 dmlR_9 dmlR_10 dmlR_11 dmlR_12 dmlR_13 dmlR_14 dmlR_15 dmlR_16 dmlR_17 dmlR_18 dmlR_19 dmlR_20 dmlR_21 dmlR_22 dmlR_23 dmlR_24 dmlR_25
[10:51:27] Fixed 2 duplicate /gene - caiD_1 caiD_2
[10:51:27] Fixed 7 duplicate /gene - degA_1 degA_2 degA_3 degA_4 degA_5 degA_6 degA_7
[10:51:27] Fixed 3 duplicate /gene - adh1_1 adh1_2 adh1_3
[10:51:27] Fixed 7 duplicate /gene - ccpA_1 ccpA_2 ccpA_3 ccpA_4 ccpA_5 ccpA_6 ccpA_7
[10:51:27] Fixed 2 duplicate /gene - rsmB_1 rsmB_2
[10:51:27] Fixed 4 duplicate /gene - argP_1 argP_2 argP_3 argP_4
[10:51:27] Fixed 2 duplicate /gene - dctD_1 dctD_2
[10:51:27] Fixed 3 duplicate /gene - emrB_1 emrB_2 emrB_3
[10:51:27] Fixed 10 duplicate /gene - COQ5_1 COQ5_2 COQ5_3 COQ5_4 COQ5_5 COQ5_6 COQ5_7 COQ5_8 COQ5_9 COQ5_10
[10:51:27] Fixed 2 duplicate /gene - phyR_1 phyR_2
[10:51:27] Fixed 3 duplicate /gene - cysE_1 cysE_2 cysE_3
[10:51:27] Fixed 3 duplicate /gene - gnl_1 gnl_2 gnl_3
[10:51:27] Fixed 3 duplicate /gene - slyA_1 slyA_2 slyA_3
[10:51:27] Fixed 3 duplicate /gene - speB_1 speB_2 speB_3
[10:51:27] Fixed 2 duplicate /gene - pdxI_1 pdxI_2
[10:51:27] Fixed 2 duplicate /gene - fbcH_1 fbcH_2
[10:51:27] Fixed 11 duplicate /gene - livF_1 livF_2 livF_3 livF_4 livF_5 livF_6 livF_7 livF_8 livF_9 livF_10 livF_11
[10:51:27] Fixed 2 duplicate /gene - ggt_1 ggt_2
[10:51:27] Fixed 2 duplicate /gene - dnaK_1 dnaK_2
[10:51:27] Fixed 2 duplicate /gene - degP_1 degP_2
[10:51:27] Fixed 4 duplicate /gene - purR_1 purR_2 purR_3 purR_4
[10:51:27] Fixed 2 duplicate /gene - exuR_1 exuR_2
[10:51:27] Fixed 5 duplicate /gene - mdtA_1 mdtA_2 mdtA_3 mdtA_4 mdtA_5
[10:51:27] Fixed 7 duplicate /gene - fitB_1 fitB_2 fitB_3 fitB_4 fitB_5 fitB_6 fitB_7
[10:51:27] Fixed 2 duplicate /gene - panB_1 panB_2
[10:51:27] Fixed 5 duplicate /gene - cheW_1 cheW_2 cheW_3 cheW_4 cheW_5
[10:51:27] Fixed 2 duplicate /gene - ilvE_1 ilvE_2
[10:51:27] Fixed 2 duplicate /gene - araG_1 araG_2
[10:51:27] Fixed 3 duplicate /gene - glgB_1 glgB_2 glgB_3
[10:51:27] Fixed 6 duplicate /gene - cspA_1 cspA_2 cspA_3 cspA_4 cspA_5 cspA_6
[10:51:27] Fixed 2 duplicate /gene - ftsZ_1 ftsZ_2
[10:51:27] Fixed 3 duplicate /gene - davD_1 davD_2 davD_3
[10:51:27] Fixed 3 duplicate /gene - occP_1 occP_2 occP_3
[10:51:27] Fixed 2 duplicate /gene - soxG_1 soxG_2
[10:51:27] Fixed 2 duplicate /gene - bamA_1 bamA_2
[10:51:27] Fixed 2 duplicate /gene - dhaL-2_1 dhaL-2_2
[10:51:27] Fixed 3 duplicate /gene - accC_1 accC_2 accC_3
[10:51:27] Fixed 2 duplicate /gene - prmC_1 prmC_2
[10:51:27] Fixed 2 duplicate /gene - ctaD_1 ctaD_2
[10:51:27] Fixed 2 duplicate /gene - yhjE_1 yhjE_2
[10:51:27] Fixed 2 duplicate /gene - yejF_1 yejF_2
[10:51:27] Fixed 7 duplicate /gene - cytR_1 cytR_2 cytR_3 cytR_4 cytR_5 cytR_6 cytR_7
[10:51:27] Fixed 9 duplicate /gene - hcaB_1 hcaB_2 hcaB_3 hcaB_4 hcaB_5 hcaB_6 hcaB_7 hcaB_8 hcaB_9
[10:51:27] Fixed 2 duplicate /gene - bdhA_1 bdhA_2
[10:51:27] Fixed 2 duplicate /gene - dppD_1 dppD_2
[10:51:27] Fixed 2 duplicate /gene - fhuD_1 fhuD_2
[10:51:27] Fixed 3 duplicate /gene - hmuU_1 hmuU_2 hmuU_3
[10:51:27] Fixed 3 duplicate /gene - msrP_1 msrP_2 msrP_3
[10:51:27] Fixed 7 duplicate /gene - iolS_1 iolS_2 iolS_3 iolS_4 iolS_5 iolS_6 iolS_7
[10:51:27] Fixed 2 duplicate /gene - ompA_1 ompA_2
[10:51:27] Fixed 2 duplicate /gene - rnd_1 rnd_2
[10:51:27] Fixed 13 duplicate /gene - oppD_1 oppD_2 oppD_3 oppD_4 oppD_5 oppD_6 oppD_7 oppD_8 oppD_9 oppD_10 oppD_11 oppD_12 oppD_13
[10:51:27] Fixed 2 duplicate /gene - amiF_1 amiF_2
[10:51:27] Fixed 3 duplicate /gene - potD_1 potD_2 potD_3
[10:51:27] Fixed 2 duplicate /gene - kdpB_1 kdpB_2
[10:51:27] Fixed 2 duplicate /gene - vjbR_1 vjbR_2
[10:51:27] Fixed 2 duplicate /gene - adh_1 adh_2
[10:51:27] Fixed 4 duplicate /gene - gdh_1 gdh_2 gdh_3 gdh_4
[10:51:27] Fixed 2 duplicate /gene - thiK_1 thiK_2
[10:51:27] Fixed 2 duplicate /gene - ada_1 ada_2
[10:51:27] Fixed 3 duplicate /gene - nodD2_1 nodD2_2 nodD2_3
[10:51:27] Fixed 2 duplicate /gene - rihA_1 rihA_2
[10:51:27] Fixed 2 duplicate /gene - hilA_1 hilA_2
[10:51:27] Fixed 2 duplicate /gene - aar_1 aar_2
[10:51:27] Fixed 3 duplicate /gene - rpsU_1 rpsU_2 rpsU_3
[10:51:27] Fixed 2 duplicate /gene - ptsJ_1 ptsJ_2
[10:51:27] Fixed 2 duplicate /gene - puuD_1 puuD_2
[10:51:27] Fixed 5 duplicate /gene - yesO_1 yesO_2 yesO_3 yesO_4 yesO_5
[10:51:27] Fixed 2 duplicate /gene - naiP_1 naiP_2
[10:51:27] Fixed 11 duplicate /gene - lacF_1 lacF_2 lacF_3 lacF_4 lacF_5 lacF_6 lacF_7 lacF_8 lacF_9 lacF_10 lacF_11
[10:51:27] Fixed 2 duplicate /gene - fabI_1 fabI_2
[10:51:27] Fixed 3 duplicate /gene - accB_1 accB_2 accB_3
[10:51:27] Fixed 3 duplicate /gene - hyuA_1 hyuA_2 hyuA_3
[10:51:27] Fixed 5 duplicate /gene - frcA_1 frcA_2 frcA_3 frcA_4 frcA_5
[10:51:27] Fixed 5 duplicate /gene - rafR_1 rafR_2 rafR_3 rafR_4 rafR_5
[10:51:27] Fixed 3 duplicate /gene - ohrR_1 ohrR_2 ohrR_3
[10:51:27] Fixed 2 duplicate /gene - comM_1 comM_2
[10:51:27] Fixed 2 duplicate /gene - psuG_1 psuG_2
[10:51:27] Fixed 2 duplicate /gene - glnP_1 glnP_2
[10:51:27] Fixed 2 duplicate /gene - hexR_1 hexR_2
[10:51:27] Fixed 2 duplicate /gene - coaA_1 coaA_2
[10:51:27] Fixed 2 duplicate /gene - ugpQ_1 ugpQ_2
[10:51:27] Fixed 13 duplicate /gene - hdfR_1 hdfR_2 hdfR_3 hdfR_4 hdfR_5 hdfR_6 hdfR_7 hdfR_8 hdfR_9 hdfR_10 hdfR_11 hdfR_12 hdfR_13
[10:51:27] Fixed 2 duplicate /gene - sfnC_1 sfnC_2
[10:51:27] Fixed 3 duplicate /gene - mdtC_1 mdtC_2 mdtC_3
[10:51:27] Fixed 2 duplicate /gene - menF_1 menF_2
[10:51:27] Fixed 2 duplicate /gene - pyrE_1 pyrE_2
[10:51:27] Fixed 2 duplicate /gene - tdiR_1 tdiR_2
[10:51:27] Fixed 2 duplicate /gene - cyoC_1 cyoC_2
[10:51:27] Fixed 2 duplicate /gene - zwf_1 zwf_2
[10:51:27] Fixed 4 duplicate /gene - pcm_1 pcm_2 pcm_3 pcm_4
[10:51:27] Fixed 2 duplicate /gene - msrB_1 msrB_2
[10:51:27] Fixed 2 duplicate /gene - ybhL_1 ybhL_2
[10:51:27] Fixed 2 duplicate /gene - exoI_1 exoI_2
[10:51:27] Fixed 2 duplicate /gene - leuS_1 leuS_2
[10:51:27] Fixed 2 duplicate /gene - srlR_1 srlR_2
[10:51:27] Fixed 2 duplicate /gene - purF_1 purF_2
[10:51:27] Fixed 2 duplicate /gene - gyrB_1 gyrB_2
[10:51:27] Fixed 4 duplicate /gene - agpA_1 agpA_2 agpA_3 agpA_4
[10:51:27] Fixed 3 duplicate /gene - yciC_1 yciC_2 yciC_3
[10:51:27] Fixed 5 duplicate /gene - hutH_1 hutH_2 hutH_3 hutH_4 hutH_5
[10:51:27] Fixed 3 duplicate /gene - cckA_1 cckA_2 cckA_3
[10:51:27] Fixed 3 duplicate /gene - apsD_1 apsD_2 apsD_3
[10:51:27] Fixed 2 duplicate /gene - kdgK_1 kdgK_2
[10:51:27] Fixed 2 duplicate /gene - epsO_1 epsO_2
[10:51:27] Fixed 2 duplicate /gene - mprA_1 mprA_2
[10:51:27] Fixed 4 duplicate /gene - hchA_1 hchA_2 hchA_3 hchA_4
[10:51:27] Fixed 2 duplicate /gene - lsrF_1 lsrF_2
[10:51:27] Fixed 2 duplicate /gene - crt_1 crt_2
[10:51:27] Fixed 2 duplicate /gene - lacZ_1 lacZ_2
[10:51:27] Fixed 2 duplicate /gene - rlmB_1 rlmB_2
[10:51:27] Fixed 4 duplicate /gene - ycjO_1 ycjO_2 ycjO_3 ycjO_4
[10:51:27] Fixed 9 duplicate /gene - rhaS_1 rhaS_2 rhaS_3 rhaS_4 rhaS_5 rhaS_6 rhaS_7 rhaS_8 rhaS_9
[10:51:27] Fixed 2 duplicate /gene - glpK_1 glpK_2
[10:51:27] Fixed 6 duplicate /gene - yfcG_1 yfcG_2 yfcG_3 yfcG_4 yfcG_5 yfcG_6
[10:51:27] Fixed 4 duplicate /gene - ligD_1 ligD_2 ligD_3 ligD_4
[10:51:27] Fixed 2 duplicate /gene - ssuD_1 ssuD_2
[10:51:27] Fixed 2 duplicate /gene - rfbC_1 rfbC_2
[10:51:27] Fixed 2 duplicate /gene - nicC_1 nicC_2
[10:51:27] Fixed 3 duplicate /gene - ligK_1 ligK_2 ligK_3
[10:51:27] Fixed 3 duplicate /gene - clpP_1 clpP_2 clpP_3
[10:51:27] Fixed 2 duplicate /gene - asnC_1 asnC_2
[10:51:27] Fixed 2 duplicate /gene - metG_1 metG_2
[10:51:27] Fixed 3 duplicate /gene - tadA_1 tadA_2 tadA_3
[10:51:27] Fixed 2 duplicate /gene - lgoR_1 lgoR_2
[10:51:27] Fixed 7 duplicate /gene - arnC_1 arnC_2 arnC_3 arnC_4 arnC_5 arnC_6 arnC_7
[10:51:27] Fixed 2 duplicate /gene - mshD_1 mshD_2
[10:51:27] Fixed 2 duplicate /gene - ddmA1_1 ddmA1_2
[10:51:27] Fixed 6 duplicate /gene - cysQ_1 cysQ_2 cysQ_3 cysQ_4 cysQ_5 cysQ_6
[10:51:27] Fixed 3 duplicate /gene - ibpA_1 ibpA_2 ibpA_3
[10:51:27] Fixed 3 duplicate /gene - gcvT_1 gcvT_2 gcvT_3
[10:51:27] Fixed 3 duplicate /gene - cheY_1 cheY_2 cheY_3
[10:51:27] Fixed 4 duplicate /gene - msiK_1 msiK_2 msiK_3 msiK_4
[10:51:27] Fixed 2 duplicate /gene - atpF_1 atpF_2
[10:51:27] Fixed 5 duplicate /gene - ribN_1 ribN_2 ribN_3 ribN_4 ribN_5
[10:51:27] Fixed 2 duplicate /gene - csoR_1 csoR_2
[10:51:27] Fixed 2 duplicate /gene - fruK_1 fruK_2
[10:51:27] Fixed 4 duplicate /gene - azoR_1 azoR_2 azoR_3 azoR_4
[10:51:27] Fixed 3 duplicate /gene - melA_1 melA_2 melA_3
[10:51:27] Fixed 4 duplicate /gene - emrA_1 emrA_2 emrA_3 emrA_4
[10:51:27] Fixed 2 duplicate /gene - hypBA1_1 hypBA1_2
[10:51:27] Fixed 3 duplicate /gene - pcrA_1 pcrA_2 pcrA_3
[10:51:27] Fixed 3 duplicate /gene - dctM_1 dctM_2 dctM_3
[10:51:27] Fixed 2 duplicate /gene - prfB_1 prfB_2
[10:51:27] Fixed 2 duplicate /gene - acdA_1 acdA_2
[10:51:27] Fixed 4 duplicate /gene - rnk_1 rnk_2 rnk_3 rnk_4
[10:51:27] Fixed 2 duplicate /gene - kup_1 kup_2
[10:51:27] Fixed 3 duplicate /gene - dnaE2_1 dnaE2_2 dnaE2_3
[10:51:27] Fixed 2 duplicate /gene - nsrR_1 nsrR_2
[10:51:27] Fixed 2 duplicate /gene - yknY_1 yknY_2
[10:51:27] Fixed 3 duplicate /gene - golD_1 golD_2 golD_3
[10:51:27] Fixed 3 duplicate /gene - mdtD_1 mdtD_2 mdtD_3
[10:51:27] Fixed 2 duplicate /gene - ywrD_1 ywrD_2
[10:51:27] Fixed 2 duplicate /gene - argD_1 argD_2
[10:51:27] Fixed 2 duplicate /gene - dmdC_1 dmdC_2
[10:51:27] Fixed 4 duplicate /gene - mntB_1 mntB_2 mntB_3 mntB_4
[10:51:27] Fixed 10 duplicate /gene - lptB_1 lptB_2 lptB_3 lptB_4 lptB_5 lptB_6 lptB_7 lptB_8 lptB_9 lptB_10
[10:51:27] Fixed 2 duplicate /gene - arsH_1 arsH_2
[10:51:27] Fixed 4 duplicate /gene - cpdA_1 cpdA_2 cpdA_3 cpdA_4
[10:51:27] Fixed 4 duplicate /gene - benM_1 benM_2 benM_3 benM_4
[10:51:27] Fixed 5 duplicate /gene - dnaJ_1 dnaJ_2 dnaJ_3 dnaJ_4 dnaJ_5
[10:51:27] Fixed 8 duplicate /gene - nanR_1 nanR_2 nanR_3 nanR_4 nanR_5 nanR_6 nanR_7 nanR_8
[10:51:27] Fixed 2 duplicate /gene - hpyO_1 hpyO_2
[10:51:27] Fixed 4 duplicate /gene - gntR_1 gntR_2 gntR_3 gntR_4
[10:51:27] Fixed 2 duplicate /gene - tauB_1 tauB_2
[10:51:27] Fixed 6 duplicate /gene - ssuB_1 ssuB_2 ssuB_3 ssuB_4 ssuB_5 ssuB_6
[10:51:27] Fixed 2 duplicate /gene - gbuA_1 gbuA_2
[10:51:27] Fixed 2 duplicate /gene - linC_1 linC_2
[10:51:27] Fixed 4 duplicate /gene - hsrA_1 hsrA_2 hsrA_3 hsrA_4
[10:51:27] Fixed 2 duplicate /gene - iorA_1 iorA_2
[10:51:27] Fixed 2 duplicate /gene - malT_1 malT_2
[10:51:27] Fixed 2 duplicate /gene - gmd_1 gmd_2
[10:51:27] Fixed 2 duplicate /gene - dctA_1 dctA_2
[10:51:27] Fixed 3 duplicate /gene - corA_1 corA_2 corA_3
[10:51:27] Fixed 4 duplicate /gene - suhB_1 suhB_2 suhB_3 suhB_4
[10:51:27] Fixed 2 duplicate /gene - mltF_1 mltF_2
[10:51:27] Fixed 6 duplicate /gene - rspR_1 rspR_2 rspR_3 rspR_4 rspR_5 rspR_6
[10:51:27] Fixed 2 duplicate /gene - map_1 map_2
[10:51:27] Fixed 3 duplicate /gene - proC_1 proC_2 proC_3
[10:51:27] Fixed 2 duplicate /gene - alsC_1 alsC_2
[10:51:27] Fixed 3 duplicate /gene - nadE_1 nadE_2 nadE_3
[10:51:27] Fixed 4 duplicate /gene - ycaD_1 ycaD_2 ycaD_3 ycaD_4
[10:51:27] Fixed 2 duplicate /gene - bcsA_1 bcsA_2
[10:51:27] Fixed 2 duplicate /gene - aroE_1 aroE_2
[10:51:27] Fixed 2 duplicate /gene - thpR_1 thpR_2
[10:51:27] Fixed 3 duplicate /gene - pcpR_1 pcpR_2 pcpR_3
[10:51:27] Fixed 2 duplicate /gene - xynB_1 xynB_2
[10:51:27] Fixed 4 duplicate /gene - cheB_1 cheB_2 cheB_3 cheB_4
[10:51:27] Fixed 2 duplicate /gene - ttgB_1 ttgB_2
[10:51:27] Fixed 2 duplicate /gene - yadH_1 yadH_2
[10:51:27] Fixed 2 duplicate /gene - traC_1 traC_2
[10:51:27] Fixed 2 duplicate /gene - rpoH_1 rpoH_2
[10:51:27] Fixed 2 duplicate /gene - puuA_1 puuA_2
[10:51:27] Fixed 4 duplicate /gene - ssuC_1 ssuC_2 ssuC_3 ssuC_4
[10:51:27] Fixed 3 duplicate /gene - nagZ_1 nagZ_2 nagZ_3
[10:51:27] Fixed 2 duplicate /gene - npcC_1 npcC_2
[10:51:27] Fixed 3 duplicate /gene - alkJ_1 alkJ_2 alkJ_3
[10:51:27] Fixed 6 duplicate /gene - araQ_1 araQ_2 araQ_3 araQ_4 araQ_5 araQ_6
[10:51:27] Fixed 6 duplicate /gene - gstB_1 gstB_2 gstB_3 gstB_4 gstB_5 gstB_6
[10:51:27] Fixed 5 duplicate /gene - nagR_1 nagR_2 nagR_3 nagR_4 nagR_5
[10:51:27] Fixed 6 duplicate /gene - dppA_1 dppA_2 dppA_3 dppA_4 dppA_5 dppA_6
[10:51:27] Fixed 3 duplicate /gene - fhuA_1 fhuA_2 fhuA_3
[10:51:27] Fixed 3 duplicate /gene - gno_1 gno_2 gno_3
[10:51:27] Fixed 2 duplicate /gene - glnM_1 glnM_2
[10:51:27] Fixed 2 duplicate /gene - ydjH_1 ydjH_2
[10:51:27] Fixed 2 duplicate /gene - oppA_1 oppA_2
[10:51:27] Fixed 2 duplicate /gene - ahcY_1 ahcY_2
[10:51:27] Fixed 3 duplicate /gene - acsA_1 acsA_2 acsA_3
[10:51:27] Fixed 8 duplicate /gene - potA_1 potA_2 potA_3 potA_4 potA_5 potA_6 potA_7 potA_8
[10:51:27] Fixed 4 duplicate /gene - hipO_1 hipO_2 hipO_3 hipO_4
[10:51:27] Fixed 3 duplicate /gene - carA_1 carA_2 carA_3
[10:51:27] Fixed 546 colliding /gene names.
[10:51:27] Adding /locus_tag identifiers
[10:51:27] Assigned 7110 locus_tags to CDS and RNA features.
[10:51:27] Writing outputs to ./H082.fsa_prokka/
[10:51:37] Generating annotation statistics file
[10:51:37] Generating Genbank and Sequin files
[10:51:37] Running: tbl2asn -V b -a r10k -l paired-ends -M n -N 1 -y 'Annotated using prokka 1.14.6 from https://github.com/tseemann/prokka' -Z \.\/H082\.fsa_prokka\/\.\/H082\.fsa\.err -i \.\/H082\.fsa_prokka\/\.\/H082\.fsa\.fsa 2> /dev/null
[10:51:55] Deleting unwanted file: ./H082.fsa_prokka/errorsummary.val
[10:51:55] Deleting unwanted file: ./H082.fsa_prokka/./H082.fsa.dr
[10:51:55] Deleting unwanted file: ./H082.fsa_prokka/./H082.fsa.fixedproducts
[10:51:55] Deleting unwanted file: ./H082.fsa_prokka/./H082.fsa.ecn
[10:51:55] Deleting unwanted file: ./H082.fsa_prokka/./H082.fsa.val
[10:51:55] Repairing broken .GBK output that tbl2asn produces...
[10:51:55] Running: sed 's/COORDINATES: profile/COORDINATES:profile/' < \.\/H082\.fsa_prokka\/\.\/H082\.fsa\.gbf > \.\/H082\.fsa_prokka\/\.\/H082\.fsa\.gbk
[10:51:55] Deleting unwanted file: ./H082.fsa_prokka/./H082.fsa.gbf
[10:51:55] Output files:
[10:51:55] Annotation finished successfully.
[10:51:55] Walltime used: 7.63 minutes
[10:51:55] If you use this result please cite the Prokka paper:
[10:51:55] Seemann T (2014) Prokka: rapid prokaryotic genome annotation. Bioinformatics. 30(14):2068-9.
[10:51:55] Type 'prokka --citation' for more details.
[10:51:55] Thank you, come again.
