[11:32:36] This is prokka 1.14.6
[11:32:36] Written by Torsten Seemann <torsten.seemann@gmail.com>
[11:32:36] Homepage is https://github.com/tseemann/prokka
[11:32:36] Local time is Tue Dec 12 11:32:36 2023
[11:32:36] You are joshgb
[11:32:36] Operating system is linux
[11:32:36] You have BioPerl 1.7.8
[11:32:36] System has 8 cores.
[11:32:36] Will use maximum of 8 cores.
[11:32:36] Annotating as >>> Bacteria <<<
[11:32:36] Generating locus_tag from './H130.fsa' contents.
[11:32:36] Setting --locustag AAIMJHFH from MD5 aa2631f142de1f7700d257677bac05cb
[11:32:36] Creating new output folder: ./H130.fsa_prokka
[11:32:36] Running: mkdir -p \.\/H130\.fsa_prokka
[11:32:36] Using filename prefix: ./H130.fsa.XXX
[11:32:36] Setting HMMER_NCPU=1
[11:32:36] Writing log to: ./H130.fsa_prokka/./H130.fsa.log
[11:32:36] Command: /home/joshgb/anaconda3/envs/bio/bin/prokka --outdir ./H130.fsa_prokka --prefix ./H130.fsa --genus Rhizobium --species leguminosarum ./H130.fsa
[11:32:36] Appending to PATH: /home/joshgb/anaconda3/envs/bio/bin
[11:32:36] Looking for 'aragorn' - found /home/joshgb/anaconda3/envs/bio/bin/aragorn
[11:32:36] Determined aragorn version is 001002 from 'ARAGORN v1.2.41 Dean Laslett'
[11:32:36] Looking for 'barrnap' - found /home/joshgb/anaconda3/envs/bio/bin/barrnap
[11:32:37] Determined barrnap version is 000009 from 'barrnap 0.9'
[11:32:37] Looking for 'blastp' - found /home/joshgb/anaconda3/envs/bio/bin/blastp
[11:32:37] Determined blastp version is 002015 from 'blastp: 2.15.0+'
[11:32:37] Looking for 'cmpress' - found /home/joshgb/anaconda3/envs/bio/bin/cmpress
[11:32:37] Determined cmpress version is 001001 from '# INFERNAL 1.1.4 (Dec 2020)'
[11:32:37] Looking for 'cmscan' - found /home/joshgb/anaconda3/envs/bio/bin/cmscan
[11:32:37] Determined cmscan version is 001001 from '# INFERNAL 1.1.4 (Dec 2020)'
[11:32:37] Looking for 'egrep' - found /usr/bin/egrep
[11:32:37] Looking for 'find' - found /usr/bin/find
[11:32:37] Looking for 'grep' - found /usr/bin/grep
[11:32:37] Looking for 'hmmpress' - found /home/joshgb/anaconda3/envs/bio/bin/hmmpress
[11:32:37] Determined hmmpress version is 003004 from '# HMMER 3.4 (Aug 2023); http://hmmer.org/'
[11:32:37] Looking for 'hmmscan' - found /home/joshgb/anaconda3/envs/bio/bin/hmmscan
[11:32:37] Determined hmmscan version is 003004 from '# HMMER 3.4 (Aug 2023); http://hmmer.org/'
[11:32:37] Looking for 'java' - found /home/joshgb/anaconda3/envs/bio/bin/java
[11:32:37] Looking for 'makeblastdb' - found /home/joshgb/anaconda3/envs/bio/bin/makeblastdb
[11:32:37] Determined makeblastdb version is 002015 from 'makeblastdb: 2.15.0+'
[11:32:37] Looking for 'minced' - found /home/joshgb/anaconda3/envs/bio/bin/minced
[11:32:37] Determined minced version is 004002 from 'minced 0.4.2'
[11:32:37] Looking for 'parallel' - found /home/joshgb/anaconda3/envs/bio/bin/parallel
[11:32:37] Determined parallel version is 20231122 from 'GNU parallel 20231122'
[11:32:37] Looking for 'prodigal' - found /home/joshgb/anaconda3/envs/bio/bin/prodigal
[11:32:37] Determined prodigal version is 002006 from 'Prodigal V2.6.3: February, 2016'
[11:32:37] Looking for 'prokka-genbank_to_fasta_db' - found /home/joshgb/anaconda3/envs/bio/bin/prokka-genbank_to_fasta_db
[11:32:38] Looking for 'sed' - found /usr/bin/sed
[11:32:38] Looking for 'tbl2asn' - found /home/joshgb/anaconda3/envs/bio/bin/tbl2asn
[11:32:38] Determined tbl2asn version is 025007 from 'tbl2asn 25.7   arguments:'
[11:32:38] Using genetic code table 11.
[11:32:38] Loading and checking input file: ./H130.fsa
[11:32:38] Wrote 109 contigs totalling 8515722 bp.
[11:32:38] Predicting tRNAs and tmRNAs
[11:32:38] Running: aragorn -l -gc11  -w \.\/H130\.fsa_prokka\/\.\/H130\.fsa\.fna
[11:32:41] 1 tRNA-Trp [2749,2824] 34 (cca)
[11:32:41] 1 tRNA-Met [20,96] 35 (cat)
[11:32:41] 2 tRNA-Ala [70096,70171] 34 (ggc)
[11:32:41] 3 tRNA-Ser c[160279,160368] 35 (gga)
[11:32:41] 4 tRNA-Leu c[216848,216934] 35 (cag)
[11:32:41] 5 tRNA-Arg [424948,425024] 35 (acg)
[11:32:41] 6 tRNA-Thr c[508585,508660] 34 (cgt)
[11:32:41] 7 tRNA-Gly [529553,529626] 33 (ccc)
[11:32:41] 8 tRNA-Thr c[590469,590543] 33 (ggt)
[11:32:41] 9 tRNA-Phe [596749,596824] 34 (gaa)
[11:32:41] 10 tRNA-His [762250,762326] 35 (gtg)
[11:32:41] 11 tRNA-Gln c[816655,816728] 33 (ctg)
[11:32:41] 12 tRNA-Gln [1091135,1091208] 33 (ttg)
[11:32:41] 13 tRNA-Pro [1113383,1113459] 35 (cgg)
[11:32:41] 14 tRNA-Ser [1500181,1500271] 35 (gct)
[11:32:41] 15 tRNA-Pro [1661064,1661140] 35 (ggg)
[11:32:41] 16 tRNA-Val c[1715358,1715433] 34 (tac)
[11:32:41] 17 tRNA-Asp [1715838,1715914] 35 (gtc)
[11:32:41] 18 tRNA-Asp [1715999,1716075] 35 (gtc)
[11:32:41] 19 tRNA-Thr [1786251,1786326] 34 (tgt)
[11:32:41] 20 tRNA-Met [1807617,1807693] 35 (cat)
[11:32:41] 21 tRNA-Tyr [1840093,1840177] 35 (gta)
[11:32:41] 22 tRNA-Gly [1840203,1840276] 33 (tcc)
[11:32:41] 23 tRNA-Leu [1996017,1996101] 35 (taa)
[11:32:41] 24 tRNA-Asn c[2086170,2086244] 33 (gtt)
[11:32:41] 25 tRNA-Cys [2088839,2088912] 33 (gca)
[11:32:41] 26 tRNA-Leu [2126010,2126094] 35 (tag)
[11:32:41] 27 tRNA-Glu c[2160820,2160894] 34 (ttc)
[11:32:41] 28 tRNA-Glu c[2161148,2161222] 34 (ctc)
[11:32:41] 29 tRNA-Glu c[2161297,2161371] 34 (ttc)
[11:32:41] 30 tRNA-Pro c[2182974,2183050] 35 (tgg)
[11:32:41] 31 tRNA-Arg [2184054,2184130] 35 (tct)
[11:32:41] 32 tRNA-Lys [2294577,2294652] 34 (ttt)
[11:32:41] 33 tRNA-Ser [2486309,2486398] 35 (tga)
[11:32:41] 34 tRNA-Leu [2560814,2560898] 35 (gag)
[11:32:43] 35 tRNA-Lys c[3220918,3220993] 34 (ctt)
[11:32:43] 36 tmRNA* [3287332,3287672] 212,250 ANDNYAEARLAA*
[11:32:43] 37 tRNA-Met [3431223,3431298] 34 (cat)
[11:32:43] 38 tRNA-Ala [3458060,3458147] 34 (cgc)
[11:32:43] 39 tRNA-Arg [3699734,3699810] 35 (ccg)
[11:32:43] 40 tRNA-Arg c[3855558,3855640] 41 (tcg)
[11:32:43] 41 tRNA-Met c[3968086,3968162] 35 (cat)
[11:32:43] 42 tRNA-Met c[4019184,4019260] 35 (cat)
[11:32:43] tRNA c[4155863,4155953] is a pseudo/wacky gene - skipping.
[11:32:43] 44 tRNA-Val [4169088,4169162] 33 (gac)
[11:32:43] 45 tRNA-Leu [4375746,4375830] 35 (caa)
[11:32:43] 46 tRNA-Arg [4432153,4432229] 35 (cct)
[11:32:43] 47 tRNA-Gly [4650129,4650203] 33 (gcc)
[11:32:43] 48 tRNA-Ser c[4767052,4767141] 35 (cga)
[11:32:43] 49 tRNA-Ile [4909068,4909144] 35 (gat)
[11:32:43] 50 tRNA-Ala [4909238,4909313] 34 (tgc)
[11:32:43] 51 tRNA-Met [4913371,4913447] 35 (cat)
[11:32:43] 1 tRNA-Met c[178233,178309] 35 (cat)
[11:32:43] 1 tRNA-Lys c[639319,639401] 31 (ctt)
[11:32:43] Found 53 tRNAs
[11:32:43] Predicting Ribosomal RNAs
[11:32:43] Running Barrnap with 8 threads
[11:32:45] 1 Cchr 4907252 16S ribosomal RNA
[11:32:45] 2 Cchr 4909868 23S ribosomal RNA
[11:32:45] 3 Cchr 4913045 5S ribosomal RNA
[11:32:45] Found 3 rRNAs
[11:32:45] Skipping ncRNA search, enable with --rfam if desired.
[11:32:45] Total of 55 tRNA + rRNA features
[11:32:45] Searching for CRISPR repeats
[11:32:46] Found 0 CRISPRs
[11:32:46] Predicting coding sequences
[11:32:46] Contigs total 8515722 bp, so using single mode
[11:32:46] Running: prodigal -i \.\/H130\.fsa_prokka\/\.\/H130\.fsa\.fna -c -m -g 11 -p single -f sco -q
[11:33:02] Excluding CDS which overlaps existing RNA (tRNA) at Cchr:424822..425367 on + strand
[11:33:05] Excluding CDS which overlaps existing RNA (tRNA) at Cchr:3457386..3459254 on - strand
[11:33:05] Excluding CDS which overlaps existing RNA (tRNA) at Cchr:3855104..3855952 on - strand
[11:33:05] Excluding CDS which overlaps existing RNA (tRNA) at Cchr:3966669..3968129 on + strand
[11:33:06] Excluding CDS which overlaps existing RNA (tRNA) at CpRL12:638556..640073 on + strand
[11:33:07] Found 8193 CDS
[11:33:07] Connecting features back to sequences
[11:33:07] Not using genus-specific database. Try --usegenus to enable it.
[11:33:07] Annotating CDS, please be patient.
[11:33:07] Will use 8 CPUs for similarity searching.
[11:33:16] There are still 8193 unannotated CDS left (started with 8193)
[11:33:16] Will use blast to search against /home/joshgb/anaconda3/envs/bio/db/kingdom/Bacteria/IS with 8 CPUs
[11:33:16] Running: cat \.\/H130\.fsa_prokka\/\.\/H130\.fsa\.IS\.tmp\.5299\.faa | parallel --gnu --plain -j 8 --block 156980 --recstart '>' --pipe blastp -query - -db /home/joshgb/anaconda3/envs/bio/db/kingdom/Bacteria/IS -evalue 1e-30 -qcov_hsp_perc 90 -num_threads 1 -num_descriptions 1 -num_alignments 1 -seg no > \.\/H130\.fsa_prokka\/\.\/H130\.fsa\.IS\.tmp\.5299\.blast 2> /dev/null
[11:34:11] Deleting unwanted file: ./H130.fsa_prokka/./H130.fsa.IS.tmp.5299.faa
[11:34:11] Deleting unwanted file: ./H130.fsa_prokka/./H130.fsa.IS.tmp.5299.blast
[11:34:19] There are still 8122 unannotated CDS left (started with 8193)
[11:34:19] Will use blast to search against /home/joshgb/anaconda3/envs/bio/db/kingdom/Bacteria/AMR with 8 CPUs
[11:34:19] Running: cat \.\/H130\.fsa_prokka\/\.\/H130\.fsa\.AMR\.tmp\.5299\.faa | parallel --gnu --plain -j 8 --block 155878 --recstart '>' --pipe blastp -query - -db /home/joshgb/anaconda3/envs/bio/db/kingdom/Bacteria/AMR -evalue 1e-300 -qcov_hsp_perc 90 -num_threads 1 -num_descriptions 1 -num_alignments 1 -seg no > \.\/H130\.fsa_prokka\/\.\/H130\.fsa\.AMR\.tmp\.5299\.blast 2> /dev/null
[11:35:06] Deleting unwanted file: ./H130.fsa_prokka/./H130.fsa.AMR.tmp.5299.faa
[11:35:06] Deleting unwanted file: ./H130.fsa_prokka/./H130.fsa.AMR.tmp.5299.blast
[11:35:14] There are still 8119 unannotated CDS left (started with 8193)
[11:35:14] Will use blast to search against /home/joshgb/anaconda3/envs/bio/db/kingdom/Bacteria/sprot with 8 CPUs
[11:35:14] Running: cat \.\/H130\.fsa_prokka\/\.\/H130\.fsa\.sprot\.tmp\.5299\.faa | parallel --gnu --plain -j 8 --block 155677 --recstart '>' --pipe blastp -query - -db /home/joshgb/anaconda3/envs/bio/db/kingdom/Bacteria/sprot -evalue 1e-09 -qcov_hsp_perc 80 -num_threads 1 -num_descriptions 1 -num_alignments 1 -seg no > \.\/H130\.fsa_prokka\/\.\/H130\.fsa\.sprot\.tmp\.5299\.blast 2> /dev/null
[11:39:10] Modify product: UPF0337 protein YjbJ => hypothetical protein
[11:39:10] Modify product: Probable 5-dehydro-4-deoxyglucarate dehydratase => putative 5-dehydro-4-deoxyglucarate dehydratase
[11:39:10] Modify product: Probable D,D-dipeptide-binding periplasmic protein DdpA => putative D,D-dipeptide-binding periplasmic protein DdpA
[11:39:10] Modify product: Probable D,D-dipeptide transport system permease protein DdpC => putative D,D-dipeptide transport system permease protein DdpC
[11:39:11] Modify product: Uncharacterized ABC transporter ATP-binding protein YknY => putative ABC transporter ATP-binding protein YknY
[11:39:11] Modify product: Purine-binding protein BAB2_0673 => Purine-binding protein
[11:39:11] Modify product: UPF0056 inner membrane protein MarC => hypothetical protein
[11:39:11] Modify product: Uncharacterized HTH-type transcriptional regulator Rv3095 => putative HTH-type transcriptional regulator
[11:39:11] Modify product: Putative hydro-lyase PSPTO_5379 => Putative hydro-lyase
[11:39:11] Modify product: Probable HTH-type transcriptional repressor ExuR => putative HTH-type transcriptional repressor ExuR
[11:39:11] Modify product: UPF0053 inner membrane protein YoaE => hypothetical protein
[11:39:11] Modify product: Uncharacterized metal-dependent hydrolase YcfH => putative metal-dependent hydrolase YcfH
[11:39:11] Modify product: Uncharacterized oxidoreductase SpyM50865 => putative oxidoreductase
[11:39:11] Modify product: Acetyltransferase SACOL1063 => Acetyltransferase
[11:39:11] Modify product: Uncharacterized N-acetyltransferase YsnE => putative N-acetyltransferase YsnE
[11:39:11] Modify product: Uncharacterized NTE family protein Rv1063c => putative NTE family protein
[11:39:11] Modify product: UPF0178 protein YaiI => hypothetical protein
[11:39:11] Modify product: Probable cysteine desulfurase => putative cysteine desulfurase
[11:39:11] Modify product: Probable ATP-dependent transporter SufC => putative ATP-dependent transporter SufC
[11:39:11] Modify product: Probable RNA 2'-phosphotransferase => putative RNA 2'-phosphotransferase
[11:39:11] Modify product: Uncharacterized protein RP812 => putative protein RP812
[11:39:11] Modify product: Uncharacterized protein YcjX => putative protein YcjX
[11:39:11] Modify product: UPF0283 membrane protein YcjF => hypothetical protein
[11:39:11] Modify product: Probable membrane transporter protein XF_0764 => putative membrane transporter protein
[11:39:11] Modify product: UPF0394 membrane protein XF_0765 => hypothetical protein
[11:39:11] Modify product: UPF0394 membrane protein XF_0766 => hypothetical protein
[11:39:11] Modify product: Uncharacterized HTH-type transcriptional regulator Rv1556 => putative HTH-type transcriptional regulator
[11:39:11] Modify product: Uncharacterized protein Rv0887c => putative protein
[11:39:11] Modify product: Putative HTH-type transcriptional regulator Rv1287 => Putative HTH-type transcriptional regulator
[11:39:11] Modify product: Probable multidrug-efflux transporter Rv1634 => putative multidrug-efflux transporter
[11:39:11] Modify product: Uncharacterized ABC transporter ATP-binding protein YheS => putative ABC transporter ATP-binding protein YheS
[11:39:11] Modify product: UPF0053 inner membrane protein YtfL => hypothetical protein
[11:39:11] Modify product: Probable transport protein HsrA => putative transport protein HsrA
[11:39:11] Modify product: UPF0073 inner membrane protein YqfA => hypothetical protein
[11:39:11] Modify product: Uncharacterized MFS-type transporter EfpA => putative MFS-type transporter EfpA
[11:39:11] Modify product: Uncharacterized HTH-type transcriptional regulator YxaF => putative HTH-type transcriptional regulator YxaF
[11:39:11] Modify product: Zinc-type alcohol dehydrogenase-like protein SA1988 => Zinc-type alcohol dehydrogenase-like protein
[11:39:11] Modify product: Uncharacterized protein YcbX => putative protein YcbX
[11:39:11] Modify product: Uncharacterized protein YedJ => putative protein YedJ
[11:39:11] Modify product: UPF0060 membrane protein YnfA => hypothetical protein
[11:39:11] Modify product: Uncharacterized oxidoreductase YciK => putative oxidoreductase YciK
[11:39:11] Modify product: UPF0701 protein HI_0467 => hypothetical protein
[11:39:11] Modify product: Uncharacterized ABC transporter ATP-binding protein YheS => putative ABC transporter ATP-binding protein YheS
[11:39:11] Modify product: UPF0126 inner membrane protein YadS => hypothetical protein
[11:39:11] Modify product: Nucleoid-associated protein HI_0442 => Nucleoid-associated protein
[11:39:11] Modify product: Uncharacterized sugar kinase YdjH => putative sugar kinase YdjH
[11:39:11] Modify product: Probable adenylyltransferase/sulfurtransferase MoeZ => putative adenylyltransferase/sulfurtransferase MoeZ
[11:39:11] Modify product: Uncharacterized signaling protein CC_0091 => putative signaling protein
[11:39:11] Modify product: Probable transcriptional regulator PhnF => putative transcriptional regulator PhnF
[11:39:11] Modify product: Uncharacterized ABC transporter ATP-binding protein YejF => putative ABC transporter ATP-binding protein YejF
[11:39:11] Modify product: Probable riboflavin import permease protein RfuD => putative riboflavin import permease protein RfuD
[11:39:11] Modify product: Uncharacterized aminopeptidase Rv1333 => putative aminopeptidase
[11:39:11] Modify product: Uncharacterized oxidoreductase SA2266 => putative oxidoreductase
[11:39:12] Modify product: UPF0102 protein RPA0323 => hypothetical protein
[11:39:12] Modify product: Uncharacterized transporter YycB => putative transporter YycB
[11:39:12] Modify product: Virulence protein STM3117 => Virulence protein
[11:39:12] Modify product: Uncharacterized hydrolase HI_0588 => putative hydrolase
[11:39:12] Modify product: Probable protein kinase UbiB => putative protein kinase UbiB
[11:39:12] Modify product: Probable enoyl-CoA hydratase echA8 => putative enoyl-CoA hydratase echA8
[11:39:12] Modify product: Probable lipid II flippase MurJ => putative lipid II flippase MurJ
[11:39:12] Modify product: Uncharacterized inner membrane transporter YedA => putative inner membrane transporter YedA
[11:39:12] Modify product: Uncharacterized protein Rv1998c => putative protein
[11:39:12] Modify product: Probable GTP-binding protein EngB => putative GTP-binding protein EngB
[11:39:12] Modify product: Uncharacterized signaling protein CC_0091 => putative signaling protein
[11:39:12] Modify product: Probable HTH-type transcriptional regulator LgoR => putative HTH-type transcriptional regulator LgoR
[11:39:12] Modify product: Probable copper-importing P-type ATPase A => putative copper-importing P-type ATPase A
[11:39:12] Modify product: Cytochrome c oxidase subunit 1 homolog, bacteroid => Cytochrome c oxidase subunit 1 , bacteroid
[11:39:12] Modify product: Uncharacterized protein HI_1162 => putative protein
[11:39:12] Modify product: Phosphate-specific transport system accessory protein PhoU homolog => Phosphate-specific transport system accessory protein PhoU 
[11:39:12] Modify product: Uncharacterized protein HI_1162 => putative protein
[11:39:12] Modify product: Probable L,D-transpeptidase YbiS => putative L,D-transpeptidase YbiS
[11:39:12] Modify product: Zinc-type alcohol dehydrogenase-like protein SA1988 => Zinc-type alcohol dehydrogenase-like protein
[11:39:12] Modify product: Leu/Ile/Val-binding protein homolog 3 => Leu/Ile/Val-binding protein 
[11:39:12] Modify product: Uncharacterized protein RP789 => putative protein RP789
[11:39:12] Modify product: Probable L-galactonate transporter => putative L-galactonate transporter
[11:39:12] Modify product: Uncharacterized HTH-type transcriptional regulator YybR => putative HTH-type transcriptional regulator YybR
[11:39:12] Modify product: Uncharacterized protein Rv2715 => putative protein
[11:39:12] Modify product: Acetyltransferase PA3944 => Acetyltransferase
[11:39:12] Modify product: Probable transcriptional repressor TraM => putative transcriptional repressor TraM
[11:39:12] Modify product: Probable transcriptional activator protein TraR => putative transcriptional activator protein TraR
[11:39:12] Modify product: Probable pyridine nucleotide-disulfide oxidoreductase RclA => putative pyridine nucleotide-disulfide oxidoreductase RclA
[11:39:12] Modify product: Uncharacterized protein Rv1260 => putative protein
[11:39:12] Modify product: Probable succinyl-CoA:3-ketoacid coenzyme A transferase subunit A => putative succinyl-CoA:3-ketoacid coenzyme A transferase subunit A
[11:39:12] Modify product: Probable succinyl-CoA:3-ketoacid coenzyme A transferase subunit B => putative succinyl-CoA:3-ketoacid coenzyme A transferase subunit B
[11:39:12] Modify product: Uncharacterized oxidoreductase SA2266 => putative oxidoreductase
[11:39:12] Modify product: Uncharacterized oxidoreductase YohF => putative oxidoreductase YohF
[11:39:12] Modify product: Probable L,D-transpeptidase YcbB => putative L,D-transpeptidase YcbB
[11:39:12] Modify product: Probable D-xylose utilization operon transcriptional repressor => putative D-xylose utilization operon transcriptional repressor
[11:39:12] Modify product: Probable 2,4-dienoyl-CoA reductase => putative 2,4-dienoyl-CoA reductase
[11:39:12] Modify product: Acetyltransferase PA3944 => Acetyltransferase
[11:39:12] Modify product: Uncharacterized protein YccU => putative protein YccU
[11:39:13] Modify product: Probable sugar-binding periplasmic protein => putative sugar-binding periplasmic protein
[11:39:13] Modify product: Probable cation-transporting ATPase F => putative cation-transporting ATPase F
[11:39:13] Modify product: Probable alcohol dehydrogenase AdhA => putative alcohol dehydrogenase AdhA
[11:39:13] Modify product: Probable propionate kinase => putative propionate kinase
[11:39:13] Modify product: Uncharacterized oxidoreductase SA2266 => putative oxidoreductase
[11:39:13] Modify product: Probable membrane transporter protein YfcA => putative membrane transporter protein YfcA
[11:39:13] Modify product: Putative cystathionine beta-synthase Rv1077 => Putative cystathionine beta-synthase
[11:39:13] Modify product: Probable nitrate transporter NarT => putative nitrate transporter NarT
[11:39:13] Modify product: Probable transcriptional regulatory protein pdtaR => putative transcriptional regulatory protein pdtaR
[11:39:13] Modify product: Solute-binding protein Bamb_6123 => Solute-binding protein
[11:39:13] Modify product: Uncharacterized ABC transporter ATP-binding protein HI_1470 => putative ABC transporter ATP-binding protein
[11:39:13] Modify product: Probable ABC transporter permease protein HI_1471 => putative ABC transporter permease protein
[11:39:13] Modify product: Probable soluble pyridine nucleotide transhydrogenase => putative soluble pyridine nucleotide transhydrogenase
[11:39:13] Modify product: UPF0173 metal-dependent hydrolase SA1529 => hypothetical protein
[11:39:13] Modify product: Probable ribonucleotide transport ATP-binding protein mkl => putative ribonucleotide transport ATP-binding protein mkl
[11:39:13] Modify product: Probable 3-phenylpropionic acid transporter => putative 3-phenylpropionic acid transporter
[11:39:13] Modify product: Probable transport protein HsrA => putative transport protein HsrA
[11:39:13] Modify product: Uncharacterized protein Atu1656 => putative protein
[11:39:13] Modify product: Putative multidrug export ATP-binding/permease protein SAV1866 => Putative multidrug export ATP-binding/permease protein
[11:39:13] Modify product: Uncharacterized ABC transporter ATP-binding protein YadG => putative ABC transporter ATP-binding protein YadG
[11:39:13] Modify product: Probable sugar-binding periplasmic protein => putative sugar-binding periplasmic protein
[11:39:13] Modify product: Acetyltransferase PA3944 => Acetyltransferase
[11:39:13] Modify product: Uncharacterized HTH-type transcriptional regulator Rv1985c => putative HTH-type transcriptional regulator
[11:39:13] Modify product: Probable sulfate transporter Rv1739c => putative sulfate transporter
[11:39:13] Modify product: Probable transport protein HsrA => putative transport protein HsrA
[11:39:13] Modify product: Uncharacterized acyl-CoA thioester hydrolase HI_0827 => putative acyl-CoA thioester hydrolase
[11:39:13] Modify product: Uncharacterized oxidoreductase SA2266 => putative oxidoreductase
[11:39:13] Modify product: Uncharacterized ABC transporter ATP-binding protein TM_0288 => putative ABC transporter ATP-binding protein
[11:39:13] Modify product: Uncharacterized ABC transporter ATP-binding protein YknY => putative ABC transporter ATP-binding protein YknY
[11:39:13] Modify product: Uncharacterized signaling protein CC_0091 => putative signaling protein
[11:39:13] Modify product: Uncharacterized protein YqjZ => putative protein YqjZ
[11:39:13] Modify product: Cytochrome b561 homolog 1 => Cytochrome b561 
[11:39:13] Modify product: Uncharacterized protein YyaP => putative protein YyaP
[11:39:13] Modify product: Putative acyltransferase Rv0859 => Putative acyltransferase
[11:39:13] Modify product: Probable N-acetyl-LL-diaminopimelate aminotransferase => putative N-acetyl-LL-diaminopimelate aminotransferase
[11:39:13] Modify product: Uncharacterized oxidoreductase CzcO => putative oxidoreductase CzcO
[11:39:13] Modify product: Chemotaxis protein CheY homolog => Chemotaxis protein CheY 
[11:39:13] Modify product: Chemotaxis protein CheY homolog => Chemotaxis protein CheY 
[11:39:13] Modify product: Bifunctional protein FolD => Bifunctional protein FolD protein
[11:39:13] Modify product: Uncharacterized protein HI_0933 => putative protein
[11:39:13] Modify product: PGL/p-HBAD biosynthesis glycosyltransferase Rv2957 => PGL/p-HBAD biosynthesis glycosyltransferase
[11:39:13] Modify product: Uncharacterized protein Rv1507c => putative protein
[11:39:14] Modify product: Probable transport protein HsrA => putative transport protein HsrA
[11:39:14] Modify product: Zinc-type alcohol dehydrogenase-like protein SA1988 => Zinc-type alcohol dehydrogenase-like protein
[11:39:14] Modify product: Uncharacterized FAD-linked oxidoreductase Rv2280 => putative FAD-linked oxidoreductase
[11:39:14] Modify product: Probable HTH-type transcriptional regulator LgoR => putative HTH-type transcriptional regulator LgoR
[11:39:14] Modify product: Uncharacterized signaling protein CC_0091 => putative signaling protein
[11:39:14] Modify product: Probable 2-dehydro-3-deoxygalactonokinase DgoK1 => putative 2-dehydro-3-deoxygalactonokinase DgoK1
[11:39:14] Modify product: Uncharacterized FAD-linked oxidoreductase Rv2280 => putative FAD-linked oxidoreductase
[11:39:14] Modify product: Uncharacterized HTH-type transcriptional regulator Rv3095 => putative HTH-type transcriptional regulator
[11:39:14] Modify product: Probable D-xylose utilization operon transcriptional repressor => putative D-xylose utilization operon transcriptional repressor
[11:39:14] Modify product: Probable tartrate dehydrogenase/decarboxylase TtuC => putative tartrate dehydrogenase/decarboxylase TtuC
[11:39:14] Modify product: Uncharacterized protein Rv2568c => putative protein
[11:39:14] Modify product: UPF0301 protein AlgH => hypothetical protein
[11:39:14] Modify product: Probable amino-acid permease protein YxeN => putative amino-acid permease protein YxeN
[11:39:14] Modify product: Probable amino-acid permease protein YxeN => putative amino-acid permease protein YxeN
[11:39:14] Modify product: Uncharacterized zinc protease Rv2782c => putative zinc protease
[11:39:14] Modify product: Probable protein adenylyltransferase Fic => putative protein adenylyltransferase Fic
[11:39:14] Modify product: Uncharacterized protein YcjY => putative protein YcjY
[11:39:14] Modify product: Probable manganese catalase => putative manganese catalase
[11:39:14] Modify product: Probable dipeptidase PepE => putative dipeptidase PepE
[11:39:14] Modify product: Uncharacterized oxidoreductase YjmC => putative oxidoreductase YjmC
[11:39:14] Modify product: Probable N-octanoylanthranilate hydrolase AqdA1 => putative N-octanoylanthranilate hydrolase AqdA1
[11:39:14] Modify product: Probable tartrate dehydrogenase/decarboxylase TtuC' => putative tartrate dehydrogenase/decarboxylase TtuC'
[11:39:14] Modify product: UPF0324 inner membrane protein YeiH => hypothetical protein
[11:39:14] Modify product: Probable D,D-dipeptide transport system permease protein DdpC => putative D,D-dipeptide transport system permease protein DdpC
[11:39:14] Modify product: Probable D,D-dipeptide-binding periplasmic protein DdpA => putative D,D-dipeptide-binding periplasmic protein DdpA
[11:39:14] Modify product: Probable 5-dehydro-4-deoxyglucarate dehydratase => putative 5-dehydro-4-deoxyglucarate dehydratase
[11:39:14] Modify product: Probable ABC transporter-binding protein DR_1438 => putative ABC transporter-binding protein
[11:39:14] Modify product: Probable glutamine ABC transporter permease protein GlnM => putative glutamine ABC transporter permease protein GlnM
[11:39:14] Modify product: UPF0719 inner membrane protein YjfL => hypothetical protein
[11:39:14] Modify product: UPF0053 inner membrane protein YtfL => hypothetical protein
[11:39:14] Modify product: Probable chromate transport protein => putative chromate transport protein
[11:39:14] Modify product: Uncharacterized protein HI_0131 => putative protein
[11:39:14] Modify product: Uncharacterized glycosyltransferase sll0501 => putative glycosyltransferase
[11:39:14] Modify product: NADH dehydrogenase-like protein SAOUHSC_00878 => NADH dehydrogenase-like protein
[11:39:14] Modify product: Uncharacterized FAD-linked oxidoreductase Rv2280 => putative FAD-linked oxidoreductase
[11:39:14] Modify product: Probable lipoprotein YiaD => putative lipoprotein YiaD
[11:39:14] Modify product: Stress response UPF0229 protein YhbH => hypothetical protein
[11:39:14] Modify product: Uncharacterized protein YyaP => putative protein YyaP
[11:39:14] Modify product: Probable peptidoglycan glycosyltransferase FtsW => putative peptidoglycan glycosyltransferase FtsW
[11:39:14] Modify product: Probable peptidoglycan D,D-transpeptidase FtsI => putative peptidoglycan D,D-transpeptidase FtsI
[11:39:14] Modify product: Uncharacterized inner membrane transporter YedA => putative inner membrane transporter YedA
[11:39:14] Modify product: Uncharacterized protein YbaA => putative protein YbaA
[11:39:14] Modify product: Uncharacterized protein YqeY => putative protein YqeY
[11:39:14] Modify product: Probable chaperone CsaA => putative chaperone CsaA
[11:39:14] Modify product: Putative multidrug export ATP-binding/permease protein SAV1866 => Putative multidrug export ATP-binding/permease protein
[11:39:15] Modify product: Cyclic di-GMP phosphodiesterase PA4108 => Cyclic di-GMP phosphodiesterase
[11:39:15] Modify product: Leu/Ile/Val-binding protein homolog 3 => Leu/Ile/Val-binding protein 
[11:39:15] Modify product: Probable 2-dehydro-3-deoxy-D-pentonate aldolase YjhH => putative 2-dehydro-3-deoxy-D-pentonate aldolase YjhH
[11:39:15] Modify product: Uncharacterized protein YhaZ => putative protein YhaZ
[11:39:15] Modify product: Uncharacterized ABC transporter permease Rv0072 => putative ABC transporter permease
[11:39:15] Modify product: Uncharacterized protein Rv2411c => putative protein
[11:39:15] Modify product: Uncharacterized protein Rv2569c => putative protein
[11:39:15] Modify product: UPF0194 membrane protein YbhG => hypothetical protein
[11:39:15] Modify product: Probable multidrug ABC transporter ATP-binding protein YbhF => putative multidrug ABC transporter ATP-binding protein YbhF
[11:39:15] Modify product: Probable multidrug ABC transporter permease YbhS => putative multidrug ABC transporter permease YbhS
[11:39:15] Modify product: Probable multidrug ABC transporter permease YbhR => putative multidrug ABC transporter permease YbhR
[11:39:15] Modify product: Leu/Ile/Val-binding protein homolog 3 => Leu/Ile/Val-binding protein 
[11:39:15] Modify product: Probable amino-acid import ATP-binding protein YxeO => putative amino-acid import ATP-binding protein YxeO
[11:39:15] Modify product: Uncharacterized protein YjdJ => putative protein YjdJ
[11:39:15] Modify product: Probable FMNH2-dependent monooxygenase SfnC => putative FMNH2-dependent monooxygenase SfnC
[11:39:15] Modify product: Probable HTH-type transcriptional repressor ExuR => putative HTH-type transcriptional repressor ExuR
[11:39:15] Modify product: Probable ABC transporter-binding protein DR_1438 => putative ABC transporter-binding protein
[11:39:15] Modify product: Uncharacterized sugar kinase YdjH => putative sugar kinase YdjH
[11:39:15] Modify product: Uncharacterized sugar transferase EpsL => putative sugar transferase EpsL
[11:39:15] Modify product: D-galactonate dehydratase family member SBI_01856 => D-galactonate dehydratase family member
[11:39:15] Modify product: UPF0065 protein in clcB-clcD intergenic region => hypothetical protein
[11:39:15] Modify product: Uncharacterized signaling protein CC_0091 => putative signaling protein
[11:39:15] Modify product: Probable transcriptional regulatory protein aq_1575 => putative transcriptional regulatory protein
[11:39:15] Modify product: Putative multidrug export ATP-binding/permease protein SAV1866 => Putative multidrug export ATP-binding/permease protein
[11:39:15] Modify product: UPF0065 protein in clcB-clcD intergenic region => hypothetical protein
[11:39:15] Modify product: UPF0339 protein Atu0232 => hypothetical protein
[11:39:15] Modify product: HTH-type transcriptional regulator Rv2034 => HTH-type transcriptional regulator
[11:39:15] Modify product: UPF0335 protein CCNA_03428 => hypothetical protein
[11:39:15] Modify product: Uncharacterized protein Rv2567 => putative protein
[11:39:15] Modify product: Uncharacterized protein Rv2569c => putative protein
[11:39:15] Modify product: Probable enoyl-CoA hydratase 1 => putative enoyl-CoA hydratase 1
[11:39:15] Modify product: Uncharacterized HTH-type transcriptional regulator YtcD => putative HTH-type transcriptional regulator YtcD
[11:39:15] Modify product: Uncharacterized ABC transporter ATP-binding protein YejF => putative ABC transporter ATP-binding protein YejF
[11:39:15] Modify product: Probable L,D-transpeptidase ErfK/SrfK => putative L,D-transpeptidase ErfK/SrfK
[11:39:15] Modify product: Putative peptide transport permease protein Rv1282c => Putative peptide transport permease protein
[11:39:15] Modify product: Glycogen operon protein GlgX homolog => Glycogen operon protein GlgX 
[11:39:15] Modify product: Probable cardiolipin synthase YwiE => putative cardiolipin synthase YwiE
[11:39:15] Modify product: Probable pyridine nucleotide-disulfide oxidoreductase RclA => putative pyridine nucleotide-disulfide oxidoreductase RclA
[11:39:15] Modify product: Probable 3-hydroxyisobutyrate dehydrogenase => putative 3-hydroxyisobutyrate dehydrogenase
[11:39:15] Modify product: Probable ECF RNA polymerase sigma factor SigI => putative ECF RNA polymerase sigma factor SigI
[11:39:15] Modify product: Deacetylase Oant_2987 => Deacetylase
[11:39:15] Modify product: Probable D,D-dipeptide transport system permease protein DdpC => putative D,D-dipeptide transport system permease protein DdpC
[11:39:15] Modify product: Acetyltransferase PA3944 => Acetyltransferase
[11:39:15] Modify product: Zinc-type alcohol dehydrogenase-like protein SA1988 => Zinc-type alcohol dehydrogenase-like protein
[11:39:15] Modify product: Uncharacterized HTH-type transcriptional regulator Rv3095 => putative HTH-type transcriptional regulator
[11:39:16] Modify product: 60 kDa SS-A/Ro ribonucleoprotein homolog => 60 kDa SS-A/Ro ribonucleoprotein 
[11:39:16] Modify product: UPF0053 inner membrane protein YoaE => hypothetical protein
[11:39:16] Modify product: Probable efflux pump membrane transporter TtgB => putative efflux pump membrane transporter TtgB
[11:39:16] Modify product: Uncharacterized protein YphB => putative protein YphB
[11:39:16] Modify product: Probable bifunctional transcriptional activator/DNA repair enzyme AlkA => putative bifunctional transcriptional activator/DNA repair enzyme AlkA
[11:39:16] Modify product: Probable 3-hydroxybutyryl-CoA dehydrogenase => putative 3-hydroxybutyryl-CoA dehydrogenase
[11:39:16] Modify product: UPF0053 inner membrane protein YfjD => hypothetical protein
[11:39:16] Modify product: Solute-binding protein Bpro_3107 => Solute-binding protein
[11:39:16] Modify product: Uncharacterized amino acid permease YhdG => putative amino acid permease YhdG
[11:39:16] Modify product: Putative formate dehydrogenase SA2102 => Putative formate dehydrogenase
[11:39:16] Modify product: Putative peptide transport permease protein Rv1282c => Putative peptide transport permease protein
[11:39:16] Modify product: Uncharacterized oxidoreductase YgfF => putative oxidoreductase YgfF
[11:39:16] Modify product: Uncharacterized protein HI_1028 => putative protein
[11:39:16] Modify product: Putative low molecular weight protein-tyrosine-phosphatase slr0328 => Putative low molecular weight protein-tyrosine-phosphatase
[11:39:16] Modify product: Uncharacterized oxidoreductase MSMEG_2408/MSMEI_2347 => putative oxidoreductase/MSMEI_2347
[11:39:16] Modify product: UPF0434 protein NMA0874 => hypothetical protein
[11:39:16] Modify product: Uncharacterized protein Rv3292 => putative protein
[11:39:16] Modify product: UPF0309 protein BH3325 => hypothetical protein
[11:39:16] Modify product: Probable D,D-dipeptide transport system permease protein DdpC => putative D,D-dipeptide transport system permease protein DdpC
[11:39:16] Modify product: Probable D,D-dipeptide-binding periplasmic protein DdpA => putative D,D-dipeptide-binding periplasmic protein DdpA
[11:39:16] Modify product: Multifunctional alkaline phosphatase superfamily protein pRL90232 => Multifunctional alkaline phosphatase superfamily protein
[11:39:16] Modify product: Uncharacterized protein Rv0887c => putative protein
[11:39:16] Modify product: Uncharacterized ABC transporter ATP-binding protein Rv0986 => putative ABC transporter ATP-binding protein
[11:39:16] Modify product: Protease HtpX homolog => Protease HtpX 
[11:39:16] Modify product: Cytochrome c oxidase subunit 1 homolog, bacteroid => Cytochrome c oxidase subunit 1 , bacteroid
[11:39:16] Modify product: Probable copper-importing P-type ATPase A => putative copper-importing P-type ATPase A
[11:39:16] Modify product: Probable flavin reductase => putative flavin reductase
[11:39:16] Modify product: Uncharacterized DapA-like lyase => putative DapA-like lyase
[11:39:16] Modify product: Probable dipeptidase PepE => putative dipeptidase PepE
[11:39:16] Modify product: Uncharacterized oxidoreductase Rv1144 => putative oxidoreductase
[11:39:16] Modify product: Probable methylxanthine N7-demethylase NdmC => putative methylxanthine N7-demethylase NdmC
[11:39:16] Modify product: Purine-binding protein BAB2_0673 => Purine-binding protein
[11:39:16] Modify product: Probable riboflavin import permease protein RfuC => putative riboflavin import permease protein RfuC
[11:39:16] Modify product: Purine-binding protein BAB2_0673 => Purine-binding protein
[11:39:16] Modify product: Probable riboflavin import permease protein RfuC => putative riboflavin import permease protein RfuC
[11:39:16] Modify product: Probable riboflavin import permease protein RfuD => putative riboflavin import permease protein RfuD
[11:39:16] Modify product: Probable glutamine ABC transporter permease protein GlnP => putative glutamine ABC transporter permease protein GlnP
[11:39:16] Modify product: Probable sugar-binding periplasmic protein => putative sugar-binding periplasmic protein
[11:39:17] Modify product: Uncharacterized protein Rv2008c => putative protein
[11:39:17] Modify product: Uncharacterized protein Rv2008c => putative protein
[11:39:17] Modify product: Zinc-type alcohol dehydrogenase-like protein SA1988 => Zinc-type alcohol dehydrogenase-like protein
[11:39:17] Modify product: Probable 5-dehydro-4-deoxyglucarate dehydratase => putative 5-dehydro-4-deoxyglucarate dehydratase
[11:39:17] Modify product: Probable D,D-dipeptide transport system permease protein DdpC => putative D,D-dipeptide transport system permease protein DdpC
[11:39:17] Modify product: Cyclic di-GMP phosphodiesterase PA4108 => Cyclic di-GMP phosphodiesterase
[11:39:17] Modify product: Uncharacterized GMC-type oxidoreductase Rv1279 => putative GMC-type oxidoreductase
[11:39:17] Modify product: Probable 2-dehydro-3-deoxy-D-pentonate aldolase YjhH => putative 2-dehydro-3-deoxy-D-pentonate aldolase YjhH
[11:39:17] Modify product: Uncharacterized acyl--CoA ligase YhfT => putative acyl--CoA ligase YhfT
[11:39:17] Modify product: Probable acetyl-CoA acyltransferase => putative acetyl-CoA acyltransferase
[11:39:17] Modify product: Monocarboxylate 2-oxoacid-binding periplasmic protein all3028 => Monocarboxylate 2-oxoacid-binding periplasmic protein
[11:39:17] Modify product: Probable N-methylproline demethylase => putative N-methylproline demethylase
[11:39:17] Modify product: Uncharacterized oxidoreductase SA2266 => putative oxidoreductase
[11:39:17] Modify product: Probable dipeptidase PepE => putative dipeptidase PepE
[11:39:17] Modify product: Uncharacterized oxidoreductase YjmC => putative oxidoreductase YjmC
[11:39:17] Modify product: Probable N-octanoylanthranilate hydrolase AqdA1 => putative N-octanoylanthranilate hydrolase AqdA1
[11:39:17] Modify product: Probable tartrate dehydrogenase/decarboxylase TtuC' => putative tartrate dehydrogenase/decarboxylase TtuC'
[11:39:17] Modify product: UPF0324 inner membrane protein YeiH => hypothetical protein
[11:39:17] Modify product: Probable D,D-dipeptide transport system permease protein DdpC => putative D,D-dipeptide transport system permease protein DdpC
[11:39:17] Modify product: Probable D,D-dipeptide-binding periplasmic protein DdpA => putative D,D-dipeptide-binding periplasmic protein DdpA
[11:39:17] Modify product: Probable 5-dehydro-4-deoxyglucarate dehydratase => putative 5-dehydro-4-deoxyglucarate dehydratase
[11:39:17] Modify product: Probable ABC transporter-binding protein DR_1438 => putative ABC transporter-binding protein
[11:39:17] Modify product: Probable glutamine ABC transporter permease protein GlnM => putative glutamine ABC transporter permease protein GlnM
[11:39:17] Modify product: UPF0719 inner membrane protein YjfL => hypothetical protein
[11:39:17] Modify product: Probable copper-importing P-type ATPase A => putative copper-importing P-type ATPase A
[11:39:17] Modify product: Cytochrome c oxidase subunit 1 homolog, bacteroid => Cytochrome c oxidase subunit 1 , bacteroid
[11:39:17] Modify product: Peptidoglycan-N-acetylglucosamine deacetylase BC_3618 => Peptidoglycan-N-acetylglucosamine deacetylase
[11:39:17] Modify product: Probable enoyl-CoA hydratase 1 => putative enoyl-CoA hydratase 1
[11:39:17] Modify product: Probable efflux pump outer membrane protein TtgC => putative efflux pump outer membrane protein TtgC
[11:39:17] Modify product: Uncharacterized protein Rv2004c => putative protein
[11:39:17] Modify product: Uncharacterized protein Rv2004c => putative protein
[11:39:17] Modify product: Putative phosphoribosyl transferase Rv0571c => Putative phosphoribosyl transferase
[11:39:17] Modify product: Uncharacterized ABC transporter ATP-binding protein YheS => putative ABC transporter ATP-binding protein YheS
[11:39:17] Modify product: Probable cystine transporter YijE => putative cystine transporter YijE
[11:39:18] Modify product: Putative thiamine biosynthesis protein HI_0357 => Putative thiamine biosynthesis protein
[11:39:18] Modify product: Probable nicotinate-nucleotide pyrophosphorylase [carboxylating] => putative nicotinate-nucleotide pyrophosphorylase [carboxylating]
[11:39:18] Modify product: Uncharacterized ABC transporter ATP-binding protein TM_0288 => putative ABC transporter ATP-binding protein
[11:39:18] Modify product: Putative multidrug export ATP-binding/permease protein SAV1866 => Putative multidrug export ATP-binding/permease protein
[11:39:18] Modify product: Uncharacterized NTE family protein Rv2565 => putative NTE family protein
[11:39:18] Modify product: Putative multidrug export ATP-binding/permease protein SAV1866 => Putative multidrug export ATP-binding/permease protein
[11:39:18] Modify product: Probable acetoacetate decarboxylase => putative acetoacetate decarboxylase
[11:39:18] Modify product: Probable D,D-dipeptide transport system permease protein DdpC => putative D,D-dipeptide transport system permease protein DdpC
[11:39:18] Modify product: Multifunctional alkaline phosphatase superfamily protein pRL90232 => Multifunctional alkaline phosphatase superfamily protein
[11:39:18] Modify product: Leu/Ile/Val-binding protein homolog 3 => Leu/Ile/Val-binding protein 
[11:39:18] Modify product: Probable ABC transporter ATP-binding/permease protein HI_0664 => putative ABC transporter ATP-binding/permease protein
[11:39:18] Modify product: Uncharacterized ABC transporter ATP-binding protein Rv0986 => putative ABC transporter ATP-binding protein
[11:39:18] Modify product: Uncharacterized FAD-linked oxidoreductase Rv2280 => putative FAD-linked oxidoreductase
[11:39:18] Modify product: Uncharacterized MFS-type transporter YcaD => putative MFS-type transporter YcaD
[11:39:18] Modify product: Putative hydrolase MSMEG_3995/MSMEI_3903 => Putative hydrolase/MSMEI_3903
[11:39:18] Modify product: Probable D,D-dipeptide transport system permease protein DdpC => putative D,D-dipeptide transport system permease protein DdpC
[11:39:18] Modify product: Uncharacterized FAD-linked oxidoreductase Rv2280 => putative FAD-linked oxidoreductase
[11:39:18] Cleaned 312 /product names
[11:39:18] Deleting unwanted file: ./H130.fsa_prokka/./H130.fsa.sprot.tmp.5299.faa
[11:39:18] Deleting unwanted file: ./H130.fsa_prokka/./H130.fsa.sprot.tmp.5299.blast
[11:39:22] There are still 4366 unannotated CDS left (started with 8193)
[11:39:22] Will use hmmer3 to search against /home/joshgb/anaconda3/envs/bio/db/hmm/HAMAP.hmm with 8 CPUs
[11:39:22] Running: cat \.\/H130\.fsa_prokka\/\.\/H130\.fsa\.HAMAP\.hmm\.tmp\.5299\.faa | parallel --gnu --plain -j 8 --block 73557 --recstart '>' --pipe hmmscan --noali --notextw --acc -E 1e-09 --cpu 1 /home/joshgb/anaconda3/envs/bio/db/hmm/HAMAP.hmm /dev/stdin > \.\/H130\.fsa_prokka\/\.\/H130\.fsa\.HAMAP\.hmm\.tmp\.5299\.hmmer3 2> /dev/null
[11:40:24] Modify product: Uncharacterized MFS-type transporter YcaD => putative MFS-type transporter YcaD
[11:40:24] Modify product: Uncharacterized MFS-type transporter YcaD => putative MFS-type transporter YcaD
[11:40:25] Modify product: Uncharacterized Nudix hydrolase NudL => putative Nudix hydrolase NudL
[11:40:25] Modify product: Uncharacterized MFS-type transporter YcaD => putative MFS-type transporter YcaD
[11:40:25] Cleaned 4 /product names
[11:40:25] Deleting unwanted file: ./H130.fsa_prokka/./H130.fsa.HAMAP.hmm.tmp.5299.faa
[11:40:25] Deleting unwanted file: ./H130.fsa_prokka/./H130.fsa.HAMAP.hmm.tmp.5299.hmmer3
[11:40:25] Labelling remaining 3836 proteins as 'hypothetical protein'
[11:40:25] Possible /pseudo 'HTH-type transcriptional regulator HdfR' at C13 position 75993
[11:40:25] Possible /pseudo 'Lactonase drp35' at C13 position 98810
[11:40:25] Possible /pseudo 'Peroxyureidoacrylate/ureidoacrylate amidohydrolase RutB' at C30 position 65461
[11:40:25] Possible /pseudo 'IS5 family transposase IS869' at C32 position 51786
[11:40:25] Possible /pseudo 'DNA-directed RNA polymerase subunit beta'' at C47 position 14936
[11:40:25] Possible /pseudo 'Sensor histidine kinase RcsC' at C8 position 165993
[11:40:25] Possible /pseudo 'D-galactonate dehydratase' at C8 position 254502
[11:40:25] Possible /pseudo 'Response regulator protein TmoT' at C8 position 259210
[11:40:25] Possible /pseudo 'L-cystine transport system permease protein YecS' at C8 position 347596
[11:40:25] Possible /pseudo 'DNA primase TraC' at C80 position 1672
[11:40:25] Possible /pseudo 'UDP-glucose 4-epimerase' at Cchr position 30499
[11:40:25] Possible /pseudo 'UDP-glucose 4-epimerase' at Cchr position 534133
[11:40:25] Possible /pseudo 'Sorbitol dehydrogenase' at Cchr position 629266
[11:40:25] Possible /pseudo 'Non-homologous end joining protein Ku' at Cchr position 646160
[11:40:25] Possible /pseudo 'Flagellin' at Cchr position 698143
[11:40:25] Possible /pseudo 'Flagellin' at Cchr position 699296
[11:40:25] Possible /pseudo 'Flagellin' at Cchr position 700508
[11:40:25] Possible /pseudo 'HTH-type transcriptional regulator DmlR' at Cchr position 838991
[11:40:25] Possible /pseudo 'putative amino-acid permease protein YxeN' at Cchr position 1035157
[11:40:25] Possible /pseudo 'IS3 family transposase ISKpn11' at Cchr position 1103452
[11:40:25] Possible /pseudo 'Ribose import permease protein RbsC' at Cchr position 2056524
[11:40:25] Possible /pseudo 'Bicyclomycin resistance protein' at Cchr position 2625504
[11:40:25] Possible /pseudo '3'(2'),5'-bisphosphate nucleotidase CysQ' at Cchr position 2627840
[11:40:25] Possible /pseudo 'IS3 family transposase ISKpn11' at Cchr position 2824693
[11:40:25] Possible /pseudo 'IS3 family transposase ISKpn11' at Cchr position 2825520
[11:40:25] Possible /pseudo 'Sensor histidine kinase RcsC' at Cchr position 2909959
[11:40:25] Possible /pseudo 'L-cystine transport system permease protein YecS' at Cchr position 2948161
[11:40:25] Possible /pseudo 'Putative protein-methionine-sulfoxide reductase subunit YedZ1' at Cchr position 3060481
[11:40:25] Possible /pseudo 'Monomeric sarcosine oxidase' at Cchr position 3362368
[11:40:25] Possible /pseudo 'Cytochrome b/c1' at Cchr position 3538606
[11:40:25] Possible /pseudo 'tRNA 5-methylaminomethyl-2-thiouridine biosynthesis bifunctional protein MnmC' at Cchr position 3654365
[11:40:25] Possible /pseudo 'Manganese transport system membrane protein MntB' at Cchr position 3992043
[11:40:25] Possible /pseudo 'putative protein' at Cchr position 4189994
[11:40:25] Possible /pseudo 'L-cystine transport system permease protein YecS' at Cchr position 4535424
[11:40:25] Possible /pseudo 'Catabolite control protein A' at CpRL10 position 88750
[11:40:25] Possible /pseudo 'IS3 family transposase ISKpn11' at CpRL11 position 1836
[11:40:25] Possible /pseudo 'Non-homologous end joining protein Ku' at CpRL11 position 14315
[11:40:25] Possible /pseudo 'putative protein' at CpRL11 position 18236
[11:40:25] Possible /pseudo 'Tyrosine recombinase XerC' at CpRL11 position 191350
[11:40:25] Possible /pseudo 'IS3 family transposase ISKpn11' at CpRL11 position 399724
[11:40:25] Possible /pseudo 'HTH-type transcriptional repressor GlaR' at CpRL11 position 722672
[11:40:25] Possible /pseudo 'L-cystine transport system permease protein YecS' at CpRL11 position 727816
[11:40:25] Possible /pseudo 'Dibenzothiophene desulfurization enzyme C' at CpRL12 position 76796
[11:40:25] Possible /pseudo '3-oxoacyl-[acyl-carrier-protein] reductase FabG' at CpRL12 position 246472
[11:40:25] Possible /pseudo 'Ribose import permease protein RbsC' at CpRL12 position 423358
[11:40:25] Possible /pseudo 'IS3 family transposase ISAtu5' at CpRL12 position 579573
[11:40:25] Possible /pseudo 'IS110 family transposase ISMno14' at CpRL12 position 582344
[11:40:25] Possible /pseudo 'Glycine betaine transport system permease protein OpuAB' at CpRL12 position 644388
[11:40:25] Possible /pseudo 'Sensor histidine kinase RcsC' at CpRL12 position 862378
[11:40:25] Possible /pseudo 'D-galactonate dehydratase' at CpRL12 position 950887
[11:40:25] Possible /pseudo 'Response regulator protein TmoT' at CpRL12 position 955595
[11:40:25] Possible /pseudo 'L-cystine transport system permease protein YecS' at CpRL12 position 1043981
[11:40:25] Possible /pseudo 'IS3 family transposase ISKpn11' at CpRL9 position 889
[11:40:25] Possible /pseudo 'IS5 family transposase ISRel13' at CpRL9 position 108861
[11:40:25] Possible /pseudo 'IS5 family transposase ISNGR9' at CpRL9 position 131375
[11:40:25] Possible /pseudo 'D-inositol-3-phosphate glycosyltransferase' at CpRL9 position 328955
[11:40:25] Found 2138 unique /gene codes.
[11:40:25] Fixed 4 duplicate /gene - aroE_1 aroE_2 aroE_3 aroE_4
[11:40:25] Fixed 2 duplicate /gene - ptsN_1 ptsN_2
[11:40:25] Fixed 2 duplicate /gene - linF_1 linF_2
[11:40:25] Fixed 2 duplicate /gene - glnG_1 glnG_2
[11:40:25] Fixed 2 duplicate /gene - hilA_1 hilA_2
[11:40:25] Fixed 4 duplicate /gene - dnaJ_1 dnaJ_2 dnaJ_3 dnaJ_4
[11:40:25] Fixed 2 duplicate /gene - gmd_1 gmd_2
[11:40:25] Fixed 2 duplicate /gene - pld1_1 pld1_2
[11:40:25] Fixed 2 duplicate /gene - iolU_1 iolU_2
[11:40:25] Fixed 5 duplicate /gene - nagR_1 nagR_2 nagR_3 nagR_4 nagR_5
[11:40:25] Fixed 5 duplicate /gene - davD_1 davD_2 davD_3 davD_4 davD_5
[11:40:25] Fixed 3 duplicate /gene - cysA_1 cysA_2 cysA_3
[11:40:25] Fixed 2 duplicate /gene - purC_1 purC_2
[11:40:25] Fixed 5 duplicate /gene - oxyR_1 oxyR_2 oxyR_3 oxyR_4 oxyR_5
[11:40:25] Fixed 2 duplicate /gene - macA_1 macA_2
[11:40:25] Fixed 4 duplicate /gene - galE_1 galE_2 galE_3 galE_4
[11:40:25] Fixed 2 duplicate /gene - artJ_1 artJ_2
[11:40:25] Fixed 2 duplicate /gene - phnM_1 phnM_2
[11:40:25] Fixed 2 duplicate /gene - proA_1 proA_2
[11:40:25] Fixed 19 duplicate /gene - gsiC_1 gsiC_2 gsiC_3 gsiC_4 gsiC_5 gsiC_6 gsiC_7 gsiC_8 gsiC_9 gsiC_10 gsiC_11 gsiC_12 gsiC_13 gsiC_14 gsiC_15 gsiC_16 gsiC_17 gsiC_18 gsiC_19
[11:40:25] Fixed 6 duplicate /gene - iolS_1 iolS_2 iolS_3 iolS_4 iolS_5 iolS_6
[11:40:25] Fixed 7 duplicate /gene - rafR_1 rafR_2 rafR_3 rafR_4 rafR_5 rafR_6 rafR_7
[11:40:25] Fixed 6 duplicate /gene - dasC_1 dasC_2 dasC_3 dasC_4 dasC_5 dasC_6
[11:40:25] Fixed 4 duplicate /gene - slyA_1 slyA_2 slyA_3 slyA_4
[11:40:25] Fixed 7 duplicate /gene - rutB_1 rutB_2 rutB_3 rutB_4 rutB_5 rutB_6 rutB_7
[11:40:25] Fixed 2 duplicate /gene - wbgU_1 wbgU_2
[11:40:25] Fixed 6 duplicate /gene - COQ3_1 COQ3_2 COQ3_3 COQ3_4 COQ3_5 COQ3_6
[11:40:25] Fixed 2 duplicate /gene - pcaJ_1 pcaJ_2
[11:40:25] Fixed 5 duplicate /gene - mglA_1 mglA_2 mglA_3 mglA_4 mglA_5
[11:40:25] Fixed 4 duplicate /gene - mdtE_1 mdtE_2 mdtE_3 mdtE_4
[11:40:25] Fixed 2 duplicate /gene - xynB_1 xynB_2
[11:40:25] Fixed 2 duplicate /gene - apaH_1 apaH_2
[11:40:25] Fixed 3 duplicate /gene - rpoE_1 rpoE_2 rpoE_3
[11:40:25] Fixed 3 duplicate /gene - ntaA_1 ntaA_2 ntaA_3
[11:40:25] Fixed 2 duplicate /gene - nsrR_1 nsrR_2
[11:40:25] Fixed 2 duplicate /gene - puuD_1 puuD_2
[11:40:25] Fixed 2 duplicate /gene - argF_1 argF_2
[11:40:25] Fixed 5 duplicate /gene - pal_1 pal_2 pal_3 pal_4 pal_5
[11:40:25] Fixed 34 duplicate /gene - dmlR_1 dmlR_2 dmlR_3 dmlR_4 dmlR_5 dmlR_6 dmlR_7 dmlR_8 dmlR_9 dmlR_10 dmlR_11 dmlR_12 dmlR_13 dmlR_14 dmlR_15 dmlR_16 dmlR_17 dmlR_18 dmlR_19 dmlR_20 dmlR_21 dmlR_22 dmlR_23 dmlR_24 dmlR_25 dmlR_26 dmlR_27 dmlR_28 dmlR_29 dmlR_30 dmlR_31 dmlR_32 dmlR_33 dmlR_34
[11:40:25] Fixed 2 duplicate /gene - phzF_1 phzF_2
[11:40:25] Fixed 4 duplicate /gene - alkJ_1 alkJ_2 alkJ_3 alkJ_4
[11:40:25] Fixed 2 duplicate /gene - hmrR_1 hmrR_2
[11:40:25] Fixed 3 duplicate /gene - gnl_1 gnl_2 gnl_3
[11:40:25] Fixed 4 duplicate /gene - groL5_1 groL5_2 groL5_3 groL5_4
[11:40:25] Fixed 27 duplicate /gene - ugpC_1 ugpC_2 ugpC_3 ugpC_4 ugpC_5 ugpC_6 ugpC_7 ugpC_8 ugpC_9 ugpC_10 ugpC_11 ugpC_12 ugpC_13 ugpC_14 ugpC_15 ugpC_16 ugpC_17 ugpC_18 ugpC_19 ugpC_20 ugpC_21 ugpC_22 ugpC_23 ugpC_24 ugpC_25 ugpC_26 ugpC_27
[11:40:25] Fixed 2 duplicate /gene - alaS_1 alaS_2
[11:40:25] Fixed 4 duplicate /gene - lolD_1 lolD_2 lolD_3 lolD_4
[11:40:25] Fixed 12 duplicate /gene - livF_1 livF_2 livF_3 livF_4 livF_5 livF_6 livF_7 livF_8 livF_9 livF_10 livF_11 livF_12
[11:40:25] Fixed 10 duplicate /gene - dapA_1 dapA_2 dapA_3 dapA_4 dapA_5 dapA_6 dapA_7 dapA_8 dapA_9 dapA_10
[11:40:25] Fixed 2 duplicate /gene - ilvA_1 ilvA_2
[11:40:25] Fixed 2 duplicate /gene - moaA_1 moaA_2
[11:40:25] Fixed 5 duplicate /gene - carA_1 carA_2 carA_3 carA_4 carA_5
[11:40:25] Fixed 2 duplicate /gene - prs_1 prs_2
[11:40:25] Fixed 2 duplicate /gene - rfbB_1 rfbB_2
[11:40:25] Fixed 2 duplicate /gene - bdhA_1 bdhA_2
[11:40:25] Fixed 2 duplicate /gene - sfnF_1 sfnF_2
[11:40:25] Fixed 6 duplicate /gene - potA_1 potA_2 potA_3 potA_4 potA_5 potA_6
[11:40:25] Fixed 2 duplicate /gene - ampC_1 ampC_2
[11:40:25] Fixed 2 duplicate /gene - yejF_1 yejF_2
[11:40:25] Fixed 2 duplicate /gene - gatA_1 gatA_2
[11:40:25] Fixed 2 duplicate /gene - pcaF_1 pcaF_2
[11:40:25] Fixed 2 duplicate /gene - malL_1 malL_2
[11:40:25] Fixed 2 duplicate /gene - degP_1 degP_2
[11:40:25] Fixed 2 duplicate /gene - rihA_1 rihA_2
[11:40:25] Fixed 2 duplicate /gene - yedY1_1 yedY1_2
[11:40:25] Fixed 2 duplicate /gene - dnaK_1 dnaK_2
[11:40:25] Fixed 2 duplicate /gene - ygiC_1 ygiC_2
[11:40:25] Fixed 2 duplicate /gene - zwf_1 zwf_2
[11:40:25] Fixed 2 duplicate /gene - thpA_1 thpA_2
[11:40:25] Fixed 3 duplicate /gene - ropA_1 ropA_2 ropA_3
[11:40:25] Fixed 3 duplicate /gene - occM_1 occM_2 occM_3
[11:40:25] Fixed 4 duplicate /gene - glgB_1 glgB_2 glgB_3 glgB_4
[11:40:25] Fixed 2 duplicate /gene - dppC_1 dppC_2
[11:40:25] Fixed 2 duplicate /gene - araD_1 araD_2
[11:40:25] Fixed 2 duplicate /gene - cynT_1 cynT_2
[11:40:25] Fixed 2 duplicate /gene - cutS_1 cutS_2
[11:40:25] Fixed 3 duplicate /gene - udh_1 udh_2 udh_3
[11:40:25] Fixed 2 duplicate /gene - thiE_1 thiE_2
[11:40:25] Fixed 2 duplicate /gene - thpR_1 thpR_2
[11:40:25] Fixed 2 duplicate /gene - tgnD_1 tgnD_2
[11:40:25] Fixed 3 duplicate /gene - betB_1 betB_2 betB_3
[11:40:25] Fixed 2 duplicate /gene - cnbA_1 cnbA_2
[11:40:25] Fixed 4 duplicate /gene - fabF_1 fabF_2 fabF_3 fabF_4
[11:40:25] Fixed 7 duplicate /gene - ligD_1 ligD_2 ligD_3 ligD_4 ligD_5 ligD_6 ligD_7
[11:40:25] Fixed 3 duplicate /gene - arsC_1 arsC_2 arsC_3
[11:40:25] Fixed 4 duplicate /gene - hyuA_1 hyuA_2 hyuA_3 hyuA_4
[11:40:25] Fixed 4 duplicate /gene - occP_1 occP_2 occP_3 occP_4
[11:40:25] Fixed 2 duplicate /gene - dctA_1 dctA_2
[11:40:25] Fixed 2 duplicate /gene - glgE_1 glgE_2
[11:40:25] Fixed 8 duplicate /gene - rbsB_1 rbsB_2 rbsB_3 rbsB_4 rbsB_5 rbsB_6 rbsB_7 rbsB_8
[11:40:25] Fixed 8 duplicate /gene - mdtA_1 mdtA_2 mdtA_3 mdtA_4 mdtA_5 mdtA_6 mdtA_7 mdtA_8
[11:40:25] Fixed 2 duplicate /gene - carB_1 carB_2
[11:40:25] Fixed 2 duplicate /gene - glpK_1 glpK_2
[11:40:25] Fixed 2 duplicate /gene - dapB_1 dapB_2
[11:40:25] Fixed 2 duplicate /gene - ilvB_1 ilvB_2
[11:40:25] Fixed 2 duplicate /gene - yedK_1 yedK_2
[11:40:25] Fixed 4 duplicate /gene - dapE_1 dapE_2 dapE_3 dapE_4
[11:40:25] Fixed 3 duplicate /gene - ilvE_1 ilvE_2 ilvE_3
[11:40:25] Fixed 3 duplicate /gene - cheY_1 cheY_2 cheY_3
[11:40:25] Fixed 2 duplicate /gene - otnK_1 otnK_2
[11:40:25] Fixed 2 duplicate /gene - msrB_1 msrB_2
[11:40:25] Fixed 2 duplicate /gene - ribB_1 ribB_2
[11:40:25] Fixed 2 duplicate /gene - arsH_1 arsH_2
[11:40:25] Fixed 7 duplicate /gene - tmoT_1 tmoT_2 tmoT_3 tmoT_4 tmoT_5 tmoT_6 tmoT_7
[11:40:25] Fixed 2 duplicate /gene - xynR_1 xynR_2
[11:40:25] Fixed 4 duplicate /gene - groS5_1 groS5_2 groS5_3 groS5_4
[11:40:25] Fixed 2 duplicate /gene - gpmA_1 gpmA_2
[11:40:25] Fixed 2 duplicate /gene - cutM_1 cutM_2
[11:40:25] Fixed 2 duplicate /gene - aroA_1 aroA_2
[11:40:25] Fixed 2 duplicate /gene - trmR_1 trmR_2
[11:40:25] Fixed 3 duplicate /gene - chrR_1 chrR_2 chrR_3
[11:40:25] Fixed 2 duplicate /gene - rnhA_1 rnhA_2
[11:40:25] Fixed 4 duplicate /gene - catD_1 catD_2 catD_3 catD_4
[11:40:25] Fixed 2 duplicate /gene - msrP_1 msrP_2
[11:40:25] Fixed 2 duplicate /gene - cysE_1 cysE_2
[11:40:25] Fixed 2 duplicate /gene - panB_1 panB_2
[11:40:25] Fixed 6 duplicate /gene - xylH_1 xylH_2 xylH_3 xylH_4 xylH_5 xylH_6
[11:40:25] Fixed 6 duplicate /gene - gltR_1 gltR_2 gltR_3 gltR_4 gltR_5 gltR_6
[11:40:25] Fixed 2 duplicate /gene - macB_1 macB_2
[11:40:25] Fixed 4 duplicate /gene - stp_1 stp_2 stp_3 stp_4
[11:40:25] Fixed 2 duplicate /gene - fruK_1 fruK_2
[11:40:25] Fixed 5 duplicate /gene - oppC_1 oppC_2 oppC_3 oppC_4 oppC_5
[11:40:25] Fixed 2 duplicate /gene - degU_1 degU_2
[11:40:25] Fixed 6 duplicate /gene - noc_1 noc_2 noc_3 noc_4 noc_5 noc_6
[11:40:25] Fixed 2 duplicate /gene - acdA_1 acdA_2
[11:40:25] Fixed 3 duplicate /gene - qseB_1 qseB_2 qseB_3
[11:40:25] Fixed 2 duplicate /gene - nicC_1 nicC_2
[11:40:25] Fixed 2 duplicate /gene - lacZ_1 lacZ_2
[11:40:25] Fixed 2 duplicate /gene - maa_1 maa_2
[11:40:25] Fixed 2 duplicate /gene - accA1_1 accA1_2
[11:40:25] Fixed 19 duplicate /gene - rbsA_1 rbsA_2 rbsA_3 rbsA_4 rbsA_5 rbsA_6 rbsA_7 rbsA_8 rbsA_9 rbsA_10 rbsA_11 rbsA_12 rbsA_13 rbsA_14 rbsA_15 rbsA_16 rbsA_17 rbsA_18 rbsA_19
[11:40:25] Fixed 2 duplicate /gene - rnd_1 rnd_2
[11:40:25] Fixed 4 duplicate /gene - rbtD_1 rbtD_2 rbtD_3 rbtD_4
[11:40:25] Fixed 3 duplicate /gene - nagL_1 nagL_2 nagL_3
[11:40:25] Fixed 2 duplicate /gene - dctB_1 dctB_2
[11:40:25] Fixed 2 duplicate /gene - pcrA_1 pcrA_2
[11:40:25] Fixed 2 duplicate /gene - iolB_1 iolB_2
[11:40:25] Fixed 7 duplicate /gene - degA_1 degA_2 degA_3 degA_4 degA_5 degA_6 degA_7
[11:40:25] Fixed 2 duplicate /gene - yhjE_1 yhjE_2
[11:40:25] Fixed 2 duplicate /gene - acrB_1 acrB_2
[11:40:25] Fixed 6 duplicate /gene - sugC_1 sugC_2 sugC_3 sugC_4 sugC_5 sugC_6
[11:40:25] Fixed 2 duplicate /gene - ftsZ_1 ftsZ_2
[11:40:25] Fixed 2 duplicate /gene - mgtA_1 mgtA_2
[11:40:25] Fixed 2 duplicate /gene - kynB_1 kynB_2
[11:40:25] Fixed 6 duplicate /gene - iolE_1 iolE_2 iolE_3 iolE_4 iolE_5 iolE_6
[11:40:25] Fixed 2 duplicate /gene - lgoR_1 lgoR_2
[11:40:25] Fixed 2 duplicate /gene - garD_1 garD_2
[11:40:25] Fixed 4 duplicate /gene - dctM_1 dctM_2 dctM_3 dctM_4
[11:40:25] Fixed 2 duplicate /gene - ccmE_1 ccmE_2
[11:40:25] Fixed 3 duplicate /gene - betA_1 betA_2 betA_3
[11:40:25] Fixed 6 duplicate /gene - ssuB_1 ssuB_2 ssuB_3 ssuB_4 ssuB_5 ssuB_6
[11:40:25] Fixed 2 duplicate /gene - rffG_1 rffG_2
[11:40:25] Fixed 3 duplicate /gene - lsrF_1 lsrF_2 lsrF_3
[11:40:25] Fixed 2 duplicate /gene - mntH_1 mntH_2
[11:40:25] Fixed 4 duplicate /gene - amiC_1 amiC_2 amiC_3 amiC_4
[11:40:25] Fixed 3 duplicate /gene - apsD_1 apsD_2 apsD_3
[11:40:25] Fixed 4 duplicate /gene - bpoC_1 bpoC_2 bpoC_3 bpoC_4
[11:40:25] Fixed 2 duplicate /gene - cyoC_1 cyoC_2
[11:40:25] Fixed 3 duplicate /gene - tspO_1 tspO_2 tspO_3
[11:40:25] Fixed 2 duplicate /gene - pntB_1 pntB_2
[11:40:25] Fixed 2 duplicate /gene - nifK_1 nifK_2
[11:40:25] Fixed 5 duplicate /gene - acsA_1 acsA_2 acsA_3 acsA_4 acsA_5
[11:40:25] Fixed 2 duplicate /gene - baiA_1 baiA_2
[11:40:25] Fixed 2 duplicate /gene - rfuD_1 rfuD_2
[11:40:25] Fixed 3 duplicate /gene - flgE_1 flgE_2 flgE_3
[11:40:25] Fixed 4 duplicate /gene - ddpA_1 ddpA_2 ddpA_3 ddpA_4
[11:40:25] Fixed 2 duplicate /gene - yknY_1 yknY_2
[11:40:25] Fixed 2 duplicate /gene - ahcY_1 ahcY_2
[11:40:25] Fixed 2 duplicate /gene - paoD_1 paoD_2
[11:40:25] Fixed 2 duplicate /gene - dxs_1 dxs_2
[11:40:25] Fixed 14 duplicate /gene - lacF_1 lacF_2 lacF_3 lacF_4 lacF_5 lacF_6 lacF_7 lacF_8 lacF_9 lacF_10 lacF_11 lacF_12 lacF_13 lacF_14
[11:40:25] Fixed 3 duplicate /gene - copA_1 copA_2 copA_3
[11:40:25] Fixed 2 duplicate /gene - pspA_1 pspA_2
[11:40:25] Fixed 2 duplicate /gene - mepA_1 mepA_2
[11:40:25] Fixed 2 duplicate /gene - cysL_1 cysL_2
[11:40:25] Fixed 6 duplicate /gene - potB_1 potB_2 potB_3 potB_4 potB_5 potB_6
[11:40:25] Fixed 4 duplicate /gene - bepF_1 bepF_2 bepF_3 bepF_4
[11:40:25] Fixed 2 duplicate /gene - xylG_1 xylG_2
[11:40:25] Fixed 5 duplicate /gene - decR_1 decR_2 decR_3 decR_4 decR_5
[11:40:25] Fixed 3 duplicate /gene - rbsR_1 rbsR_2 rbsR_3
[11:40:25] Fixed 2 duplicate /gene - soxB_1 soxB_2
[11:40:25] Fixed 5 duplicate /gene - emrB_1 emrB_2 emrB_3 emrB_4 emrB_5
[11:40:25] Fixed 2 duplicate /gene - atpB_1 atpB_2
[11:40:25] Fixed 2 duplicate /gene - yyaP_1 yyaP_2
[11:40:25] Fixed 3 duplicate /gene - hmuU_1 hmuU_2 hmuU_3
[11:40:25] Fixed 3 duplicate /gene - lyx_1 lyx_2 lyx_3
[11:40:25] Fixed 3 duplicate /gene - azoR_1 azoR_2 azoR_3
[11:40:25] Fixed 2 duplicate /gene - dadD_1 dadD_2
[11:40:25] Fixed 2 duplicate /gene - kefF_1 kefF_2
[11:40:25] Fixed 2 duplicate /gene - def_1 def_2
[11:40:25] Fixed 2 duplicate /gene - tufA_1 tufA_2
[11:40:25] Fixed 2 duplicate /gene - hemA_1 hemA_2
[11:40:25] Fixed 2 duplicate /gene - kaiC_1 kaiC_2
[11:40:25] Fixed 2 duplicate /gene - lacE_1 lacE_2
[11:40:25] Fixed 7 duplicate /gene - arnC_1 arnC_2 arnC_3 arnC_4 arnC_5 arnC_6 arnC_7
[11:40:25] Fixed 2 duplicate /gene - gloA_1 gloA_2
[11:40:25] Fixed 4 duplicate /gene - bcr_1 bcr_2 bcr_3 bcr_4
[11:40:25] Fixed 5 duplicate /gene - naiP_1 naiP_2 naiP_3 naiP_4 naiP_5
[11:40:25] Fixed 9 duplicate /gene - cspA_1 cspA_2 cspA_3 cspA_4 cspA_5 cspA_6 cspA_7 cspA_8 cspA_9
[11:40:25] Fixed 3 duplicate /gene - hexR_1 hexR_2 hexR_3
[11:40:25] Fixed 2 duplicate /gene - dnaA_1 dnaA_2
[11:40:25] Fixed 2 duplicate /gene - bdlA_1 bdlA_2
[11:40:25] Fixed 2 duplicate /gene - yteT_1 yteT_2
[11:40:25] Fixed 4 duplicate /gene - ybjJ_1 ybjJ_2 ybjJ_3 ybjJ_4
[11:40:25] Fixed 2 duplicate /gene - exoI_1 exoI_2
[11:40:25] Fixed 3 duplicate /gene - abo_1 abo_2 abo_3
[11:40:25] Fixed 2 duplicate /gene - lsrB_1 lsrB_2
[11:40:25] Fixed 4 duplicate /gene - araC_1 araC_2 araC_3 araC_4
[11:40:25] Fixed 3 duplicate /gene - dppD_1 dppD_2 dppD_3
[11:40:25] Fixed 2 duplicate /gene - tgnC_1 tgnC_2
[11:40:25] Fixed 3 duplicate /gene - ulaR_1 ulaR_2 ulaR_3
[11:40:25] Fixed 2 duplicate /gene - nodD2_1 nodD2_2
[11:40:25] Fixed 2 duplicate /gene - pstB_1 pstB_2
[11:40:25] Fixed 2 duplicate /gene - iscR_1 iscR_2
[11:40:25] Fixed 2 duplicate /gene - osmV_1 osmV_2
[11:40:25] Fixed 2 duplicate /gene - yqjF_1 yqjF_2
[11:40:25] Fixed 2 duplicate /gene - ligC_1 ligC_2
[11:40:25] Fixed 2 duplicate /gene - prmC_1 prmC_2
[11:40:25] Fixed 2 duplicate /gene - deoR_1 deoR_2
[11:40:25] Fixed 3 duplicate /gene - nagZ_1 nagZ_2 nagZ_3
[11:40:25] Fixed 2 duplicate /gene - cntB_1 cntB_2
[11:40:25] Fixed 2 duplicate /gene - mshD_1 mshD_2
[11:40:25] Fixed 2 duplicate /gene - peb1A_1 peb1A_2
[11:40:25] Fixed 6 duplicate /gene - cysQ_1 cysQ_2 cysQ_3 cysQ_4 cysQ_5 cysQ_6
[11:40:25] Fixed 2 duplicate /gene - pcaR_1 pcaR_2
[11:40:25] Fixed 3 duplicate /gene - lrpC_1 lrpC_2 lrpC_3
[11:40:25] Fixed 2 duplicate /gene - lcdH_1 lcdH_2
[11:40:25] Fixed 2 duplicate /gene - glk_1 glk_2
[11:40:25] Fixed 2 duplicate /gene - ugl_1 ugl_2
[11:40:25] Fixed 2 duplicate /gene - sigH_1 sigH_2
[11:40:25] Fixed 2 duplicate /gene - yxeN_1 yxeN_2
[11:40:25] Fixed 3 duplicate /gene - pxpC_1 pxpC_2 pxpC_3
[11:40:25] Fixed 2 duplicate /gene - dinB_1 dinB_2
[11:40:25] Fixed 27 duplicate /gene - pgrR_1 pgrR_2 pgrR_3 pgrR_4 pgrR_5 pgrR_6 pgrR_7 pgrR_8 pgrR_9 pgrR_10 pgrR_11 pgrR_12 pgrR_13 pgrR_14 pgrR_15 pgrR_16 pgrR_17 pgrR_18 pgrR_19 pgrR_20 pgrR_21 pgrR_22 pgrR_23 pgrR_24 pgrR_25 pgrR_26 pgrR_27
[11:40:25] Fixed 3 duplicate /gene - imuB_1 imuB_2 imuB_3
[11:40:25] Fixed 3 duplicate /gene - IMPDH_1 IMPDH_2 IMPDH_3
[11:40:25] Fixed 2 duplicate /gene - rapA2_1 rapA2_2
[11:40:25] Fixed 2 duplicate /gene - ompA_1 ompA_2
[11:40:25] Fixed 2 duplicate /gene - melR_1 melR_2
[11:40:25] Fixed 4 duplicate /gene - gno_1 gno_2 gno_3 gno_4
[11:40:25] Fixed 2 duplicate /gene - bcpA_1 bcpA_2
[11:40:25] Fixed 2 duplicate /gene - ybhN_1 ybhN_2
[11:40:25] Fixed 14 duplicate /gene - gsiD_1 gsiD_2 gsiD_3 gsiD_4 gsiD_5 gsiD_6 gsiD_7 gsiD_8 gsiD_9 gsiD_10 gsiD_11 gsiD_12 gsiD_13 gsiD_14
[11:40:25] Fixed 2 duplicate /gene - hrp1_1 hrp1_2
[11:40:25] Fixed 2 duplicate /gene - chaA_1 chaA_2
[11:40:25] Fixed 2 duplicate /gene - nagK_1 nagK_2
[11:40:25] Fixed 3 duplicate /gene - budB_1 budB_2 budB_3
[11:40:25] Fixed 3 duplicate /gene - menH_1 menH_2 menH_3
[11:40:25] Fixed 2 duplicate /gene - exuR_1 exuR_2
[11:40:25] Fixed 6 duplicate /gene - gph_1 gph_2 gph_3 gph_4 gph_5 gph_6
[11:40:25] Fixed 2 duplicate /gene - paaF_1 paaF_2
[11:40:25] Fixed 3 duplicate /gene - puuC_1 puuC_2 puuC_3
[11:40:25] Fixed 2 duplicate /gene - uxuA_1 uxuA_2
[11:40:25] Fixed 3 duplicate /gene - dmoA_1 dmoA_2 dmoA_3
[11:40:25] Fixed 2 duplicate /gene - griI_1 griI_2
[11:40:25] Fixed 5 duplicate /gene - hcaR_1 hcaR_2 hcaR_3 hcaR_4 hcaR_5
[11:40:25] Fixed 4 duplicate /gene - eryB_1 eryB_2 eryB_3 eryB_4
[11:40:25] Fixed 6 duplicate /gene - ycjP_1 ycjP_2 ycjP_3 ycjP_4 ycjP_5 ycjP_6
[11:40:25] Fixed 4 duplicate /gene - dadA1_1 dadA1_2 dadA1_3 dadA1_4
[11:40:25] Fixed 7 duplicate /gene - ompR_1 ompR_2 ompR_3 ompR_4 ompR_5 ompR_6 ompR_7
[11:40:25] Fixed 4 duplicate /gene - melA_1 melA_2 melA_3 melA_4
[11:40:25] Fixed 3 duplicate /gene - lldD_1 lldD_2 lldD_3
[11:40:25] Fixed 3 duplicate /gene - dksA_1 dksA_2 dksA_3
[11:40:25] Fixed 2 duplicate /gene - prsD_1 prsD_2
[11:40:25] Fixed 2 duplicate /gene - rlmB_1 rlmB_2
[11:40:25] Fixed 2 duplicate /gene - hadL_1 hadL_2
[11:40:25] Fixed 2 duplicate /gene - araG_1 araG_2
[11:40:25] Fixed 2 duplicate /gene - yesR_1 yesR_2
[11:40:25] Fixed 3 duplicate /gene - cckA_1 cckA_2 cckA_3
[11:40:25] Fixed 2 duplicate /gene - malQ_1 malQ_2
[11:40:25] Fixed 4 duplicate /gene - azoB_1 azoB_2 azoB_3 azoB_4
[11:40:25] Fixed 2 duplicate /gene - psuG_1 psuG_2
[11:40:25] Fixed 4 duplicate /gene - fixK_1 fixK_2 fixK_3 fixK_4
[11:40:25] Fixed 4 duplicate /gene - yihV_1 yihV_2 yihV_3 yihV_4
[11:40:25] Fixed 2 duplicate /gene - golD_1 golD_2
[11:40:25] Fixed 2 duplicate /gene - aroQ_1 aroQ_2
[11:40:25] Fixed 9 duplicate /gene - bdcA_1 bdcA_2 bdcA_3 bdcA_4 bdcA_5 bdcA_6 bdcA_7 bdcA_8 bdcA_9
[11:40:25] Fixed 2 duplicate /gene - amiD_1 amiD_2
[11:40:25] Fixed 13 duplicate /gene - rhaS_1 rhaS_2 rhaS_3 rhaS_4 rhaS_5 rhaS_6 rhaS_7 rhaS_8 rhaS_9 rhaS_10 rhaS_11 rhaS_12 rhaS_13
[11:40:25] Fixed 2 duplicate /gene - yjmC_1 yjmC_2
[11:40:25] Fixed 3 duplicate /gene - flhA_1 flhA_2 flhA_3
[11:40:25] Fixed 2 duplicate /gene - thiK_1 thiK_2
[11:40:25] Fixed 2 duplicate /gene - rfuC_1 rfuC_2
[11:40:25] Fixed 2 duplicate /gene - gloB_1 gloB_2
[11:40:25] Fixed 3 duplicate /gene - tcyB_1 tcyB_2 tcyB_3
[11:40:25] Fixed 3 duplicate /gene - mpdB_1 mpdB_2 mpdB_3
[11:40:25] Fixed 2 duplicate /gene - lsrR_1 lsrR_2
[11:40:25] Fixed 2 duplicate /gene - alsE_1 alsE_2
[11:40:25] Fixed 7 duplicate /gene - hisC_1 hisC_2 hisC_3 hisC_4 hisC_5 hisC_6 hisC_7
[11:40:25] Fixed 2 duplicate /gene - tdcB_1 tdcB_2
[11:40:25] Fixed 2 duplicate /gene - nodM_1 nodM_2
[11:40:25] Fixed 3 duplicate /gene - maiA_1 maiA_2 maiA_3
[11:40:25] Fixed 3 duplicate /gene - rbsK_1 rbsK_2 rbsK_3
[11:40:25] Fixed 4 duplicate /gene - paoC_1 paoC_2 paoC_3 paoC_4
[11:40:25] Fixed 2 duplicate /gene - mlhB_1 mlhB_2
[11:40:25] Fixed 5 duplicate /gene - bepA_1 bepA_2 bepA_3 bepA_4 bepA_5
[11:40:25] Fixed 8 duplicate /gene - rspR_1 rspR_2 rspR_3 rspR_4 rspR_5 rspR_6 rspR_7 rspR_8
[11:40:25] Fixed 4 duplicate /gene - appA_1 appA_2 appA_3 appA_4
[11:40:25] Fixed 3 duplicate /gene - proV_1 proV_2 proV_3
[11:40:25] Fixed 4 duplicate /gene - soxA_1 soxA_2 soxA_3 soxA_4
[11:40:25] Fixed 7 duplicate /gene - emrA_1 emrA_2 emrA_3 emrA_4 emrA_5 emrA_6 emrA_7
[11:40:25] Fixed 2 duplicate /gene - malT_1 malT_2
[11:40:25] Fixed 11 duplicate /gene - lrp_1 lrp_2 lrp_3 lrp_4 lrp_5 lrp_6 lrp_7 lrp_8 lrp_9 lrp_10 lrp_11
[11:40:25] Fixed 4 duplicate /gene - opuAB_1 opuAB_2 opuAB_3 opuAB_4
[11:40:25] Fixed 2 duplicate /gene - argE_1 argE_2
[11:40:25] Fixed 8 duplicate /gene - rhaR_1 rhaR_2 rhaR_3 rhaR_4 rhaR_5 rhaR_6 rhaR_7 rhaR_8
[11:40:25] Fixed 3 duplicate /gene - entS_1 entS_2 entS_3
[11:40:25] Fixed 3 duplicate /gene - araH_1 araH_2 araH_3
[11:40:25] Fixed 3 duplicate /gene - xthA_1 xthA_2 xthA_3
[11:40:25] Fixed 2 duplicate /gene - lig_1 lig_2
[11:40:25] Fixed 2 duplicate /gene - hyi_1 hyi_2
[11:40:25] Fixed 4 duplicate /gene - ttuB_1 ttuB_2 ttuB_3 ttuB_4
[11:40:25] Fixed 2 duplicate /gene - fghA_1 fghA_2
[11:40:25] Fixed 2 duplicate /gene - kdsB_1 kdsB_2
[11:40:25] Fixed 2 duplicate /gene - mltF_1 mltF_2
[11:40:25] Fixed 2 duplicate /gene - arcB_1 arcB_2
[11:40:25] Fixed 4 duplicate /gene - glpR_1 glpR_2 glpR_3 glpR_4
[11:40:25] Fixed 2 duplicate /gene - nrsF_1 nrsF_2
[11:40:25] Fixed 13 duplicate /gene - malK_1 malK_2 malK_3 malK_4 malK_5 malK_6 malK_7 malK_8 malK_9 malK_10 malK_11 malK_12 malK_13
[11:40:25] Fixed 3 duplicate /gene - tam_1 tam_2 tam_3
[11:40:25] Fixed 2 duplicate /gene - swrC_1 swrC_2
[11:40:25] Fixed 2 duplicate /gene - thlA_1 thlA_2
[11:40:25] Fixed 4 duplicate /gene - gbpR_1 gbpR_2 gbpR_3 gbpR_4
[11:40:25] Fixed 5 duplicate /gene - ade_1 ade_2 ade_3 ade_4 ade_5
[11:40:25] Fixed 2 duplicate /gene - pgsA_1 pgsA_2
[11:40:25] Fixed 3 duplicate /gene - argP_1 argP_2 argP_3
[11:40:25] Fixed 2 duplicate /gene - yedA_1 yedA_2
[11:40:25] Fixed 6 duplicate /gene - yciC_1 yciC_2 yciC_3 yciC_4 yciC_5 yciC_6
[11:40:25] Fixed 2 duplicate /gene - dmdC_1 dmdC_2
[11:40:25] Fixed 3 duplicate /gene - rhtC_1 rhtC_2 rhtC_3
[11:40:25] Fixed 3 duplicate /gene - ngcF_1 ngcF_2 ngcF_3
[11:40:25] Fixed 12 duplicate /gene - hdfR_1 hdfR_2 hdfR_3 hdfR_4 hdfR_5 hdfR_6 hdfR_7 hdfR_8 hdfR_9 hdfR_10 hdfR_11 hdfR_12
[11:40:25] Fixed 3 duplicate /gene - rutF_1 rutF_2 rutF_3
[11:40:25] Fixed 2 duplicate /gene - pyrE_1 pyrE_2
[11:40:25] Fixed 8 duplicate /gene - hcaB_1 hcaB_2 hcaB_3 hcaB_4 hcaB_5 hcaB_6 hcaB_7 hcaB_8
[11:40:25] Fixed 3 duplicate /gene - fecE_1 fecE_2 fecE_3
[11:40:25] Fixed 2 duplicate /gene - pstS_1 pstS_2
[11:40:25] Fixed 2 duplicate /gene - csqR_1 csqR_2
[11:40:25] Fixed 16 duplicate /gene - oppD_1 oppD_2 oppD_3 oppD_4 oppD_5 oppD_6 oppD_7 oppD_8 oppD_9 oppD_10 oppD_11 oppD_12 oppD_13 oppD_14 oppD_15 oppD_16
[11:40:25] Fixed 2 duplicate /gene - hutU_1 hutU_2
[11:40:25] Fixed 3 duplicate /gene - yhbO_1 yhbO_2 yhbO_3
[11:40:25] Fixed 2 duplicate /gene - degQ_1 degQ_2
[11:40:25] Fixed 4 duplicate /gene - ku_1 ku_2 ku_3 ku_4
[11:40:25] Fixed 2 duplicate /gene - thi4_1 thi4_2
[11:40:25] Fixed 3 duplicate /gene - todT_1 todT_2 todT_3
[11:40:25] Fixed 3 duplicate /gene - accC_1 accC_2 accC_3
[11:40:25] Fixed 6 duplicate /gene - traC_1 traC_2 traC_3 traC_4 traC_5 traC_6
[11:40:25] Fixed 3 duplicate /gene - pepE_1 pepE_2 pepE_3
[11:40:25] Fixed 5 duplicate /gene - nagC_1 nagC_2 nagC_3 nagC_4 nagC_5
[11:40:25] Fixed 2 duplicate /gene - ttuD_1 ttuD_2
[11:40:25] Fixed 5 duplicate /gene - yesO_1 yesO_2 yesO_3 yesO_4 yesO_5
[11:40:25] Fixed 7 duplicate /gene - adh1_1 adh1_2 adh1_3 adh1_4 adh1_5 adh1_6 adh1_7
[11:40:25] Fixed 15 duplicate /gene - melD_1 melD_2 melD_3 melD_4 melD_5 melD_6 melD_7 melD_8 melD_9 melD_10 melD_11 melD_12 melD_13 melD_14 melD_15
[11:40:25] Fixed 6 duplicate /gene - ugpA_1 ugpA_2 ugpA_3 ugpA_4 ugpA_5 ugpA_6
[11:40:25] Fixed 7 duplicate /gene - purR_1 purR_2 purR_3 purR_4 purR_5 purR_6 purR_7
[11:40:25] Fixed 2 duplicate /gene - leuE_1 leuE_2
[11:40:25] Fixed 2 duplicate /gene - cheR_1 cheR_2
[11:40:25] Fixed 2 duplicate /gene - tdh_1 tdh_2
[11:40:25] Fixed 8 duplicate /gene - lutR_1 lutR_2 lutR_3 lutR_4 lutR_5 lutR_6 lutR_7 lutR_8
[11:40:25] Fixed 27 duplicate /gene - sasA_1 sasA_2 sasA_3 sasA_4 sasA_5 sasA_6 sasA_7 sasA_8 sasA_9 sasA_10 sasA_11 sasA_12 sasA_13 sasA_14 sasA_15 sasA_16 sasA_17 sasA_18 sasA_19 sasA_20 sasA_21 sasA_22 sasA_23 sasA_24 sasA_25 sasA_26 sasA_27
[11:40:25] Fixed 2 duplicate /gene - ggt_1 ggt_2
[11:40:25] Fixed 2 duplicate /gene - rob_1 rob_2
[11:40:25] Fixed 4 duplicate /gene - glnP_1 glnP_2 glnP_3 glnP_4
[11:40:25] Fixed 2 duplicate /gene - mnmG_1 mnmG_2
[11:40:25] Fixed 3 duplicate /gene - rpsU_1 rpsU_2 rpsU_3
[11:40:25] Fixed 2 duplicate /gene - mmcO_1 mmcO_2
[11:40:25] Fixed 2 duplicate /gene - ydfG_1 ydfG_2
[11:40:25] Fixed 4 duplicate /gene - srlR_1 srlR_2 srlR_3 srlR_4
[11:40:25] Fixed 7 duplicate /gene - araQ_1 araQ_2 araQ_3 araQ_4 araQ_5 araQ_6 araQ_7
[11:40:25] Fixed 3 duplicate /gene - proC_1 proC_2 proC_3
[11:40:25] Fixed 2 duplicate /gene - allB_1 allB_2
[11:40:25] Fixed 17 duplicate /gene - gsiA_1 gsiA_2 gsiA_3 gsiA_4 gsiA_5 gsiA_6 gsiA_7 gsiA_8 gsiA_9 gsiA_10 gsiA_11 gsiA_12 gsiA_13 gsiA_14 gsiA_15 gsiA_16 gsiA_17
[11:40:25] Fixed 4 duplicate /gene - hsrA_1 hsrA_2 hsrA_3 hsrA_4
[11:40:25] Fixed 2 duplicate /gene - dasA_1 dasA_2
[11:40:25] Fixed 2 duplicate /gene - aqdA1_1 aqdA1_2
[11:40:25] Fixed 2 duplicate /gene - ndvB_1 ndvB_2
[11:40:25] Fixed 11 duplicate /gene - ydcV_1 ydcV_2 ydcV_3 ydcV_4 ydcV_5 ydcV_6 ydcV_7 ydcV_8 ydcV_9 ydcV_10 ydcV_11
[11:40:25] Fixed 7 duplicate /gene - gntR_1 gntR_2 gntR_3 gntR_4 gntR_5 gntR_6 gntR_7
[11:40:25] Fixed 3 duplicate /gene - yieH_1 yieH_2 yieH_3
[11:40:25] Fixed 9 duplicate /gene - ngcG_1 ngcG_2 ngcG_3 ngcG_4 ngcG_5 ngcG_6 ngcG_7 ngcG_8 ngcG_9
[11:40:25] Fixed 2 duplicate /gene - qseC_1 qseC_2
[11:40:25] Fixed 4 duplicate /gene - hipO_1 hipO_2 hipO_3 hipO_4
[11:40:25] Fixed 7 duplicate /gene - ribX_1 ribX_2 ribX_3 ribX_4 ribX_5 ribX_6 ribX_7
[11:40:25] Fixed 2 duplicate /gene - cheA_1 cheA_2
[11:40:25] Fixed 2 duplicate /gene - ubiL_1 ubiL_2
[11:40:25] Fixed 8 duplicate /gene - xerC_1 xerC_2 xerC_3 xerC_4 xerC_5 xerC_6 xerC_7 xerC_8
[11:40:25] Fixed 3 duplicate /gene - glxR_1 glxR_2 glxR_3
[11:40:25] Fixed 4 duplicate /gene - lldR_1 lldR_2 lldR_3 lldR_4
[11:40:25] Fixed 2 duplicate /gene - glnM_1 glnM_2
[11:40:25] Fixed 3 duplicate /gene - ptsJ_1 ptsJ_2 ptsJ_3
[11:40:25] Fixed 2 duplicate /gene - oppB_1 oppB_2
[11:40:25] Fixed 5 duplicate /gene - nanR_1 nanR_2 nanR_3 nanR_4 nanR_5
[11:40:25] Fixed 7 duplicate /gene - mshA_1 mshA_2 mshA_3 mshA_4 mshA_5 mshA_6 mshA_7
[11:40:25] Fixed 2 duplicate /gene - purU_1 purU_2
[11:40:25] Fixed 3 duplicate /gene - gcvT_1 gcvT_2 gcvT_3
[11:40:25] Fixed 13 duplicate /gene - sugB_1 sugB_2 sugB_3 sugB_4 sugB_5 sugB_6 sugB_7 sugB_8 sugB_9 sugB_10 sugB_11 sugB_12 sugB_13
[11:40:25] Fixed 2 duplicate /gene - chqB_1 chqB_2
[11:40:25] Fixed 2 duplicate /gene - tenA_1 tenA_2
[11:40:25] Fixed 7 duplicate /gene - dppA_1 dppA_2 dppA_3 dppA_4 dppA_5 dppA_6 dppA_7
[11:40:25] Fixed 3 duplicate /gene - prsE_1 prsE_2 prsE_3
[11:40:25] Fixed 2 duplicate /gene - wzxC_1 wzxC_2
[11:40:25] Fixed 2 duplicate /gene - treZ_1 treZ_2
[11:40:25] Fixed 3 duplicate /gene - ycjO_1 ycjO_2 ycjO_3
[11:40:25] Fixed 2 duplicate /gene - pcaI_1 pcaI_2
[11:40:25] Fixed 3 duplicate /gene - doeA_1 doeA_2 doeA_3
[11:40:25] Fixed 2 duplicate /gene - rpoH_1 rpoH_2
[11:40:25] Fixed 3 duplicate /gene - gci_1 gci_2 gci_3
[11:40:25] Fixed 3 duplicate /gene - ssuC_1 ssuC_2 ssuC_3
[11:40:25] Fixed 4 duplicate /gene - mtgA_1 mtgA_2 mtgA_3 mtgA_4
[11:40:25] Fixed 5 duplicate /gene - benM_1 benM_2 benM_3 benM_4 benM_5
[11:40:25] Fixed 3 duplicate /gene - tetC_1 tetC_2 tetC_3
[11:40:25] Fixed 2 duplicate /gene - fabI_1 fabI_2
[11:40:25] Fixed 2 duplicate /gene - glmS_1 glmS_2
[11:40:25] Fixed 2 duplicate /gene - thiY_1 thiY_2
[11:40:25] Fixed 2 duplicate /gene - ligK_1 ligK_2
[11:40:25] Fixed 2 duplicate /gene - kdgR_1 kdgR_2
[11:40:25] Fixed 4 duplicate /gene - etfB_1 etfB_2 etfB_3 etfB_4
[11:40:25] Fixed 3 duplicate /gene - corA_1 corA_2 corA_3
[11:40:25] Fixed 2 duplicate /gene - aspC_1 aspC_2
[11:40:25] Fixed 2 duplicate /gene - glmU_1 glmU_2
[11:40:25] Fixed 3 duplicate /gene - ohrB_1 ohrB_2 ohrB_3
[11:40:25] Fixed 2 duplicate /gene - kefC_1 kefC_2
[11:40:26] Fixed 4 duplicate /gene - dadA_1 dadA_2 dadA_3 dadA_4
[11:40:26] Fixed 3 duplicate /gene - pcpR_1 pcpR_2 pcpR_3
[11:40:26] Fixed 2 duplicate /gene - yjhH_1 yjhH_2
[11:40:26] Fixed 25 duplicate /gene - btuD_1 btuD_2 btuD_3 btuD_4 btuD_5 btuD_6 btuD_7 btuD_8 btuD_9 btuD_10 btuD_11 btuD_12 btuD_13 btuD_14 btuD_15 btuD_16 btuD_17 btuD_18 btuD_19 btuD_20 btuD_21 btuD_22 btuD_23 btuD_24 btuD_25
[11:40:26] Fixed 2 duplicate /gene - fdxA_1 fdxA_2
[11:40:26] Fixed 3 duplicate /gene - oppA_1 oppA_2 oppA_3
[11:40:26] Fixed 3 duplicate /gene - ydaD_1 ydaD_2 ydaD_3
[11:40:26] Fixed 2 duplicate /gene - braC_1 braC_2
[11:40:26] Fixed 2 duplicate /gene - cdhA_1 cdhA_2
[11:40:26] Fixed 4 duplicate /gene - cheB_1 cheB_2 cheB_3 cheB_4
[11:40:26] Fixed 3 duplicate /gene - yheS_1 yheS_2 yheS_3
[11:40:26] Fixed 4 duplicate /gene - cpdA_1 cpdA_2 cpdA_3 cpdA_4
[11:40:26] Fixed 3 duplicate /gene - blh_1 blh_2 blh_3
[11:40:26] Fixed 3 duplicate /gene - glaR_1 glaR_2 glaR_3
[11:40:26] Fixed 2 duplicate /gene - FCS1_1 FCS1_2
[11:40:26] Fixed 2 duplicate /gene - fbcH_1 fbcH_2
[11:40:26] Fixed 2 duplicate /gene - potH_1 potH_2
[11:40:26] Fixed 2 duplicate /gene - yciF_1 yciF_2
[11:40:26] Fixed 2 duplicate /gene - mftE_1 mftE_2
[11:40:26] Fixed 6 duplicate /gene - gsiB_1 gsiB_2 gsiB_3 gsiB_4 gsiB_5 gsiB_6
[11:40:26] Fixed 2 duplicate /gene - gltX_1 gltX_2
[11:40:26] Fixed 4 duplicate /gene - crt_1 crt_2 crt_3 crt_4
[11:40:26] Fixed 2 duplicate /gene - traG_1 traG_2
[11:40:26] Fixed 2 duplicate /gene - lexA_1 lexA_2
[11:40:26] Fixed 2 duplicate /gene - glmM_1 glmM_2
[11:40:26] Fixed 2 duplicate /gene - otnI_1 otnI_2
[11:40:26] Fixed 2 duplicate /gene - pepA_1 pepA_2
[11:40:26] Fixed 4 duplicate /gene - eryD_1 eryD_2 eryD_3 eryD_4
[11:40:26] Fixed 3 duplicate /gene - osmC_1 osmC_2 osmC_3
[11:40:26] Fixed 2 duplicate /gene - groL_1 groL_2
[11:40:26] Fixed 2 duplicate /gene - rppH_1 rppH_2
[11:40:26] Fixed 2 duplicate /gene - cpdR_1 cpdR_2
[11:40:26] Fixed 3 duplicate /gene - kup_1 kup_2 kup_3
[11:40:26] Fixed 3 duplicate /gene - mnmC_1 mnmC_2 mnmC_3
[11:40:26] Fixed 2 duplicate /gene - rpoC_1 rpoC_2
[11:40:26] Fixed 3 duplicate /gene - mdtC_1 mdtC_2 mdtC_3
[11:40:26] Fixed 2 duplicate /gene - tadA_1 tadA_2
[11:40:26] Fixed 2 duplicate /gene - phaC_1 phaC_2
[11:40:26] Fixed 2 duplicate /gene - cnbH_1 cnbH_2
[11:40:26] Fixed 3 duplicate /gene - dhaK_1 dhaK_2 dhaK_3
[11:40:26] Fixed 2 duplicate /gene - rclA_1 rclA_2
[11:40:26] Fixed 5 duplicate /gene - gltC_1 gltC_2 gltC_3 gltC_4 gltC_5
[11:40:26] Fixed 2 duplicate /gene - aatA_1 aatA_2
[11:40:26] Fixed 6 duplicate /gene - ugpB_1 ugpB_2 ugpB_3 ugpB_4 ugpB_5 ugpB_6
[11:40:26] Fixed 2 duplicate /gene - ybhL_1 ybhL_2
[11:40:26] Fixed 4 duplicate /gene - mntB_1 mntB_2 mntB_3 mntB_4
[11:40:26] Fixed 12 duplicate /gene - cdhR_1 cdhR_2 cdhR_3 cdhR_4 cdhR_5 cdhR_6 cdhR_7 cdhR_8 cdhR_9 cdhR_10 cdhR_11 cdhR_12
[11:40:26] Fixed 2 duplicate /gene - tyrS_1 tyrS_2
[11:40:26] Fixed 2 duplicate /gene - amyA_1 amyA_2
[11:40:26] Fixed 2 duplicate /gene - ttuC'_1 ttuC'_2
[11:40:26] Fixed 2 duplicate /gene - edd_1 edd_2
[11:40:26] Fixed 2 duplicate /gene - gfa_1 gfa_2
[11:40:26] Fixed 2 duplicate /gene - ydjH_1 ydjH_2
[11:40:26] Fixed 2 duplicate /gene - menF_1 menF_2
[11:40:26] Fixed 2 duplicate /gene - soxD_1 soxD_2
[11:40:26] Fixed 2 duplicate /gene - rfbC_1 rfbC_2
[11:40:26] Fixed 4 duplicate /gene - etfA_1 etfA_2 etfA_3 etfA_4
[11:40:26] Fixed 6 duplicate /gene - recD2_1 recD2_2 recD2_3 recD2_4 recD2_5 recD2_6
[11:40:26] Fixed 6 duplicate /gene - aes_1 aes_2 aes_3 aes_4 aes_5 aes_6
[11:40:26] Fixed 2 duplicate /gene - glgX_1 glgX_2
[11:40:26] Fixed 2 duplicate /gene - hypBA1_1 hypBA1_2
[11:40:26] Fixed 2 duplicate /gene - cntI_1 cntI_2
[11:40:26] Fixed 2 duplicate /gene - rsmB_1 rsmB_2
[11:40:26] Fixed 2 duplicate /gene - vldW_1 vldW_2
[11:40:26] Fixed 8 duplicate /gene - ddpC_1 ddpC_2 ddpC_3 ddpC_4 ddpC_5 ddpC_6 ddpC_7 ddpC_8
[11:40:26] Fixed 2 duplicate /gene - sigF_1 sigF_2
[11:40:26] Fixed 4 duplicate /gene - fadJ_1 fadJ_2 fadJ_3 fadJ_4
[11:40:26] Fixed 5 duplicate /gene - xylB_1 xylB_2 xylB_3 xylB_4 xylB_5
[11:40:26] Fixed 2 duplicate /gene - flgG_1 flgG_2
[11:40:26] Fixed 7 duplicate /gene - gabD_1 gabD_2 gabD_3 gabD_4 gabD_5 gabD_6 gabD_7
[11:40:26] Fixed 7 duplicate /gene - fitB_1 fitB_2 fitB_3 fitB_4 fitB_5 fitB_6 fitB_7
[11:40:26] Fixed 3 duplicate /gene - folE_1 folE_2 folE_3
[11:40:26] Fixed 5 duplicate /gene - ydhP_1 ydhP_2 ydhP_3 ydhP_4 ydhP_5
[11:40:26] Fixed 2 duplicate /gene - ygeA_1 ygeA_2
[11:40:26] Fixed 4 duplicate /gene - dnaE2_1 dnaE2_2 dnaE2_3 dnaE2_4
[11:40:26] Fixed 2 duplicate /gene - rlpA_1 rlpA_2
[11:40:26] Fixed 20 duplicate /gene - iolG_1 iolG_2 iolG_3 iolG_4 iolG_5 iolG_6 iolG_7 iolG_8 iolG_9 iolG_10 iolG_11 iolG_12 iolG_13 iolG_14 iolG_15 iolG_16 iolG_17 iolG_18 iolG_19 iolG_20
[11:40:26] Fixed 2 duplicate /gene - speB_1 speB_2
[11:40:26] Fixed 3 duplicate /gene - doeB_1 doeB_2 doeB_3
[11:40:26] Fixed 3 duplicate /gene - yfdE_1 yfdE_2 yfdE_3
[11:40:26] Fixed 2 duplicate /gene - cpo_1 cpo_2
[11:40:26] Fixed 2 duplicate /gene - per_1 per_2
[11:40:26] Fixed 2 duplicate /gene - ltnD_1 ltnD_2
[11:40:26] Fixed 5 duplicate /gene - dapH_1 dapH_2 dapH_3 dapH_4 dapH_5
[11:40:26] Fixed 3 duplicate /gene - lsrD_1 lsrD_2 lsrD_3
[11:40:26] Fixed 14 duplicate /gene - dppB_1 dppB_2 dppB_3 dppB_4 dppB_5 dppB_6 dppB_7 dppB_8 dppB_9 dppB_10 dppB_11 dppB_12 dppB_13 dppB_14
[11:40:26] Fixed 2 duplicate /gene - murG_1 murG_2
[11:40:26] Fixed 2 duplicate /gene - yadH_1 yadH_2
[11:40:26] Fixed 15 duplicate /gene - yecS_1 yecS_2 yecS_3 yecS_4 yecS_5 yecS_6 yecS_7 yecS_8 yecS_9 yecS_10 yecS_11 yecS_12 yecS_13 yecS_14 yecS_15
[11:40:26] Fixed 3 duplicate /gene - clpP_1 clpP_2 clpP_3
[11:40:26] Fixed 4 duplicate /gene - ohrR_1 ohrR_2 ohrR_3 ohrR_4
[11:40:26] Fixed 22 duplicate /gene - rbsC_1 rbsC_2 rbsC_3 rbsC_4 rbsC_5 rbsC_6 rbsC_7 rbsC_8 rbsC_9 rbsC_10 rbsC_11 rbsC_12 rbsC_13 rbsC_14 rbsC_15 rbsC_16 rbsC_17 rbsC_18 rbsC_19 rbsC_20 rbsC_21 rbsC_22
[11:40:26] Fixed 2 duplicate /gene - pycA_1 pycA_2
[11:40:26] Fixed 10 duplicate /gene - sugA_1 sugA_2 sugA_3 sugA_4 sugA_5 sugA_6 sugA_7 sugA_8 sugA_9 sugA_10
[11:40:26] Fixed 2 duplicate /gene - fhuA_1 fhuA_2
[11:40:26] Fixed 2 duplicate /gene - nifD_1 nifD_2
[11:40:26] Fixed 6 duplicate /gene - hchA_1 hchA_2 hchA_3 hchA_4 hchA_5 hchA_6
[11:40:26] Fixed 2 duplicate /gene - LhpG_1 LhpG_2
[11:40:26] Fixed 2 duplicate /gene - anmK_1 anmK_2
[11:40:26] Fixed 2 duplicate /gene - pdxI_1 pdxI_2
[11:40:26] Fixed 2 duplicate /gene - gpr_1 gpr_2
[11:40:26] Fixed 2 duplicate /gene - metG_1 metG_2
[11:40:26] Fixed 3 duplicate /gene - ghrA_1 ghrA_2 ghrA_3
[11:40:26] Fixed 4 duplicate /gene - rpaR_1 rpaR_2 rpaR_3 rpaR_4
[11:40:26] Fixed 2 duplicate /gene - dctD_1 dctD_2
[11:40:26] Fixed 6 duplicate /gene - frcA_1 frcA_2 frcA_3 frcA_4 frcA_5 frcA_6
[11:40:26] Fixed 4 duplicate /gene - pip_1 pip_2 pip_3 pip_4
[11:40:26] Fixed 2 duplicate /gene - araA_1 araA_2
[11:40:26] Fixed 3 duplicate /gene - nanK_1 nanK_2 nanK_3
[11:40:26] Fixed 2 duplicate /gene - coaE_1 coaE_2
[11:40:26] Fixed 2 duplicate /gene - vapC_1 vapC_2
[11:40:26] Fixed 2 duplicate /gene - ttgB_1 ttgB_2
[11:40:26] Fixed 3 duplicate /gene - ecfG_1 ecfG_2 ecfG_3
[11:40:26] Fixed 3 duplicate /gene - ftsH_1 ftsH_2 ftsH_3
[11:40:26] Fixed 3 duplicate /gene - actP_1 actP_2 actP_3
[11:40:26] Fixed 2 duplicate /gene - sbnB_1 sbnB_2
[11:40:26] Fixed 22 duplicate /gene - rcsC_1 rcsC_2 rcsC_3 rcsC_4 rcsC_5 rcsC_6 rcsC_7 rcsC_8 rcsC_9 rcsC_10 rcsC_11 rcsC_12 rcsC_13 rcsC_14 rcsC_15 rcsC_16 rcsC_17 rcsC_18 rcsC_19 rcsC_20 rcsC_21 rcsC_22
[11:40:26] Fixed 2 duplicate /gene - hemC_1 hemC_2
[11:40:26] Fixed 2 duplicate /gene - xylF_1 xylF_2
[11:40:26] Fixed 3 duplicate /gene - paoB_1 paoB_2 paoB_3
[11:40:26] Fixed 7 duplicate /gene - lacG_1 lacG_2 lacG_3 lacG_4 lacG_5 lacG_6 lacG_7
[11:40:26] Fixed 4 duplicate /gene - fucU_1 fucU_2 fucU_3 fucU_4
[11:40:26] Fixed 2 duplicate /gene - dhaL_1 dhaL_2
[11:40:26] Fixed 2 duplicate /gene - nemA_1 nemA_2
[11:40:26] Fixed 7 duplicate /gene - dgoD_1 dgoD_2 dgoD_3 dgoD_4 dgoD_5 dgoD_6 dgoD_7
[11:40:26] Fixed 2 duplicate /gene - atpG_1 atpG_2
[11:40:26] Fixed 11 duplicate /gene - comR_1 comR_2 comR_3 comR_4 comR_5 comR_6 comR_7 comR_8 comR_9 comR_10 comR_11
[11:40:26] Fixed 2 duplicate /gene - tcyC_1 tcyC_2
[11:40:26] Fixed 2 duplicate /gene - potD_1 potD_2
[11:40:26] Fixed 2 duplicate /gene - alsC_1 alsC_2
[11:40:26] Fixed 2 duplicate /gene - phyR_1 phyR_2
[11:40:26] Fixed 4 duplicate /gene - ugpQ_1 ugpQ_2 ugpQ_3 ugpQ_4
[11:40:26] Fixed 2 duplicate /gene - xpkA_1 xpkA_2
[11:40:26] Fixed 6 duplicate /gene - ribN_1 ribN_2 ribN_3 ribN_4 ribN_5 ribN_6
[11:40:26] Fixed 2 duplicate /gene - deoC_1 deoC_2
[11:40:26] Fixed 10 duplicate /gene - lptB_1 lptB_2 lptB_3 lptB_4 lptB_5 lptB_6 lptB_7 lptB_8 lptB_9 lptB_10
[11:40:26] Fixed 5 duplicate /gene - cheW_1 cheW_2 cheW_3 cheW_4 cheW_5
[11:40:26] Fixed 2 duplicate /gene - ydiK_1 ydiK_2
[11:40:26] Fixed 9 duplicate /gene - gcvA_1 gcvA_2 gcvA_3 gcvA_4 gcvA_5 gcvA_6 gcvA_7 gcvA_8 gcvA_9
[11:40:26] Fixed 2 duplicate /gene - bcsA_1 bcsA_2
[11:40:26] Fixed 2 duplicate /gene - gppA_1 gppA_2
[11:40:26] Fixed 8 duplicate /gene - cytR_1 cytR_2 cytR_3 cytR_4 cytR_5 cytR_6 cytR_7 cytR_8
[11:40:26] Fixed 2 duplicate /gene - RBKS_1 RBKS_2
[11:40:26] Fixed 5 duplicate /gene - agpA_1 agpA_2 agpA_3 agpA_4 agpA_5
[11:40:26] Fixed 10 duplicate /gene - fliY_1 fliY_2 fliY_3 fliY_4 fliY_5 fliY_6 fliY_7 fliY_8 fliY_9 fliY_10
[11:40:26] Fixed 6 duplicate /gene - hutH_1 hutH_2 hutH_3 hutH_4 hutH_5 hutH_6
[11:40:26] Fixed 2 duplicate /gene - puuA_1 puuA_2
[11:40:26] Fixed 2 duplicate /gene - dauP_1 dauP_2
[11:40:26] Fixed 8 duplicate /gene - msmX_1 msmX_2 msmX_3 msmX_4 msmX_5 msmX_6 msmX_7 msmX_8
[11:40:26] Fixed 2 duplicate /gene - alr_1 alr_2
[11:40:26] Fixed 5 duplicate /gene - msiK_1 msiK_2 msiK_3 msiK_4 msiK_5
[11:40:26] Fixed 2 duplicate /gene - norG_1 norG_2
[11:40:26] Fixed 4 duplicate /gene - linX_1 linX_2 linX_3 linX_4
[11:40:26] Fixed 6 duplicate /gene - gstB_1 gstB_2 gstB_3 gstB_4 gstB_5 gstB_6
[11:40:26] Fixed 4 duplicate /gene - rhtB_1 rhtB_2 rhtB_3 rhtB_4
[11:40:26] Fixed 2 duplicate /gene - chaC_1 chaC_2
[11:40:26] Fixed 4 duplicate /gene - pcm_1 pcm_2 pcm_3 pcm_4
[11:40:26] Fixed 3 duplicate /gene - pdhR_1 pdhR_2 pdhR_3
[11:40:26] Fixed 4 duplicate /gene - ilvI_1 ilvI_2 ilvI_3 ilvI_4
[11:40:26] Fixed 2 duplicate /gene - idnD_1 idnD_2
[11:40:26] Fixed 2 duplicate /gene - dinG_1 dinG_2
[11:40:26] Fixed 2 duplicate /gene - ytfF_1 ytfF_2
[11:40:26] Fixed 7 duplicate /gene - bacC_1 bacC_2 bacC_3 bacC_4 bacC_5 bacC_6 bacC_7
[11:40:26] Fixed 3 duplicate /gene - pxpA_1 pxpA_2 pxpA_3
[11:40:26] Fixed 2 duplicate /gene - purF_1 purF_2
[11:40:26] Fixed 3 duplicate /gene - qorA_1 qorA_2 qorA_3
[11:40:26] Fixed 3 duplicate /gene - accB_1 accB_2 accB_3
[11:40:26] Fixed 3 duplicate /gene - ibpA_1 ibpA_2 ibpA_3
[11:40:26] Fixed 4 duplicate /gene - ycaD_1 ycaD_2 ycaD_3 ycaD_4
[11:40:26] Fixed 4 duplicate /gene - linC_1 linC_2 linC_3 linC_4
[11:40:26] Fixed 2 duplicate /gene - dhmA_1 dhmA_2
[11:40:26] Fixed 3 duplicate /gene - xerD_1 xerD_2 xerD_3
[11:40:26] Fixed 3 duplicate /gene - iorA_1 iorA_2 iorA_3
[11:40:26] Fixed 14 duplicate /gene - yajO_1 yajO_2 yajO_3 yajO_4 yajO_5 yajO_6 yajO_7 yajO_8 yajO_9 yajO_10 yajO_11 yajO_12 yajO_13 yajO_14
[11:40:26] Fixed 2 duplicate /gene - pyrC_1 pyrC_2
[11:40:26] Fixed 2 duplicate /gene - soxC_1 soxC_2
[11:40:26] Fixed 3 duplicate /gene - nepI_1 nepI_2 nepI_3
[11:40:26] Fixed 2 duplicate /gene - aar_1 aar_2
[11:40:26] Fixed 7 duplicate /gene - ccpA_1 ccpA_2 ccpA_3 ccpA_4 ccpA_5 ccpA_6 ccpA_7
[11:40:26] Fixed 2 duplicate /gene - bauA_1 bauA_2
[11:40:26] Fixed 2 duplicate /gene - rhlE_1 rhlE_2
[11:40:26] Fixed 2 duplicate /gene - araP_1 araP_2
[11:40:26] Fixed 2 duplicate /gene - mmgC_1 mmgC_2
[11:40:26] Fixed 3 duplicate /gene - paoA_1 paoA_2 paoA_3
[11:40:26] Fixed 4 duplicate /gene - yhdN_1 yhdN_2 yhdN_3 yhdN_4
[11:40:26] Fixed 2 duplicate /gene - bamA_1 bamA_2
[11:40:26] Fixed 4 duplicate /gene - suhB_1 suhB_2 suhB_3 suhB_4
[11:40:26] Fixed 2 duplicate /gene - secDF_1 secDF_2
[11:40:26] Fixed 2 duplicate /gene - bcp_1 bcp_2
[11:40:26] Fixed 2 duplicate /gene - dhaL-2_1 dhaL-2_2
[11:40:26] Fixed 3 duplicate /gene - garR_1 garR_2 garR_3
[11:40:26] Fixed 11 duplicate /gene - livH_1 livH_2 livH_3 livH_4 livH_5 livH_6 livH_7 livH_8 livH_9 livH_10 livH_11
[11:40:26] Fixed 5 duplicate /gene - spuC_1 spuC_2 spuC_3 spuC_4 spuC_5
[11:40:26] Fixed 2 duplicate /gene - yjgH_1 yjgH_2
[11:40:26] Fixed 6 duplicate /gene - yfcG_1 yfcG_2 yfcG_3 yfcG_4 yfcG_5 yfcG_6
[11:40:26] Fixed 12 duplicate /gene - glnQ_1 glnQ_2 glnQ_3 glnQ_4 glnQ_5 glnQ_6 glnQ_7 glnQ_8 glnQ_9 glnQ_10 glnQ_11 glnQ_12
[11:40:26] Fixed 2 duplicate /gene - metC_1 metC_2
[11:40:26] Fixed 30 duplicate /gene - fabG_1 fabG_2 fabG_3 fabG_4 fabG_5 fabG_6 fabG_7 fabG_8 fabG_9 fabG_10 fabG_11 fabG_12 fabG_13 fabG_14 fabG_15 fabG_16 fabG_17 fabG_18 fabG_19 fabG_20 fabG_21 fabG_22 fabG_23 fabG_24 fabG_25 fabG_26 fabG_27 fabG_28 fabG_29 fabG_30
[11:40:26] Fixed 3 duplicate /gene - araB_1 araB_2 araB_3
[11:40:26] Fixed 3 duplicate /gene - tauB_1 tauB_2 tauB_3
[11:40:26] Fixed 2 duplicate /gene - fdhC_1 fdhC_2
[11:40:26] Fixed 3 duplicate /gene - ghrB_1 ghrB_2 ghrB_3
[11:40:26] Fixed 2 duplicate /gene - coaA_1 coaA_2
[11:40:26] Fixed 3 duplicate /gene - vjbR_1 vjbR_2 vjbR_3
[11:40:26] Fixed 2 duplicate /gene - ucpA_1 ucpA_2
[11:40:26] Fixed 2 duplicate /gene - gyrB_1 gyrB_2
[11:40:26] Fixed 2 duplicate /gene - atm1_1 atm1_2
[11:40:26] Fixed 2 duplicate /gene - fmt_1 fmt_2
[11:40:26] Fixed 2 duplicate /gene - eltP_1 eltP_2
[11:40:26] Fixed 4 duplicate /gene - tctD_1 tctD_2 tctD_3 tctD_4
[11:40:26] Fixed 3 duplicate /gene - yabJ_1 yabJ_2 yabJ_3
[11:40:26] Fixed 5 duplicate /gene - iorB_1 iorB_2 iorB_3 iorB_4 iorB_5
[11:40:26] Fixed 2 duplicate /gene - bigR_1 bigR_2
[11:40:26] Fixed 2 duplicate /gene - pccB_1 pccB_2
[11:40:26] Fixed 2 duplicate /gene - cmk_1 cmk_2
[11:40:26] Fixed 2 duplicate /gene - mdh_1 mdh_2
[11:40:26] Fixed 2 duplicate /gene - otnC_1 otnC_2
[11:40:26] Fixed 2 duplicate /gene - eda_1 eda_2
[11:40:26] Fixed 3 duplicate /gene - pxpB_1 pxpB_2 pxpB_3
[11:40:26] Fixed 15 duplicate /gene - oppF_1 oppF_2 oppF_3 oppF_4 oppF_5 oppF_6 oppF_7 oppF_8 oppF_9 oppF_10 oppF_11 oppF_12 oppF_13 oppF_14 oppF_15
[11:40:26] Fixed 3 duplicate /gene - fadR_1 fadR_2 fadR_3
[11:40:26] Fixed 2 duplicate /gene - fcl_1 fcl_2
[11:40:26] Fixed 2 duplicate /gene - vdh_1 vdh_2
[11:40:26] Fixed 5 duplicate /gene - gdh_1 gdh_2 gdh_3 gdh_4 gdh_5
[11:40:26] Fixed 2 duplicate /gene - ogt_1 ogt_2
[11:40:26] Fixed 2 duplicate /gene - codAch2_1 codAch2_2
[11:40:26] Fixed 2 duplicate /gene - adk_1 adk_2
[11:40:26] Fixed 7 duplicate /gene - fliC_1 fliC_2 fliC_3 fliC_4 fliC_5 fliC_6 fliC_7
[11:40:26] Fixed 2 duplicate /gene - dhaA_1 dhaA_2
[11:40:26] Fixed 2 duplicate /gene - htrA_1 htrA_2
[11:40:26] Fixed 2 duplicate /gene - ccoP_1 ccoP_2
[11:40:26] Fixed 2 duplicate /gene - ydcS_1 ydcS_2
[11:40:26] Fixed 4 duplicate /gene - nadE_1 nadE_2 nadE_3 nadE_4
[11:40:26] Fixed 7 duplicate /gene - puuB_1 puuB_2 puuB_3 puuB_4 puuB_5 puuB_6 puuB_7
[11:40:26] Fixed 2 duplicate /gene - mdtD_1 mdtD_2
[11:40:26] Fixed 2 duplicate /gene - glkA_1 glkA_2
[11:40:26] Fixed 2 duplicate /gene - argG_1 argG_2
[11:40:26] Fixed 10 duplicate /gene - COQ5_1 COQ5_2 COQ5_3 COQ5_4 COQ5_5 COQ5_6 COQ5_7 COQ5_8 COQ5_9 COQ5_10
[11:40:26] Fixed 4 duplicate /gene - opuCB_1 opuCB_2 opuCB_3 opuCB_4
[11:40:26] Fixed 2 duplicate /gene - opuCC_1 opuCC_2
[11:40:26] Fixed 2 duplicate /gene - kduD_1 kduD_2
[11:40:26] Fixed 3 duplicate /gene - hbpA_1 hbpA_2 hbpA_3
[11:40:26] Fixed 2 duplicate /gene - map_1 map_2
[11:40:26] Fixed 3 duplicate /gene - fixN_1 fixN_2 fixN_3
[11:40:26] Fixed 666 colliding /gene names.
[11:40:26] Adding /locus_tag identifiers
[11:40:26] Assigned 8249 locus_tags to CDS and RNA features.
[11:40:26] Writing outputs to ./H130.fsa_prokka/
[11:40:38] Generating annotation statistics file
[11:40:38] Generating Genbank and Sequin files
[11:40:38] Running: tbl2asn -V b -a r10k -l paired-ends -M n -N 1 -y 'Annotated using prokka 1.14.6 from https://github.com/tseemann/prokka' -Z \.\/H130\.fsa_prokka\/\.\/H130\.fsa\.err -i \.\/H130\.fsa_prokka\/\.\/H130\.fsa\.fsa 2> /dev/null
[11:41:00] Deleting unwanted file: ./H130.fsa_prokka/errorsummary.val
[11:41:00] Deleting unwanted file: ./H130.fsa_prokka/./H130.fsa.dr
[11:41:00] Deleting unwanted file: ./H130.fsa_prokka/./H130.fsa.fixedproducts
[11:41:00] Deleting unwanted file: ./H130.fsa_prokka/./H130.fsa.ecn
[11:41:00] Deleting unwanted file: ./H130.fsa_prokka/./H130.fsa.val
[11:41:00] Repairing broken .GBK output that tbl2asn produces...
[11:41:00] Running: sed 's/COORDINATES: profile/COORDINATES:profile/' < \.\/H130\.fsa_prokka\/\.\/H130\.fsa\.gbf > \.\/H130\.fsa_prokka\/\.\/H130\.fsa\.gbk
[11:41:00] Deleting unwanted file: ./H130.fsa_prokka/./H130.fsa.gbf
[11:41:00] Output files:
[11:41:00] Annotation finished successfully.
[11:41:00] Walltime used: 8.40 minutes
[11:41:00] If you use this result please cite the Prokka paper:
[11:41:00] Seemann T (2014) Prokka: rapid prokaryotic genome annotation. Bioinformatics. 30(14):2068-9.
[11:41:00] Type 'prokka --citation' for more details.
[11:41:00] Thank you, come again.
