[11:47:50] This is prokka 1.14.6
[11:47:50] Written by Torsten Seemann <torsten.seemann@gmail.com>
[11:47:50] Homepage is https://github.com/tseemann/prokka
[11:47:50] Local time is Tue Dec 12 11:47:50 2023
[11:47:50] You are chloeharper
[11:47:50] Operating system is darwin
[11:47:50] You have BioPerl 1.7.8
[11:47:50] System has 4 cores.
[11:47:50] Option --cpu asked for 8 cores, but system only has 4
[11:47:50] Will use maximum of 4 cores.
[11:47:50] Annotating as >>> Bacteria <<<
[11:47:50] Generating locus_tag from './G067.fsa' contents.
[11:47:50] Setting --locustag BGEBEIBC from MD5 b0ebe2bc2e7fc44da41a614b59f15ffe
[11:47:50] Creating new output folder: ./G067.fsa_prokka
[11:47:50] Running: mkdir -p \.\/G067\.fsa_prokka
[11:47:50] Using filename prefix: ./G067.fsa.XXX
[11:47:50] Setting HMMER_NCPU=1
[11:47:50] Writing log to: ./G067.fsa_prokka/./G067.fsa.log
[11:47:50] Command: /Users/chloeharper/miniconda3/envs/prokka/bin/prokka --outdir ./G067.fsa_prokka --prefix ./G067.fsa --genus Rhizobium --species leguminosarum ./G067.fsa
[11:47:50] Appending to PATH: /Users/chloeharper/miniconda3/envs/prokka/bin
[11:47:50] Looking for 'aragorn' - found /Users/chloeharper/miniconda3/envs/prokka/bin/aragorn
[11:47:50] Determined aragorn version is 001002 from 'ARAGORN v1.2.41 Dean Laslett'
[11:47:50] Looking for 'barrnap' - found /Users/chloeharper/miniconda3/envs/prokka/bin/barrnap
[11:47:50] Determined barrnap version is 000009 from 'barrnap 0.9'
[11:47:50] Looking for 'blastp' - found /Users/chloeharper/miniconda3/envs/prokka/bin/blastp
[11:47:51] Determined blastp version is 002012 from 'blastp: 2.12.0+'
[11:47:51] Looking for 'cmpress' - found /Users/chloeharper/miniconda3/envs/prokka/bin/cmpress
[11:47:51] Determined cmpress version is 001001 from '# INFERNAL 1.1.4 (Dec 2020)'
[11:47:51] Looking for 'cmscan' - found /Users/chloeharper/miniconda3/envs/prokka/bin/cmscan
[11:47:51] Determined cmscan version is 001001 from '# INFERNAL 1.1.4 (Dec 2020)'
[11:47:51] Looking for 'egrep' - found /usr/bin/egrep
[11:47:51] Looking for 'find' - found /usr/bin/find
[11:47:51] Looking for 'grep' - found /usr/bin/grep
[11:47:51] Looking for 'hmmpress' - found /Users/chloeharper/miniconda3/envs/prokka/bin/hmmpress
[11:47:51] Determined hmmpress version is 003003 from '# HMMER 3.3.2 (Nov 2020); http://hmmer.org/'
[11:47:51] Looking for 'hmmscan' - found /Users/chloeharper/miniconda3/envs/prokka/bin/hmmscan
[11:47:51] Determined hmmscan version is 003003 from '# HMMER 3.3.2 (Nov 2020); http://hmmer.org/'
[11:47:51] Looking for 'java' - found /usr/bin/java
[11:47:51] Looking for 'makeblastdb' - found /Users/chloeharper/miniconda3/envs/prokka/bin/makeblastdb
[11:47:52] Determined makeblastdb version is 002012 from 'makeblastdb: 2.12.0+'
[11:47:52] Looking for 'minced' - found /Users/chloeharper/miniconda3/envs/prokka/bin/minced
[11:47:52] Determined minced version is 004002 from 'minced 0.4.2'
[11:47:52] Looking for 'parallel' - found /Users/chloeharper/miniconda3/envs/prokka/bin/parallel
[11:47:52] Determined parallel version is 20221122 from 'GNU parallel 20221122'
[11:47:52] Looking for 'prodigal' - found /Users/chloeharper/miniconda3/envs/prokka/bin/prodigal
[11:47:52] Determined prodigal version is 002006 from 'Prodigal V2.6.3: February, 2016'
[11:47:52] Looking for 'prokka-genbank_to_fasta_db' - found /Users/chloeharper/miniconda3/envs/prokka/bin/prokka-genbank_to_fasta_db
[11:47:52] Looking for 'sed' - found /usr/bin/sed
[11:47:52] Looking for 'tbl2asn' - found /Users/chloeharper/miniconda3/envs/prokka/bin/tbl2asn
[11:47:52] Determined tbl2asn version is 025007 from 'tbl2asn 25.7   arguments:'
[11:47:52] Using genetic code table 11.
[11:47:52] Loading and checking input file: ./G067.fsa
[11:47:53] Wrote 26 contigs totalling 7633005 bp.
[11:47:53] Predicting tRNAs and tmRNAs
[11:47:53] Running: aragorn -l -gc11  -w \.\/G067\.fsa_prokka\/\.\/G067\.fsa\.fna
[11:47:59] 1 tRNA-Met [57404,57480] 35 (cat)
[11:47:59] 1 tRNA-Ile [2258,2334] 35 (gat)
[11:47:59] 2 tRNA-Ala [2428,2503] 34 (tgc)
[11:47:59] 3 tRNA-Met [6560,6636] 35 (cat)
[11:47:59] 4 tRNA-Met [6987,7063] 35 (cat)
[11:47:59] 5 tRNA-Ala [77063,77138] 34 (ggc)
[11:47:59] 6 tRNA-Ser c[166889,166978] 35 (gga)
[11:47:59] 7 tRNA-Leu c[223458,223544] 35 (cag)
[11:47:59] 8 tRNA-Arg [431560,431636] 35 (acg)
[11:47:59] 9 tRNA-Thr c[515196,515271] 34 (cgt)
[11:47:59] 10 tRNA-Gly [536164,536237] 33 (ccc)
[11:47:59] 11 tRNA-Thr c[597080,597154] 33 (ggt)
[11:47:59] 12 tRNA-Phe [603360,603435] 34 (gaa)
[11:47:59] 13 tRNA-His [768865,768941] 35 (gtg)
[11:47:59] 14 tRNA-Gln c[824698,824771] 33 (ctg)
[11:47:59] 15 tRNA-Gln [1096289,1096362] 33 (ttg)
[11:47:59] 16 tRNA-Pro [1117275,1117351] 35 (cgg)
[11:47:59] 17 tRNA-Ser [1505176,1505266] 35 (gct)
[11:47:59] 18 tRNA-Pro [1666059,1666135] 35 (ggg)
[11:47:59] 19 tRNA-Val c[1720352,1720427] 34 (tac)
[11:47:59] 20 tRNA-Asp [1720832,1720908] 35 (gtc)
[11:47:59] 21 tRNA-Asp [1720993,1721069] 35 (gtc)
[11:47:59] 22 tRNA-Thr [1791245,1791320] 34 (tgt)
[11:47:59] 23 tRNA-Tyr [1793781,1793865] 35 (gta)
[11:47:59] 24 tRNA-Gly [1793891,1793964] 33 (tcc)
[11:47:59] 25 tRNA-Trp [1797059,1797134] 34 (cca)
[11:47:59] 26 tRNA-Leu [1978746,1978830] 35 (taa)
[11:47:59] 27 tRNA-Asn c[2102482,2102556] 33 (gtt)
[11:47:59] 28 tRNA-Cys [2105151,2105224] 33 (gca)
[11:47:59] 29 tRNA-Leu [2142322,2142406] 35 (tag)
[11:47:59] 30 tRNA-Glu c[2177132,2177206] 34 (ttc)
[11:47:59] 31 tRNA-Glu c[2177460,2177534] 34 (ctc)
[11:47:59] 32 tRNA-Glu c[2177609,2177683] 34 (ttc)
[11:47:59] 33 tRNA-Pro c[2180881,2180957] 35 (tgg)
[11:47:59] 34 tRNA-Arg [2181962,2182038] 35 (tct)
[11:47:59] 35 tRNA-Lys [2292485,2292560] 34 (ttt)
[11:47:59] 36 tRNA-Ser [2484510,2484599] 35 (tga)
[11:47:59] 37 tRNA-Leu [2559015,2559099] 35 (gag)
[11:47:59] 38 tRNA-Lys c[3203015,3203090] 34 (ctt)
[11:47:59] 39 tmRNA* [3269874,3270214] 212,250 ANDNYAEARLAA*
[11:47:59] 40 tRNA-Met [3412382,3412457] 34 (cat)
[11:47:59] 41 tRNA-Ala [3439259,3439346] 34 (cgc)
[11:47:59] 42 tRNA-Arg [3681016,3681092] 35 (ccg)
[11:47:59] 43 tRNA-Arg c[3964957,3965039] 41 (tcg)
[11:47:59] 44 tRNA-Met c[4077091,4077167] 35 (cat)
[11:47:59] 45 tRNA-Met c[4128714,4128790] 35 (cat)
[11:47:59] tRNA c[4264384,4264474] is a pseudo/wacky gene - skipping.
[11:47:59] 47 tRNA-Val [4277588,4277662] 33 (gac)
[11:47:59] 48 tRNA-Met c[4486851,4486922] 30 (cat)
[11:47:59] 49 tRNA-Leu [4519473,4519557] 35 (caa)
[11:47:59] 50 tRNA-Arg [4575880,4575956] 35 (cct)
[11:47:59] 51 tRNA-Gly [4794540,4794614] 33 (gcc)
[11:47:59] 52 tRNA-Ser c[4911463,4911552] 35 (cga)
[11:47:59] 1 tRNA-Lys c[635696,635778] 31 (ctt)
[11:47:59] 1 tRNA-Gly c[217605,217696] 34 (gcc)
[11:47:59] Found 54 tRNAs
[11:47:59] Predicting Ribosomal RNAs
[11:47:59] Running Barrnap with 4 threads
[11:48:01] 1 Cchr 442 16S ribosomal RNA
[11:48:01] 2 Cchr 3058 23S ribosomal RNA
[11:48:01] 3 Cchr 6234 5S ribosomal RNA
[11:48:01] 4 Cchr 4077385 5S ribosomal RNA
[11:48:01] Found 4 rRNAs
[11:48:01] Skipping ncRNA search, enable with --rfam if desired.
[11:48:01] Total of 57 tRNA + rRNA features
[11:48:01] Searching for CRISPR repeats
[11:48:02] Found 0 CRISPRs
[11:48:02] Predicting coding sequences
[11:48:02] Contigs total 7633005 bp, so using single mode
[11:48:02] Running: prodigal -i \.\/G067\.fsa_prokka\/\.\/G067\.fsa\.fna -c -m -g 11 -p single -f sco -q
[11:48:24] Excluding CDS which overlaps existing RNA (tRNA) at Cchr:3438585..3440453 on - strand
[11:48:25] Excluding CDS which overlaps existing RNA (tRNA) at Cchr:3964503..3965351 on - strand
[11:48:26] Excluding CDS which overlaps existing RNA (tRNA) at CpRL12:634933..636450 on + strand
[11:48:26] Excluding CDS which overlaps existing RNA (tRNA) at CpRL9:216652..217623 on + strand
[11:48:26] Found 7301 CDS
[11:48:26] Connecting features back to sequences
[11:48:26] Not using genus-specific database. Try --usegenus to enable it.
[11:48:26] Annotating CDS, please be patient.
[11:48:26] Will use 4 CPUs for similarity searching.
[11:48:40] There are still 7301 unannotated CDS left (started with 7301)
[11:48:40] Will use blast to search against /Users/chloeharper/miniconda3/envs/prokka/db/kingdom/Bacteria/IS with 4 CPUs
[11:48:40] Running: cat \.\/G067\.fsa_prokka\/\.\/G067\.fsa\.IS\.tmp\.7963\.faa | parallel --gnu --plain -j 4 --block 282580 --recstart '>' --pipe blastp -query - -db /Users/chloeharper/miniconda3/envs/prokka/db/kingdom/Bacteria/IS -evalue 1e-30 -qcov_hsp_perc 90 -num_threads 1 -num_descriptions 1 -num_alignments 1 -seg no > \.\/G067\.fsa_prokka\/\.\/G067\.fsa\.IS\.tmp\.7963\.blast 2> /dev/null
[11:49:40] Deleting unwanted file: ./G067.fsa_prokka/./G067.fsa.IS.tmp.7963.faa
[11:49:40] Deleting unwanted file: ./G067.fsa_prokka/./G067.fsa.IS.tmp.7963.blast
[11:49:49] There are still 7263 unannotated CDS left (started with 7301)
[11:49:49] Will use blast to search against /Users/chloeharper/miniconda3/envs/prokka/db/kingdom/Bacteria/AMR with 4 CPUs
[11:49:49] Running: cat \.\/G067\.fsa_prokka\/\.\/G067\.fsa\.AMR\.tmp\.7963\.faa | parallel --gnu --plain -j 4 --block 281560 --recstart '>' --pipe blastp -query - -db /Users/chloeharper/miniconda3/envs/prokka/db/kingdom/Bacteria/AMR -evalue 1e-300 -qcov_hsp_perc 90 -num_threads 1 -num_descriptions 1 -num_alignments 1 -seg no > \.\/G067\.fsa_prokka\/\.\/G067\.fsa\.AMR\.tmp\.7963\.blast 2> /dev/null
[11:50:31] Deleting unwanted file: ./G067.fsa_prokka/./G067.fsa.AMR.tmp.7963.faa
[11:50:31] Deleting unwanted file: ./G067.fsa_prokka/./G067.fsa.AMR.tmp.7963.blast
[11:50:40] There are still 7260 unannotated CDS left (started with 7301)
[11:50:40] Will use blast to search against /Users/chloeharper/miniconda3/envs/prokka/db/kingdom/Bacteria/sprot with 4 CPUs
[11:50:40] Running: cat \.\/G067\.fsa_prokka\/\.\/G067\.fsa\.sprot\.tmp\.7963\.faa | parallel --gnu --plain -j 4 --block 281159 --recstart '>' --pipe blastp -query - -db /Users/chloeharper/miniconda3/envs/prokka/db/kingdom/Bacteria/sprot -evalue 1e-09 -qcov_hsp_perc 80 -num_threads 1 -num_descriptions 1 -num_alignments 1 -seg no > \.\/G067\.fsa_prokka\/\.\/G067\.fsa\.sprot\.tmp\.7963\.blast 2> /dev/null
[11:54:27] Modify product: PGL/p-HBAD biosynthesis glycosyltransferase Rv2957 => PGL/p-HBAD biosynthesis glycosyltransferase
[11:54:27] Modify product: Uncharacterized protein Rv1507c => putative protein
[11:54:27] Modify product: Probable transport protein HsrA => putative transport protein HsrA
[11:54:27] Modify product: Zinc-type alcohol dehydrogenase-like protein SA1988 => Zinc-type alcohol dehydrogenase-like protein
[11:54:27] Modify product: Uncharacterized FAD-linked oxidoreductase Rv2280 => putative FAD-linked oxidoreductase
[11:54:27] Modify product: Probable HTH-type transcriptional regulator LgoR => putative HTH-type transcriptional regulator LgoR
[11:54:27] Modify product: Uncharacterized signaling protein CC_0091 => putative signaling protein
[11:54:27] Modify product: Probable 2-dehydro-3-deoxygalactonokinase DgoK1 => putative 2-dehydro-3-deoxygalactonokinase DgoK1
[11:54:27] Modify product: Uncharacterized FAD-linked oxidoreductase Rv2280 => putative FAD-linked oxidoreductase
[11:54:27] Modify product: Uncharacterized HTH-type transcriptional regulator Rv3095 => putative HTH-type transcriptional regulator
[11:54:27] Modify product: Probable D-xylose utilization operon transcriptional repressor => putative D-xylose utilization operon transcriptional repressor
[11:54:27] Modify product: Probable tartrate dehydrogenase/decarboxylase TtuC => putative tartrate dehydrogenase/decarboxylase TtuC
[11:54:27] Modify product: Uncharacterized protein Rv2568c => putative protein
[11:54:27] Modify product: UPF0301 protein AlgH => hypothetical protein
[11:54:27] Modify product: Probable amino-acid permease protein YxeN => putative amino-acid permease protein YxeN
[11:54:27] Modify product: Probable amino-acid permease protein YxeN => putative amino-acid permease protein YxeN
[11:54:27] Modify product: Uncharacterized zinc protease Rv2782c => putative zinc protease
[11:54:27] Modify product: Probable protein adenylyltransferase Fic => putative protein adenylyltransferase Fic
[11:54:27] Modify product: Probable membrane transporter protein XF_0764 => putative membrane transporter protein
[11:54:27] Modify product: UPF0394 membrane protein XF_0765 => hypothetical protein
[11:54:27] Modify product: UPF0394 membrane protein XF_0766 => hypothetical protein
[11:54:28] Modify product: Uncharacterized HTH-type transcriptional regulator Rv1556 => putative HTH-type transcriptional regulator
[11:54:28] Modify product: Uncharacterized protein Rv0887c => putative protein
[11:54:28] Modify product: Putative HTH-type transcriptional regulator Rv1287 => Putative HTH-type transcriptional regulator
[11:54:28] Modify product: Probable multidrug-efflux transporter Rv1634 => putative multidrug-efflux transporter
[11:54:28] Modify product: Uncharacterized ABC transporter ATP-binding protein YheS => putative ABC transporter ATP-binding protein YheS
[11:54:28] Modify product: UPF0053 inner membrane protein YtfL => hypothetical protein
[11:54:28] Modify product: Probable transport protein HsrA => putative transport protein HsrA
[11:54:28] Modify product: UPF0073 inner membrane protein YqfA => hypothetical protein
[11:54:28] Modify product: Uncharacterized MFS-type transporter EfpA => putative MFS-type transporter EfpA
[11:54:28] Modify product: Uncharacterized HTH-type transcriptional regulator YxaF => putative HTH-type transcriptional regulator YxaF
[11:54:28] Modify product: Zinc-type alcohol dehydrogenase-like protein SA1988 => Zinc-type alcohol dehydrogenase-like protein
[11:54:28] Modify product: Uncharacterized protein YcbX => putative protein YcbX
[11:54:28] Modify product: Uncharacterized protein YedJ => putative protein YedJ
[11:54:28] Modify product: UPF0060 membrane protein YnfA => hypothetical protein
[11:54:28] Modify product: Uncharacterized oxidoreductase YciK => putative oxidoreductase YciK
[11:54:28] Modify product: UPF0701 protein HI_0467 => hypothetical protein
[11:54:28] Modify product: Uncharacterized ABC transporter ATP-binding protein YheS => putative ABC transporter ATP-binding protein YheS
[11:54:28] Modify product: Acetyltransferase PA3944 => Acetyltransferase
[11:54:28] Modify product: Uncharacterized protein YccU => putative protein YccU
[11:54:28] Modify product: Probable cation-transporting ATPase F => putative cation-transporting ATPase F
[11:54:28] Modify product: Probable alcohol dehydrogenase AdhA => putative alcohol dehydrogenase AdhA
[11:54:28] Modify product: Probable propionate kinase => putative propionate kinase
[11:54:28] Modify product: Uncharacterized oxidoreductase SA2266 => putative oxidoreductase
[11:54:28] Modify product: Putative cystathionine beta-synthase Rv1077 => Putative cystathionine beta-synthase
[11:54:28] Modify product: Probable nitrate transporter NarT => putative nitrate transporter NarT
[11:54:28] Modify product: Probable transcriptional regulatory protein pdtaR => putative transcriptional regulatory protein pdtaR
[11:54:28] Modify product: Solute-binding protein Bamb_6123 => Solute-binding protein
[11:54:28] Modify product: Uncharacterized ABC transporter ATP-binding protein HI_1470 => putative ABC transporter ATP-binding protein
[11:54:28] Modify product: Probable ABC transporter permease protein HI_1471 => putative ABC transporter permease protein
[11:54:28] Modify product: UPF0145 protein YbjQ => hypothetical protein
[11:54:28] Modify product: Probable soluble pyridine nucleotide transhydrogenase => putative soluble pyridine nucleotide transhydrogenase
[11:54:28] Modify product: UPF0173 metal-dependent hydrolase SA1529 => hypothetical protein
[11:54:29] Modify product: UPF0337 protein YjbJ => hypothetical protein
[11:54:29] Modify product: Probable 5-dehydro-4-deoxyglucarate dehydratase => putative 5-dehydro-4-deoxyglucarate dehydratase
[11:54:29] Modify product: Probable D,D-dipeptide-binding periplasmic protein DdpA => putative D,D-dipeptide-binding periplasmic protein DdpA
[11:54:29] Modify product: Probable D,D-dipeptide transport system permease protein DdpC => putative D,D-dipeptide transport system permease protein DdpC
[11:54:29] Modify product: Uncharacterized ABC transporter ATP-binding protein YknY => putative ABC transporter ATP-binding protein YknY
[11:54:29] Modify product: Probable riboflavin import permease protein RfuC => putative riboflavin import permease protein RfuC
[11:54:29] Modify product: Purine-binding protein BAB2_0673 => Purine-binding protein
[11:54:29] Modify product: UPF0056 inner membrane protein MarC => hypothetical protein
[11:54:29] Modify product: Uncharacterized HTH-type transcriptional regulator Rv3095 => putative HTH-type transcriptional regulator
[11:54:29] Modify product: Putative hydro-lyase PSPTO_5379 => Putative hydro-lyase
[11:54:29] Modify product: Probable HTH-type transcriptional repressor ExuR => putative HTH-type transcriptional repressor ExuR
[11:54:29] Modify product: UPF0053 inner membrane protein YoaE => hypothetical protein
[11:54:29] Modify product: Uncharacterized metal-dependent hydrolase YcfH => putative metal-dependent hydrolase YcfH
[11:54:29] Modify product: Uncharacterized oxidoreductase SpyM50865 => putative oxidoreductase
[11:54:29] Modify product: Acetyltransferase SACOL1063 => Acetyltransferase
[11:54:29] Modify product: Uncharacterized N-acetyltransferase YsnE => putative N-acetyltransferase YsnE
[11:54:29] Modify product: Uncharacterized NTE family protein Rv1063c => putative NTE family protein
[11:54:29] Modify product: UPF0178 protein YaiI => hypothetical protein
[11:54:29] Modify product: Probable cysteine desulfurase => putative cysteine desulfurase
[11:54:29] Modify product: Probable ATP-dependent transporter SufC => putative ATP-dependent transporter SufC
[11:54:29] Modify product: Probable RNA 2'-phosphotransferase => putative RNA 2'-phosphotransferase
[11:54:29] Modify product: Uncharacterized protein RP812 => putative protein RP812
[11:54:29] Modify product: Uncharacterized protein YcjX => putative protein YcjX
[11:54:29] Modify product: UPF0283 membrane protein YcjF => hypothetical protein
[11:54:29] Modify product: Probable ribonucleotide transport ATP-binding protein mkl => putative ribonucleotide transport ATP-binding protein mkl
[11:54:29] Modify product: Probable 3-phenylpropionic acid transporter => putative 3-phenylpropionic acid transporter
[11:54:29] Modify product: Probable D-xylose utilization operon transcriptional repressor => putative D-xylose utilization operon transcriptional repressor
[11:54:29] Modify product: Uncharacterized protein Rv1260 => putative protein
[11:54:29] Modify product: Probable pyridine nucleotide-disulfide oxidoreductase RclA => putative pyridine nucleotide-disulfide oxidoreductase RclA
[11:54:29] Modify product: Probable L,D-transpeptidase YcbB => putative L,D-transpeptidase YcbB
[11:54:29] Modify product: Uncharacterized oxidoreductase YohF => putative oxidoreductase YohF
[11:54:29] Modify product: Probable manganese catalase => putative manganese catalase
[11:54:29] Modify product: UPF0126 inner membrane protein YadS => hypothetical protein
[11:54:29] Modify product: Nucleoid-associated protein HI_0442 => Nucleoid-associated protein
[11:54:29] Modify product: Uncharacterized sugar kinase YdjH => putative sugar kinase YdjH
[11:54:29] Modify product: Probable adenylyltransferase/sulfurtransferase MoeZ => putative adenylyltransferase/sulfurtransferase MoeZ
[11:54:29] Modify product: Uncharacterized signaling protein CC_0091 => putative signaling protein
[11:54:29] Modify product: Probable transcriptional regulator PhnF => putative transcriptional regulator PhnF
[11:54:29] Modify product: Uncharacterized ABC transporter ATP-binding protein YejF => putative ABC transporter ATP-binding protein YejF
[11:54:29] Modify product: Probable riboflavin import permease protein RfuD => putative riboflavin import permease protein RfuD
[11:54:30] Modify product: Uncharacterized aminopeptidase Rv1333 => putative aminopeptidase
[11:54:30] Modify product: Uncharacterized oxidoreductase SA2266 => putative oxidoreductase
[11:54:30] Modify product: UPF0102 protein RPA0323 => hypothetical protein
[11:54:30] Modify product: Uncharacterized transporter YycB => putative transporter YycB
[11:54:30] Modify product: Virulence protein STM3117 => Virulence protein
[11:54:30] Modify product: Uncharacterized hydrolase HI_0588 => putative hydrolase
[11:54:30] Modify product: Probable protein kinase UbiB => putative protein kinase UbiB
[11:54:30] Modify product: Probable enoyl-CoA hydratase echA8 => putative enoyl-CoA hydratase echA8
[11:54:30] Modify product: Probable lipid II flippase MurJ => putative lipid II flippase MurJ
[11:54:30] Modify product: Uncharacterized inner membrane transporter YedA => putative inner membrane transporter YedA
[11:54:30] Modify product: Uncharacterized protein Rv1998c => putative protein
[11:54:30] Modify product: Probable GTP-binding protein EngB => putative GTP-binding protein EngB
[11:54:30] Modify product: Uncharacterized signaling protein CC_0091 => putative signaling protein
[11:54:30] Modify product: Probable HTH-type transcriptional regulator LgoR => putative HTH-type transcriptional regulator LgoR
[11:54:30] Modify product: Probable copper-importing P-type ATPase A => putative copper-importing P-type ATPase A
[11:54:30] Modify product: Cytochrome c oxidase subunit 1 homolog, bacteroid => Cytochrome c oxidase subunit 1 , bacteroid
[11:54:30] Modify product: Uncharacterized protein HI_1162 => putative protein
[11:54:30] Modify product: Phosphate-specific transport system accessory protein PhoU homolog => Phosphate-specific transport system accessory protein PhoU 
[11:54:30] Modify product: Uncharacterized protein HI_1162 => putative protein
[11:54:30] Modify product: Uncharacterized protein YyaP => putative protein YyaP
[11:54:30] Modify product: Putative acyltransferase Rv0859 => Putative acyltransferase
[11:54:30] Modify product: Probable N-acetyl-LL-diaminopimelate aminotransferase => putative N-acetyl-LL-diaminopimelate aminotransferase
[11:54:30] Modify product: Uncharacterized oxidoreductase CzcO => putative oxidoreductase CzcO
[11:54:30] Modify product: Chemotaxis protein CheY homolog => Chemotaxis protein CheY 
[11:54:30] Modify product: Chemotaxis protein CheY homolog => Chemotaxis protein CheY 
[11:54:30] Modify product: Bifunctional protein FolD => Bifunctional protein FolD protein
[11:54:30] Modify product: Uncharacterized protein HI_0933 => putative protein
[11:54:30] Modify product: Probable transport protein HsrA => putative transport protein HsrA
[11:54:30] Modify product: Uncharacterized protein Atu1656 => putative protein
[11:54:30] Modify product: Putative multidrug export ATP-binding/permease protein SAV1866 => Putative multidrug export ATP-binding/permease protein
[11:54:30] Modify product: Uncharacterized ABC transporter ATP-binding protein YadG => putative ABC transporter ATP-binding protein YadG
[11:54:30] Modify product: Probable sugar-binding periplasmic protein => putative sugar-binding periplasmic protein
[11:54:30] Modify product: Acetyltransferase PA3944 => Acetyltransferase
[11:54:30] Modify product: Uncharacterized HTH-type transcriptional regulator Rv1985c => putative HTH-type transcriptional regulator
[11:54:30] Modify product: Probable sulfate transporter Rv1739c => putative sulfate transporter
[11:54:30] Modify product: Probable transport protein HsrA => putative transport protein HsrA
[11:54:30] Modify product: Uncharacterized acyl-CoA thioester hydrolase HI_0827 => putative acyl-CoA thioester hydrolase
[11:54:30] Modify product: Uncharacterized oxidoreductase SA2266 => putative oxidoreductase
[11:54:30] Modify product: Uncharacterized ABC transporter ATP-binding protein TM_0288 => putative ABC transporter ATP-binding protein
[11:54:31] Modify product: Uncharacterized ABC transporter ATP-binding protein YknY => putative ABC transporter ATP-binding protein YknY
[11:54:31] Modify product: Uncharacterized signaling protein CC_0091 => putative signaling protein
[11:54:31] Modify product: Uncharacterized protein YqjZ => putative protein YqjZ
[11:54:31] Modify product: Cytochrome b561 homolog 1 => Cytochrome b561 
[11:54:31] Modify product: UPF0053 inner membrane protein YtfL => hypothetical protein
[11:54:31] Modify product: Probable chromate transport protein => putative chromate transport protein
[11:54:31] Modify product: Uncharacterized protein HI_0131 => putative protein
[11:54:31] Modify product: Uncharacterized glycosyltransferase sll0501 => putative glycosyltransferase
[11:54:31] Modify product: NADH dehydrogenase-like protein SAOUHSC_00878 => NADH dehydrogenase-like protein
[11:54:31] Modify product: Uncharacterized FAD-linked oxidoreductase Rv2280 => putative FAD-linked oxidoreductase
[11:54:31] Modify product: Probable lipoprotein YiaD => putative lipoprotein YiaD
[11:54:31] Modify product: Stress response UPF0229 protein YhbH => hypothetical protein
[11:54:31] Modify product: Uncharacterized protein YyaP => putative protein YyaP
[11:54:31] Modify product: Probable peptidoglycan glycosyltransferase FtsW => putative peptidoglycan glycosyltransferase FtsW
[11:54:31] Modify product: Probable peptidoglycan D,D-transpeptidase FtsI => putative peptidoglycan D,D-transpeptidase FtsI
[11:54:31] Modify product: Uncharacterized inner membrane transporter YedA => putative inner membrane transporter YedA
[11:54:31] Modify product: Uncharacterized protein YbaA => putative protein YbaA
[11:54:31] Modify product: Uncharacterized protein YqeY => putative protein YqeY
[11:54:31] Modify product: Probable chaperone CsaA => putative chaperone CsaA
[11:54:31] Modify product: Putative multidrug export ATP-binding/permease protein SAV1866 => Putative multidrug export ATP-binding/permease protein
[11:54:31] Modify product: Cyclic di-GMP phosphodiesterase PA4108 => Cyclic di-GMP phosphodiesterase
[11:54:31] Modify product: Leu/Ile/Val-binding protein homolog 3 => Leu/Ile/Val-binding protein 
[11:54:31] Modify product: Probable 2-dehydro-3-deoxy-D-pentonate aldolase YjhH => putative 2-dehydro-3-deoxy-D-pentonate aldolase YjhH
[11:54:31] Modify product: Uncharacterized protein YhaZ => putative protein YhaZ
[11:54:31] Modify product: Uncharacterized ABC transporter permease Rv0072 => putative ABC transporter permease
[11:54:31] Modify product: Uncharacterized protein Rv2411c => putative protein
[11:54:31] Modify product: Uncharacterized protein Rv2569c => putative protein
[11:54:31] Modify product: Probable multidrug resistance protein EmrY => putative multidrug resistance protein EmrY
[11:54:31] Modify product: Probable pyridine nucleotide-disulfide oxidoreductase RclA => putative pyridine nucleotide-disulfide oxidoreductase RclA
[11:54:31] Modify product: Cyclic di-GMP phosphodiesterase TM_0186 => Cyclic di-GMP phosphodiesterase
[11:54:31] Modify product: Uncharacterized HTH-type transcriptional regulator YybR => putative HTH-type transcriptional regulator YybR
[11:54:31] Modify product: UPF0194 membrane protein YbhG => hypothetical protein
[11:54:31] Modify product: Probable multidrug ABC transporter ATP-binding protein YbhF => putative multidrug ABC transporter ATP-binding protein YbhF
[11:54:31] Modify product: Probable multidrug ABC transporter permease YbhS => putative multidrug ABC transporter permease YbhS
[11:54:31] Modify product: Probable multidrug ABC transporter permease YbhR => putative multidrug ABC transporter permease YbhR
[11:54:31] Modify product: Leu/Ile/Val-binding protein homolog 3 => Leu/Ile/Val-binding protein 
[11:54:31] Modify product: Probable amino-acid import ATP-binding protein YxeO => putative amino-acid import ATP-binding protein YxeO
[11:54:31] Modify product: Uncharacterized protein YjdJ => putative protein YjdJ
[11:54:31] Modify product: Probable FMNH2-dependent monooxygenase SfnC => putative FMNH2-dependent monooxygenase SfnC
[11:54:31] Modify product: Probable HTH-type transcriptional repressor ExuR => putative HTH-type transcriptional repressor ExuR
[11:54:31] Modify product: Probable ABC transporter-binding protein DR_1438 => putative ABC transporter-binding protein
[11:54:31] Modify product: Uncharacterized sugar kinase YdjH => putative sugar kinase YdjH
[11:54:31] Modify product: Uncharacterized sugar transferase EpsL => putative sugar transferase EpsL
[11:54:32] Modify product: D-galactonate dehydratase family member SBI_01856 => D-galactonate dehydratase family member
[11:54:32] Modify product: UPF0065 protein in clcB-clcD intergenic region => hypothetical protein
[11:54:32] Modify product: Uncharacterized signaling protein CC_0091 => putative signaling protein
[11:54:32] Modify product: Probable transcriptional regulatory protein aq_1575 => putative transcriptional regulatory protein
[11:54:32] Modify product: Putative multidrug export ATP-binding/permease protein SAV1866 => Putative multidrug export ATP-binding/permease protein
[11:54:32] Modify product: UPF0065 protein in clcB-clcD intergenic region => hypothetical protein
[11:54:32] Modify product: UPF0339 protein Atu0232 => hypothetical protein
[11:54:32] Modify product: HTH-type transcriptional regulator Rv2034 => HTH-type transcriptional regulator
[11:54:32] Modify product: UPF0335 protein CCNA_03428 => hypothetical protein
[11:54:32] Modify product: Uncharacterized protein Rv2567 => putative protein
[11:54:32] Modify product: Uncharacterized protein Rv2569c => putative protein
[11:54:32] Modify product: Probable enoyl-CoA hydratase 1 => putative enoyl-CoA hydratase 1
[11:54:32] Modify product: UPF0053 inner membrane protein YoaE => hypothetical protein
[11:54:32] Modify product: Probable efflux pump membrane transporter TtgB => putative efflux pump membrane transporter TtgB
[11:54:32] Modify product: Uncharacterized protein YphB => putative protein YphB
[11:54:32] Modify product: Probable sugar-binding periplasmic protein => putative sugar-binding periplasmic protein
[11:54:32] Modify product: Probable bifunctional transcriptional activator/DNA repair enzyme AlkA => putative bifunctional transcriptional activator/DNA repair enzyme AlkA
[11:54:32] Modify product: Probable 3-hydroxybutyryl-CoA dehydrogenase => putative 3-hydroxybutyryl-CoA dehydrogenase
[11:54:32] Modify product: UPF0053 inner membrane protein YfjD => hypothetical protein
[11:54:32] Modify product: Solute-binding protein Bpro_3107 => Solute-binding protein
[11:54:32] Modify product: Uncharacterized amino acid permease YhdG => putative amino acid permease YhdG
[11:54:32] Modify product: Putative formate dehydrogenase SA2102 => Putative formate dehydrogenase
[11:54:32] Modify product: Putative peptide transport permease protein Rv1282c => Putative peptide transport permease protein
[11:54:32] Modify product: Uncharacterized oxidoreductase YgfF => putative oxidoreductase YgfF
[11:54:32] Modify product: Uncharacterized protein HI_1028 => putative protein
[11:54:32] Modify product: Putative low molecular weight protein-tyrosine-phosphatase slr0328 => Putative low molecular weight protein-tyrosine-phosphatase
[11:54:32] Modify product: Uncharacterized oxidoreductase MSMEG_2408/MSMEI_2347 => putative oxidoreductase/MSMEI_2347
[11:54:32] Modify product: UPF0434 protein NMA0874 => hypothetical protein
[11:54:32] Modify product: Uncharacterized protein Rv3292 => putative protein
[11:54:32] Modify product: UPF0309 protein BH3325 => hypothetical protein
[11:54:32] Modify product: Probable D,D-dipeptide transport system permease protein DdpC => putative D,D-dipeptide transport system permease protein DdpC
[11:54:32] Modify product: Probable D,D-dipeptide-binding periplasmic protein DdpA => putative D,D-dipeptide-binding periplasmic protein DdpA
[11:54:32] Modify product: Multifunctional alkaline phosphatase superfamily protein pRL90232 => Multifunctional alkaline phosphatase superfamily protein
[11:54:32] Modify product: Uncharacterized protein Rv0887c => putative protein
[11:54:33] Modify product: Uncharacterized ABC transporter ATP-binding protein Rv0986 => putative ABC transporter ATP-binding protein
[11:54:33] Modify product: Protease HtpX homolog => Protease HtpX 
[11:54:33] Modify product: Uncharacterized ABC transporter ATP-binding protein YejF => putative ABC transporter ATP-binding protein YejF
[11:54:33] Modify product: Uncharacterized FAD-linked oxidoreductase Rv2280 => putative FAD-linked oxidoreductase
[11:54:33] Modify product: Probable enoyl-CoA hydratase 1 => putative enoyl-CoA hydratase 1
[11:54:33] Modify product: Peptidoglycan-N-acetylglucosamine deacetylase BC_3618 => Peptidoglycan-N-acetylglucosamine deacetylase
[11:54:33] Modify product: Cytochrome c oxidase subunit 1 homolog, bacteroid => Cytochrome c oxidase subunit 1 , bacteroid
[11:54:33] Modify product: Probable copper-exporting P-type ATPase V => putative copper-exporting P-type ATPase V
[11:54:33] Modify product: Probable flavin reductase => putative flavin reductase
[11:54:33] Modify product: Uncharacterized DapA-like lyase => putative DapA-like lyase
[11:54:33] Modify product: Probable dipeptidase PepE => putative dipeptidase PepE
[11:54:33] Modify product: Uncharacterized oxidoreductase Rv1144 => putative oxidoreductase
[11:54:33] Modify product: Probable methylxanthine N7-demethylase NdmC => putative methylxanthine N7-demethylase NdmC
[11:54:33] Modify product: Purine-binding protein BAB2_0673 => Purine-binding protein
[11:54:33] Modify product: Probable riboflavin import permease protein RfuC => putative riboflavin import permease protein RfuC
[11:54:33] Modify product: Purine-binding protein BAB2_0673 => Purine-binding protein
[11:54:33] Modify product: Probable riboflavin import permease protein RfuC => putative riboflavin import permease protein RfuC
[11:54:33] Modify product: Probable riboflavin import permease protein RfuD => putative riboflavin import permease protein RfuD
[11:54:33] Modify product: Probable glutamine ABC transporter permease protein GlnP => putative glutamine ABC transporter permease protein GlnP
[11:54:33] Modify product: Probable sugar-binding periplasmic protein => putative sugar-binding periplasmic protein
[11:54:33] Modify product: Putative peptide transport permease protein Rv1282c => Putative peptide transport permease protein
[11:54:33] Modify product: Glycogen operon protein GlgX homolog => Glycogen operon protein GlgX 
[11:54:33] Modify product: Probable cardiolipin synthase YwiE => putative cardiolipin synthase YwiE
[11:54:33] Modify product: Probable pyridine nucleotide-disulfide oxidoreductase RclA => putative pyridine nucleotide-disulfide oxidoreductase RclA
[11:54:33] Modify product: Uncharacterized GMC-type oxidoreductase Rv1279 => putative GMC-type oxidoreductase
[11:54:33] Modify product: Probable 2-dehydro-3-deoxy-D-pentonate aldolase YjhH => putative 2-dehydro-3-deoxy-D-pentonate aldolase YjhH
[11:54:33] Modify product: Uncharacterized acyl--CoA ligase YhfT => putative acyl--CoA ligase YhfT
[11:54:33] Modify product: Probable acetyl-CoA acyltransferase => putative acetyl-CoA acyltransferase
[11:54:33] Modify product: Monocarboxylate 2-oxoacid-binding periplasmic protein all3028 => Monocarboxylate 2-oxoacid-binding periplasmic protein
[11:54:33] Modify product: Probable N-methylproline demethylase => putative N-methylproline demethylase
[11:54:34] Modify product: Uncharacterized oxidoreductase SA2266 => putative oxidoreductase
[11:54:34] Modify product: Probable copper-exporting P-type ATPase V => putative copper-exporting P-type ATPase V
[11:54:34] Modify product: Probable dipeptidase PepE => putative dipeptidase PepE
[11:54:34] Modify product: Uncharacterized oxidoreductase YjmC => putative oxidoreductase YjmC
[11:54:34] Modify product: Probable N-octanoylanthranilate hydrolase AqdA1 => putative N-octanoylanthranilate hydrolase AqdA1
[11:54:34] Modify product: Probable tartrate dehydrogenase/decarboxylase TtuC' => putative tartrate dehydrogenase/decarboxylase TtuC'
[11:54:34] Modify product: UPF0324 inner membrane protein YeiH => hypothetical protein
[11:54:34] Modify product: Probable D,D-dipeptide transport system permease protein DdpC => putative D,D-dipeptide transport system permease protein DdpC
[11:54:34] Modify product: Probable D,D-dipeptide-binding periplasmic protein DdpA => putative D,D-dipeptide-binding periplasmic protein DdpA
[11:54:34] Modify product: Probable 5-dehydro-4-deoxyglucarate dehydratase => putative 5-dehydro-4-deoxyglucarate dehydratase
[11:54:34] Modify product: Probable ABC transporter-binding protein DR_1438 => putative ABC transporter-binding protein
[11:54:34] Modify product: Probable glutamine ABC transporter permease protein GlnM => putative glutamine ABC transporter permease protein GlnM
[11:54:34] Modify product: UPF0719 inner membrane protein YjfL => hypothetical protein
[11:54:34] Modify product: Uncharacterized protein Rv2004c => putative protein
[11:54:34] Modify product: Uncharacterized protein Rv2004c => putative protein
[11:54:34] Modify product: Putative phosphoribosyl transferase Rv0571c => Putative phosphoribosyl transferase
[11:54:34] Modify product: Uncharacterized ABC transporter ATP-binding protein YheS => putative ABC transporter ATP-binding protein YheS
[11:54:34] Modify product: Probable cystine transporter YijE => putative cystine transporter YijE
[11:54:34] Modify product: Probable 3-hydroxyisobutyrate dehydrogenase => putative 3-hydroxyisobutyrate dehydrogenase
[11:54:34] Modify product: Deacetylase Oant_2987 => Deacetylase
[11:54:34] Modify product: Probable D,D-dipeptide transport system permease protein DdpC => putative D,D-dipeptide transport system permease protein DdpC
[11:54:34] Modify product: Acetyltransferase PA3944 => Acetyltransferase
[11:54:34] Modify product: Uncharacterized HTH-type transcriptional regulator Rv3095 => putative HTH-type transcriptional regulator
[11:54:35] Modify product: Probable sulfate transporter Rv1739c => putative sulfate transporter
[11:54:35] Modify product: Putative thiamine biosynthesis protein HI_0357 => Putative thiamine biosynthesis protein
[11:54:35] Modify product: Probable nicotinate-nucleotide pyrophosphorylase [carboxylating] => putative nicotinate-nucleotide pyrophosphorylase [carboxylating]
[11:54:35] Modify product: Uncharacterized ABC transporter ATP-binding protein TM_0288 => putative ABC transporter ATP-binding protein
[11:54:35] Modify product: Putative multidrug export ATP-binding/permease protein SAV1866 => Putative multidrug export ATP-binding/permease protein
[11:54:35] Modify product: Uncharacterized NTE family protein Rv2565 => putative NTE family protein
[11:54:35] Modify product: Putative multidrug export ATP-binding/permease protein SAV1866 => Putative multidrug export ATP-binding/permease protein
[11:54:35] Modify product: Uncharacterized protein Rv2008c => putative protein
[11:54:35] Modify product: Zinc-type alcohol dehydrogenase-like protein SA1988 => Zinc-type alcohol dehydrogenase-like protein
[11:54:35] Modify product: Probable membrane transporter protein YfcA => putative membrane transporter protein YfcA
[11:54:35] Modify product: Uncharacterized HTH-type transcriptional regulator YtcD => putative HTH-type transcriptional regulator YtcD
[11:54:35] Modify product: Uncharacterized ABC transporter ATP-binding protein YejF => putative ABC transporter ATP-binding protein YejF
[11:54:35] Modify product: Probable acetoacetate decarboxylase => putative acetoacetate decarboxylase
[11:54:35] Modify product: Probable D,D-dipeptide transport system permease protein DdpC => putative D,D-dipeptide transport system permease protein DdpC
[11:54:35] Modify product: Multifunctional alkaline phosphatase superfamily protein pRL90232 => Multifunctional alkaline phosphatase superfamily protein
[11:54:35] Modify product: Leu/Ile/Val-binding protein homolog 3 => Leu/Ile/Val-binding protein 
[11:54:35] Modify product: Probable ABC transporter ATP-binding/permease protein HI_0664 => putative ABC transporter ATP-binding/permease protein
[11:54:35] Modify product: Uncharacterized ABC transporter ATP-binding protein Rv0986 => putative ABC transporter ATP-binding protein
[11:54:35] Modify product: Uncharacterized FAD-linked oxidoreductase Rv2280 => putative FAD-linked oxidoreductase
[11:54:35] Modify product: Uncharacterized MFS-type transporter YcaD => putative MFS-type transporter YcaD
[11:54:35] Modify product: Putative hydrolase MSMEG_3995/MSMEI_3903 => Putative hydrolase/MSMEI_3903
[11:54:35] Modify product: Probable D,D-dipeptide transport system permease protein DdpC => putative D,D-dipeptide transport system permease protein DdpC
[11:54:35] Modify product: Uncharacterized FAD-linked oxidoreductase Rv2280 => putative FAD-linked oxidoreductase
[11:54:35] Modify product: Probable 5-dehydro-4-deoxyglucarate dehydratase => putative 5-dehydro-4-deoxyglucarate dehydratase
[11:54:35] Modify product: Probable D,D-dipeptide transport system permease protein DdpC => putative D,D-dipeptide transport system permease protein DdpC
[11:54:35] Modify product: Cyclic di-GMP phosphodiesterase PA4108 => Cyclic di-GMP phosphodiesterase
[11:54:35] Cleaned 288 /product names
[11:54:35] Deleting unwanted file: ./G067.fsa_prokka/./G067.fsa.sprot.tmp.7963.faa
[11:54:35] Deleting unwanted file: ./G067.fsa_prokka/./G067.fsa.sprot.tmp.7963.blast
[11:54:40] There are still 3848 unannotated CDS left (started with 7301)
[11:54:40] Will use hmmer3 to search against /Users/chloeharper/miniconda3/envs/prokka/db/hmm/HAMAP.hmm with 4 CPUs
[11:54:40] Running: cat \.\/G067\.fsa_prokka\/\.\/G067\.fsa\.HAMAP\.hmm\.tmp\.7963\.faa | parallel --gnu --plain -j 4 --block 131706 --recstart '>' --pipe hmmscan --noali --notextw --acc -E 1e-09 --cpu 1 /Users/chloeharper/miniconda3/envs/prokka/db/hmm/HAMAP.hmm /dev/stdin > \.\/G067\.fsa_prokka\/\.\/G067\.fsa\.HAMAP\.hmm\.tmp\.7963\.hmmer3 2> /dev/null
[11:56:10] Modify product: Uncharacterized MFS-type transporter YcaD => putative MFS-type transporter YcaD
[11:56:10] Modify product: Uncharacterized MFS-type transporter YcaD => putative MFS-type transporter YcaD
[11:56:10] Modify product: Uncharacterized Nudix hydrolase NudL => putative Nudix hydrolase NudL
[11:56:10] Modify product: Uncharacterized MFS-type transporter YcaD => putative MFS-type transporter YcaD
[11:56:11] Cleaned 4 /product names
[11:56:11] Deleting unwanted file: ./G067.fsa_prokka/./G067.fsa.HAMAP.hmm.tmp.7963.faa
[11:56:11] Deleting unwanted file: ./G067.fsa_prokka/./G067.fsa.HAMAP.hmm.tmp.7963.hmmer3
[11:56:11] Labelling remaining 3363 proteins as 'hypothetical protein'
[11:56:11] Possible /pseudo 'Tyrosine recombinase XerC' at C27 position 44360
[11:56:11] Possible /pseudo 'IS5 family transposase IS869' at C48 position 406
[11:56:11] Possible /pseudo 'IS3 family transposase ISAtu5' at C49 position 324
[11:56:11] Possible /pseudo 'UDP-glucose 4-epimerase' at Cchr position 37466
[11:56:11] Possible /pseudo 'UDP-glucose 4-epimerase' at Cchr position 540744
[11:56:11] Possible /pseudo 'Sorbitol dehydrogenase' at Cchr position 635882
[11:56:11] Possible /pseudo 'Non-homologous end joining protein Ku' at Cchr position 652775
[11:56:11] Possible /pseudo 'Flagellin' at Cchr position 704758
[11:56:11] Possible /pseudo 'Flagellin' at Cchr position 705911
[11:56:11] Possible /pseudo 'Flagellin' at Cchr position 707123
[11:56:11] Possible /pseudo 'HTH-type transcriptional regulator DmlR' at Cchr position 847034
[11:56:11] Possible /pseudo 'putative amino-acid permease protein YxeN' at Cchr position 1042606
[11:56:11] Possible /pseudo 'Ribose import permease protein RbsC' at Cchr position 2027343
[11:56:11] Possible /pseudo 'Bicyclomycin resistance protein' at Cchr position 2623705
[11:56:11] Possible /pseudo '3'(2'),5'-bisphosphate nucleotidase CysQ' at Cchr position 2626041
[11:56:11] Possible /pseudo 'Sensor histidine kinase RcsC' at Cchr position 2905752
[11:56:11] Possible /pseudo 'L-cystine transport system permease protein YecS' at Cchr position 2943954
[11:56:11] Possible /pseudo 'Putative protein-methionine-sulfoxide reductase subunit YedZ1' at Cchr position 3042575
[11:56:11] Possible /pseudo 'Monomeric sarcosine oxidase' at Cchr position 3343527
[11:56:11] Possible /pseudo 'Cytochrome b/c1' at Cchr position 3519805
[11:56:11] Possible /pseudo 'tRNA 5-methylaminomethyl-2-thiouridine biosynthesis bifunctional protein MnmC' at Cchr position 3635647
[11:56:11] Possible /pseudo 'IS3 family transposase ISAtu5' at Cchr position 3754433
[11:56:11] Possible /pseudo 'Manganese transport system membrane protein MntB' at Cchr position 4101573
[11:56:11] Possible /pseudo 'putative protein' at Cchr position 4298494
[11:56:11] Possible /pseudo 'L-cystine transport system permease protein YecS' at Cchr position 4679252
[11:56:11] Possible /pseudo 'IS5 family transposase ISNGR9' at CpRL10 position 54523
[11:56:11] Possible /pseudo 'IS5 family transposase ISRel13' at CpRL10 position 76931
[11:56:11] Possible /pseudo 'Catabolite control protein A' at CpRL10 position 166563
[11:56:11] Possible /pseudo 'Copper-transporting P-type ATPase' at CpRL11 position 63657
[11:56:11] Possible /pseudo '3',5'-cyclic adenosine monophosphate phosphodiesterase CpdA' at CpRL11 position 78737
[11:56:11] Possible /pseudo 'HTH-type transcriptional repressor GlaR' at CpRL11 position 446250
[11:56:11] Possible /pseudo 'L-cystine transport system permease protein YecS' at CpRL11 position 451394
[11:56:11] Possible /pseudo 'Non-homologous end joining protein Ku' at CpRL11 position 481046
[11:56:11] Possible /pseudo 'Dibenzothiophene desulfurization enzyme C' at CpRL12 position 75712
[11:56:11] Possible /pseudo '3-oxoacyl-[acyl-carrier-protein] reductase FabG' at CpRL12 position 243888
[11:56:11] Possible /pseudo 'Ribose import permease protein RbsC' at CpRL12 position 419734
[11:56:11] Possible /pseudo 'IS110 family transposase ISMno14' at CpRL12 position 578783
[11:56:11] Possible /pseudo 'Glycine betaine transport system permease protein OpuAB' at CpRL12 position 640765
[11:56:11] Possible /pseudo 'Sensor histidine kinase RcsC' at CpRL12 position 855765
[11:56:11] Possible /pseudo 'D-galactonate dehydratase' at CpRL12 position 944268
[11:56:11] Possible /pseudo 'Response regulator protein TmoT' at CpRL12 position 948976
[11:56:11] Possible /pseudo 'L-cystine transport system permease protein YecS' at CpRL12 position 1037361
[11:56:11] Possible /pseudo 'D-inositol-3-phosphate glycosyltransferase' at CpRL9 position 139156
[11:56:11] Possible /pseudo 'Error-prone DNA polymerase' at CpRL9 position 232513
[11:56:11] Found 2097 unique /gene codes.
[11:56:11] Fixed 2 duplicate /gene - pepA_1 pepA_2
[11:56:11] Fixed 3 duplicate /gene - cheY_1 cheY_2 cheY_3
[11:56:11] Fixed 3 duplicate /gene - dhaK_1 dhaK_2 dhaK_3
[11:56:11] Fixed 2 duplicate /gene - tmk_1 tmk_2
[11:56:11] Fixed 2 duplicate /gene - acdA_1 acdA_2
[11:56:11] Fixed 2 duplicate /gene - fixN_1 fixN_2
[11:56:11] Fixed 2 duplicate /gene - ccmE_1 ccmE_2
[11:56:11] Fixed 2 duplicate /gene - bauA_1 bauA_2
[11:56:11] Fixed 3 duplicate /gene - rhtC_1 rhtC_2 rhtC_3
[11:56:11] Fixed 2 duplicate /gene - pcaR_1 pcaR_2
[11:56:11] Fixed 2 duplicate /gene - dctA_1 dctA_2
[11:56:11] Fixed 2 duplicate /gene - atpB_1 atpB_2
[11:56:11] Fixed 2 duplicate /gene - pld1_1 pld1_2
[11:56:11] Fixed 2 duplicate /gene - garD_1 garD_2
[11:56:11] Fixed 2 duplicate /gene - tdh_1 tdh_2
[11:56:11] Fixed 5 duplicate /gene - oppC_1 oppC_2 oppC_3 oppC_4 oppC_5
[11:56:11] Fixed 2 duplicate /gene - sigF_1 sigF_2
[11:56:11] Fixed 2 duplicate /gene - psuG_1 psuG_2
[11:56:11] Fixed 8 duplicate /gene - rhaR_1 rhaR_2 rhaR_3 rhaR_4 rhaR_5 rhaR_6 rhaR_7 rhaR_8
[11:56:11] Fixed 2 duplicate /gene - pyrE_1 pyrE_2
[11:56:11] Fixed 2 duplicate /gene - ilvA_1 ilvA_2
[11:56:11] Fixed 2 duplicate /gene - deoC_1 deoC_2
[11:56:11] Fixed 2 duplicate /gene - rnd_1 rnd_2
[11:56:11] Fixed 2 duplicate /gene - tdiR_1 tdiR_2
[11:56:11] Fixed 2 duplicate /gene - nemA_1 nemA_2
[11:56:11] Fixed 4 duplicate /gene - decR_1 decR_2 decR_3 decR_4
[11:56:11] Fixed 2 duplicate /gene - yfdE_1 yfdE_2
[11:56:11] Fixed 3 duplicate /gene - pcpR_1 pcpR_2 pcpR_3
[11:56:11] Fixed 3 duplicate /gene - IMPDH_1 IMPDH_2 IMPDH_3
[11:56:11] Fixed 2 duplicate /gene - cmk_1 cmk_2
[11:56:11] Fixed 2 duplicate /gene - chqB_1 chqB_2
[11:56:11] Fixed 5 duplicate /gene - gdh_1 gdh_2 gdh_3 gdh_4 gdh_5
[11:56:11] Fixed 2 duplicate /gene - degQ_1 degQ_2
[11:56:11] Fixed 4 duplicate /gene - betA_1 betA_2 betA_3 betA_4
[11:56:11] Fixed 3 duplicate /gene - dhaL-2_1 dhaL-2_2 dhaL-2_3
[11:56:11] Fixed 2 duplicate /gene - gci_1 gci_2
[11:56:11] Fixed 2 duplicate /gene - eda_1 eda_2
[11:56:11] Fixed 2 duplicate /gene - purF_1 purF_2
[11:56:11] Fixed 2 duplicate /gene - murG_1 murG_2
[11:56:11] Fixed 2 duplicate /gene - nthB_1 nthB_2
[11:56:11] Fixed 4 duplicate /gene - fucU_1 fucU_2 fucU_3 fucU_4
[11:56:11] Fixed 3 duplicate /gene - eryB_1 eryB_2 eryB_3
[11:56:11] Fixed 2 duplicate /gene - yadH_1 yadH_2
[11:56:11] Fixed 2 duplicate /gene - ttuD_1 ttuD_2
[11:56:11] Fixed 4 duplicate /gene - sugC_1 sugC_2 sugC_3 sugC_4
[11:56:11] Fixed 3 duplicate /gene - betB_1 betB_2 betB_3
[11:56:11] Fixed 2 duplicate /gene - sigH_1 sigH_2
[11:56:11] Fixed 2 duplicate /gene - secDF_1 secDF_2
[11:56:11] Fixed 2 duplicate /gene - hyi_1 hyi_2
[11:56:11] Fixed 2 duplicate /gene - pstS_1 pstS_2
[11:56:11] Fixed 2 duplicate /gene - pcaI_1 pcaI_2
[11:56:11] Fixed 2 duplicate /gene - proA_1 proA_2
[11:56:11] Fixed 3 duplicate /gene - tctD_1 tctD_2 tctD_3
[11:56:11] Fixed 2 duplicate /gene - gyrB_1 gyrB_2
[11:56:11] Fixed 4 duplicate /gene - potH_1 potH_2 potH_3 potH_4
[11:56:11] Fixed 7 duplicate /gene - hisC_1 hisC_2 hisC_3 hisC_4 hisC_5 hisC_6 hisC_7
[11:56:11] Fixed 3 duplicate /gene - ilvI_1 ilvI_2 ilvI_3
[11:56:11] Fixed 2 duplicate /gene - udh_1 udh_2
[11:56:11] Fixed 16 duplicate /gene - iolG_1 iolG_2 iolG_3 iolG_4 iolG_5 iolG_6 iolG_7 iolG_8 iolG_9 iolG_10 iolG_11 iolG_12 iolG_13 iolG_14 iolG_15 iolG_16
[11:56:11] Fixed 7 duplicate /gene - ligD_1 ligD_2 ligD_3 ligD_4 ligD_5 ligD_6 ligD_7
[11:56:11] Fixed 2 duplicate /gene - braC_1 braC_2
[11:56:11] Fixed 2 duplicate /gene - glpK_1 glpK_2
[11:56:11] Fixed 2 duplicate /gene - malT_1 malT_2
[11:56:11] Fixed 2 duplicate /gene - lsrB_1 lsrB_2
[11:56:11] Fixed 4 duplicate /gene - aroE_1 aroE_2 aroE_3 aroE_4
[11:56:11] Fixed 2 duplicate /gene - ptsJ_1 ptsJ_2
[11:56:11] Fixed 3 duplicate /gene - glxR_1 glxR_2 glxR_3
[11:56:11] Fixed 2 duplicate /gene - dctB_1 dctB_2
[11:56:11] Fixed 2 duplicate /gene - mepA_1 mepA_2
[11:56:11] Fixed 2 duplicate /gene - degU_1 degU_2
[11:56:11] Fixed 3 duplicate /gene - xylF_1 xylF_2 xylF_3
[11:56:11] Fixed 2 duplicate /gene - bmaC_1 bmaC_2
[11:56:11] Fixed 2 duplicate /gene - aroQ_1 aroQ_2
[11:56:11] Fixed 2 duplicate /gene - fadJ_1 fadJ_2
[11:56:11] Fixed 2 duplicate /gene - lexA_1 lexA_2
[11:56:11] Fixed 3 duplicate /gene - rclA_1 rclA_2 rclA_3
[11:56:11] Fixed 2 duplicate /gene - crt_1 crt_2
[11:56:11] Fixed 2 duplicate /gene - xynR_1 xynR_2
[11:56:11] Fixed 2 duplicate /gene - yknY_1 yknY_2
[11:56:11] Fixed 6 duplicate /gene - araQ_1 araQ_2 araQ_3 araQ_4 araQ_5 araQ_6
[11:56:11] Fixed 2 duplicate /gene - cpdR_1 cpdR_2
[11:56:11] Fixed 3 duplicate /gene - blh_1 blh_2 blh_3
[11:56:11] Fixed 2 duplicate /gene - aar_1 aar_2
[11:56:11] Fixed 3 duplicate /gene - araH_1 araH_2 araH_3
[11:56:11] Fixed 2 duplicate /gene - mshD_1 mshD_2
[11:56:11] Fixed 2 duplicate /gene - ybhL_1 ybhL_2
[11:56:11] Fixed 2 duplicate /gene - fghA_1 fghA_2
[11:56:11] Fixed 2 duplicate /gene - dinG_1 dinG_2
[11:56:11] Fixed 2 duplicate /gene - fabI_1 fabI_2
[11:56:11] Fixed 3 duplicate /gene - mdtE_1 mdtE_2 mdtE_3
[11:56:11] Fixed 2 duplicate /gene - nifD_1 nifD_2
[11:56:11] Fixed 3 duplicate /gene - occP_1 occP_2 occP_3
[11:56:11] Fixed 2 duplicate /gene - vapC_1 vapC_2
[11:56:11] Fixed 3 duplicate /gene - ropA_1 ropA_2 ropA_3
[11:56:11] Fixed 2 duplicate /gene - aqpZ_1 aqpZ_2
[11:56:11] Fixed 3 duplicate /gene - bpoC_1 bpoC_2 bpoC_3
[11:56:11] Fixed 2 duplicate /gene - bigR_1 bigR_2
[11:56:11] Fixed 2 duplicate /gene - exuR_1 exuR_2
[11:56:11] Fixed 3 duplicate /gene - ugpQ_1 ugpQ_2 ugpQ_3
[11:56:11] Fixed 14 duplicate /gene - melD_1 melD_2 melD_3 melD_4 melD_5 melD_6 melD_7 melD_8 melD_9 melD_10 melD_11 melD_12 melD_13 melD_14
[11:56:11] Fixed 5 duplicate /gene - cpdA_1 cpdA_2 cpdA_3 cpdA_4 cpdA_5
[11:56:11] Fixed 5 duplicate /gene - iolE_1 iolE_2 iolE_3 iolE_4 iolE_5
[11:56:11] Fixed 3 duplicate /gene - gnl_1 gnl_2 gnl_3
[11:56:11] Fixed 5 duplicate /gene - nagC_1 nagC_2 nagC_3 nagC_4 nagC_5
[11:56:11] Fixed 10 duplicate /gene - livF_1 livF_2 livF_3 livF_4 livF_5 livF_6 livF_7 livF_8 livF_9 livF_10
[11:56:11] Fixed 2 duplicate /gene - araG_1 araG_2
[11:56:11] Fixed 2 duplicate /gene - dppC_1 dppC_2
[11:56:11] Fixed 2 duplicate /gene - folE_1 folE_2
[11:56:11] Fixed 2 duplicate /gene - per_1 per_2
[11:56:11] Fixed 2 duplicate /gene - ggt_1 ggt_2
[11:56:11] Fixed 2 duplicate /gene - rfbC_1 rfbC_2
[11:56:11] Fixed 6 duplicate /gene - rafR_1 rafR_2 rafR_3 rafR_4 rafR_5 rafR_6
[11:56:11] Fixed 2 duplicate /gene - glk_1 glk_2
[11:56:11] Fixed 2 duplicate /gene - yihV_1 yihV_2
[11:56:11] Fixed 2 duplicate /gene - yedA_1 yedA_2
[11:56:11] Fixed 2 duplicate /gene - ssuC_1 ssuC_2
[11:56:11] Fixed 2 duplicate /gene - arsH_1 arsH_2
[11:56:11] Fixed 2 duplicate /gene - accA1_1 accA1_2
[11:56:11] Fixed 3 duplicate /gene - srlR_1 srlR_2 srlR_3
[11:56:11] Fixed 2 duplicate /gene - tyrS_1 tyrS_2
[11:56:11] Fixed 2 duplicate /gene - xynB_1 xynB_2
[11:56:11] Fixed 9 duplicate /gene - gcvA_1 gcvA_2 gcvA_3 gcvA_4 gcvA_5 gcvA_6 gcvA_7 gcvA_8 gcvA_9
[11:56:11] Fixed 2 duplicate /gene - ptsN_1 ptsN_2
[11:56:11] Fixed 4 duplicate /gene - fixK_1 fixK_2 fixK_3 fixK_4
[11:56:11] Fixed 6 duplicate /gene - xylH_1 xylH_2 xylH_3 xylH_4 xylH_5 xylH_6
[11:56:11] Fixed 2 duplicate /gene - purU_1 purU_2
[11:56:11] Fixed 2 duplicate /gene - ydcS_1 ydcS_2
[11:56:11] Fixed 9 duplicate /gene - livH_1 livH_2 livH_3 livH_4 livH_5 livH_6 livH_7 livH_8 livH_9
[11:56:11] Fixed 2 duplicate /gene - bdhA_1 bdhA_2
[11:56:11] Fixed 11 duplicate /gene - rhaS_1 rhaS_2 rhaS_3 rhaS_4 rhaS_5 rhaS_6 rhaS_7 rhaS_8 rhaS_9 rhaS_10 rhaS_11
[11:56:11] Fixed 4 duplicate /gene - lldR_1 lldR_2 lldR_3 lldR_4
[11:56:11] Fixed 4 duplicate /gene - suhB_1 suhB_2 suhB_3 suhB_4
[11:56:11] Fixed 3 duplicate /gene - xthA_1 xthA_2 xthA_3
[11:56:11] Fixed 2 duplicate /gene - hmrR_1 hmrR_2
[11:56:11] Fixed 2 duplicate /gene - lig_1 lig_2
[11:56:11] Fixed 3 duplicate /gene - flhA_1 flhA_2 flhA_3
[11:56:11] Fixed 2 duplicate /gene - paaF_1 paaF_2
[11:56:11] Fixed 4 duplicate /gene - linC_1 linC_2 linC_3 linC_4
[11:56:11] Fixed 2 duplicate /gene - xylG_1 xylG_2
[11:56:11] Fixed 2 duplicate /gene - pstB_1 pstB_2
[11:56:11] Fixed 4 duplicate /gene - gno_1 gno_2 gno_3 gno_4
[11:56:11] Fixed 20 duplicate /gene - pgrR_1 pgrR_2 pgrR_3 pgrR_4 pgrR_5 pgrR_6 pgrR_7 pgrR_8 pgrR_9 pgrR_10 pgrR_11 pgrR_12 pgrR_13 pgrR_14 pgrR_15 pgrR_16 pgrR_17 pgrR_18 pgrR_19 pgrR_20
[11:56:11] Fixed 2 duplicate /gene - yxeN_1 yxeN_2
[11:56:11] Fixed 4 duplicate /gene - benM_1 benM_2 benM_3 benM_4
[11:56:11] Fixed 2 duplicate /gene - pcrA_1 pcrA_2
[11:56:11] Fixed 5 duplicate /gene - ycjP_1 ycjP_2 ycjP_3 ycjP_4 ycjP_5
[11:56:11] Fixed 2 duplicate /gene - tenA_1 tenA_2
[11:56:11] Fixed 2 duplicate /gene - idnD_1 idnD_2
[11:56:11] Fixed 3 duplicate /gene - hbpA_1 hbpA_2 hbpA_3
[11:56:11] Fixed 2 duplicate /gene - panB_1 panB_2
[11:56:11] Fixed 3 duplicate /gene - rbsR_1 rbsR_2 rbsR_3
[11:56:11] Fixed 3 duplicate /gene - entS_1 entS_2 entS_3
[11:56:11] Fixed 2 duplicate /gene - dasA_1 dasA_2
[11:56:11] Fixed 2 duplicate /gene - pyrC_1 pyrC_2
[11:56:11] Fixed 2 duplicate /gene - dapB_1 dapB_2
[11:56:11] Fixed 2 duplicate /gene - speB_1 speB_2
[11:56:11] Fixed 9 duplicate /gene - hcaB_1 hcaB_2 hcaB_3 hcaB_4 hcaB_5 hcaB_6 hcaB_7 hcaB_8 hcaB_9
[11:56:11] Fixed 5 duplicate /gene - gabD_1 gabD_2 gabD_3 gabD_4 gabD_5
[11:56:11] Fixed 2 duplicate /gene - arcB_1 arcB_2
[11:56:11] Fixed 4 duplicate /gene - dctM_1 dctM_2 dctM_3 dctM_4
[11:56:11] Fixed 2 duplicate /gene - alsC_1 alsC_2
[11:56:11] Fixed 3 duplicate /gene - opuAB_1 opuAB_2 opuAB_3
[11:56:11] Fixed 4 duplicate /gene - actP_1 actP_2 actP_3 actP_4
[11:56:11] Fixed 2 duplicate /gene - flgE_1 flgE_2
[11:56:11] Fixed 12 duplicate /gene - yecS_1 yecS_2 yecS_3 yecS_4 yecS_5 yecS_6 yecS_7 yecS_8 yecS_9 yecS_10 yecS_11 yecS_12
[11:56:11] Fixed 5 duplicate /gene - lacG_1 lacG_2 lacG_3 lacG_4 lacG_5
[11:56:11] Fixed 2 duplicate /gene - carB_1 carB_2
[11:56:11] Fixed 2 duplicate /gene - gfa_1 gfa_2
[11:56:11] Fixed 3 duplicate /gene - slyA_1 slyA_2 slyA_3
[11:56:11] Fixed 18 duplicate /gene - rbsA_1 rbsA_2 rbsA_3 rbsA_4 rbsA_5 rbsA_6 rbsA_7 rbsA_8 rbsA_9 rbsA_10 rbsA_11 rbsA_12 rbsA_13 rbsA_14 rbsA_15 rbsA_16 rbsA_17 rbsA_18
[11:56:11] Fixed 4 duplicate /gene - ydhP_1 ydhP_2 ydhP_3 ydhP_4
[11:56:11] Fixed 2 duplicate /gene - rlmB_1 rlmB_2
[11:56:11] Fixed 2 duplicate /gene - argF_1 argF_2
[11:56:11] Fixed 3 duplicate /gene - arsC_1 arsC_2 arsC_3
[11:56:11] Fixed 3 duplicate /gene - carA_1 carA_2 carA_3
[11:56:11] Fixed 2 duplicate /gene - argG_1 argG_2
[11:56:11] Fixed 4 duplicate /gene - traC_1 traC_2 traC_3 traC_4
[11:56:11] Fixed 2 duplicate /gene - hcaR_1 hcaR_2
[11:56:11] Fixed 3 duplicate /gene - lsrD_1 lsrD_2 lsrD_3
[11:56:11] Fixed 2 duplicate /gene - tcyC_1 tcyC_2
[11:56:11] Fixed 2 duplicate /gene - vjbR_1 vjbR_2
[11:56:11] Fixed 2 duplicate /gene - tspO_1 tspO_2
[11:56:11] Fixed 23 duplicate /gene - ugpC_1 ugpC_2 ugpC_3 ugpC_4 ugpC_5 ugpC_6 ugpC_7 ugpC_8 ugpC_9 ugpC_10 ugpC_11 ugpC_12 ugpC_13 ugpC_14 ugpC_15 ugpC_16 ugpC_17 ugpC_18 ugpC_19 ugpC_20 ugpC_21 ugpC_22 ugpC_23
[11:56:11] Fixed 2 duplicate /gene - dctD_1 dctD_2
[11:56:11] Fixed 2 duplicate /gene - ogt_1 ogt_2
[11:56:11] Fixed 2 duplicate /gene - def_1 def_2
[11:56:11] Fixed 6 duplicate /gene - bacC_1 bacC_2 bacC_3 bacC_4 bacC_5 bacC_6
[11:56:11] Fixed 3 duplicate /gene - accB_1 accB_2 accB_3
[11:56:11] Fixed 8 duplicate /gene - rbsB_1 rbsB_2 rbsB_3 rbsB_4 rbsB_5 rbsB_6 rbsB_7 rbsB_8
[11:56:11] Fixed 2 duplicate /gene - paoC_1 paoC_2
[11:56:11] Fixed 5 duplicate /gene - nanR_1 nanR_2 nanR_3 nanR_4 nanR_5
[11:56:11] Fixed 3 duplicate /gene - LhpG_1 LhpG_2 LhpG_3
[11:56:11] Fixed 11 duplicate /gene - lacF_1 lacF_2 lacF_3 lacF_4 lacF_5 lacF_6 lacF_7 lacF_8 lacF_9 lacF_10 lacF_11
[11:56:11] Fixed 2 duplicate /gene - prsD_1 prsD_2
[11:56:11] Fixed 2 duplicate /gene - fdxA_1 fdxA_2
[11:56:11] Fixed 2 duplicate /gene - gmd_1 gmd_2
[11:56:11] Fixed 2 duplicate /gene - hypBA1_1 hypBA1_2
[11:56:11] Fixed 2 duplicate /gene - wzxC_1 wzxC_2
[11:56:11] Fixed 2 duplicate /gene - linF_1 linF_2
[11:56:11] Fixed 6 duplicate /gene - gph_1 gph_2 gph_3 gph_4 gph_5 gph_6
[11:56:11] Fixed 8 duplicate /gene - lptB_1 lptB_2 lptB_3 lptB_4 lptB_5 lptB_6 lptB_7 lptB_8
[11:56:11] Fixed 2 duplicate /gene - tauB_1 tauB_2
[11:56:11] Fixed 2 duplicate /gene - glnP_1 glnP_2
[11:56:11] Fixed 2 duplicate /gene - rob_1 rob_2
[11:56:11] Fixed 3 duplicate /gene - ecfG_1 ecfG_2 ecfG_3
[11:56:11] Fixed 3 duplicate /gene - cysA_1 cysA_2 cysA_3
[11:56:11] Fixed 4 duplicate /gene - tmoT_1 tmoT_2 tmoT_3 tmoT_4
[11:56:11] Fixed 2 duplicate /gene - qseB_1 qseB_2
[11:56:11] Fixed 2 duplicate /gene - bamA_1 bamA_2
[11:56:11] Fixed 19 duplicate /gene - gsiC_1 gsiC_2 gsiC_3 gsiC_4 gsiC_5 gsiC_6 gsiC_7 gsiC_8 gsiC_9 gsiC_10 gsiC_11 gsiC_12 gsiC_13 gsiC_14 gsiC_15 gsiC_16 gsiC_17 gsiC_18 gsiC_19
[11:56:11] Fixed 24 duplicate /gene - btuD_1 btuD_2 btuD_3 btuD_4 btuD_5 btuD_6 btuD_7 btuD_8 btuD_9 btuD_10 btuD_11 btuD_12 btuD_13 btuD_14 btuD_15 btuD_16 btuD_17 btuD_18 btuD_19 btuD_20 btuD_21 btuD_22 btuD_23 btuD_24
[11:56:11] Fixed 2 duplicate /gene - zwf_1 zwf_2
[11:56:11] Fixed 3 duplicate /gene - garR_1 garR_2 garR_3
[11:56:11] Fixed 8 duplicate /gene - dapA_1 dapA_2 dapA_3 dapA_4 dapA_5 dapA_6 dapA_7 dapA_8
[11:56:11] Fixed 4 duplicate /gene - araC_1 araC_2 araC_3 araC_4
[11:56:11] Fixed 2 duplicate /gene - rihA_1 rihA_2
[11:56:11] Fixed 4 duplicate /gene - eryD_1 eryD_2 eryD_3 eryD_4
[11:56:11] Fixed 3 duplicate /gene - kup_1 kup_2 kup_3
[11:56:11] Fixed 2 duplicate /gene - rlpA_1 rlpA_2
[11:56:11] Fixed 2 duplicate /gene - phyR_1 phyR_2
[11:56:11] Fixed 3 duplicate /gene - cckA_1 cckA_2 cckA_3
[11:56:11] Fixed 3 duplicate /gene - ttuB_1 ttuB_2 ttuB_3
[11:56:11] Fixed 2 duplicate /gene - lcfB_1 lcfB_2
[11:56:11] Fixed 5 duplicate /gene - gltR_1 gltR_2 gltR_3 gltR_4 gltR_5
[11:56:11] Fixed 2 duplicate /gene - hemA_1 hemA_2
[11:56:11] Fixed 2 duplicate /gene - exoI_1 exoI_2
[11:56:11] Fixed 4 duplicate /gene - bepF_1 bepF_2 bepF_3 bepF_4
[11:56:11] Fixed 3 duplicate /gene - occM_1 occM_2 occM_3
[11:56:11] Fixed 3 duplicate /gene - mnmC_1 mnmC_2 mnmC_3
[11:56:11] Fixed 4 duplicate /gene - menH_1 menH_2 menH_3 menH_4
[11:56:11] Fixed 3 duplicate /gene - lldD_1 lldD_2 lldD_3
[11:56:11] Fixed 3 duplicate /gene - tam_1 tam_2 tam_3
[11:56:11] Fixed 3 duplicate /gene - ngcF_1 ngcF_2 ngcF_3
[11:56:11] Fixed 2 duplicate /gene - nagK_1 nagK_2
[11:56:11] Fixed 2 duplicate /gene - kaiC_1 kaiC_2
[11:56:11] Fixed 2 duplicate /gene - fruK_1 fruK_2
[11:56:11] Fixed 2 duplicate /gene - purC_1 purC_2
[11:56:11] Fixed 6 duplicate /gene - emrA_1 emrA_2 emrA_3 emrA_4 emrA_5 emrA_6
[11:56:11] Fixed 2 duplicate /gene - lacZ_1 lacZ_2
[11:56:11] Fixed 3 duplicate /gene - mdtC_1 mdtC_2 mdtC_3
[11:56:11] Fixed 2 duplicate /gene - soxC_1 soxC_2
[11:56:11] Fixed 13 duplicate /gene - malK_1 malK_2 malK_3 malK_4 malK_5 malK_6 malK_7 malK_8 malK_9 malK_10 malK_11 malK_12 malK_13
[11:56:11] Fixed 2 duplicate /gene - pntB_1 pntB_2
[11:56:11] Fixed 5 duplicate /gene - rpaR_1 rpaR_2 rpaR_3 rpaR_4 rpaR_5
[11:56:11] Fixed 3 duplicate /gene - pxpB_1 pxpB_2 pxpB_3
[11:56:11] Fixed 7 duplicate /gene - cspA_1 cspA_2 cspA_3 cspA_4 cspA_5 cspA_6 cspA_7
[11:56:11] Fixed 2 duplicate /gene - coaE_1 coaE_2
[11:56:11] Fixed 3 duplicate /gene - etfB_1 etfB_2 etfB_3
[11:56:11] Fixed 3 duplicate /gene - rfuC_1 rfuC_2 rfuC_3
[11:56:11] Fixed 2 duplicate /gene - naiP_1 naiP_2
[11:56:11] Fixed 5 duplicate /gene - ribN_1 ribN_2 ribN_3 ribN_4 ribN_5
[11:56:11] Fixed 2 duplicate /gene - mltF_1 mltF_2
[11:56:11] Fixed 14 duplicate /gene - oppF_1 oppF_2 oppF_3 oppF_4 oppF_5 oppF_6 oppF_7 oppF_8 oppF_9 oppF_10 oppF_11 oppF_12 oppF_13 oppF_14
[11:56:11] Fixed 2 duplicate /gene - metG_1 metG_2
[11:56:11] Fixed 5 duplicate /gene - yfcG_1 yfcG_2 yfcG_3 yfcG_4 yfcG_5
[11:56:11] Fixed 2 duplicate /gene - yyaP_1 yyaP_2
[11:56:11] Fixed 2 duplicate /gene - puuC_1 puuC_2
[11:56:11] Fixed 2 duplicate /gene - leuE_1 leuE_2
[11:56:11] Fixed 2 duplicate /gene - ycjO_1 ycjO_2
[11:56:11] Fixed 2 duplicate /gene - rnhA_1 rnhA_2
[11:56:11] Fixed 7 duplicate /gene - ddpC_1 ddpC_2 ddpC_3 ddpC_4 ddpC_5 ddpC_6 ddpC_7
[11:56:11] Fixed 2 duplicate /gene - melR_1 melR_2
[11:56:11] Fixed 2 duplicate /gene - prs_1 prs_2
[11:56:11] Fixed 12 duplicate /gene - cdhR_1 cdhR_2 cdhR_3 cdhR_4 cdhR_5 cdhR_6 cdhR_7 cdhR_8 cdhR_9 cdhR_10 cdhR_11 cdhR_12
[11:56:11] Fixed 5 duplicate /gene - mglA_1 mglA_2 mglA_3 mglA_4 mglA_5
[11:56:11] Fixed 2 duplicate /gene - menF_1 menF_2
[11:56:11] Fixed 4 duplicate /gene - mntB_1 mntB_2 mntB_3 mntB_4
[11:56:11] Fixed 2 duplicate /gene - gltX_1 gltX_2
[11:56:11] Fixed 3 duplicate /gene - pxpA_1 pxpA_2 pxpA_3
[11:56:11] Fixed 3 duplicate /gene - nagZ_1 nagZ_2 nagZ_3
[11:56:11] Fixed 3 duplicate /gene - etfA_1 etfA_2 etfA_3
[11:56:11] Fixed 7 duplicate /gene - mshA_1 mshA_2 mshA_3 mshA_4 mshA_5 mshA_6 mshA_7
[11:56:11] Fixed 2 duplicate /gene - ubiL_1 ubiL_2
[11:56:11] Fixed 2 duplicate /gene - moaA_1 moaA_2
[11:56:11] Fixed 4 duplicate /gene - emrB_1 emrB_2 emrB_3 emrB_4
[11:56:11] Fixed 6 duplicate /gene - frcA_1 frcA_2 frcA_3 frcA_4 frcA_5 frcA_6
[11:56:11] Fixed 9 duplicate /gene - ngcG_1 ngcG_2 ngcG_3 ngcG_4 ngcG_5 ngcG_6 ngcG_7 ngcG_8 ngcG_9
[11:56:11] Fixed 2 duplicate /gene - lacE_1 lacE_2
[11:56:11] Fixed 2 duplicate /gene - ttgB_1 ttgB_2
[11:56:11] Fixed 2 duplicate /gene - flgG_1 flgG_2
[11:56:11] Fixed 2 duplicate /gene - lrpC_1 lrpC_2
[11:56:11] Fixed 3 duplicate /gene - dksA_1 dksA_2 dksA_3
[11:56:11] Fixed 4 duplicate /gene - bdcA_1 bdcA_2 bdcA_3 bdcA_4
[11:56:11] Fixed 4 duplicate /gene - pcm_1 pcm_2 pcm_3 pcm_4
[11:56:11] Fixed 4 duplicate /gene - melA_1 melA_2 melA_3 melA_4
[11:56:11] Fixed 4 duplicate /gene - rutB_1 rutB_2 rutB_3 rutB_4
[11:56:11] Fixed 2 duplicate /gene - corA_1 corA_2
[11:56:11] Fixed 4 duplicate /gene - appA_1 appA_2 appA_3 appA_4
[11:56:11] Fixed 2 duplicate /gene - pcaF_1 pcaF_2
[11:56:11] Fixed 2 duplicate /gene - nanT_1 nanT_2
[11:56:11] Fixed 3 duplicate /gene - mpdB_1 mpdB_2 mpdB_3
[11:56:11] Fixed 3 duplicate /gene - azoB_1 azoB_2 azoB_3
[11:56:11] Fixed 4 duplicate /gene - dnaE2_1 dnaE2_2 dnaE2_3 dnaE2_4
[11:56:11] Fixed 2 duplicate /gene - gppA_1 gppA_2
[11:56:11] Fixed 2 duplicate /gene - stp_1 stp_2
[11:56:11] Fixed 2 duplicate /gene - alr_1 alr_2
[11:56:11] Fixed 3 duplicate /gene - groL5_1 groL5_2 groL5_3
[11:56:11] Fixed 2 duplicate /gene - yjhH_1 yjhH_2
[11:56:11] Fixed 2 duplicate /gene - msrB_1 msrB_2
[11:56:11] Fixed 2 duplicate /gene - rffG_1 rffG_2
[11:56:11] Fixed 2 duplicate /gene - nsrR_1 nsrR_2
[11:56:11] Fixed 2 duplicate /gene - atpG_1 atpG_2
[11:56:11] Fixed 2 duplicate /gene - nodM_1 nodM_2
[11:56:11] Fixed 6 duplicate /gene - potA_1 potA_2 potA_3 potA_4 potA_5 potA_6
[11:56:11] Fixed 2 duplicate /gene - lsrF_1 lsrF_2
[11:56:11] Fixed 4 duplicate /gene - soxA_1 soxA_2 soxA_3 soxA_4
[11:56:11] Fixed 2 duplicate /gene - gpmA_1 gpmA_2
[11:56:11] Fixed 7 duplicate /gene - mdtA_1 mdtA_2 mdtA_3 mdtA_4 mdtA_5 mdtA_6 mdtA_7
[11:56:11] Fixed 2 duplicate /gene - alaS_1 alaS_2
[11:56:11] Fixed 2 duplicate /gene - nrsF_1 nrsF_2
[11:56:11] Fixed 2 duplicate /gene - hilA_1 hilA_2
[11:56:11] Fixed 2 duplicate /gene - glmS_1 glmS_2
[11:56:11] Fixed 2 duplicate /gene - lgoR_1 lgoR_2
[11:56:11] Fixed 5 duplicate /gene - xerC_1 xerC_2 xerC_3 xerC_4 xerC_5
[11:56:11] Fixed 6 duplicate /gene - puuB_1 puuB_2 puuB_3 puuB_4 puuB_5 puuB_6
[11:56:11] Fixed 8 duplicate /gene - rspR_1 rspR_2 rspR_3 rspR_4 rspR_5 rspR_6 rspR_7 rspR_8
[11:56:11] Fixed 6 duplicate /gene - purR_1 purR_2 purR_3 purR_4 purR_5 purR_6
[11:56:11] Fixed 3 duplicate /gene - yieH_1 yieH_2 yieH_3
[11:56:11] Fixed 4 duplicate /gene - dadA1_1 dadA1_2 dadA1_3 dadA1_4
[11:56:11] Fixed 2 duplicate /gene - dmdC_1 dmdC_2
[11:56:11] Fixed 2 duplicate /gene - fhuA_1 fhuA_2
[11:56:11] Fixed 7 duplicate /gene - degA_1 degA_2 degA_3 degA_4 degA_5 degA_6 degA_7
[11:56:11] Fixed 2 duplicate /gene - qorA_1 qorA_2
[11:56:11] Fixed 4 duplicate /gene - ku_1 ku_2 ku_3 ku_4
[11:56:11] Fixed 2 duplicate /gene - fcl_1 fcl_2
[11:56:11] Fixed 2 duplicate /gene - puuA_1 puuA_2
[11:56:11] Fixed 2 duplicate /gene - ftsZ_1 ftsZ_2
[11:56:11] Fixed 5 duplicate /gene - COQ3_1 COQ3_2 COQ3_3 COQ3_4 COQ3_5
[11:56:11] Fixed 2 duplicate /gene - iolB_1 iolB_2
[11:56:11] Fixed 2 duplicate /gene - ydiK_1 ydiK_2
[11:56:11] Fixed 3 duplicate /gene - davD_1 davD_2 davD_3
[11:56:11] Fixed 6 duplicate /gene - gstB_1 gstB_2 gstB_3 gstB_4 gstB_5 gstB_6
[11:56:11] Fixed 3 duplicate /gene - ibpA_1 ibpA_2 ibpA_3
[11:56:11] Fixed 3 duplicate /gene - azoR_1 azoR_2 azoR_3
[11:56:11] Fixed 3 duplicate /gene - pxpC_1 pxpC_2 pxpC_3
[11:56:11] Fixed 6 duplicate /gene - potB_1 potB_2 potB_3 potB_4 potB_5 potB_6
[11:56:11] Fixed 7 duplicate /gene - fliY_1 fliY_2 fliY_3 fliY_4 fliY_5 fliY_6 fliY_7
[11:56:11] Fixed 2 duplicate /gene - degP_1 degP_2
[11:56:11] Fixed 2 duplicate /gene - rsmB_1 rsmB_2
[11:56:11] Fixed 2 duplicate /gene - thiE_1 thiE_2
[11:56:11] Fixed 3 duplicate /gene - ddpA_1 ddpA_2 ddpA_3
[11:56:11] Fixed 2 duplicate /gene - yedY1_1 yedY1_2
[11:56:11] Fixed 2 duplicate /gene - soxB_1 soxB_2
[11:56:11] Fixed 3 duplicate /gene - hmuU_1 hmuU_2 hmuU_3
[11:56:11] Fixed 2 duplicate /gene - bcp_1 bcp_2
[11:56:11] Fixed 2 duplicate /gene - nsaD_1 nsaD_2
[11:56:11] Fixed 3 duplicate /gene - yabJ_1 yabJ_2 yabJ_3
[11:56:11] Fixed 2 duplicate /gene - uxuA_1 uxuA_2
[11:56:11] Fixed 5 duplicate /gene - ade_1 ade_2 ade_3 ade_4 ade_5
[11:56:11] Fixed 2 duplicate /gene - kdsB_1 kdsB_2
[11:56:11] Fixed 2 duplicate /gene - yedK_1 yedK_2
[11:56:11] Fixed 3 duplicate /gene - dppD_1 dppD_2 dppD_3
[11:56:11] Fixed 2 duplicate /gene - kduD_1 kduD_2
[11:56:11] Fixed 2 duplicate /gene - thiK_1 thiK_2
[11:56:11] Fixed 2 duplicate /gene - msrP_1 msrP_2
[11:56:11] Fixed 2 duplicate /gene - gloB_1 gloB_2
[11:56:11] Fixed 2 duplicate /gene - ygeA_1 ygeA_2
[11:56:11] Fixed 5 duplicate /gene - msiK_1 msiK_2 msiK_3 msiK_4 msiK_5
[11:56:11] Fixed 2 duplicate /gene - pepE_1 pepE_2
[11:56:11] Fixed 2 duplicate /gene - tufA_1 tufA_2
[11:56:11] Fixed 4 duplicate /gene - oxyR_1 oxyR_2 oxyR_3 oxyR_4
[11:56:11] Fixed 4 duplicate /gene - agpA_1 agpA_2 agpA_3 agpA_4
[11:56:11] Fixed 28 duplicate /gene - fabG_1 fabG_2 fabG_3 fabG_4 fabG_5 fabG_6 fabG_7 fabG_8 fabG_9 fabG_10 fabG_11 fabG_12 fabG_13 fabG_14 fabG_15 fabG_16 fabG_17 fabG_18 fabG_19 fabG_20 fabG_21 fabG_22 fabG_23 fabG_24 fabG_25 fabG_26 fabG_27 fabG_28
[11:56:11] Fixed 2 duplicate /gene - chrR_1 chrR_2
[11:56:11] Fixed 2 duplicate /gene - yhjE_1 yhjE_2
[11:56:11] Fixed 2 duplicate /gene - rapA2_1 rapA2_2
[11:56:11] Fixed 2 duplicate /gene - cyoC_1 cyoC_2
[11:56:11] Fixed 3 duplicate /gene - araB_1 araB_2 araB_3
[11:56:11] Fixed 7 duplicate /gene - cytR_1 cytR_2 cytR_3 cytR_4 cytR_5 cytR_6 cytR_7
[11:56:11] Fixed 3 duplicate /gene - prsE_1 prsE_2 prsE_3
[11:56:11] Fixed 2 duplicate /gene - proV_1 proV_2
[11:56:11] Fixed 2 duplicate /gene - doeB_1 doeB_2
[11:56:11] Fixed 3 duplicate /gene - tetC_1 tetC_2 tetC_3
[11:56:11] Fixed 3 duplicate /gene - ilvE_1 ilvE_2 ilvE_3
[11:56:11] Fixed 6 duplicate /gene - dasC_1 dasC_2 dasC_3 dasC_4 dasC_5 dasC_6
[11:56:11] Fixed 2 duplicate /gene - catD_1 catD_2
[11:56:11] Fixed 3 duplicate /gene - ulaR_1 ulaR_2 ulaR_3
[11:56:11] Fixed 5 duplicate /gene - gsiB_1 gsiB_2 gsiB_3 gsiB_4 gsiB_5
[11:56:11] Fixed 2 duplicate /gene - ydjH_1 ydjH_2
[11:56:11] Fixed 2 duplicate /gene - qseC_1 qseC_2
[11:56:11] Fixed 3 duplicate /gene - dhaA_1 dhaA_2 dhaA_3
[11:56:11] Fixed 2 duplicate /gene - cnbH_1 cnbH_2
[11:56:11] Fixed 2 duplicate /gene - mmgC_1 mmgC_2
[11:56:11] Fixed 2 duplicate /gene - opuCB_1 opuCB_2
[11:56:11] Fixed 2 duplicate /gene - iscR_1 iscR_2
[11:56:11] Fixed 2 duplicate /gene - ctpV_1 ctpV_2
[11:56:11] Fixed 2 duplicate /gene - ghrA_1 ghrA_2
[11:56:11] Fixed 6 duplicate /gene - yciC_1 yciC_2 yciC_3 yciC_4 yciC_5 yciC_6
[11:56:11] Fixed 2 duplicate /gene - nrtD_1 nrtD_2
[11:56:11] Fixed 2 duplicate /gene - thi4_1 thi4_2
[11:56:11] Fixed 2 duplicate /gene - RBKS_1 RBKS_2
[11:56:11] Fixed 2 duplicate /gene - dhmA_1 dhmA_2
[11:56:11] Fixed 3 duplicate /gene - accC_1 accC_2 accC_3
[11:56:11] Fixed 3 duplicate /gene - recD2_1 recD2_2 recD2_3
[11:56:11] Fixed 21 duplicate /gene - rbsC_1 rbsC_2 rbsC_3 rbsC_4 rbsC_5 rbsC_6 rbsC_7 rbsC_8 rbsC_9 rbsC_10 rbsC_11 rbsC_12 rbsC_13 rbsC_14 rbsC_15 rbsC_16 rbsC_17 rbsC_18 rbsC_19 rbsC_20 rbsC_21
[11:56:11] Fixed 5 duplicate /gene - ugpB_1 ugpB_2 ugpB_3 ugpB_4 ugpB_5
[11:56:11] Fixed 5 duplicate /gene - pal_1 pal_2 pal_3 pal_4 pal_5
[11:56:11] Fixed 2 duplicate /gene - tcyB_1 tcyB_2
[11:56:11] Fixed 5 duplicate /gene - ccpA_1 ccpA_2 ccpA_3 ccpA_4 ccpA_5
[11:56:11] Fixed 6 duplicate /gene - lutR_1 lutR_2 lutR_3 lutR_4 lutR_5 lutR_6
[11:56:11] Fixed 3 duplicate /gene - iorA_1 iorA_2 iorA_3
[11:56:11] Fixed 7 duplicate /gene - fliC_1 fliC_2 fliC_3 fliC_4 fliC_5 fliC_6 fliC_7
[11:56:11] Fixed 29 duplicate /gene - dmlR_1 dmlR_2 dmlR_3 dmlR_4 dmlR_5 dmlR_6 dmlR_7 dmlR_8 dmlR_9 dmlR_10 dmlR_11 dmlR_12 dmlR_13 dmlR_14 dmlR_15 dmlR_16 dmlR_17 dmlR_18 dmlR_19 dmlR_20 dmlR_21 dmlR_22 dmlR_23 dmlR_24 dmlR_25 dmlR_26 dmlR_27 dmlR_28 dmlR_29
[11:56:11] Fixed 6 duplicate /gene - arnC_1 arnC_2 arnC_3 arnC_4 arnC_5 arnC_6
[11:56:11] Fixed 4 duplicate /gene - nadE_1 nadE_2 nadE_3 nadE_4
[11:56:11] Fixed 3 duplicate /gene - sfnF_1 sfnF_2 sfnF_3
[11:56:11] Fixed 5 duplicate /gene - dgoD_1 dgoD_2 dgoD_3 dgoD_4 dgoD_5
[11:56:11] Fixed 4 duplicate /gene - yesO_1 yesO_2 yesO_3 yesO_4
[11:56:11] Fixed 3 duplicate /gene - ydaD_1 ydaD_2 ydaD_3
[11:56:11] Fixed 3 duplicate /gene - groS5_1 groS5_2 groS5_3
[11:56:11] Fixed 3 duplicate /gene - iorB_1 iorB_2 iorB_3
[11:56:11] Fixed 2 duplicate /gene - lcdH_1 lcdH_2
[11:56:11] Fixed 5 duplicate /gene - ugpA_1 ugpA_2 ugpA_3 ugpA_4 ugpA_5
[11:56:11] Fixed 2 duplicate /gene - glaR_1 glaR_2
[11:56:11] Fixed 3 duplicate /gene - gbpR_1 gbpR_2 gbpR_3
[11:56:11] Fixed 2 duplicate /gene - gpr_1 gpr_2
[11:56:11] Fixed 3 duplicate /gene - clpP_1 clpP_2 clpP_3
[11:56:11] Fixed 2 duplicate /gene - tadA_1 tadA_2
[11:56:11] Fixed 2 duplicate /gene - lyx_1 lyx_2
[11:56:11] Fixed 4 duplicate /gene - xylB_1 xylB_2 xylB_3 xylB_4
[11:56:11] Fixed 3 duplicate /gene - ftsH_1 ftsH_2 ftsH_3
[11:56:11] Fixed 15 duplicate /gene - oppD_1 oppD_2 oppD_3 oppD_4 oppD_5 oppD_6 oppD_7 oppD_8 oppD_9 oppD_10 oppD_11 oppD_12 oppD_13 oppD_14 oppD_15
[11:56:11] Fixed 4 duplicate /gene - acsA_1 acsA_2 acsA_3 acsA_4
[11:56:11] Fixed 5 duplicate /gene - gltC_1 gltC_2 gltC_3 gltC_4 gltC_5
[11:56:11] Fixed 2 duplicate /gene - codAch2_1 codAch2_2
[11:56:11] Fixed 2 duplicate /gene - ghrB_1 ghrB_2
[11:56:11] Fixed 2 duplicate /gene - ydfG_1 ydfG_2
[11:56:11] Fixed 4 duplicate /gene - amiC_1 amiC_2 amiC_3 amiC_4
[11:56:11] Fixed 6 duplicate /gene - iolS_1 iolS_2 iolS_3 iolS_4 iolS_5 iolS_6
[11:56:11] Fixed 2 duplicate /gene - ucpA_1 ucpA_2
[11:56:11] Fixed 2 duplicate /gene - araA_1 araA_2
[11:56:11] Fixed 10 duplicate /gene - COQ5_1 COQ5_2 COQ5_3 COQ5_4 COQ5_5 COQ5_6 COQ5_7 COQ5_8 COQ5_9 COQ5_10
[11:56:11] Fixed 4 duplicate /gene - glpR_1 glpR_2 glpR_3 glpR_4
[11:56:11] Fixed 14 duplicate /gene - gsiA_1 gsiA_2 gsiA_3 gsiA_4 gsiA_5 gsiA_6 gsiA_7 gsiA_8 gsiA_9 gsiA_10 gsiA_11 gsiA_12 gsiA_13 gsiA_14
[11:56:11] Fixed 2 duplicate /gene - groL_1 groL_2
[11:56:11] Fixed 3 duplicate /gene - ntaA_1 ntaA_2 ntaA_3
[11:56:11] Fixed 2 duplicate /gene - doeA_1 doeA_2
[11:56:11] Fixed 2 duplicate /gene - aroA_1 aroA_2
[11:56:11] Fixed 2 duplicate /gene - gloA_1 gloA_2
[11:56:11] Fixed 2 duplicate /gene - trmR_1 trmR_2
[11:56:11] Fixed 4 duplicate /gene - fabF_1 fabF_2 fabF_3 fabF_4
[11:56:11] Fixed 11 duplicate /gene - ydcV_1 ydcV_2 ydcV_3 ydcV_4 ydcV_5 ydcV_6 ydcV_7 ydcV_8 ydcV_9 ydcV_10 ydcV_11
[11:56:11] Fixed 2 duplicate /gene - hemC_1 hemC_2
[11:56:11] Fixed 2 duplicate /gene - pcaJ_1 pcaJ_2
[11:56:11] Fixed 2 duplicate /gene - mlhB_1 mlhB_2
[11:56:11] Fixed 2 duplicate /gene - mdh_1 mdh_2
[11:56:11] Fixed 20 duplicate /gene - rcsC_1 rcsC_2 rcsC_3 rcsC_4 rcsC_5 rcsC_6 rcsC_7 rcsC_8 rcsC_9 rcsC_10 rcsC_11 rcsC_12 rcsC_13 rcsC_14 rcsC_15 rcsC_16 rcsC_17 rcsC_18 rcsC_19 rcsC_20
[11:56:11] Fixed 3 duplicate /gene - todT_1 todT_2 todT_3
[11:56:11] Fixed 4 duplicate /gene - ycaD_1 ycaD_2 ycaD_3 ycaD_4
[11:56:11] Fixed 2 duplicate /gene - hutU_1 hutU_2
[11:56:11] Fixed 6 duplicate /gene - fitB_1 fitB_2 fitB_3 fitB_4 fitB_5 fitB_6
[11:56:11] Fixed 2 duplicate /gene - puuD_1 puuD_2
[11:56:11] Fixed 2 duplicate /gene - mftE_1 mftE_2
[11:56:11] Fixed 4 duplicate /gene - ohrR_1 ohrR_2 ohrR_3 ohrR_4
[11:56:11] Fixed 2 duplicate /gene - malL_1 malL_2
[11:56:11] Fixed 3 duplicate /gene - argP_1 argP_2 argP_3
[11:56:11] Fixed 2 duplicate /gene - rpoE_1 rpoE_2
[11:56:11] Fixed 2 duplicate /gene - pspA_1 pspA_2
[11:56:11] Fixed 4 duplicate /gene - cheB_1 cheB_2 cheB_3 cheB_4
[11:56:11] Fixed 9 duplicate /gene - comR_1 comR_2 comR_3 comR_4 comR_5 comR_6 comR_7 comR_8 comR_9
[11:56:11] Fixed 3 duplicate /gene - rpsU_1 rpsU_2 rpsU_3
[11:56:11] Fixed 2 duplicate /gene - glnG_1 glnG_2
[11:56:11] Fixed 2 duplicate /gene - abo_1 abo_2
[11:56:11] Fixed 2 duplicate /gene - rhlE_1 rhlE_2
[11:56:11] Fixed 4 duplicate /gene - dapH_1 dapH_2 dapH_3 dapH_4
[11:56:11] Fixed 2 duplicate /gene - cntI_1 cntI_2
[11:56:11] Fixed 5 duplicate /gene - aes_1 aes_2 aes_3 aes_4 aes_5
[11:56:11] Fixed 2 duplicate /gene - cntB_1 cntB_2
[11:56:11] Fixed 5 duplicate /gene - nagR_1 nagR_2 nagR_3 nagR_4 nagR_5
[11:56:11] Fixed 2 duplicate /gene - fecE_1 fecE_2
[11:56:11] Fixed 2 duplicate /gene - yteT_1 yteT_2
[11:56:11] Fixed 2 duplicate /gene - nodD2_1 nodD2_2
[11:56:11] Fixed 3 duplicate /gene - pdxI_1 pdxI_2 pdxI_3
[11:56:11] Fixed 6 duplicate /gene - cysQ_1 cysQ_2 cysQ_3 cysQ_4 cysQ_5 cysQ_6
[11:56:11] Fixed 2 duplicate /gene - coaA_1 coaA_2
[11:56:11] Fixed 2 duplicate /gene - allB_1 allB_2
[11:56:11] Fixed 4 duplicate /gene - dnaJ_1 dnaJ_2 dnaJ_3 dnaJ_4
[11:56:11] Fixed 4 duplicate /gene - pip_1 pip_2 pip_3 pip_4
[11:56:11] Fixed 2 duplicate /gene - dmoA_1 dmoA_2
[11:56:11] Fixed 10 duplicate /gene - yajO_1 yajO_2 yajO_3 yajO_4 yajO_5 yajO_6 yajO_7 yajO_8 yajO_9 yajO_10
[11:56:11] Fixed 3 duplicate /gene - yejF_1 yejF_2 yejF_3
[11:56:11] Fixed 6 duplicate /gene - ssuB_1 ssuB_2 ssuB_3 ssuB_4 ssuB_5 ssuB_6
[11:56:11] Fixed 3 duplicate /gene - adh1_1 adh1_2 adh1_3
[11:56:11] Fixed 6 duplicate /gene - dppA_1 dppA_2 dppA_3 dppA_4 dppA_5 dppA_6
[11:56:11] Fixed 3 duplicate /gene - nagL_1 nagL_2 nagL_3
[11:56:11] Fixed 2 duplicate /gene - kefC_1 kefC_2
[11:56:11] Fixed 8 duplicate /gene - glnQ_1 glnQ_2 glnQ_3 glnQ_4 glnQ_5 glnQ_6 glnQ_7 glnQ_8
[11:56:11] Fixed 2 duplicate /gene - rfbB_1 rfbB_2
[11:56:11] Fixed 3 duplicate /gene - apsD_1 apsD_2 apsD_3
[11:56:11] Fixed 2 duplicate /gene - map_1 map_2
[11:56:11] Fixed 11 duplicate /gene - dppB_1 dppB_2 dppB_3 dppB_4 dppB_5 dppB_6 dppB_7 dppB_8 dppB_9 dppB_10 dppB_11
[11:56:11] Fixed 6 duplicate /gene - ribX_1 ribX_2 ribX_3 ribX_4 ribX_5 ribX_6
[11:56:11] Fixed 2 duplicate /gene - vdh_1 vdh_2
[11:56:11] Fixed 2 duplicate /gene - ahcY_1 ahcY_2
[11:56:11] Fixed 4 duplicate /gene - galE_1 galE_2 galE_3 galE_4
[11:56:11] Fixed 6 duplicate /gene - gntR_1 gntR_2 gntR_3 gntR_4 gntR_5 gntR_6
[11:56:11] Fixed 2 duplicate /gene - nifK_1 nifK_2
[11:56:11] Fixed 2 duplicate /gene - cheR_1 cheR_2
[11:56:11] Fixed 4 duplicate /gene - hsrA_1 hsrA_2 hsrA_3 hsrA_4
[11:56:11] Fixed 2 duplicate /gene - dnaK_1 dnaK_2
[11:56:11] Fixed 2 duplicate /gene - ohrB_1 ohrB_2
[11:56:11] Fixed 2 duplicate /gene - cheA_1 cheA_2
[11:56:11] Fixed 4 duplicate /gene - bcr_1 bcr_2 bcr_3 bcr_4
[11:56:11] Fixed 2 duplicate /gene - potD_1 potD_2
[11:56:11] Fixed 2 duplicate /gene - soxD_1 soxD_2
[11:56:11] Fixed 2 duplicate /gene - maa_1 maa_2
[11:56:11] Fixed 2 duplicate /gene - pdhR_1 pdhR_2
[11:56:11] Fixed 2 duplicate /gene - dmsA_1 dmsA_2
[11:56:11] Fixed 2 duplicate /gene - mdtD_1 mdtD_2
[11:56:11] Fixed 3 duplicate /gene - lolD_1 lolD_2 lolD_3
[11:56:11] Fixed 3 duplicate /gene - yheS_1 yheS_2 yheS_3
[11:56:11] Fixed 3 duplicate /gene - glgB_1 glgB_2 glgB_3
[11:56:11] Fixed 4 duplicate /gene - hipO_1 hipO_2 hipO_3 hipO_4
[11:56:11] Fixed 3 duplicate /gene - msuD_1 msuD_2 msuD_3
[11:56:11] Fixed 4 duplicate /gene - mtgA_1 mtgA_2 mtgA_3 mtgA_4
[11:56:11] Fixed 3 duplicate /gene - spuC_1 spuC_2 spuC_3
[11:56:11] Fixed 2 duplicate /gene - rfuD_1 rfuD_2
[11:56:11] Fixed 4 duplicate /gene - hyuA_1 hyuA_2 hyuA_3 hyuA_4
[11:56:11] Fixed 2 duplicate /gene - deoR_1 deoR_2
[11:56:11] Fixed 2 duplicate /gene - yhbO_1 yhbO_2
[11:56:11] Fixed 3 duplicate /gene - paoD_1 paoD_2 paoD_3
[11:56:11] Fixed 4 duplicate /gene - ybjJ_1 ybjJ_2 ybjJ_3 ybjJ_4
[11:56:11] Fixed 2 duplicate /gene - acuI_1 acuI_2
[11:56:11] Fixed 2 duplicate /gene - chaA_1 chaA_2
[11:56:11] Fixed 23 duplicate /gene - sasA_1 sasA_2 sasA_3 sasA_4 sasA_5 sasA_6 sasA_7 sasA_8 sasA_9 sasA_10 sasA_11 sasA_12 sasA_13 sasA_14 sasA_15 sasA_16 sasA_17 sasA_18 sasA_19 sasA_20 sasA_21 sasA_22 sasA_23
[11:56:11] Fixed 3 duplicate /gene - ligK_1 ligK_2 ligK_3
[11:56:11] Fixed 2 duplicate /gene - artJ_1 artJ_2
[11:56:11] Fixed 2 duplicate /gene - pbuE_1 pbuE_2
[11:56:11] Fixed 2 duplicate /gene - glgX_1 glgX_2
[11:56:11] Fixed 6 duplicate /gene - ompR_1 ompR_2 ompR_3 ompR_4 ompR_5 ompR_6
[11:56:11] Fixed 2 duplicate /gene - kdgR_1 kdgR_2
[11:56:11] Fixed 3 duplicate /gene - rbsK_1 rbsK_2 rbsK_3
[11:56:11] Fixed 3 duplicate /gene - rbtD_1 rbtD_2 rbtD_3
[11:56:11] Fixed 3 duplicate /gene - oppA_1 oppA_2 oppA_3
[11:56:11] Fixed 5 duplicate /gene - bepA_1 bepA_2 bepA_3 bepA_4 bepA_5
[11:56:11] Fixed 2 duplicate /gene - vldW_1 vldW_2
[11:56:11] Fixed 3 duplicate /gene - yhdN_1 yhdN_2 yhdN_3
[11:56:11] Fixed 2 duplicate /gene - bcpA_1 bcpA_2
[11:56:11] Fixed 2 duplicate /gene - araD_1 araD_2
[11:56:11] Fixed 3 duplicate /gene - imuB_1 imuB_2 imuB_3
[11:56:11] Fixed 13 duplicate /gene - gsiD_1 gsiD_2 gsiD_3 gsiD_4 gsiD_5 gsiD_6 gsiD_7 gsiD_8 gsiD_9 gsiD_10 gsiD_11 gsiD_12 gsiD_13
[11:56:11] Fixed 2 duplicate /gene - fbcH_1 fbcH_2
[11:56:11] Fixed 2 duplicate /gene - rutF_1 rutF_2
[11:56:11] Fixed 10 duplicate /gene - sugB_1 sugB_2 sugB_3 sugB_4 sugB_5 sugB_6 sugB_7 sugB_8 sugB_9 sugB_10
[11:56:11] Fixed 2 duplicate /gene - phzF_1 phzF_2
[11:56:11] Fixed 2 duplicate /gene - thiY_1 thiY_2
[11:56:11] Fixed 10 duplicate /gene - hdfR_1 hdfR_2 hdfR_3 hdfR_4 hdfR_5 hdfR_6 hdfR_7 hdfR_8 hdfR_9 hdfR_10
[11:56:11] Fixed 9 duplicate /gene - lrp_1 lrp_2 lrp_3 lrp_4 lrp_5 lrp_6 lrp_7 lrp_8 lrp_9
[11:56:11] Fixed 2 duplicate /gene - mmcO_1 mmcO_2
[11:56:11] Fixed 3 duplicate /gene - gcvT_1 gcvT_2 gcvT_3
[11:56:11] Fixed 2 duplicate /gene - thpR_1 thpR_2
[11:56:11] Fixed 2 duplicate /gene - ompA_1 ompA_2
[11:56:11] Fixed 2 duplicate /gene - phnM_1 phnM_2
[11:56:11] Fixed 5 duplicate /gene - hutH_1 hutH_2 hutH_3 hutH_4 hutH_5
[11:56:11] Fixed 2 duplicate /gene - ndvB_1 ndvB_2
[11:56:11] Fixed 3 duplicate /gene - nanK_1 nanK_2 nanK_3
[11:56:11] Fixed 9 duplicate /gene - sugA_1 sugA_2 sugA_3 sugA_4 sugA_5 sugA_6 sugA_7 sugA_8 sugA_9
[11:56:11] Fixed 2 duplicate /gene - aatA_1 aatA_2
[11:56:11] Fixed 2 duplicate /gene - mgtA_1 mgtA_2
[11:56:11] Fixed 2 duplicate /gene - yqjF_1 yqjF_2
[11:56:11] Fixed 2 duplicate /gene - golD_1 golD_2
[11:56:11] Fixed 3 duplicate /gene - dadA_1 dadA_2 dadA_3
[11:56:11] Fixed 4 duplicate /gene - hchA_1 hchA_2 hchA_3 hchA_4
[11:56:11] Fixed 3 duplicate /gene - alkJ_1 alkJ_2 alkJ_3
[11:56:11] Fixed 2 duplicate /gene - xpkA_1 xpkA_2
[11:56:11] Fixed 2 duplicate /gene - rppH_1 rppH_2
[11:56:11] Fixed 2 duplicate /gene - gatA_1 gatA_2
[11:56:11] Fixed 2 duplicate /gene - glmM_1 glmM_2
[11:56:11] Fixed 2 duplicate /gene - mntH_1 mntH_2
[11:56:11] Fixed 2 duplicate /gene - prmC_1 prmC_2
[11:56:11] Fixed 2 duplicate /gene - cysE_1 cysE_2
[11:56:11] Fixed 7 duplicate /gene - msmX_1 msmX_2 msmX_3 msmX_4 msmX_5 msmX_6 msmX_7
[11:56:11] Fixed 5 duplicate /gene - cheW_1 cheW_2 cheW_3 cheW_4 cheW_5
[11:56:11] Fixed 2 duplicate /gene - bcsA_1 bcsA_2
[11:56:11] Fixed 3 duplicate /gene - proC_1 proC_2 proC_3
[11:56:11] Fixed 4 duplicate /gene - cpo_1 cpo_2 cpo_3 cpo_4
[11:56:11] Fixed 2 duplicate /gene - FCS1_1 FCS1_2
[11:56:11] Fixed 2 duplicate /gene - pccB_1 pccB_2
[11:56:11] Fixed 3 duplicate /gene - dapE_1 dapE_2 dapE_3
[11:56:11] Fixed 2 duplicate /gene - rpoH_1 rpoH_2
[11:56:11] Fixed 2 duplicate /gene - oppB_1 oppB_2
[11:56:11] Fixed 3 duplicate /gene - hexR_1 hexR_2 hexR_3
[11:56:11] Fixed 2 duplicate /gene - dxs_1 dxs_2
[11:56:11] Fixed 4 duplicate /gene - linX_1 linX_2 linX_3 linX_4
[11:56:11] Fixed 4 duplicate /gene - rhtB_1 rhtB_2 rhtB_3 rhtB_4
[11:56:11] Fixed 2 duplicate /gene - hrp1_1 hrp1_2
[11:56:11] Fixed 3 duplicate /gene - noc_1 noc_2 noc_3
[11:56:11] Fixed 2 duplicate /gene - wbgU_1 wbgU_2
[11:56:11] Fixed 588 colliding /gene names.
[11:56:11] Adding /locus_tag identifiers
[11:56:11] Assigned 7359 locus_tags to CDS and RNA features.
[11:56:11] Writing outputs to ./G067.fsa_prokka/
[11:56:23] Generating annotation statistics file
[11:56:23] Generating Genbank and Sequin files
[11:56:23] Running: tbl2asn -V b -a r10k -l paired-ends -M n -N 1 -y 'Annotated using prokka 1.14.6 from https://github.com/tseemann/prokka' -Z \.\/G067\.fsa_prokka\/\.\/G067\.fsa\.err -i \.\/G067\.fsa_prokka\/\.\/G067\.fsa\.fsa 2> /dev/null
[11:56:41] Deleting unwanted file: ./G067.fsa_prokka/errorsummary.val
[11:56:41] Deleting unwanted file: ./G067.fsa_prokka/./G067.fsa.dr
[11:56:41] Deleting unwanted file: ./G067.fsa_prokka/./G067.fsa.fixedproducts
[11:56:41] Deleting unwanted file: ./G067.fsa_prokka/./G067.fsa.ecn
[11:56:41] Deleting unwanted file: ./G067.fsa_prokka/./G067.fsa.val
[11:56:41] Repairing broken .GBK output that tbl2asn produces...
[11:56:41] Running: sed 's/COORDINATES: profile/COORDINATES:profile/' < \.\/G067\.fsa_prokka\/\.\/G067\.fsa\.gbf > \.\/G067\.fsa_prokka\/\.\/G067\.fsa\.gbk
[11:56:42] Deleting unwanted file: ./G067.fsa_prokka/./G067.fsa.gbf
[11:56:42] Output files:
[11:56:42] Annotation finished successfully.
[11:56:42] Walltime used: 8.87 minutes
[11:56:42] If you use this result please cite the Prokka paper:
[11:56:42] Seemann T (2014) Prokka: rapid prokaryotic genome annotation. Bioinformatics. 30(14):2068-9.
[11:56:42] Type 'prokka --citation' for more details.
[11:56:42] Thank you, come again.
