[12:07:21] This is prokka 1.14.6
[12:07:21] Written by Torsten Seemann <torsten.seemann@gmail.com>
[12:07:21] Homepage is https://github.com/tseemann/prokka
[12:07:21] Local time is Tue Dec 12 12:07:21 2023
[12:07:21] You are will
[12:07:21] Operating system is darwin
[12:07:21] You have BioPerl 1.7.8
[12:07:21] System has 2 cores.
[12:07:21] Option --cpu asked for 8 cores, but system only has 2
[12:07:21] Will use maximum of 2 cores.
[12:07:21] Annotating as >>> Bacteria <<<
[12:07:21] Generating locus_tag from './L082.fsa' contents.
[12:07:21] Setting --locustag ECHFBHLB from MD5 ec1fb15b749a51a5cb770f47202b8062
[12:07:21] Creating new output folder: ././L082.fsa_prokka
[12:07:21] Running: mkdir -p \.\/\.\/L082\.fsa_prokka
[12:07:21] Using filename prefix: ./L082.fsa.XXX
[12:07:21] Setting HMMER_NCPU=1
[12:07:21] Writing log to: ././L082.fsa_prokka/./L082.fsa.log
[12:07:21] Command: /Users/will/opt/anaconda3/envs/panaroo/bin/prokka --outdir ././L082.fsa_prokka --prefix ./L082.fsa --genus rhizobium --species leguminosarum ./L082.fsa
[12:07:21] Appending to PATH: /Users/will/opt/anaconda3/envs/panaroo/bin
[12:07:21] Looking for 'aragorn' - found /Users/will/opt/anaconda3/envs/panaroo/bin/aragorn
[12:07:21] Determined aragorn version is 001002 from 'ARAGORN v1.2.41 Dean Laslett'
[12:07:21] Looking for 'barrnap' - found /Users/will/opt/anaconda3/envs/panaroo/bin/barrnap
[12:07:22] Determined barrnap version is 000009 from 'barrnap 0.9'
[12:07:22] Looking for 'blastp' - found /Users/will/opt/anaconda3/envs/panaroo/bin/blastp
[12:07:22] Determined blastp version is 002015 from 'blastp: 2.15.0+'
[12:07:22] Looking for 'cmpress' - found /Users/will/opt/anaconda3/envs/panaroo/bin/cmpress
[12:07:22] Determined cmpress version is 001001 from '# INFERNAL 1.1.4 (Dec 2020)'
[12:07:22] Looking for 'cmscan' - found /Users/will/opt/anaconda3/envs/panaroo/bin/cmscan
[12:07:22] Determined cmscan version is 001001 from '# INFERNAL 1.1.4 (Dec 2020)'
[12:07:22] Looking for 'egrep' - found /usr/bin/egrep
[12:07:22] Looking for 'find' - found /usr/bin/find
[12:07:22] Looking for 'grep' - found /usr/bin/grep
[12:07:22] Looking for 'hmmpress' - found /Users/will/opt/anaconda3/envs/panaroo/bin/hmmpress
[12:07:22] Determined hmmpress version is 003004 from '# HMMER 3.4 (Aug 2023); http://hmmer.org/'
[12:07:22] Looking for 'hmmscan' - found /Users/will/opt/anaconda3/envs/panaroo/bin/hmmscan
[12:07:22] Determined hmmscan version is 003004 from '# HMMER 3.4 (Aug 2023); http://hmmer.org/'
[12:07:22] Looking for 'java' - found /usr/bin/java
[12:07:22] Looking for 'makeblastdb' - found /Users/will/opt/anaconda3/envs/panaroo/bin/makeblastdb
[12:07:22] Determined makeblastdb version is 002015 from 'makeblastdb: 2.15.0+'
[12:07:22] Looking for 'minced' - found /Users/will/opt/anaconda3/envs/panaroo/bin/minced
[12:07:22] Determined minced version is 004002 from 'minced 0.4.2'
[12:07:22] Looking for 'parallel' - found /Users/will/opt/anaconda3/envs/panaroo/bin/parallel
[12:07:22] Determined parallel version is 20230922 from 'GNU parallel 20230922'
[12:07:22] Looking for 'prodigal' - found /Users/will/opt/anaconda3/envs/panaroo/bin/prodigal
[12:07:22] Determined prodigal version is 002006 from 'Prodigal V2.6.3: February, 2016'
[12:07:22] Looking for 'prokka-genbank_to_fasta_db' - found /Users/will/opt/anaconda3/envs/panaroo/bin/prokka-genbank_to_fasta_db
[12:07:22] Looking for 'sed' - found /usr/bin/sed
[12:07:22] Looking for 'tbl2asn' - found /Users/will/opt/anaconda3/envs/panaroo/bin/tbl2asn
[12:07:22] Determined tbl2asn version is 025007 from 'tbl2asn 25.7   arguments:'
[12:07:22] Using genetic code table 11.
[12:07:22] Loading and checking input file: ./L082.fsa
[12:07:23] Wrote 37 contigs totalling 7679775 bp.
[12:07:23] Predicting tRNAs and tmRNAs
[12:07:23] Running: aragorn -l -gc11  -w \.\/\.\/L082\.fsa_prokka\/\.\/L082\.fsa\.fna
[12:07:27] 1 tRNA-Leu c[61281,61365] 35 (taa)
[12:07:27] 1 tRNA-Leu c[12325,12409] 35 (caa)
[12:07:27] 1 tRNA-Met [114,190] 35 (cat)
[12:07:27] 2 tRNA-Met [1234,1310] 35 (cat)
[12:07:27] 3 tRNA-Ala [57272,57347] 34 (ggc)
[12:07:27] 4 tRNA-Ser c[148067,148156] 35 (gga)
[12:07:27] 5 tRNA-Leu c[194993,195079] 35 (cag)
[12:07:27] 6 tRNA-Arg [398914,398990] 35 (acg)
[12:07:27] 7 tRNA-Thr c[482933,483008] 34 (cgt)
[12:07:27] 8 tRNA-Gly [502740,502813] 33 (ccc)
[12:07:27] 9 tRNA-Thr c[557575,557649] 33 (ggt)
[12:07:27] 10 tRNA-Phe [563950,564025] 34 (gaa)
[12:07:27] 11 tRNA-His [747420,747496] 35 (gtg)
[12:07:27] 12 tRNA-Gln c[809941,810014] 33 (ctg)
[12:07:27] 13 tRNA-Gln [1082575,1082648] 33 (ttg)
[12:07:27] 14 tRNA-Pro [1093718,1093794] 35 (cgg)
[12:07:27] 15 tRNA-Ser [1464435,1464525] 35 (gct)
[12:07:27] 16 tRNA-Pro [1630779,1630855] 35 (ggg)
[12:07:27] 17 tRNA-Val c[1689718,1689793] 34 (tac)
[12:07:27] 18 tRNA-Asp [1690197,1690273] 35 (gtc)
[12:07:27] 19 tRNA-Asp [1690358,1690434] 35 (gtc)
[12:07:27] 20 tRNA-Thr [1751428,1751503] 34 (tgt)
[12:07:27] 21 tRNA-Tyr [1753931,1754015] 35 (gta)
[12:07:27] 22 tRNA-Gly [1754040,1754113] 33 (tcc)
[12:07:27] 23 tRNA-Trp [1757206,1757281] 34 (cca)
[12:07:27] 24 tRNA-Leu c[1973095,1973184] 35 (tag)
[12:07:27] 25 tRNA-Asn c[2006742,2006816] 33 (gtt)
[12:07:27] 26 tRNA-Cys [2008281,2008354] 33 (gca)
[12:07:27] 27 tRNA-Leu [2045456,2045540] 35 (tag)
[12:07:27] 28 tRNA-Glu c[2083597,2083671] 34 (ttc)
[12:07:27] 29 tRNA-Glu c[2083848,2083922] 34 (ctc)
[12:07:27] 30 tRNA-Glu c[2083999,2084073] 34 (ttc)
[12:07:27] 31 tRNA-Pro c[2087253,2087329] 35 (tgg)
[12:07:27] 32 tRNA-Arg [2088353,2088429] 35 (tct)
[12:07:27] 33 tmRNA* [2097464,2098019] 397,465 GNSKSRARQIVRRLKRLSLTCA*
[12:07:27] tRNA/tmRNA [2097464,2098019] is too big (>500bp) - skipping.
[12:07:27] 34 tRNA-Lys [2317522,2317597] 34 (ttt)
[12:07:27] 35 tRNA-SeC c[2402420,2402499] 32 (tca)
[12:07:27] 36 tRNA-Ser [2475146,2475235] 35 (tga)
[12:07:27] 37 tRNA-Leu c[2538019,2538101] 35 (gag)
[12:07:27] 38 tRNA-Leu [2539075,2539159] 35 (gag)
[12:07:27] 39 tRNA-Thr [2558576,2558647] 34 (ggt)
[12:07:27] 40 tRNA-Lys c[3180937,3181012] 34 (ctt)
[12:07:27] 41 tmRNA* [3244221,3244561] 212,250 ANDNYAEARLAA*
[12:07:27] 42 tRNA-Met [3388077,3388152] 34 (cat)
[12:07:27] 43 tRNA-Ala [3421280,3421366] 33 (cgc)
[12:07:27] 44 tRNA-Arg [3656943,3657019] 35 (ccg)
[12:07:27] 45 tRNA-His c[3751463,3751556] 35 (gtg)
[12:07:27] 46 tRNA-Met c[3899148,3899224] 35 (cat)
[12:07:27] 47 tRNA-Ala c[3903305,3903380] 34 (tgc)
[12:07:27] 48 tRNA-Ile c[3903474,3903550] 35 (gat)
[12:07:27] 49 tRNA-Met c[3959847,3959923] 35 (cat)
[12:07:27] 50 tRNA-Val [4108960,4109034] 33 (gac)
[12:07:27] 51 tRNA-Met c[4350678,4350754] 35 (cat)
[12:07:27] 52 tRNA-Gly [4662957,4663031] 33 (gcc)
[12:07:27] 53 tRNA-Ser c[4793770,4793859] 35 (cga)
[12:07:27] 1 tRNA-Gly c[890624,890700] 31 (tcc)
[12:07:27] Found 55 tRNAs
[12:07:27] Predicting Ribosomal RNAs
[12:07:27] Running Barrnap with 2 threads
[12:07:30] 1 Cchr 874 5S ribosomal RNA
[12:07:30] 2 Cchr 3899476 5S ribosomal RNA
[12:07:30] 3 Cchr 3899831 23S ribosomal RNA
[12:07:30] 4 Cchr 3903893 16S ribosomal RNA
[12:07:30] Found 4 rRNAs
[12:07:30] Skipping ncRNA search, enable with --rfam if desired.
[12:07:30] Total of 58 tRNA + rRNA features
[12:07:30] Searching for CRISPR repeats
[12:07:31] Found 0 CRISPRs
[12:07:31] Predicting coding sequences
[12:07:31] Contigs total 7679775 bp, so using single mode
[12:07:31] Running: prodigal -i \.\/\.\/L082\.fsa_prokka\/\.\/L082\.fsa\.fna -c -m -g 11 -p single -f sco -q
[12:07:46] Excluding CDS which overlaps existing RNA (tRNA) at Cchr:809623..810000 on - strand
[12:07:48] Excluding CDS which overlaps existing RNA (tRNA) at Cchr:2402119..2402925 on - strand
[12:07:49] Excluding CDS which overlaps existing RNA (tRNA) at Cchr:3420593..3422473 on - strand
[12:07:49] Excluding CDS which overlaps existing RNA (tRNA) at Cchr:3750543..3751856 on + strand
[12:07:50] Excluding CDS which overlaps existing RNA (rRNA) at Cchr:3899262..3899888 on - strand
[12:07:51] Excluding CDS which overlaps existing RNA (tRNA) at CpRL12:890176..891048 on + strand
[12:07:51] Found 7289 CDS
[12:07:51] Connecting features back to sequences
[12:07:51] Not using genus-specific database. Try --usegenus to enable it.
[12:07:51] Annotating CDS, please be patient.
[12:07:51] Will use 2 CPUs for similarity searching.
[12:08:01] There are still 7289 unannotated CDS left (started with 7289)
[12:08:01] Will use blast to search against /Users/will/opt/anaconda3/envs/panaroo/db/kingdom/Bacteria/IS with 2 CPUs
[12:08:01] Running: cat \.\/\.\/L082\.fsa_prokka\/\.\/L082\.fsa\.IS\.tmp\.4145\.faa | parallel --gnu --plain -j 2 --block 564767 --recstart '>' --pipe blastp -query - -db /Users/will/opt/anaconda3/envs/panaroo/db/kingdom/Bacteria/IS -evalue 1e-30 -qcov_hsp_perc 90 -num_threads 1 -num_descriptions 1 -num_alignments 1 -seg no > \.\/\.\/L082\.fsa_prokka\/\.\/L082\.fsa\.IS\.tmp\.4145\.blast 2> /dev/null
[12:09:04] Deleting unwanted file: ././L082.fsa_prokka/./L082.fsa.IS.tmp.4145.faa
[12:09:04] Deleting unwanted file: ././L082.fsa_prokka/./L082.fsa.IS.tmp.4145.blast
[12:09:13] There are still 7259 unannotated CDS left (started with 7289)
[12:09:13] Will use blast to search against /Users/will/opt/anaconda3/envs/panaroo/db/kingdom/Bacteria/AMR with 2 CPUs
[12:09:13] Running: cat \.\/\.\/L082\.fsa_prokka\/\.\/L082\.fsa\.AMR\.tmp\.4145\.faa | parallel --gnu --plain -j 2 --block 562770 --recstart '>' --pipe blastp -query - -db /Users/will/opt/anaconda3/envs/panaroo/db/kingdom/Bacteria/AMR -evalue 1e-300 -qcov_hsp_perc 90 -num_threads 1 -num_descriptions 1 -num_alignments 1 -seg no > \.\/\.\/L082\.fsa_prokka\/\.\/L082\.fsa\.AMR\.tmp\.4145\.blast 2> /dev/null
[12:10:06] Deleting unwanted file: ././L082.fsa_prokka/./L082.fsa.AMR.tmp.4145.faa
[12:10:06] Deleting unwanted file: ././L082.fsa_prokka/./L082.fsa.AMR.tmp.4145.blast
[12:10:15] There are still 7257 unannotated CDS left (started with 7289)
[12:10:15] Will use blast to search against /Users/will/opt/anaconda3/envs/panaroo/db/kingdom/Bacteria/sprot with 2 CPUs
[12:10:15] Running: cat \.\/\.\/L082\.fsa_prokka\/\.\/L082\.fsa\.sprot\.tmp\.4145\.faa | parallel --gnu --plain -j 2 --block 562235 --recstart '>' --pipe blastp -query - -db /Users/will/opt/anaconda3/envs/panaroo/db/kingdom/Bacteria/sprot -evalue 1e-09 -qcov_hsp_perc 80 -num_threads 1 -num_descriptions 1 -num_alignments 1 -seg no > \.\/\.\/L082\.fsa_prokka\/\.\/L082\.fsa\.sprot\.tmp\.4145\.blast 2> /dev/null
[12:15:04] Modify product: Uncharacterized protein Rv2715 => putative protein
[12:15:04] Modify product: Nitrilase bll6402 => Nitrilase
[12:15:04] Modify product: Probable cysteine desulfurase => putative cysteine desulfurase
[12:15:04] Modify product: Solute-binding protein Bamb_6123 => Solute-binding protein
[12:15:04] Modify product: Probable transcriptional regulatory protein pdtaR => putative transcriptional regulatory protein pdtaR
[12:15:04] Modify product: Probable nitrate transporter NarT => putative nitrate transporter NarT
[12:15:04] Modify product: Putative cystathionine beta-synthase Rv1077 => Putative cystathionine beta-synthase
[12:15:04] Modify product: Uncharacterized oxidoreductase SA2266 => putative oxidoreductase
[12:15:04] Modify product: Uncharacterized HTH-type transcriptional regulator YahB => putative HTH-type transcriptional regulator YahB
[12:15:04] Modify product: Uncharacterized protein YisK => putative protein YisK
[12:15:04] Modify product: Uncharacterized FAD-linked oxidoreductase Rv2280 => putative FAD-linked oxidoreductase
[12:15:04] Modify product: UPF0276 protein CCNA_03364 => hypothetical protein
[12:15:04] Modify product: Probable sulfate transporter Rv1739c => putative sulfate transporter
[12:15:04] Modify product: Probable bifunctional transcriptional activator/DNA repair enzyme AlkA => putative bifunctional transcriptional activator/DNA repair enzyme AlkA
[12:15:04] Modify product: UPF0311 protein RPA1785 => hypothetical protein
[12:15:04] Modify product: Uncharacterized protein Rv0887c => putative protein
[12:15:04] Modify product: Putative hydro-lyase Atu3911 => Putative hydro-lyase
[12:15:05] Modify product: UPF0126 inner membrane protein YadS => hypothetical protein
[12:15:05] Modify product: Nucleoid-associated protein HI_0442 => Nucleoid-associated protein
[12:15:05] Modify product: Uncharacterized sugar kinase YdjH => putative sugar kinase YdjH
[12:15:05] Modify product: Probable adenylyltransferase/sulfurtransferase MoeZ => putative adenylyltransferase/sulfurtransferase MoeZ
[12:15:05] Modify product: Uncharacterized signaling protein CC_0091 => putative signaling protein
[12:15:05] Modify product: Probable transcriptional regulator PhnF => putative transcriptional regulator PhnF
[12:15:05] Modify product: Uncharacterized ABC transporter ATP-binding protein YejF => putative ABC transporter ATP-binding protein YejF
[12:15:05] Modify product: Probable riboflavin import permease protein RfuD => putative riboflavin import permease protein RfuD
[12:15:05] Modify product: Uncharacterized aminopeptidase Rv1333 => putative aminopeptidase
[12:15:05] Modify product: Stringent starvation protein A homolog => Stringent starvation protein A 
[12:15:05] Modify product: Uncharacterized oxidoreductase SA2266 => putative oxidoreductase
[12:15:05] Modify product: UPF0098 protein YbcL => hypothetical protein
[12:15:05] Modify product: Uncharacterized protein YyaP => putative protein YyaP
[12:15:05] Modify product: UPF0102 protein RPA0323 => hypothetical protein
[12:15:05] Modify product: Uncharacterized transporter YycB => putative transporter YycB
[12:15:05] Modify product: Probable D-xylose utilization operon transcriptional repressor => putative D-xylose utilization operon transcriptional repressor
[12:15:05] Modify product: Virulence protein STM3117 => Virulence protein
[12:15:05] Modify product: Probable protein kinase UbiB => putative protein kinase UbiB
[12:15:05] Modify product: Probable enoyl-CoA hydratase echA8 => putative enoyl-CoA hydratase echA8
[12:15:05] Modify product: Probable lipid II flippase MurJ => putative lipid II flippase MurJ
[12:15:05] Modify product: Uncharacterized inner membrane transporter YedA => putative inner membrane transporter YedA
[12:15:05] Modify product: Uncharacterized protein Rv1998c => putative protein
[12:15:05] Modify product: Probable GTP-binding protein EngB => putative GTP-binding protein EngB
[12:15:05] Modify product: Uncharacterized signaling protein CC_0091 => putative signaling protein
[12:15:05] Modify product: Probable HTH-type transcriptional regulator LgoR => putative HTH-type transcriptional regulator LgoR
[12:15:05] Modify product: Uncharacterized protein Rv1405c => putative protein
[12:15:05] Modify product: Probable copper-importing P-type ATPase A => putative copper-importing P-type ATPase A
[12:15:05] Modify product: Cytochrome c oxidase subunit 1 homolog, bacteroid => Cytochrome c oxidase subunit 1 , bacteroid
[12:15:05] Modify product: Phosphate-specific transport system accessory protein PhoU homolog => Phosphate-specific transport system accessory protein PhoU 
[12:15:05] Modify product: Uncharacterized protein YyaP => putative protein YyaP
[12:15:05] Modify product: Uncharacterized oxidoreductase SA2266 => putative oxidoreductase
[12:15:05] Modify product: Putative acyltransferase Rv0859 => Putative acyltransferase
[12:15:05] Modify product: Probable N-acetyl-LL-diaminopimelate aminotransferase => putative N-acetyl-LL-diaminopimelate aminotransferase
[12:15:05] Modify product: Uncharacterized protein YisK => putative protein YisK
[12:15:05] Modify product: Probable 3-hydroxybutyryl-CoA dehydrogenase => putative 3-hydroxybutyryl-CoA dehydrogenase
[12:15:05] Modify product: Chemotaxis protein CheY homolog => Chemotaxis protein CheY 
[12:15:05] Modify product: Chemotaxis protein CheY homolog => Chemotaxis protein CheY 
[12:15:05] Modify product: Bifunctional protein FolD => Bifunctional protein FolD protein
[12:15:05] Modify product: Uncharacterized protein HI_0933 => putative protein
[12:15:05] Modify product: Uncharacterized protein Rv1507c => putative protein
[12:15:05] Modify product: Uncharacterized protein Rv1501 => putative protein
[12:15:05] Modify product: Uncharacterized glycosyltransferase sll0501 => putative glycosyltransferase
[12:15:05] Modify product: Uncharacterized protein Rv1502 => putative protein
[12:15:05] Modify product: Probable transport protein HsrA => putative transport protein HsrA
[12:15:05] Modify product: Zinc-type alcohol dehydrogenase-like protein SA1988 => Zinc-type alcohol dehydrogenase-like protein
[12:15:05] Modify product: Uncharacterized FAD-linked oxidoreductase Rv2280 => putative FAD-linked oxidoreductase
[12:15:05] Modify product: Probable HTH-type transcriptional regulator LgoR => putative HTH-type transcriptional regulator LgoR
[12:15:05] Modify product: Uncharacterized signaling protein CC_0091 => putative signaling protein
[12:15:05] Modify product: Probable 2-dehydro-3-deoxygalactonokinase DgoK1 => putative 2-dehydro-3-deoxygalactonokinase DgoK1
[12:15:05] Modify product: Uncharacterized FAD-linked oxidoreductase Rv2280 => putative FAD-linked oxidoreductase
[12:15:05] Modify product: Probable tartrate dehydrogenase/decarboxylase TtuC => putative tartrate dehydrogenase/decarboxylase TtuC
[12:15:05] Modify product: Uncharacterized protein Rv2568c => putative protein
[12:15:05] Modify product: UPF0301 protein AlgH => hypothetical protein
[12:15:05] Modify product: Uncharacterized oxidoreductase SpyM50865 => putative oxidoreductase
[12:15:05] Modify product: Probable amino-acid permease protein YxeN => putative amino-acid permease protein YxeN
[12:15:05] Modify product: Probable amino-acid permease protein YxeN => putative amino-acid permease protein YxeN
[12:15:05] Modify product: Uncharacterized zinc protease Rv2782c => putative zinc protease
[12:15:05] Modify product: Uncharacterized protein Rv2307c => putative protein
[12:15:05] Modify product: Putative HTH-type transcriptional regulator Rv1287 => Putative HTH-type transcriptional regulator
[12:15:05] Modify product: Probable multidrug-efflux transporter Rv1634 => putative multidrug-efflux transporter
[12:15:05] Modify product: Uncharacterized ABC transporter ATP-binding protein YbiT => putative ABC transporter ATP-binding protein YbiT
[12:15:05] Modify product: UPF0053 inner membrane protein YtfL => hypothetical protein
[12:15:05] Modify product: Probable transport protein HsrA => putative transport protein HsrA
[12:15:05] Modify product: UPF0073 inner membrane protein YqfA => hypothetical protein
[12:15:06] Modify product: Uncharacterized MFS-type transporter EfpA => putative MFS-type transporter EfpA
[12:15:06] Modify product: Uncharacterized HTH-type transcriptional regulator YxaF => putative HTH-type transcriptional regulator YxaF
[12:15:06] Modify product: Zinc-type alcohol dehydrogenase-like protein SA1988 => Zinc-type alcohol dehydrogenase-like protein
[12:15:06] Modify product: Uncharacterized protein YcbX => putative protein YcbX
[12:15:06] Modify product: Uncharacterized protein YedJ => putative protein YedJ
[12:15:06] Modify product: UPF0060 membrane protein YnfA => hypothetical protein
[12:15:06] Modify product: Uncharacterized oxidoreductase YciK => putative oxidoreductase YciK
[12:15:06] Modify product: UPF0701 protein HI_0467 => hypothetical protein
[12:15:06] Modify product: Uncharacterized ABC transporter ATP-binding protein YheS => putative ABC transporter ATP-binding protein YheS
[12:15:06] Modify product: Acetyltransferase PA3944 => Acetyltransferase
[12:15:06] Modify product: Uncharacterized protein YccU => putative protein YccU
[12:15:06] Modify product: Probable sulfoacetate transporter SauU => putative sulfoacetate transporter SauU
[12:15:06] Modify product: UPF0394 membrane protein XF_0766 => hypothetical protein
[12:15:06] Modify product: UPF0394 membrane protein XF_0765 => hypothetical protein
[12:15:06] Modify product: Probable membrane transporter protein XF_0764 => putative membrane transporter protein
[12:15:06] Modify product: Probable cation-transporting ATPase F => putative cation-transporting ATPase F
[12:15:06] Modify product: Probable alcohol dehydrogenase AdhA => putative alcohol dehydrogenase AdhA
[12:15:06] Modify product: Probable propionate kinase => putative propionate kinase
[12:15:06] Modify product: Probable pyridine nucleotide-disulfide oxidoreductase RclA => putative pyridine nucleotide-disulfide oxidoreductase RclA
[12:15:06] Modify product: Probable 3-hydroxyisobutyrate dehydrogenase => putative 3-hydroxyisobutyrate dehydrogenase
[12:15:06] Modify product: Probable ECF RNA polymerase sigma factor SigI => putative ECF RNA polymerase sigma factor SigI
[12:15:06] Modify product: Deacetylase Atu3266 => Deacetylase
[12:15:06] Modify product: Probable soluble pyridine nucleotide transhydrogenase => putative soluble pyridine nucleotide transhydrogenase
[12:15:06] Modify product: UPF0173 metal-dependent hydrolase SA1529 => hypothetical protein
[12:15:06] Modify product: Probable tautomerase HP_0924 => putative tautomerase
[12:15:06] Modify product: Uncharacterized FAD-linked oxidoreductase Rv2280 => putative FAD-linked oxidoreductase
[12:15:06] Modify product: UPF0337 protein YjbJ => hypothetical protein
[12:15:06] Modify product: Probable 5-dehydro-4-deoxyglucarate dehydratase => putative 5-dehydro-4-deoxyglucarate dehydratase
[12:15:06] Modify product: Probable D,D-dipeptide-binding periplasmic protein DdpA => putative D,D-dipeptide-binding periplasmic protein DdpA
[12:15:06] Modify product: Probable D,D-dipeptide transport system permease protein DdpC => putative D,D-dipeptide transport system permease protein DdpC
[12:15:06] Modify product: Uncharacterized ABC transporter ATP-binding protein YknY => putative ABC transporter ATP-binding protein YknY
[12:15:06] Modify product: Purine-binding protein BAB2_0673 => Purine-binding protein
[12:15:06] Modify product: UPF0056 inner membrane protein MarC => hypothetical protein
[12:15:06] Modify product: Probable HTH-type transcriptional repressor ExuR => putative HTH-type transcriptional repressor ExuR
[12:15:06] Modify product: Uncharacterized protein Rv2569c => putative protein
[12:15:06] Modify product: Acetyltransferase SACOL1063 => Acetyltransferase
[12:15:06] Modify product: Uncharacterized N-acetyltransferase YsnE => putative N-acetyltransferase YsnE
[12:15:06] Modify product: Uncharacterized NTE family protein Rv1063c => putative NTE family protein
[12:15:06] Modify product: UPF0178 protein YaiI => hypothetical protein
[12:15:06] Modify product: Probable cysteine desulfurase => putative cysteine desulfurase
[12:15:06] Modify product: Probable ATP-dependent transporter SufC => putative ATP-dependent transporter SufC
[12:15:06] Modify product: Probable RNA 2'-phosphotransferase => putative RNA 2'-phosphotransferase
[12:15:06] Modify product: Uncharacterized protein RP812 => putative protein RP812
[12:15:06] Modify product: Uncharacterized N-acetyltransferase YafP => putative N-acetyltransferase YafP
[12:15:06] Modify product: Uncharacterized protein YcjX => putative protein YcjX
[12:15:06] Modify product: UPF0283 membrane protein YcjF => hypothetical protein
[12:15:06] Modify product: Probable ribonucleotide transport ATP-binding protein mkl => putative ribonucleotide transport ATP-binding protein mkl
[12:15:06] Modify product: Probable 3-phenylpropionic acid transporter => putative 3-phenylpropionic acid transporter
[12:15:06] Modify product: Probable transport protein HsrA => putative transport protein HsrA
[12:15:06] Modify product: Uncharacterized protein Atu1656 => putative protein
[12:15:06] Modify product: Putative multidrug export ATP-binding/permease protein SAV1866 => Putative multidrug export ATP-binding/permease protein
[12:15:07] Modify product: Stringent starvation protein A homolog => Stringent starvation protein A 
[12:15:07] Modify product: HTH-type transcriptional regulator Rv2034 => HTH-type transcriptional regulator
[12:15:07] Modify product: Uncharacterized ABC transporter ATP-binding protein YadG => putative ABC transporter ATP-binding protein YadG
[12:15:07] Modify product: Probable sugar-binding periplasmic protein => putative sugar-binding periplasmic protein
[12:15:07] Modify product: Acetyltransferase PA3944 => Acetyltransferase
[12:15:07] Modify product: Probable membrane transporter protein YfcA => putative membrane transporter protein YfcA
[12:15:07] Modify product: Uncharacterized HTH-type transcriptional regulator Rv1985c => putative HTH-type transcriptional regulator
[12:15:07] Modify product: Probable transport protein HsrA => putative transport protein HsrA
[12:15:07] Modify product: Probable D-xylose utilization operon transcriptional repressor => putative D-xylose utilization operon transcriptional repressor
[12:15:07] Modify product: Methyl-accepting chemotaxis protein Amb2333 => Methyl-accepting chemotaxis protein
[12:15:07] Modify product: Uncharacterized acyl-CoA thioester hydrolase HI_0827 => putative acyl-CoA thioester hydrolase
[12:15:07] Modify product: Uncharacterized oxidoreductase SA2266 => putative oxidoreductase
[12:15:07] Modify product: Uncharacterized HTH-type transcriptional regulator YybR => putative HTH-type transcriptional regulator YybR
[12:15:07] Modify product: Uncharacterized ABC transporter ATP-binding protein TM_0288 => putative ABC transporter ATP-binding protein
[12:15:07] Modify product: Uncharacterized ABC transporter ATP-binding protein YknY => putative ABC transporter ATP-binding protein YknY
[12:15:07] Modify product: Probable siderophore transport system permease protein YfhA => putative siderophore transport system permease protein YfhA
[12:15:07] Modify product: Uncharacterized signaling protein CC_0091 => putative signaling protein
[12:15:07] Modify product: Uncharacterized protein YqjZ => putative protein YqjZ
[12:15:07] Modify product: Acetyltransferase PA3944 => Acetyltransferase
[12:15:07] Modify product: UPF0053 inner membrane protein YtfL => hypothetical protein
[12:15:07] Modify product: Probable chromate transport protein => putative chromate transport protein
[12:15:07] Modify product: Uncharacterized protein HI_0131 => putative protein
[12:15:07] Modify product: Uncharacterized FAD-linked oxidoreductase Rv2280 => putative FAD-linked oxidoreductase
[12:15:07] Modify product: Probable lipoprotein YiaD => putative lipoprotein YiaD
[12:15:07] Modify product: Stress response UPF0229 protein YhbH => hypothetical protein
[12:15:07] Modify product: Uncharacterized protein YyaP => putative protein YyaP
[12:15:07] Modify product: Probable peptidoglycan glycosyltransferase FtsW => putative peptidoglycan glycosyltransferase FtsW
[12:15:07] Modify product: Probable peptidoglycan D,D-transpeptidase FtsI => putative peptidoglycan D,D-transpeptidase FtsI
[12:15:07] Modify product: Uncharacterized inner membrane transporter YedA => putative inner membrane transporter YedA
[12:15:07] Modify product: Acetyltransferase Atu2258 => Acetyltransferase
[12:15:07] Modify product: Uncharacterized protein YbaA => putative protein YbaA
[12:15:07] Modify product: Uncharacterized protein YqeY => putative protein YqeY
[12:15:07] Modify product: Probable chaperone CsaA => putative chaperone CsaA
[12:15:07] Modify product: Putative multidrug export ATP-binding/permease protein SAV1866 => Putative multidrug export ATP-binding/permease protein
[12:15:07] Modify product: Acetyltransferase Atu2258 => Acetyltransferase
[12:15:07] Modify product: Cyclic di-GMP phosphodiesterase PA4108 => Cyclic di-GMP phosphodiesterase
[12:15:07] Modify product: Leu/Ile/Val-binding protein homolog 3 => Leu/Ile/Val-binding protein 
[12:15:07] Modify product: Uncharacterized protein YnbD => putative protein YnbD
[12:15:07] Modify product: Uncharacterized protein YnbC => putative protein YnbC
[12:15:07] Modify product: Probable 2-dehydro-3-deoxy-D-pentonate aldolase YjhH => putative 2-dehydro-3-deoxy-D-pentonate aldolase YjhH
[12:15:07] Modify product: Uncharacterized protein YhaZ => putative protein YhaZ
[12:15:07] Modify product: Uncharacterized protein Rv2411c => putative protein
[12:15:07] Modify product: Uncharacterized protein Rv2569c => putative protein
[12:15:07] Modify product: UPF0194 membrane protein YbhG => hypothetical protein
[12:15:07] Modify product: Probable multidrug ABC transporter ATP-binding protein YbhF => putative multidrug ABC transporter ATP-binding protein YbhF
[12:15:07] Modify product: Probable multidrug ABC transporter permease YbhS => putative multidrug ABC transporter permease YbhS
[12:15:07] Modify product: Probable multidrug ABC transporter permease YbhR => putative multidrug ABC transporter permease YbhR
[12:15:07] Modify product: Leu/Ile/Val-binding protein homolog 3 => Leu/Ile/Val-binding protein 
[12:15:07] Modify product: Probable amino-acid import ATP-binding protein YxeO => putative amino-acid import ATP-binding protein YxeO
[12:15:07] Modify product: Uncharacterized signaling protein PA1727 => putative signaling protein
[12:15:07] Modify product: Probable FMNH2-dependent monooxygenase SfnC => putative FMNH2-dependent monooxygenase SfnC
[12:15:07] Modify product: Probable ABC transporter-binding protein DR_1438 => putative ABC transporter-binding protein
[12:15:07] Modify product: Uncharacterized sugar kinase YdjH => putative sugar kinase YdjH
[12:15:07] Modify product: Uncharacterized sugar transferase EpsL => putative sugar transferase EpsL
[12:15:07] Modify product: UPF0065 protein in clcB-clcD intergenic region => hypothetical protein
[12:15:07] Modify product: Uncharacterized signaling protein CC_0091 => putative signaling protein
[12:15:07] Modify product: Uncharacterized protein YqgN => putative protein YqgN
[12:15:07] Modify product: Probable transcriptional regulatory protein aq_1575 => putative transcriptional regulatory protein
[12:15:07] Modify product: Putative multidrug export ATP-binding/permease protein SAV1866 => Putative multidrug export ATP-binding/permease protein
[12:15:07] Modify product: UPF0065 protein in clcB-clcD intergenic region => hypothetical protein
[12:15:07] Modify product: UPF0339 protein Atu0232 => hypothetical protein
[12:15:07] Modify product: HTH-type transcriptional regulator Rv2034 => HTH-type transcriptional regulator
[12:15:07] Modify product: UPF0335 protein CCNA_03428 => hypothetical protein
[12:15:07] Modify product: Uncharacterized protein Rv2567 => putative protein
[12:15:07] Modify product: Uncharacterized protein Rv2569c => putative protein
[12:15:07] Modify product: Probable enoyl-CoA hydratase 1 => putative enoyl-CoA hydratase 1
[12:15:08] Modify product: UPF0053 inner membrane protein YoaE => hypothetical protein
[12:15:08] Modify product: Uncharacterized protein YphB => putative protein YphB
[12:15:08] Modify product: Probable 3-hydroxybutyryl-CoA dehydrogenase => putative 3-hydroxybutyryl-CoA dehydrogenase
[12:15:08] Modify product: UPF0053 inner membrane protein YfjD => hypothetical protein
[12:15:08] Modify product: Uncharacterized amino acid permease YhdG => putative amino acid permease YhdG
[12:15:08] Modify product: Putative formate dehydrogenase SA2102 => Putative formate dehydrogenase
[12:15:08] Modify product: Putative peptide transport permease protein Rv1282c => Putative peptide transport permease protein
[12:15:08] Modify product: Uncharacterized oxidoreductase YgfF => putative oxidoreductase YgfF
[12:15:08] Modify product: Uncharacterized oxidoreductase SA2266 => putative oxidoreductase
[12:15:08] Modify product: Uncharacterized ABC transporter ATP-binding protein Rv0986 => putative ABC transporter ATP-binding protein
[12:15:08] Modify product: Uncharacterized oxidoreductase MSMEG_2408/MSMEI_2347 => putative oxidoreductase/MSMEI_2347
[12:15:08] Modify product: UPF0434 protein NMA0874 => hypothetical protein
[12:15:08] Modify product: NADH dehydrogenase-like protein MT1860 => NADH dehydrogenase-like protein
[12:15:08] Modify product: Uncharacterized protein Rv3292 => putative protein
[12:15:08] Modify product: Probable glutamine ABC transporter permease protein GlnM => putative glutamine ABC transporter permease protein GlnM
[12:15:08] Modify product: UPF0309 protein BH3325 => hypothetical protein
[12:15:08] Modify product: Probable D,D-dipeptide transport system permease protein DdpC => putative D,D-dipeptide transport system permease protein DdpC
[12:15:08] Modify product: Probable D,D-dipeptide-binding periplasmic protein DdpA => putative D,D-dipeptide-binding periplasmic protein DdpA
[12:15:08] Modify product: Multifunctional alkaline phosphatase superfamily protein pRL90232 => Multifunctional alkaline phosphatase superfamily protein
[12:15:08] Modify product: Uncharacterized protein Rv0887c => putative protein
[12:15:08] Modify product: Uncharacterized ABC transporter ATP-binding protein Rv0986 => putative ABC transporter ATP-binding protein
[12:15:08] Modify product: Protease HtpX homolog => Protease HtpX 
[12:15:08] Modify product: Probable glutamine ABC transporter permease protein GlnP => putative glutamine ABC transporter permease protein GlnP
[12:15:08] Modify product: Probable glutamine ABC transporter permease protein GlnM => putative glutamine ABC transporter permease protein GlnM
[12:15:08] Modify product: Probable sugar-binding periplasmic protein => putative sugar-binding periplasmic protein
[12:15:08] Modify product: Uncharacterized protein Rv1502 => putative protein
[12:15:08] Modify product: Uncharacterized protein Rv1502 => putative protein
[12:15:08] Modify product: Uncharacterized protein Rv1507c => putative protein
[12:15:08] Modify product: Probable D,D-dipeptide transport system permease protein DdpC => putative D,D-dipeptide transport system permease protein DdpC
[12:15:08] Modify product: Acetyltransferase PA3944 => Acetyltransferase
[12:15:08] Modify product: Uncharacterized oxidoreductase Rv1350 => putative oxidoreductase
[12:15:08] Modify product: Zinc-type alcohol dehydrogenase-like protein SA1988 => Zinc-type alcohol dehydrogenase-like protein
[12:15:08] Modify product: Uncharacterized HTH-type transcriptional regulator Rv3095 => putative HTH-type transcriptional regulator
[12:15:08] Modify product: Phosphorylated carbohydrates phosphatase TM_1254 => Phosphorylated carbohydrates phosphatase
[12:15:08] Modify product: Probable nicotinate-nucleotide pyrophosphorylase [carboxylating] => putative nicotinate-nucleotide pyrophosphorylase [carboxylating]
[12:15:08] Modify product: Putative multidrug export ATP-binding/permease protein SAV1866 => Putative multidrug export ATP-binding/permease protein
[12:15:08] Modify product: Uncharacterized NTE family protein Rv2565 => putative NTE family protein
[12:15:08] Modify product: Probable cyclic di-GMP phosphodiesterase PdeB => putative cyclic di-GMP phosphodiesterase PdeB
[12:15:08] Modify product: Uncharacterized ABC transporter ATP-binding protein Rv0986 => putative ABC transporter ATP-binding protein
[12:15:08] Modify product: Probable membrane transporter protein YfcA => putative membrane transporter protein YfcA
[12:15:08] Modify product: Cyclic nucleotide-gated potassium channel mll3241 => Cyclic nucleotide-gated potassium channel
[12:15:08] Modify product: Uncharacterized ABC transporter ATP-binding protein YejF => putative ABC transporter ATP-binding protein YejF
[12:15:08] Modify product: Putative peptide transport permease protein Rv1282c => Putative peptide transport permease protein
[12:15:08] Modify product: Glycogen operon protein GlgX homolog => Glycogen operon protein GlgX 
[12:15:08] Modify product: Probable sugar-binding periplasmic protein => putative sugar-binding periplasmic protein
[12:15:08] Modify product: Probable glycerol-3-phosphate dehydrogenase 2 [NAD(P)+] => putative glycerol-3-phosphate dehydrogenase 2 [NAD(P)+]
[12:15:09] Modify product: Uncharacterized protein Rv1488 => putative protein
[12:15:09] Modify product: Probable N-methylproline demethylase => putative N-methylproline demethylase
[12:15:09] Modify product: Uncharacterized oxidoreductase SA2266 => putative oxidoreductase
[12:15:09] Modify product: D-mannonate dehydratase CC2812 => D-mannonate dehydratase
[12:15:09] Modify product: D-galactonate dehydratase family member SBI_01856 => D-galactonate dehydratase family member
[12:15:09] Modify product: Probable tartrate dehydrogenase/decarboxylase TtuC' => putative tartrate dehydrogenase/decarboxylase TtuC'
[12:15:09] Modify product: Uncharacterized protein HI_1163 => putative protein
[12:15:09] Modify product: Probable allantoin permease => putative allantoin permease
[12:15:09] Modify product: UPF0324 inner membrane protein YeiH => hypothetical protein
[12:15:09] Modify product: Probable D,D-dipeptide transport system permease protein DdpC => putative D,D-dipeptide transport system permease protein DdpC
[12:15:09] Modify product: Probable D,D-dipeptide-binding periplasmic protein DdpA => putative D,D-dipeptide-binding periplasmic protein DdpA
[12:15:09] Modify product: Probable 5-dehydro-4-deoxyglucarate dehydratase => putative 5-dehydro-4-deoxyglucarate dehydratase
[12:15:09] Modify product: Probable sulfate transporter Rv1739c => putative sulfate transporter
[12:15:09] Modify product: Probable 5-dehydro-4-deoxyglucarate dehydratase => putative 5-dehydro-4-deoxyglucarate dehydratase
[12:15:09] Modify product: Probable D,D-dipeptide transport system permease protein DdpC => putative D,D-dipeptide transport system permease protein DdpC
[12:15:09] Modify product: Cyclic di-GMP phosphodiesterase PA4108 => Cyclic di-GMP phosphodiesterase
[12:15:09] Modify product: Probable aminotransferase Rv3329 => putative aminotransferase
[12:15:09] Modify product: Uncharacterized FAD-linked oxidoreductase Rv2280 => putative FAD-linked oxidoreductase
[12:15:09] Modify product: Putative 2-hydroxyacid dehydrogenase HI_1556 => Putative 2-hydroxyacid dehydrogenase
[12:15:09] Modify product: Probable 2-dehydro-3-deoxy-D-pentonate aldolase YjhH => putative 2-dehydro-3-deoxy-D-pentonate aldolase YjhH
[12:15:09] Modify product: Uncharacterized HTH-type transcriptional regulator YybR => putative HTH-type transcriptional regulator YybR
[12:15:09] Modify product: Uncharacterized acyl--CoA ligase YhfT => putative acyl--CoA ligase YhfT
[12:15:09] Modify product: Probable acetyl-CoA acyltransferase => putative acetyl-CoA acyltransferase
[12:15:09] Modify product: Uncharacterized oxidoreductase SA2266 => putative oxidoreductase
[12:15:09] Modify product: Probable enoyl-CoA hydratase 1 => putative enoyl-CoA hydratase 1
[12:15:09] Modify product: Peptidoglycan-N-acetylglucosamine deacetylase BC_3618 => Peptidoglycan-N-acetylglucosamine deacetylase
[12:15:09] Modify product: Probable copper-transporting ATPase PacS => putative copper-transporting ATPase PacS
[12:15:09] Modify product: Cytochrome c oxidase subunit 1 homolog, bacteroid => Cytochrome c oxidase subunit 1 , bacteroid
[12:15:09] Modify product: Bifunctional protein FolD => Bifunctional protein FolD protein
[12:15:09] Modify product: Purine-binding protein BAB2_0673 => Purine-binding protein
[12:15:09] Modify product: Probable ABC transporter ATP-binding/permease protein HI_0664 => putative ABC transporter ATP-binding/permease protein
[12:15:09] Modify product: Uncharacterized ABC transporter ATP-binding protein YheS => putative ABC transporter ATP-binding protein YheS
[12:15:09] Modify product: UPF0702 transmembrane protein YetF => hypothetical protein
[12:15:09] Modify product: Probable flavin reductase => putative flavin reductase
[12:15:10] Modify product: Uncharacterized DapA-like lyase => putative DapA-like lyase
[12:15:10] Modify product: Uncharacterized oxidoreductase Rv1144 => putative oxidoreductase
[12:15:10] Modify product: Probable methylxanthine N7-demethylase NdmC => putative methylxanthine N7-demethylase NdmC
[12:15:10] Modify product: Purine-binding protein BAB2_0673 => Purine-binding protein
[12:15:10] Modify product: Probable riboflavin import permease protein RfuC => putative riboflavin import permease protein RfuC
[12:15:10] Modify product: Purine-binding protein BAB2_0673 => Purine-binding protein
[12:15:10] Modify product: Probable riboflavin import permease protein RfuC => putative riboflavin import permease protein RfuC
[12:15:10] Modify product: Probable riboflavin import permease protein RfuD => putative riboflavin import permease protein RfuD
[12:15:10] Cleaned 286 /product names
[12:15:10] Deleting unwanted file: ././L082.fsa_prokka/./L082.fsa.sprot.tmp.4145.faa
[12:15:10] Deleting unwanted file: ././L082.fsa_prokka/./L082.fsa.sprot.tmp.4145.blast
[12:15:15] There are still 3901 unannotated CDS left (started with 7289)
[12:15:15] Will use hmmer3 to search against /Users/will/opt/anaconda3/envs/panaroo/db/hmm/HAMAP.hmm with 2 CPUs
[12:15:15] Running: cat \.\/\.\/L082\.fsa_prokka\/\.\/L082\.fsa\.HAMAP\.hmm\.tmp\.4145\.faa | parallel --gnu --plain -j 2 --block 267540 --recstart '>' --pipe hmmscan --noali --notextw --acc -E 1e-09 --cpu 1 /Users/will/opt/anaconda3/envs/panaroo/db/hmm/HAMAP.hmm /dev/stdin > \.\/\.\/L082\.fsa_prokka\/\.\/L082\.fsa\.HAMAP\.hmm\.tmp\.4145\.hmmer3 2> /dev/null
[12:17:05] Modify product: Uncharacterized MFS-type transporter YcaD => putative MFS-type transporter YcaD
[12:17:05] Modify product: Uncharacterized MFS-type transporter YcaD => putative MFS-type transporter YcaD
[12:17:05] Modify product: Uncharacterized Nudix hydrolase NudL => putative Nudix hydrolase NudL
[12:17:05] Modify product: Uncharacterized MFS-type transporter YcaD => putative MFS-type transporter YcaD
[12:17:06] Cleaned 4 /product names
[12:17:06] Deleting unwanted file: ././L082.fsa_prokka/./L082.fsa.HAMAP.hmm.tmp.4145.faa
[12:17:06] Deleting unwanted file: ././L082.fsa_prokka/./L082.fsa.HAMAP.hmm.tmp.4145.hmmer3
[12:17:06] Labelling remaining 3401 proteins as 'hypothetical protein'
[12:17:06] Possible /pseudo 'Fumarate hydratase class II' at C19 position 46810
[12:17:06] Possible /pseudo 'Error-prone DNA polymerase' at C27 position 49739
[12:17:06] Possible /pseudo 'Blue-light-activated histidine kinase' at C30 position 12021
[12:17:06] Possible /pseudo 'Blue-light-activated histidine kinase' at C30 position 12608
[12:17:06] Possible /pseudo 'Non-homologous end joining protein Ku' at C30 position 23411
[12:17:06] Possible /pseudo 'IS3 family transposase ISHar1' at C50 position 951
[12:17:06] Possible /pseudo 'UDP-glucose 4-epimerase' at Cchr position 18093
[12:17:06] Possible /pseudo 'Sorbitol dehydrogenase' at Cchr position 613554
[12:17:06] Possible /pseudo 'Non-homologous end joining protein Ku' at Cchr position 631310
[12:17:06] Possible /pseudo 'Flagellin' at Cchr position 683019
[12:17:06] Possible /pseudo 'Flagellin' at Cchr position 684175
[12:17:06] Possible /pseudo 'Flagellin' at Cchr position 685387
[12:17:06] Possible /pseudo 'putative protein' at Cchr position 784353
[12:17:06] Possible /pseudo 'ATP synthase subunit b' at Cchr position 900178
[12:17:06] Possible /pseudo 'putative amino-acid permease protein YxeN' at Cchr position 1033080
[12:17:06] Possible /pseudo 'IS3 family transposase ISAtu5' at Cchr position 1155237
[12:17:06] Possible /pseudo 'Non-homologous end joining protein Ku' at Cchr position 2188292
[12:17:06] Possible /pseudo '1,4-alpha-glucan branching enzyme GlgB' at Cchr position 2422881
[12:17:06] Possible /pseudo 'Bicyclomycin resistance protein' at Cchr position 2609407
[12:17:06] Possible /pseudo '3'(2'),5'-bisphosphate nucleotidase CysQ' at Cchr position 2613066
[12:17:06] Possible /pseudo 'Sensor histidine kinase RcsC' at Cchr position 2860376
[12:17:06] Possible /pseudo 'Trehalose import ATP-binding protein SugC' at Cchr position 2879541
[12:17:06] Possible /pseudo 'L-cystine transport system permease protein YecS' at Cchr position 2898889
[12:17:06] Possible /pseudo 'Putative protein-methionine-sulfoxide reductase subunit YedZ1' at Cchr position 3031411
[12:17:06] Possible /pseudo 'Monomeric sarcosine oxidase' at Cchr position 3316269
[12:17:06] Possible /pseudo 'Cytochrome b/c1' at Cchr position 3502595
[12:17:06] Possible /pseudo 'tRNA 5-methylaminomethyl-2-thiouridine biosynthesis bifunctional protein MnmC' at Cchr position 3623190
[12:17:06] Possible /pseudo 'putative protein' at Cchr position 4132565
[12:17:06] Possible /pseudo 'L-cystine transport system permease protein YecS' at Cchr position 4548388
[12:17:06] Possible /pseudo 'putative protein' at CpRL10 position 63847
[12:17:06] Possible /pseudo 'putative protein' at CpRL10 position 64877
[12:17:06] Possible /pseudo 'HTH-type transcriptional repressor GlaR' at CpRL11 position 276946
[12:17:06] Possible /pseudo 'L-cystine transport system permease protein YecS' at CpRL11 position 281989
[12:17:06] Possible /pseudo 'Glycine betaine transport system permease protein OpuAB' at CpRL12 position 226178
[12:17:06] Possible /pseudo 'Multidrug resistance protein MdtA' at CpRL12 position 362328
[12:17:06] Possible /pseudo 'Sensor histidine kinase RcsC' at CpRL12 position 396282
[12:17:06] Possible /pseudo 'D-galactonate dehydratase' at CpRL12 position 488447
[12:17:06] Possible /pseudo 'Response regulator protein TmoT' at CpRL12 position 493127
[12:17:06] Possible /pseudo 'L-cystine transport system permease protein YecS' at CpRL12 position 588541
[12:17:06] Possible /pseudo 'Ribose import permease protein RbsC' at CpRL12 position 720161
[12:17:06] Possible /pseudo 'Oxygen-dependent choline dehydrogenase' at CpRL12 position 722546
[12:17:06] Possible /pseudo 'Acetolactate synthase' at CpRL9 position 98288
[12:17:06] Possible /pseudo 'Dibenzothiophene desulfurization enzyme C' at CpRL9 position 233221
[12:17:06] Possible /pseudo 'UDP-glucose 4-epimerase' at CpRL9 position 325344
[12:17:06] Possible /pseudo 'Catabolite control protein A' at CpRL9 position 510916
[12:17:06] Possible /pseudo 'Proline iminopeptidase' at CpRL9 position 520921
[12:17:06] Found 2098 unique /gene codes.
[12:17:06] Fixed 2 duplicate /gene - yfdE_1 yfdE_2
[12:17:06] Fixed 3 duplicate /gene - gcvT_1 gcvT_2 gcvT_3
[12:17:06] Fixed 2 duplicate /gene - ada_1 ada_2
[12:17:06] Fixed 2 duplicate /gene - yqjF_1 yqjF_2
[12:17:06] Fixed 4 duplicate /gene - thiE_1 thiE_2 thiE_3 thiE_4
[12:17:06] Fixed 3 duplicate /gene - eryD_1 eryD_2 eryD_3
[12:17:06] Fixed 2 duplicate /gene - chrR_1 chrR_2
[12:17:06] Fixed 2 duplicate /gene - serA_1 serA_2
[12:17:06] Fixed 5 duplicate /gene - cheW_1 cheW_2 cheW_3 cheW_4 cheW_5
[12:17:06] Fixed 2 duplicate /gene - hilA_1 hilA_2
[12:17:06] Fixed 7 duplicate /gene - arnC_1 arnC_2 arnC_3 arnC_4 arnC_5 arnC_6 arnC_7
[12:17:06] Fixed 3 duplicate /gene - sfnF_1 sfnF_2 sfnF_3
[12:17:06] Fixed 2 duplicate /gene - chaA_1 chaA_2
[12:17:06] Fixed 2 duplicate /gene - kduD_1 kduD_2
[12:17:06] Fixed 2 duplicate /gene - aroE_1 aroE_2
[12:17:06] Fixed 5 duplicate /gene - sugC_1 sugC_2 sugC_3 sugC_4 sugC_5
[12:17:06] Fixed 2 duplicate /gene - gppA_1 gppA_2
[12:17:06] Fixed 2 duplicate /gene - rhlE_1 rhlE_2
[12:17:06] Fixed 4 duplicate /gene - decR_1 decR_2 decR_3 decR_4
[12:17:06] Fixed 11 duplicate /gene - ngcG_1 ngcG_2 ngcG_3 ngcG_4 ngcG_5 ngcG_6 ngcG_7 ngcG_8 ngcG_9 ngcG_10 ngcG_11
[12:17:06] Fixed 10 duplicate /gene - dasC_1 dasC_2 dasC_3 dasC_4 dasC_5 dasC_6 dasC_7 dasC_8 dasC_9 dasC_10
[12:17:06] Fixed 2 duplicate /gene - cpoB_1 cpoB_2
[12:17:06] Fixed 4 duplicate /gene - yciC_1 yciC_2 yciC_3 yciC_4
[12:17:06] Fixed 2 duplicate /gene - flgG_1 flgG_2
[12:17:06] Fixed 3 duplicate /gene - betA_1 betA_2 betA_3
[12:17:06] Fixed 2 duplicate /gene - ghrB_1 ghrB_2
[12:17:06] Fixed 2 duplicate /gene - dmoA_1 dmoA_2
[12:17:06] Fixed 3 duplicate /gene - panB_1 panB_2 panB_3
[12:17:06] Fixed 8 duplicate /gene - rbsB_1 rbsB_2 rbsB_3 rbsB_4 rbsB_5 rbsB_6 rbsB_7 rbsB_8
[12:17:06] Fixed 2 duplicate /gene - aroA_1 aroA_2
[12:17:06] Fixed 4 duplicate /gene - rutB_1 rutB_2 rutB_3 rutB_4
[12:17:06] Fixed 4 duplicate /gene - dadA_1 dadA_2 dadA_3 dadA_4
[12:17:06] Fixed 4 duplicate /gene - ecfG_1 ecfG_2 ecfG_3 ecfG_4
[12:17:06] Fixed 8 duplicate /gene - mdtA_1 mdtA_2 mdtA_3 mdtA_4 mdtA_5 mdtA_6 mdtA_7 mdtA_8
[12:17:06] Fixed 5 duplicate /gene - ucpA_1 ucpA_2 ucpA_3 ucpA_4 ucpA_5
[12:17:06] Fixed 2 duplicate /gene - rppH_1 rppH_2
[12:17:06] Fixed 2 duplicate /gene - arsH_1 arsH_2
[12:17:06] Fixed 2 duplicate /gene - fcl_1 fcl_2
[12:17:06] Fixed 7 duplicate /gene - ssuB_1 ssuB_2 ssuB_3 ssuB_4 ssuB_5 ssuB_6 ssuB_7
[12:17:06] Fixed 3 duplicate /gene - mdtD_1 mdtD_2 mdtD_3
[12:17:06] Fixed 2 duplicate /gene - araB_1 araB_2
[12:17:06] Fixed 2 duplicate /gene - soxC_1 soxC_2
[12:17:06] Fixed 2 duplicate /gene - actP_1 actP_2
[12:17:06] Fixed 3 duplicate /gene - uspF_1 uspF_2 uspF_3
[12:17:06] Fixed 4 duplicate /gene - glaR_1 glaR_2 glaR_3 glaR_4
[12:17:06] Fixed 5 duplicate /gene - bacC_1 bacC_2 bacC_3 bacC_4 bacC_5
[12:17:06] Fixed 8 duplicate /gene - ydcV_1 ydcV_2 ydcV_3 ydcV_4 ydcV_5 ydcV_6 ydcV_7 ydcV_8
[12:17:06] Fixed 2 duplicate /gene - hlyD_1 hlyD_2
[12:17:06] Fixed 2 duplicate /gene - andAa_1 andAa_2
[12:17:06] Fixed 2 duplicate /gene - rhmA_1 rhmA_2
[12:17:06] Fixed 4 duplicate /gene - dapH_1 dapH_2 dapH_3 dapH_4
[12:17:06] Fixed 3 duplicate /gene - agpA_1 agpA_2 agpA_3
[12:17:06] Fixed 2 duplicate /gene - rpoN2_1 rpoN2_2
[12:17:06] Fixed 2 duplicate /gene - tetC_1 tetC_2
[12:17:06] Fixed 4 duplicate /gene - hisC_1 hisC_2 hisC_3 hisC_4
[12:17:06] Fixed 2 duplicate /gene - doxA_1 doxA_2
[12:17:06] Fixed 2 duplicate /gene - rsmB_1 rsmB_2
[12:17:06] Fixed 2 duplicate /gene - prsD_1 prsD_2
[12:17:06] Fixed 2 duplicate /gene - cheA_1 cheA_2
[12:17:06] Fixed 2 duplicate /gene - cntI_1 cntI_2
[12:17:06] Fixed 2 duplicate /gene - rlmB_1 rlmB_2
[12:17:06] Fixed 2 duplicate /gene - fbcH_1 fbcH_2
[12:17:06] Fixed 2 duplicate /gene - virB5_1 virB5_2
[12:17:06] Fixed 2 duplicate /gene - glmS_1 glmS_2
[12:17:06] Fixed 4 duplicate /gene - rbsK_1 rbsK_2 rbsK_3 rbsK_4
[12:17:06] Fixed 2 duplicate /gene - oppB_1 oppB_2
[12:17:06] Fixed 2 duplicate /gene - trmR_1 trmR_2
[12:17:06] Fixed 2 duplicate /gene - ade_1 ade_2
[12:17:06] Fixed 4 duplicate /gene - thpA_1 thpA_2 thpA_3 thpA_4
[12:17:06] Fixed 10 duplicate /gene - lrp_1 lrp_2 lrp_3 lrp_4 lrp_5 lrp_6 lrp_7 lrp_8 lrp_9 lrp_10
[12:17:06] Fixed 4 duplicate /gene - IMPDH_1 IMPDH_2 IMPDH_3 IMPDH_4
[12:17:06] Fixed 2 duplicate /gene - prmC_1 prmC_2
[12:17:06] Fixed 4 duplicate /gene - gsiB_1 gsiB_2 gsiB_3 gsiB_4
[12:17:06] Fixed 3 duplicate /gene - lsrB_1 lsrB_2 lsrB_3
[12:17:06] Fixed 2 duplicate /gene - dinG_1 dinG_2
[12:17:06] Fixed 2 duplicate /gene - gdhIV_1 gdhIV_2
[12:17:06] Fixed 5 duplicate /gene - gntR_1 gntR_2 gntR_3 gntR_4 gntR_5
[12:17:06] Fixed 2 duplicate /gene - rfuD_1 rfuD_2
[12:17:06] Fixed 3 duplicate /gene - thrB_1 thrB_2 thrB_3
[12:17:06] Fixed 24 duplicate /gene - sasA_1 sasA_2 sasA_3 sasA_4 sasA_5 sasA_6 sasA_7 sasA_8 sasA_9 sasA_10 sasA_11 sasA_12 sasA_13 sasA_14 sasA_15 sasA_16 sasA_17 sasA_18 sasA_19 sasA_20 sasA_21 sasA_22 sasA_23 sasA_24
[12:17:06] Fixed 3 duplicate /gene - todT_1 todT_2 todT_3
[12:17:06] Fixed 3 duplicate /gene - bepF_1 bepF_2 bepF_3
[12:17:06] Fixed 2 duplicate /gene - ubiL_1 ubiL_2
[12:17:06] Fixed 2 duplicate /gene - glpK_1 glpK_2
[12:17:06] Fixed 12 duplicate /gene - malK_1 malK_2 malK_3 malK_4 malK_5 malK_6 malK_7 malK_8 malK_9 malK_10 malK_11 malK_12
[12:17:06] Fixed 2 duplicate /gene - xpkA_1 xpkA_2
[12:17:06] Fixed 2 duplicate /gene - codA_1 codA_2
[12:17:06] Fixed 3 duplicate /gene - prsE_1 prsE_2 prsE_3
[12:17:06] Fixed 2 duplicate /gene - oxyS_1 oxyS_2
[12:17:06] Fixed 2 duplicate /gene - ptsN_1 ptsN_2
[12:17:06] Fixed 3 duplicate /gene - occP_1 occP_2 occP_3
[12:17:06] Fixed 3 duplicate /gene - ggt_1 ggt_2 ggt_3
[12:17:06] Fixed 2 duplicate /gene - lipA_1 lipA_2
[12:17:06] Fixed 2 duplicate /gene - ahcY_1 ahcY_2
[12:17:06] Fixed 2 duplicate /gene - sir_1 sir_2
[12:17:06] Fixed 2 duplicate /gene - amiF_1 amiF_2
[12:17:06] Fixed 2 duplicate /gene - malL_1 malL_2
[12:17:06] Fixed 8 duplicate /gene - cdhR_1 cdhR_2 cdhR_3 cdhR_4 cdhR_5 cdhR_6 cdhR_7 cdhR_8
[12:17:06] Fixed 2 duplicate /gene - ydbM_1 ydbM_2
[12:17:06] Fixed 3 duplicate /gene - yjiA_1 yjiA_2 yjiA_3
[12:17:06] Fixed 17 duplicate /gene - pgrR_1 pgrR_2 pgrR_3 pgrR_4 pgrR_5 pgrR_6 pgrR_7 pgrR_8 pgrR_9 pgrR_10 pgrR_11 pgrR_12 pgrR_13 pgrR_14 pgrR_15 pgrR_16 pgrR_17
[12:17:06] Fixed 2 duplicate /gene - hemL2_1 hemL2_2
[12:17:06] Fixed 2 duplicate /gene - aspC_1 aspC_2
[12:17:06] Fixed 4 duplicate /gene - pcpR_1 pcpR_2 pcpR_3 pcpR_4
[12:17:06] Fixed 2 duplicate /gene - gltX_1 gltX_2
[12:17:06] Fixed 6 duplicate /gene - degA_1 degA_2 degA_3 degA_4 degA_5 degA_6
[12:17:06] Fixed 4 duplicate /gene - pxpA_1 pxpA_2 pxpA_3 pxpA_4
[12:17:06] Fixed 3 duplicate /gene - occM_1 occM_2 occM_3
[12:17:06] Fixed 12 duplicate /gene - COQ5_1 COQ5_2 COQ5_3 COQ5_4 COQ5_5 COQ5_6 COQ5_7 COQ5_8 COQ5_9 COQ5_10 COQ5_11 COQ5_12
[12:17:06] Fixed 4 duplicate /gene - clpP_1 clpP_2 clpP_3 clpP_4
[12:17:06] Fixed 3 duplicate /gene - xerC_1 xerC_2 xerC_3
[12:17:06] Fixed 2 duplicate /gene - iolB_1 iolB_2
[12:17:06] Fixed 5 duplicate /gene - noc_1 noc_2 noc_3 noc_4 noc_5
[12:17:06] Fixed 2 duplicate /gene - prs_1 prs_2
[12:17:06] Fixed 2 duplicate /gene - iscR_1 iscR_2
[12:17:06] Fixed 2 duplicate /gene - pyrE_1 pyrE_2
[12:17:06] Fixed 2 duplicate /gene - glmM_1 glmM_2
[12:17:06] Fixed 2 duplicate /gene - coaA_1 coaA_2
[12:17:06] Fixed 3 duplicate /gene - yyaP_1 yyaP_2 yyaP_3
[12:17:06] Fixed 2 duplicate /gene - lnrK_1 lnrK_2
[12:17:06] Fixed 7 duplicate /gene - rspR_1 rspR_2 rspR_3 rspR_4 rspR_5 rspR_6 rspR_7
[12:17:06] Fixed 3 duplicate /gene - recF_1 recF_2 recF_3
[12:17:06] Fixed 2 duplicate /gene - tauB_1 tauB_2
[12:17:06] Fixed 2 duplicate /gene - gpuA_1 gpuA_2
[12:17:06] Fixed 2 duplicate /gene - mntB_1 mntB_2
[12:17:06] Fixed 4 duplicate /gene - oxyR_1 oxyR_2 oxyR_3 oxyR_4
[12:17:06] Fixed 3 duplicate /gene - virB9_1 virB9_2 virB9_3
[12:17:06] Fixed 2 duplicate /gene - def_1 def_2
[12:17:06] Fixed 2 duplicate /gene - nodM_1 nodM_2
[12:17:06] Fixed 4 duplicate /gene - cpdA_1 cpdA_2 cpdA_3 cpdA_4
[12:17:06] Fixed 3 duplicate /gene - tcyB_1 tcyB_2 tcyB_3
[12:17:06] Fixed 6 duplicate /gene - fucU_1 fucU_2 fucU_3 fucU_4 fucU_5 fucU_6
[12:17:06] Fixed 2 duplicate /gene - fpgS_1 fpgS_2
[12:17:06] Fixed 2 duplicate /gene - qorA_1 qorA_2
[12:17:06] Fixed 2 duplicate /gene - groS5_1 groS5_2
[12:17:06] Fixed 5 duplicate /gene - ddpC_1 ddpC_2 ddpC_3 ddpC_4 ddpC_5
[12:17:06] Fixed 2 duplicate /gene - ngcF_1 ngcF_2
[12:17:06] Fixed 2 duplicate /gene - nuoJ_1 nuoJ_2
[12:17:06] Fixed 3 duplicate /gene - ydfG_1 ydfG_2 ydfG_3
[12:17:06] Fixed 5 duplicate /gene - acsA_1 acsA_2 acsA_3 acsA_4 acsA_5
[12:17:06] Fixed 2 duplicate /gene - dhaK_1 dhaK_2
[12:17:06] Fixed 2 duplicate /gene - traC_1 traC_2
[12:17:06] Fixed 2 duplicate /gene - aroQ_1 aroQ_2
[12:17:06] Fixed 2 duplicate /gene - ttuB_1 ttuB_2
[12:17:06] Fixed 2 duplicate /gene - potH_1 potH_2
[12:17:06] Fixed 2 duplicate /gene - nuoM_1 nuoM_2
[12:17:06] Fixed 4 duplicate /gene - ribN_1 ribN_2 ribN_3 ribN_4
[12:17:06] Fixed 2 duplicate /gene - glgX_1 glgX_2
[12:17:06] Fixed 2 duplicate /gene - murG_1 murG_2
[12:17:06] Fixed 7 duplicate /gene - yajO_1 yajO_2 yajO_3 yajO_4 yajO_5 yajO_6 yajO_7
[12:17:06] Fixed 5 duplicate /gene - puuB_1 puuB_2 puuB_3 puuB_4 puuB_5
[12:17:06] Fixed 4 duplicate /gene - hipO_1 hipO_2 hipO_3 hipO_4
[12:17:06] Fixed 2 duplicate /gene - dppC_1 dppC_2
[12:17:06] Fixed 2 duplicate /gene - bamA_1 bamA_2
[12:17:06] Fixed 3 duplicate /gene - lov_1 lov_2 lov_3
[12:17:06] Fixed 2 duplicate /gene - ygaZ_1 ygaZ_2
[12:17:06] Fixed 2 duplicate /gene - yejF_1 yejF_2
[12:17:06] Fixed 2 duplicate /gene - ehpR_1 ehpR_2
[12:17:06] Fixed 2 duplicate /gene - asnC_1 asnC_2
[12:17:06] Fixed 3 duplicate /gene - etfA_1 etfA_2 etfA_3
[12:17:06] Fixed 3 duplicate /gene - purU_1 purU_2 purU_3
[12:17:06] Fixed 2 duplicate /gene - rnd_1 rnd_2
[12:17:06] Fixed 2 duplicate /gene - gabR_1 gabR_2
[12:17:06] Fixed 3 duplicate /gene - tctD_1 tctD_2 tctD_3
[12:17:06] Fixed 2 duplicate /gene - kdgR_1 kdgR_2
[12:17:06] Fixed 6 duplicate /gene - tdh_1 tdh_2 tdh_3 tdh_4 tdh_5 tdh_6
[12:17:06] Fixed 3 duplicate /gene - eryB_1 eryB_2 eryB_3
[12:17:06] Fixed 3 duplicate /gene - fumC_1 fumC_2 fumC_3
[12:17:06] Fixed 2 duplicate /gene - ndvB_1 ndvB_2
[12:17:06] Fixed 7 duplicate /gene - frcA_1 frcA_2 frcA_3 frcA_4 frcA_5 frcA_6 frcA_7
[12:17:06] Fixed 3 duplicate /gene - bcr_1 bcr_2 bcr_3
[12:17:06] Fixed 2 duplicate /gene - htpX_1 htpX_2
[12:17:06] Fixed 2 duplicate /gene - fadJ_1 fadJ_2
[12:17:06] Fixed 3 duplicate /gene - adk_1 adk_2 adk_3
[12:17:06] Fixed 3 duplicate /gene - ycaD_1 ycaD_2 ycaD_3
[12:17:06] Fixed 2 duplicate /gene - yihV_1 yihV_2
[12:17:06] Fixed 2 duplicate /gene - phyR_1 phyR_2
[12:17:06] Fixed 4 duplicate /gene - azoB_1 azoB_2 azoB_3 azoB_4
[12:17:06] Fixed 3 duplicate /gene - kup_1 kup_2 kup_3
[12:17:06] Fixed 2 duplicate /gene - acoC_1 acoC_2
[12:17:06] Fixed 2 duplicate /gene - fusA_1 fusA_2
[12:17:06] Fixed 2 duplicate /gene - mpdB_1 mpdB_2
[12:17:06] Fixed 2 duplicate /gene - otnI_1 otnI_2
[12:17:06] Fixed 5 duplicate /gene - pip_1 pip_2 pip_3 pip_4 pip_5
[12:17:06] Fixed 2 duplicate /gene - hlyU_1 hlyU_2
[12:17:06] Fixed 2 duplicate /gene - betI_1 betI_2
[12:17:06] Fixed 4 duplicate /gene - ssuA_1 ssuA_2 ssuA_3 ssuA_4
[12:17:06] Fixed 2 duplicate /gene - gbpR_1 gbpR_2
[12:17:06] Fixed 3 duplicate /gene - ssuD_1 ssuD_2 ssuD_3
[12:17:06] Fixed 6 duplicate /gene - nagR_1 nagR_2 nagR_3 nagR_4 nagR_5 nagR_6
[12:17:06] Fixed 2 duplicate /gene - gumH_1 gumH_2
[12:17:06] Fixed 7 duplicate /gene - COQ3_1 COQ3_2 COQ3_3 COQ3_4 COQ3_5 COQ3_6 COQ3_7
[12:17:06] Fixed 2 duplicate /gene - csd_1 csd_2
[12:17:06] Fixed 5 duplicate /gene - dnaE2_1 dnaE2_2 dnaE2_3 dnaE2_4 dnaE2_5
[12:17:06] Fixed 2 duplicate /gene - ghrA_1 ghrA_2
[12:17:06] Fixed 3 duplicate /gene - betB_1 betB_2 betB_3
[12:17:06] Fixed 2 duplicate /gene - ilvG_1 ilvG_2
[12:17:06] Fixed 2 duplicate /gene - nuoH_1 nuoH_2
[12:17:06] Fixed 17 duplicate /gene - rbsA_1 rbsA_2 rbsA_3 rbsA_4 rbsA_5 rbsA_6 rbsA_7 rbsA_8 rbsA_9 rbsA_10 rbsA_11 rbsA_12 rbsA_13 rbsA_14 rbsA_15 rbsA_16 rbsA_17
[12:17:06] Fixed 3 duplicate /gene - gdh_1 gdh_2 gdh_3
[12:17:06] Fixed 2 duplicate /gene - afr_1 afr_2
[12:17:06] Fixed 4 duplicate /gene - oppA_1 oppA_2 oppA_3 oppA_4
[12:17:06] Fixed 3 duplicate /gene - flhA_1 flhA_2 flhA_3
[12:17:06] Fixed 2 duplicate /gene - vdh_1 vdh_2
[12:17:06] Fixed 2 duplicate /gene - opuCB_1 opuCB_2
[12:17:06] Fixed 3 duplicate /gene - suhB_1 suhB_2 suhB_3
[12:17:06] Fixed 2 duplicate /gene - phaC_1 phaC_2
[12:17:06] Fixed 4 duplicate /gene - cheB_1 cheB_2 cheB_3 cheB_4
[12:17:06] Fixed 2 duplicate /gene - exoI_1 exoI_2
[12:17:06] Fixed 2 duplicate /gene - yybR_1 yybR_2
[12:17:06] Fixed 4 duplicate /gene - fabF_1 fabF_2 fabF_3 fabF_4
[12:17:06] Fixed 4 duplicate /gene - nagC_1 nagC_2 nagC_3 nagC_4
[12:17:06] Fixed 13 duplicate /gene - oppD_1 oppD_2 oppD_3 oppD_4 oppD_5 oppD_6 oppD_7 oppD_8 oppD_9 oppD_10 oppD_11 oppD_12 oppD_13
[12:17:06] Fixed 3 duplicate /gene - accB_1 accB_2 accB_3
[12:17:06] Fixed 4 duplicate /gene - hchA_1 hchA_2 hchA_3 hchA_4
[12:17:06] Fixed 2 duplicate /gene - maa_1 maa_2
[12:17:06] Fixed 4 duplicate /gene - gph_1 gph_2 gph_3 gph_4
[12:17:06] Fixed 3 duplicate /gene - ydeP_1 ydeP_2 ydeP_3
[12:17:06] Fixed 4 duplicate /gene - lsrD_1 lsrD_2 lsrD_3 lsrD_4
[12:17:06] Fixed 2 duplicate /gene - dhmA_1 dhmA_2
[12:17:06] Fixed 10 duplicate /gene - gsiD_1 gsiD_2 gsiD_3 gsiD_4 gsiD_5 gsiD_6 gsiD_7 gsiD_8 gsiD_9 gsiD_10
[12:17:06] Fixed 5 duplicate /gene - amiC_1 amiC_2 amiC_3 amiC_4 amiC_5
[12:17:06] Fixed 5 duplicate /gene - xylB_1 xylB_2 xylB_3 xylB_4 xylB_5
[12:17:06] Fixed 2 duplicate /gene - fhuA_1 fhuA_2
[12:17:06] Fixed 2 duplicate /gene - ohrB_1 ohrB_2
[12:17:06] Fixed 3 duplicate /gene - aatA_1 aatA_2 aatA_3
[12:17:06] Fixed 2 duplicate /gene - LhpG_1 LhpG_2
[12:17:06] Fixed 2 duplicate /gene - yheS_1 yheS_2
[12:17:06] Fixed 2 duplicate /gene - dnaK_1 dnaK_2
[12:17:06] Fixed 6 duplicate /gene - rhtB_1 rhtB_2 rhtB_3 rhtB_4 rhtB_5 rhtB_6
[12:17:06] Fixed 2 duplicate /gene - fecE_1 fecE_2
[12:17:06] Fixed 2 duplicate /gene - ydjH_1 ydjH_2
[12:17:06] Fixed 13 duplicate /gene - gsiA_1 gsiA_2 gsiA_3 gsiA_4 gsiA_5 gsiA_6 gsiA_7 gsiA_8 gsiA_9 gsiA_10 gsiA_11 gsiA_12 gsiA_13
[12:17:06] Fixed 4 duplicate /gene - msrP_1 msrP_2 msrP_3 msrP_4
[12:17:06] Fixed 2 duplicate /gene - bcsA_1 bcsA_2
[12:17:06] Fixed 2 duplicate /gene - ndhB_1 ndhB_2
[12:17:06] Fixed 2 duplicate /gene - hbpA_1 hbpA_2
[12:17:06] Fixed 4 duplicate /gene - mtgA_1 mtgA_2 mtgA_3 mtgA_4
[12:17:06] Fixed 2 duplicate /gene - atpF_1 atpF_2
[12:17:06] Fixed 7 duplicate /gene - iolE_1 iolE_2 iolE_3 iolE_4 iolE_5 iolE_6 iolE_7
[12:17:06] Fixed 2 duplicate /gene - cynT_1 cynT_2
[12:17:06] Fixed 3 duplicate /gene - xynR_1 xynR_2 xynR_3
[12:17:06] Fixed 2 duplicate /gene - accA1_1 accA1_2
[12:17:06] Fixed 3 duplicate /gene - pxpB_1 pxpB_2 pxpB_3
[12:17:06] Fixed 2 duplicate /gene - sspA_1 sspA_2
[12:17:06] Fixed 2 duplicate /gene - gyrB_1 gyrB_2
[12:17:06] Fixed 6 duplicate /gene - tmoT_1 tmoT_2 tmoT_3 tmoT_4 tmoT_5 tmoT_6
[12:17:06] Fixed 2 duplicate /gene - eno_1 eno_2
[12:17:06] Fixed 2 duplicate /gene - yadH_1 yadH_2
[12:17:06] Fixed 2 duplicate /gene - tenA_1 tenA_2
[12:17:06] Fixed 3 duplicate /gene - nanK_1 nanK_2 nanK_3
[12:17:06] Fixed 2 duplicate /gene - menF_1 menF_2
[12:17:06] Fixed 3 duplicate /gene - ydiK_1 ydiK_2 ydiK_3
[12:17:06] Fixed 19 duplicate /gene - fabG_1 fabG_2 fabG_3 fabG_4 fabG_5 fabG_6 fabG_7 fabG_8 fabG_9 fabG_10 fabG_11 fabG_12 fabG_13 fabG_14 fabG_15 fabG_16 fabG_17 fabG_18 fabG_19
[12:17:06] Fixed 5 duplicate /gene - menH_1 menH_2 menH_3 menH_4 menH_5
[12:17:06] Fixed 4 duplicate /gene - pcm_1 pcm_2 pcm_3 pcm_4
[12:17:06] Fixed 2 duplicate /gene - kce_1 kce_2
[12:17:06] Fixed 2 duplicate /gene - pepA_1 pepA_2
[12:17:06] Fixed 2 duplicate /gene - ftsZ_1 ftsZ_2
[12:17:06] Fixed 2 duplicate /gene - murR_1 murR_2
[12:17:06] Fixed 2 duplicate /gene - gfo_1 gfo_2
[12:17:06] Fixed 2 duplicate /gene - iolD_1 iolD_2
[12:17:06] Fixed 4 duplicate /gene - ibpA_1 ibpA_2 ibpA_3 ibpA_4
[12:17:06] Fixed 2 duplicate /gene - yisK_1 yisK_2
[12:17:06] Fixed 9 duplicate /gene - ccpA_1 ccpA_2 ccpA_3 ccpA_4 ccpA_5 ccpA_6 ccpA_7 ccpA_8 ccpA_9
[12:17:06] Fixed 3 duplicate /gene - proC_1 proC_2 proC_3
[12:17:06] Fixed 6 duplicate /gene - yfcG_1 yfcG_2 yfcG_3 yfcG_4 yfcG_5 yfcG_6
[12:17:06] Fixed 2 duplicate /gene - thadh_1 thadh_2
[12:17:06] Fixed 10 duplicate /gene - glnQ_1 glnQ_2 glnQ_3 glnQ_4 glnQ_5 glnQ_6 glnQ_7 glnQ_8 glnQ_9 glnQ_10
[12:17:06] Fixed 2 duplicate /gene - dhaA_1 dhaA_2
[12:17:06] Fixed 2 duplicate /gene - hutU_1 hutU_2
[12:17:06] Fixed 2 duplicate /gene - kdpB_1 kdpB_2
[12:17:06] Fixed 2 duplicate /gene - lldR_1 lldR_2
[12:17:06] Fixed 3 duplicate /gene - catD_1 catD_2 catD_3
[12:17:06] Fixed 2 duplicate /gene - yciF_1 yciF_2
[12:17:06] Fixed 2 duplicate /gene - gpr_1 gpr_2
[12:17:06] Fixed 2 duplicate /gene - tyrB_1 tyrB_2
[12:17:06] Fixed 2 duplicate /gene - smc_1 smc_2
[12:17:06] Fixed 3 duplicate /gene - yabJ_1 yabJ_2 yabJ_3
[12:17:06] Fixed 2 duplicate /gene - vbhT_1 vbhT_2
[12:17:06] Fixed 2 duplicate /gene - ttuE_1 ttuE_2
[12:17:06] Fixed 2 duplicate /gene - ompA_1 ompA_2
[12:17:06] Fixed 2 duplicate /gene - lcfB_1 lcfB_2
[12:17:06] Fixed 5 duplicate /gene - lutR_1 lutR_2 lutR_3 lutR_4 lutR_5
[12:17:06] Fixed 2 duplicate /gene - arsC_1 arsC_2
[12:17:06] Fixed 2 duplicate /gene - ald_1 ald_2
[12:17:06] Fixed 3 duplicate /gene - melA_1 melA_2 melA_3
[12:17:06] Fixed 2 duplicate /gene - ttuD_1 ttuD_2
[12:17:06] Fixed 2 duplicate /gene - apc4_1 apc4_2
[12:17:06] Fixed 4 duplicate /gene - degU_1 degU_2 degU_3 degU_4
[12:17:06] Fixed 2 duplicate /gene - puuD_1 puuD_2
[12:17:06] Fixed 2 duplicate /gene - araQ_1 araQ_2
[12:17:06] Fixed 2 duplicate /gene - ubiA_1 ubiA_2
[12:17:06] Fixed 5 duplicate /gene - dadA1_1 dadA1_2 dadA1_3 dadA1_4 dadA1_5
[12:17:06] Fixed 2 duplicate /gene - atm1_1 atm1_2
[12:17:06] Fixed 2 duplicate /gene - puuA_1 puuA_2
[12:17:06] Fixed 3 duplicate /gene - alsS_1 alsS_2 alsS_3
[12:17:06] Fixed 2 duplicate /gene - budB_1 budB_2
[12:17:06] Fixed 2 duplicate /gene - hcaR_1 hcaR_2
[12:17:06] Fixed 2 duplicate /gene - fruK_1 fruK_2
[12:17:06] Fixed 2 duplicate /gene - mmgB_1 mmgB_2
[12:17:06] Fixed 2 duplicate /gene - paaF_1 paaF_2
[12:17:06] Fixed 11 duplicate /gene - melD_1 melD_2 melD_3 melD_4 melD_5 melD_6 melD_7 melD_8 melD_9 melD_10 melD_11
[12:17:06] Fixed 3 duplicate /gene - crt_1 crt_2 crt_3
[12:17:06] Fixed 3 duplicate /gene - cpo_1 cpo_2 cpo_3
[12:17:06] Fixed 2 duplicate /gene - cnbH_1 cnbH_2
[12:17:06] Fixed 3 duplicate /gene - emrA_1 emrA_2 emrA_3
[12:17:06] Fixed 5 duplicate /gene - hutH_1 hutH_2 hutH_3 hutH_4 hutH_5
[12:17:06] Fixed 2 duplicate /gene - soxB_1 soxB_2
[12:17:06] Fixed 4 duplicate /gene - acoA_1 acoA_2 acoA_3 acoA_4
[12:17:06] Fixed 2 duplicate /gene - nadE_1 nadE_2
[12:17:06] Fixed 2 duplicate /gene - hyuA_1 hyuA_2
[12:17:06] Fixed 5 duplicate /gene - ssuC_1 ssuC_2 ssuC_3 ssuC_4 ssuC_5
[12:17:06] Fixed 4 duplicate /gene - araC_1 araC_2 araC_3 araC_4
[12:17:06] Fixed 2 duplicate /gene - rbtD_1 rbtD_2
[12:17:06] Fixed 2 duplicate /gene - mshD_1 mshD_2
[12:17:06] Fixed 3 duplicate /gene - cpnA_1 cpnA_2 cpnA_3
[12:17:06] Fixed 3 duplicate /gene - dxs_1 dxs_2 dxs_3
[12:17:06] Fixed 2 duplicate /gene - pdxI_1 pdxI_2
[12:17:06] Fixed 2 duplicate /gene - bdcA_1 bdcA_2
[12:17:06] Fixed 2 duplicate /gene - apaH_1 apaH_2
[12:17:06] Fixed 2 duplicate /gene - ackA_1 ackA_2
[12:17:06] Fixed 7 duplicate /gene - mshA_1 mshA_2 mshA_3 mshA_4 mshA_5 mshA_6 mshA_7
[12:17:06] Fixed 25 duplicate /gene - rbsC_1 rbsC_2 rbsC_3 rbsC_4 rbsC_5 rbsC_6 rbsC_7 rbsC_8 rbsC_9 rbsC_10 rbsC_11 rbsC_12 rbsC_13 rbsC_14 rbsC_15 rbsC_16 rbsC_17 rbsC_18 rbsC_19 rbsC_20 rbsC_21 rbsC_22 rbsC_23 rbsC_24 rbsC_25
[12:17:06] Fixed 2 duplicate /gene - flgE_1 flgE_2
[12:17:06] Fixed 4 duplicate /gene - carA_1 carA_2 carA_3 carA_4
[12:17:06] Fixed 6 duplicate /gene - cytR_1 cytR_2 cytR_3 cytR_4 cytR_5 cytR_6
[12:17:06] Fixed 2 duplicate /gene - zwf_1 zwf_2
[12:17:06] Fixed 17 duplicate /gene - ugpC_1 ugpC_2 ugpC_3 ugpC_4 ugpC_5 ugpC_6 ugpC_7 ugpC_8 ugpC_9 ugpC_10 ugpC_11 ugpC_12 ugpC_13 ugpC_14 ugpC_15 ugpC_16 ugpC_17
[12:17:06] Fixed 2 duplicate /gene - alaS_1 alaS_2
[12:17:06] Fixed 11 duplicate /gene - gcvA_1 gcvA_2 gcvA_3 gcvA_4 gcvA_5 gcvA_6 gcvA_7 gcvA_8 gcvA_9 gcvA_10 gcvA_11
[12:17:06] Fixed 4 duplicate /gene - gno_1 gno_2 gno_3 gno_4
[12:17:06] Fixed 2 duplicate /gene - pntB_1 pntB_2
[12:17:06] Fixed 3 duplicate /gene - dauA_1 dauA_2 dauA_3
[12:17:06] Fixed 2 duplicate /gene - linF_1 linF_2
[12:17:06] Fixed 10 duplicate /gene - hdfR_1 hdfR_2 hdfR_3 hdfR_4 hdfR_5 hdfR_6 hdfR_7 hdfR_8 hdfR_9 hdfR_10
[12:17:06] Fixed 5 duplicate /gene - sugB_1 sugB_2 sugB_3 sugB_4 sugB_5
[12:17:06] Fixed 7 duplicate /gene - potA_1 potA_2 potA_3 potA_4 potA_5 potA_6 potA_7
[12:17:06] Fixed 4 duplicate /gene - rpsU_1 rpsU_2 rpsU_3 rpsU_4
[12:17:06] Fixed 2 duplicate /gene - aar_1 aar_2
[12:17:06] Fixed 2 duplicate /gene - arnB_1 arnB_2
[12:17:06] Fixed 4 duplicate /gene - potD_1 potD_2 potD_3 potD_4
[12:17:06] Fixed 2 duplicate /gene - yddA_1 yddA_2
[12:17:06] Fixed 8 duplicate /gene - msmX_1 msmX_2 msmX_3 msmX_4 msmX_5 msmX_6 msmX_7 msmX_8
[12:17:06] Fixed 2 duplicate /gene - deoC_1 deoC_2
[12:17:06] Fixed 2 duplicate /gene - thiG_1 thiG_2
[12:17:06] Fixed 2 duplicate /gene - attM_1 attM_2
[12:17:06] Fixed 3 duplicate /gene - ilvI_1 ilvI_2 ilvI_3
[12:17:06] Fixed 2 duplicate /gene - ydcS_1 ydcS_2
[12:17:06] Fixed 4 duplicate /gene - ropA_1 ropA_2 ropA_3 ropA_4
[12:17:06] Fixed 3 duplicate /gene - cysE_1 cysE_2 cysE_3
[12:17:06] Fixed 2 duplicate /gene - fpuC_1 fpuC_2
[12:17:06] Fixed 6 duplicate /gene - iolS_1 iolS_2 iolS_3 iolS_4 iolS_5 iolS_6
[12:17:06] Fixed 2 duplicate /gene - hmuU_1 hmuU_2
[12:17:06] Fixed 2 duplicate /gene - nifD_1 nifD_2
[12:17:06] Fixed 3 duplicate /gene - yofA_1 yofA_2 yofA_3
[12:17:06] Fixed 2 duplicate /gene - xdh_1 xdh_2
[12:17:06] Fixed 4 duplicate /gene - fixK_1 fixK_2 fixK_3 fixK_4
[12:17:06] Fixed 5 duplicate /gene - dgoD_1 dgoD_2 dgoD_3 dgoD_4 dgoD_5
[12:17:06] Fixed 5 duplicate /gene - deoR_1 deoR_2 deoR_3 deoR_4 deoR_5
[12:17:06] Fixed 4 duplicate /gene - aes_1 aes_2 aes_3 aes_4
[12:17:06] Fixed 4 duplicate /gene - glpR_1 glpR_2 glpR_3 glpR_4
[12:17:06] Fixed 4 duplicate /gene - gabD_1 gabD_2 gabD_3 gabD_4
[12:17:06] Fixed 15 duplicate /gene - gsiC_1 gsiC_2 gsiC_3 gsiC_4 gsiC_5 gsiC_6 gsiC_7 gsiC_8 gsiC_9 gsiC_10 gsiC_11 gsiC_12 gsiC_13 gsiC_14 gsiC_15
[12:17:06] Fixed 5 duplicate /gene - oppC_1 oppC_2 oppC_3 oppC_4 oppC_5
[12:17:06] Fixed 2 duplicate /gene - alr_1 alr_2
[12:17:06] Fixed 3 duplicate /gene - argP_1 argP_2 argP_3
[12:17:06] Fixed 2 duplicate /gene - arcA_1 arcA_2
[12:17:06] Fixed 2 duplicate /gene - golD_1 golD_2
[12:17:06] Fixed 3 duplicate /gene - opuAB_1 opuAB_2 opuAB_3
[12:17:06] Fixed 2 duplicate /gene - lpxD_1 lpxD_2
[12:17:06] Fixed 3 duplicate /gene - vapC_1 vapC_2 vapC_3
[12:17:06] Fixed 2 duplicate /gene - glnM_1 glnM_2
[12:17:06] Fixed 4 duplicate /gene - cysA_1 cysA_2 cysA_3 cysA_4
[12:17:06] Fixed 3 duplicate /gene - gloA_1 gloA_2 gloA_3
[12:17:06] Fixed 3 duplicate /gene - phzF_1 phzF_2 phzF_3
[12:17:06] Fixed 3 duplicate /gene - dksA_1 dksA_2 dksA_3
[12:17:06] Fixed 7 duplicate /gene - ligD_1 ligD_2 ligD_3 ligD_4 ligD_5 ligD_6 ligD_7
[12:17:06] Fixed 4 duplicate /gene - phoB_1 phoB_2 phoB_3 phoB_4
[12:17:06] Fixed 5 duplicate /gene - rbsR_1 rbsR_2 rbsR_3 rbsR_4 rbsR_5
[12:17:06] Fixed 3 duplicate /gene - idhA_1 idhA_2 idhA_3
[12:17:06] Fixed 2 duplicate /gene - nicR_1 nicR_2
[12:17:06] Fixed 7 duplicate /gene - dapA_1 dapA_2 dapA_3 dapA_4 dapA_5 dapA_6 dapA_7
[12:17:06] Fixed 3 duplicate /gene - yesO_1 yesO_2 yesO_3
[12:17:06] Fixed 2 duplicate /gene - pstB_1 pstB_2
[12:17:06] Fixed 2 duplicate /gene - pdhC_1 pdhC_2
[12:17:06] Fixed 2 duplicate /gene - dctD_1 dctD_2
[12:17:06] Fixed 2 duplicate /gene - nuoK_1 nuoK_2
[12:17:06] Fixed 3 duplicate /gene - proA_1 proA_2 proA_3
[12:17:06] Fixed 4 duplicate /gene - ompR_1 ompR_2 ompR_3 ompR_4
[12:17:06] Fixed 3 duplicate /gene - lig_1 lig_2 lig_3
[12:17:06] Fixed 2 duplicate /gene - lutA_1 lutA_2
[12:17:06] Fixed 4 duplicate /gene - gstB_1 gstB_2 gstB_3 gstB_4
[12:17:06] Fixed 2 duplicate /gene - fabI_1 fabI_2
[12:17:06] Fixed 2 duplicate /gene - nsrR_1 nsrR_2
[12:17:06] Fixed 2 duplicate /gene - atpB_1 atpB_2
[12:17:06] Fixed 2 duplicate /gene - mnmC_1 mnmC_2
[12:17:06] Fixed 3 duplicate /gene - nagZ_1 nagZ_2 nagZ_3
[12:17:06] Fixed 5 duplicate /gene - rafR_1 rafR_2 rafR_3 rafR_4 rafR_5
[12:17:06] Fixed 2 duplicate /gene - gpmA_1 gpmA_2
[12:17:06] Fixed 2 duplicate /gene - melR_1 melR_2
[12:17:06] Fixed 2 duplicate /gene - vioA_1 vioA_2
[12:17:06] Fixed 2 duplicate /gene - udh_1 udh_2
[12:17:06] Fixed 2 duplicate /gene - nrtA_1 nrtA_2
[12:17:06] Fixed 22 duplicate /gene - btuD_1 btuD_2 btuD_3 btuD_4 btuD_5 btuD_6 btuD_7 btuD_8 btuD_9 btuD_10 btuD_11 btuD_12 btuD_13 btuD_14 btuD_15 btuD_16 btuD_17 btuD_18 btuD_19 btuD_20 btuD_21 btuD_22
[12:17:06] Fixed 5 duplicate /gene - ntaA_1 ntaA_2 ntaA_3 ntaA_4 ntaA_5
[12:17:06] Fixed 2 duplicate /gene - purF_1 purF_2
[12:17:06] Fixed 3 duplicate /gene - appA_1 appA_2 appA_3
[12:17:06] Fixed 3 duplicate /gene - glnP_1 glnP_2 glnP_3
[12:17:06] Fixed 2 duplicate /gene - rapA2_1 rapA2_2
[12:17:06] Fixed 3 duplicate /gene - bepA_1 bepA_2 bepA_3
[12:17:06] Fixed 2 duplicate /gene - groL5_1 groL5_2
[12:17:06] Fixed 3 duplicate /gene - dapE_1 dapE_2 dapE_3
[12:17:06] Fixed 4 duplicate /gene - cysQ_1 cysQ_2 cysQ_3 cysQ_4
[12:17:06] Fixed 2 duplicate /gene - xylF_1 xylF_2
[12:17:06] Fixed 2 duplicate /gene - nsaD_1 nsaD_2
[12:17:06] Fixed 8 duplicate /gene - mglA_1 mglA_2 mglA_3 mglA_4 mglA_5 mglA_6 mglA_7 mglA_8
[12:17:06] Fixed 5 duplicate /gene - xylH_1 xylH_2 xylH_3 xylH_4 xylH_5
[12:17:06] Fixed 3 duplicate /gene - cckA_1 cckA_2 cckA_3
[12:17:06] Fixed 2 duplicate /gene - rfbB_1 rfbB_2
[12:17:06] Fixed 5 duplicate /gene - ybjJ_1 ybjJ_2 ybjJ_3 ybjJ_4 ybjJ_5
[12:17:06] Fixed 2 duplicate /gene - ntrC_1 ntrC_2
[12:17:06] Fixed 2 duplicate /gene - dmdC_1 dmdC_2
[12:17:06] Fixed 10 duplicate /gene - dppB_1 dppB_2 dppB_3 dppB_4 dppB_5 dppB_6 dppB_7 dppB_8 dppB_9 dppB_10
[12:17:06] Fixed 2 duplicate /gene - puuC_1 puuC_2
[12:17:06] Fixed 2 duplicate /gene - cysK1_1 cysK1_2
[12:17:06] Fixed 2 duplicate /gene - ybhL_1 ybhL_2
[12:17:06] Fixed 2 duplicate /gene - yedK_1 yedK_2
[12:17:06] Fixed 2 duplicate /gene - glmU_1 glmU_2
[12:17:06] Fixed 2 duplicate /gene - rnhA_1 rnhA_2
[12:17:06] Fixed 2 duplicate /gene - ydhP_1 ydhP_2
[12:17:06] Fixed 9 duplicate /gene - lptB_1 lptB_2 lptB_3 lptB_4 lptB_5 lptB_6 lptB_7 lptB_8 lptB_9
[12:17:06] Fixed 23 duplicate /gene - dmlR_1 dmlR_2 dmlR_3 dmlR_4 dmlR_5 dmlR_6 dmlR_7 dmlR_8 dmlR_9 dmlR_10 dmlR_11 dmlR_12 dmlR_13 dmlR_14 dmlR_15 dmlR_16 dmlR_17 dmlR_18 dmlR_19 dmlR_20 dmlR_21 dmlR_22 dmlR_23
[12:17:06] Fixed 3 duplicate /gene - apc3_1 apc3_2 apc3_3
[12:17:06] Fixed 2 duplicate /gene - yxeN_1 yxeN_2
[12:17:06] Fixed 3 duplicate /gene - nodD2_1 nodD2_2 nodD2_3
[12:17:06] Fixed 2 duplicate /gene - nemA_1 nemA_2
[12:17:06] Fixed 2 duplicate /gene - yhdN_1 yhdN_2
[12:17:06] Fixed 2 duplicate /gene - sctC_1 sctC_2
[12:17:06] Fixed 4 duplicate /gene - glgB_1 glgB_2 glgB_3 glgB_4
[12:17:06] Fixed 2 duplicate /gene - peb1A_1 peb1A_2
[12:17:06] Fixed 2 duplicate /gene - araP_1 araP_2
[12:17:06] Fixed 3 duplicate /gene - lldD_1 lldD_2 lldD_3
[12:17:06] Fixed 2 duplicate /gene - pdhR_1 pdhR_2
[12:17:06] Fixed 2 duplicate /gene - ydaD_1 ydaD_2
[12:17:06] Fixed 2 duplicate /gene - bauA_1 bauA_2
[12:17:06] Fixed 2 duplicate /gene - cmpD_1 cmpD_2
[12:17:06] Fixed 4 duplicate /gene - tcyC_1 tcyC_2 tcyC_3 tcyC_4
[12:17:06] Fixed 2 duplicate /gene - artJ_1 artJ_2
[12:17:06] Fixed 3 duplicate /gene - imuB_1 imuB_2 imuB_3
[12:17:06] Fixed 2 duplicate /gene - fzlA_1 fzlA_2
[12:17:06] Fixed 6 duplicate /gene - ku_1 ku_2 ku_3 ku_4 ku_5 ku_6
[12:17:06] Fixed 2 duplicate /gene - lpd_1 lpd_2
[12:17:06] Fixed 2 duplicate /gene - soxD_1 soxD_2
[12:17:06] Fixed 2 duplicate /gene - ilvE_1 ilvE_2
[12:17:06] Fixed 3 duplicate /gene - carB_1 carB_2 carB_3
[12:17:06] Fixed 2 duplicate /gene - spuC_1 spuC_2
[12:17:06] Fixed 4 duplicate /gene - mdtC_1 mdtC_2 mdtC_3 mdtC_4
[12:17:06] Fixed 2 duplicate /gene - cheR_1 cheR_2
[12:17:06] Fixed 2 duplicate /gene - apsD_1 apsD_2
[12:17:06] Fixed 2 duplicate /gene - thiC_1 thiC_2
[12:17:06] Fixed 2 duplicate /gene - nagK_1 nagK_2
[12:17:06] Fixed 3 duplicate /gene - emrB_1 emrB_2 emrB_3
[12:17:06] Fixed 2 duplicate /gene - virB8_1 virB8_2
[12:17:06] Fixed 2 duplicate /gene - acoB_1 acoB_2
[12:17:06] Fixed 4 duplicate /gene - soxA_1 soxA_2 soxA_3 soxA_4
[12:17:06] Fixed 2 duplicate /gene - scrK_1 scrK_2
[12:17:06] Fixed 2 duplicate /gene - lyx_1 lyx_2
[12:17:06] Fixed 2 duplicate /gene - tyrS_1 tyrS_2
[12:17:06] Fixed 2 duplicate /gene - araG_1 araG_2
[12:17:06] Fixed 3 duplicate /gene - lacG_1 lacG_2 lacG_3
[12:17:06] Fixed 4 duplicate /gene - hsrA_1 hsrA_2 hsrA_3 hsrA_4
[12:17:06] Fixed 2 duplicate /gene - kdgK_1 kdgK_2
[12:17:06] Fixed 2 duplicate /gene - tal_1 tal_2
[12:17:06] Fixed 5 duplicate /gene - comR_1 comR_2 comR_3 comR_4 comR_5
[12:17:06] Fixed 2 duplicate /gene - garR_1 garR_2
[12:17:06] Fixed 4 duplicate /gene - ohrR_1 ohrR_2 ohrR_3 ohrR_4
[12:17:06] Fixed 2 duplicate /gene - nifK_1 nifK_2
[12:17:06] Fixed 3 duplicate /gene - purR_1 purR_2 purR_3
[12:17:06] Fixed 2 duplicate /gene - ilvA_1 ilvA_2
[12:17:06] Fixed 5 duplicate /gene - dnaJ_1 dnaJ_2 dnaJ_3 dnaJ_4 dnaJ_5
[12:17:06] Fixed 4 duplicate /gene - potB_1 potB_2 potB_3 potB_4
[12:17:06] Fixed 4 duplicate /gene - ribX_1 ribX_2 ribX_3 ribX_4
[12:17:06] Fixed 8 duplicate /gene - sugA_1 sugA_2 sugA_3 sugA_4 sugA_5 sugA_6 sugA_7 sugA_8
[12:17:06] Fixed 2 duplicate /gene - map_1 map_2
[12:17:06] Fixed 2 duplicate /gene - mepA_1 mepA_2
[12:17:06] Fixed 2 duplicate /gene - abgB_1 abgB_2
[12:17:06] Fixed 2 duplicate /gene - dasA_1 dasA_2
[12:17:06] Fixed 2 duplicate /gene - pntA_1 pntA_2
[12:17:06] Fixed 2 duplicate /gene - ndhC_1 ndhC_2
[12:17:06] Fixed 2 duplicate /gene - tam_1 tam_2
[12:17:06] Fixed 3 duplicate /gene - cheY_1 cheY_2 cheY_3
[12:17:06] Fixed 4 duplicate /gene - rhtC_1 rhtC_2 rhtC_3 rhtC_4
[12:17:06] Fixed 2 duplicate /gene - tufA_1 tufA_2
[12:17:06] Fixed 2 duplicate /gene - rfuC_1 rfuC_2
[12:17:06] Fixed 2 duplicate /gene - purC_1 purC_2
[12:17:06] Fixed 2 duplicate /gene - rpoH_1 rpoH_2
[12:17:06] Fixed 2 duplicate /gene - abo_1 abo_2
[12:17:06] Fixed 3 duplicate /gene - degP_1 degP_2 degP_3
[12:17:06] Fixed 2 duplicate /gene - clcB_1 clcB_2
[12:17:06] Fixed 6 duplicate /gene - cspA_1 cspA_2 cspA_3 cspA_4 cspA_5 cspA_6
[12:17:06] Fixed 3 duplicate /gene - accC_1 accC_2 accC_3
[12:17:06] Fixed 3 duplicate /gene - blh_1 blh_2 blh_3
[12:17:06] Fixed 2 duplicate /gene - mntH_1 mntH_2
[12:17:06] Fixed 2 duplicate /gene - gloB_1 gloB_2
[12:17:06] Fixed 2 duplicate /gene - bigR_1 bigR_2
[12:17:06] Fixed 2 duplicate /gene - argF_1 argF_2
[12:17:06] Fixed 2 duplicate /gene - hmp_1 hmp_2
[12:17:06] Fixed 7 duplicate /gene - rhaS_1 rhaS_2 rhaS_3 rhaS_4 rhaS_5 rhaS_6 rhaS_7
[12:17:06] Fixed 2 duplicate /gene - qseB_1 qseB_2
[12:17:06] Fixed 2 duplicate /gene - fda_1 fda_2
[12:17:06] Fixed 2 duplicate /gene - hypBA1_1 hypBA1_2
[12:17:06] Fixed 2 duplicate /gene - dinB_1 dinB_2
[12:17:06] Fixed 3 duplicate /gene - pal_1 pal_2 pal_3
[12:17:06] Fixed 2 duplicate /gene - hisD_1 hisD_2
[12:17:06] Fixed 2 duplicate /gene - glnG_1 glnG_2
[12:17:06] Fixed 3 duplicate /gene - davD_1 davD_2 davD_3
[12:17:06] Fixed 3 duplicate /gene - entS_1 entS_2 entS_3
[12:17:06] Fixed 3 duplicate /gene - virB4_1 virB4_2 virB4_3
[12:17:06] Fixed 2 duplicate /gene - phnM_1 phnM_2
[12:17:06] Fixed 3 duplicate /gene - hpyO_1 hpyO_2 hpyO_3
[12:17:06] Fixed 3 duplicate /gene - azoR_1 azoR_2 azoR_3
[12:17:06] Fixed 11 duplicate /gene - oppF_1 oppF_2 oppF_3 oppF_4 oppF_5 oppF_6 oppF_7 oppF_8 oppF_9 oppF_10 oppF_11
[12:17:06] Fixed 5 duplicate /gene - ycjP_1 ycjP_2 ycjP_3 ycjP_4 ycjP_5
[12:17:06] Fixed 2 duplicate /gene - idnD_1 idnD_2
[12:17:06] Fixed 3 duplicate /gene - xthA_1 xthA_2 xthA_3
[12:17:06] Fixed 2 duplicate /gene - lrpC_1 lrpC_2
[12:17:06] Fixed 2 duplicate /gene - cyoC_1 cyoC_2
[12:17:06] Fixed 7 duplicate /gene - fliC_1 fliC_2 fliC_3 fliC_4 fliC_5 fliC_6 fliC_7
[12:17:06] Fixed 2 duplicate /gene - dctB_1 dctB_2
[12:17:06] Fixed 2 duplicate /gene - lgoR_1 lgoR_2
[12:17:06] Fixed 2 duplicate /gene - cpdR_1 cpdR_2
[12:17:06] Fixed 2 duplicate /gene - trxB_1 trxB_2
[12:17:06] Fixed 2 duplicate /gene - hxpA_1 hxpA_2
[12:17:06] Fixed 2 duplicate /gene - dapB_1 dapB_2
[12:17:06] Fixed 3 duplicate /gene - gnl_1 gnl_2 gnl_3
[12:17:06] Fixed 4 duplicate /gene - fitB_1 fitB_2 fitB_3 fitB_4
[12:17:06] Fixed 4 duplicate /gene - mglB_1 mglB_2 mglB_3 mglB_4
[12:17:06] Fixed 12 duplicate /gene - livF_1 livF_2 livF_3 livF_4 livF_5 livF_6 livF_7 livF_8 livF_9 livF_10 livF_11 livF_12
[12:17:06] Fixed 2 duplicate /gene - pyrC_1 pyrC_2
[12:17:06] Fixed 2 duplicate /gene - tadA_1 tadA_2
[12:17:06] Fixed 11 duplicate /gene - hcaB_1 hcaB_2 hcaB_3 hcaB_4 hcaB_5 hcaB_6 hcaB_7 hcaB_8 hcaB_9 hcaB_10 hcaB_11
[12:17:06] Fixed 2 duplicate /gene - argG_1 argG_2
[12:17:06] Fixed 2 duplicate /gene - leuS_1 leuS_2
[12:17:06] Fixed 11 duplicate /gene - livH_1 livH_2 livH_3 livH_4 livH_5 livH_6 livH_7 livH_8 livH_9 livH_10 livH_11
[12:17:06] Fixed 5 duplicate /gene - braC_1 braC_2 braC_3 braC_4 braC_5
[12:17:06] Fixed 2 duplicate /gene - yhjE_1 yhjE_2
[12:17:06] Fixed 2 duplicate /gene - plsY_1 plsY_2
[12:17:06] Fixed 4 duplicate /gene - galE_1 galE_2 galE_3 galE_4
[12:17:06] Fixed 2 duplicate /gene - msrB_1 msrB_2
[12:17:06] Fixed 3 duplicate /gene - glnH_1 glnH_2 glnH_3
[12:17:06] Fixed 4 duplicate /gene - nanR_1 nanR_2 nanR_3 nanR_4
[12:17:06] Fixed 23 duplicate /gene - rcsC_1 rcsC_2 rcsC_3 rcsC_4 rcsC_5 rcsC_6 rcsC_7 rcsC_8 rcsC_9 rcsC_10 rcsC_11 rcsC_12 rcsC_13 rcsC_14 rcsC_15 rcsC_16 rcsC_17 rcsC_18 rcsC_19 rcsC_20 rcsC_21 rcsC_22 rcsC_23
[12:17:06] Fixed 2 duplicate /gene - yedA_1 yedA_2
[12:17:06] Fixed 3 duplicate /gene - pxpC_1 pxpC_2 pxpC_3
[12:17:06] Fixed 2 duplicate /gene - lsrF_1 lsrF_2
[12:17:06] Fixed 19 duplicate /gene - iolG_1 iolG_2 iolG_3 iolG_4 iolG_5 iolG_6 iolG_7 iolG_8 iolG_9 iolG_10 iolG_11 iolG_12 iolG_13 iolG_14 iolG_15 iolG_16 iolG_17 iolG_18 iolG_19
[12:17:06] Fixed 2 duplicate /gene - yjhH_1 yjhH_2
[12:17:06] Fixed 2 duplicate /gene - yfcA_1 yfcA_2
[12:17:06] Fixed 5 duplicate /gene - ftsH_1 ftsH_2 ftsH_3 ftsH_4 ftsH_5
[12:17:06] Fixed 2 duplicate /gene - folD_1 folD_2
[12:17:06] Fixed 7 duplicate /gene - fliY_1 fliY_2 fliY_3 fliY_4 fliY_5 fliY_6 fliY_7
[12:17:06] Fixed 3 duplicate /gene - mmgC_1 mmgC_2 mmgC_3
[12:17:06] Fixed 11 duplicate /gene - yecS_1 yecS_2 yecS_3 yecS_4 yecS_5 yecS_6 yecS_7 yecS_8 yecS_9 yecS_10 yecS_11
[12:17:06] Fixed 2 duplicate /gene - mdh_1 mdh_2
[12:17:06] Fixed 3 duplicate /gene - mltF_1 mltF_2 mltF_3
[12:17:06] Fixed 2 duplicate /gene - npcC_1 npcC_2
[12:17:06] Fixed 2 duplicate /gene - uxuA_1 uxuA_2
[12:17:06] Fixed 2 duplicate /gene - dppD_1 dppD_2
[12:17:06] Fixed 2 duplicate /gene - acdA_1 acdA_2
[12:17:06] Fixed 3 duplicate /gene - ulaR_1 ulaR_2 ulaR_3
[12:17:06] Fixed 4 duplicate /gene - rpaR_1 rpaR_2 rpaR_3 rpaR_4
[12:17:06] Fixed 2 duplicate /gene - lexA_1 lexA_2
[12:17:06] Fixed 5 duplicate /gene - dppA_1 dppA_2 dppA_3 dppA_4 dppA_5
[12:17:06] Fixed 9 duplicate /gene - rhaR_1 rhaR_2 rhaR_3 rhaR_4 rhaR_5 rhaR_6 rhaR_7 rhaR_8 rhaR_9
[12:17:06] Fixed 3 duplicate /gene - slyA_1 slyA_2 slyA_3
[12:17:06] Fixed 2 duplicate /gene - yknY_1 yknY_2
[12:17:06] Fixed 2 duplicate /gene - xynB_1 xynB_2
[12:17:06] Fixed 3 duplicate /gene - araH_1 araH_2 araH_3
[12:17:06] Fixed 2 duplicate /gene - secDF_1 secDF_2
[12:17:06] Fixed 6 duplicate /gene - adh1_1 adh1_2 adh1_3 adh1_4 adh1_5 adh1_6
[12:17:06] Fixed 11 duplicate /gene - lacF_1 lacF_2 lacF_3 lacF_4 lacF_5 lacF_6 lacF_7 lacF_8 lacF_9 lacF_10 lacF_11
[12:17:06] Fixed 2 duplicate /gene - eltP_1 eltP_2
[12:17:06] Fixed 2 duplicate /gene - adh_1 adh_2
[12:17:06] Fixed 4 duplicate /gene - alkJ_1 alkJ_2 alkJ_3 alkJ_4
[12:17:06] Fixed 3 duplicate /gene - nagL_1 nagL_2 nagL_3
[12:17:06] Fixed 2 duplicate /gene - cysL_1 cysL_2
[12:17:06] Fixed 2 duplicate /gene - pccB_1 pccB_2
[12:17:06] Fixed 3 duplicate /gene - ddpA_1 ddpA_2 ddpA_3
[12:17:06] Fixed 2 duplicate /gene - rutF_1 rutF_2
[12:17:06] Fixed 2 duplicate /gene - corA_1 corA_2
[12:17:06] Fixed 2 duplicate /gene - rlpA_1 rlpA_2
[12:17:06] Fixed 2 duplicate /gene - ribH2_1 ribH2_2
[12:17:06] Fixed 2 duplicate /gene - fixN_1 fixN_2
[12:17:06] Fixed 594 colliding /gene names.
[12:17:06] Adding /locus_tag identifiers
[12:17:06] Assigned 7348 locus_tags to CDS and RNA features.
[12:17:06] Writing outputs to ././L082.fsa_prokka/
[12:17:17] Generating annotation statistics file
[12:17:17] Generating Genbank and Sequin files
[12:17:17] Running: tbl2asn -V b -a r10k -l paired-ends -M n -N 1 -y 'Annotated using prokka 1.14.6 from https://github.com/tseemann/prokka' -Z \.\/\.\/L082\.fsa_prokka\/\.\/L082\.fsa\.err -i \.\/\.\/L082\.fsa_prokka\/\.\/L082\.fsa\.fsa 2> /dev/null
[12:17:30] Deleting unwanted file: ././L082.fsa_prokka/errorsummary.val
[12:17:30] Deleting unwanted file: ././L082.fsa_prokka/./L082.fsa.dr
[12:17:30] Deleting unwanted file: ././L082.fsa_prokka/./L082.fsa.fixedproducts
[12:17:30] Deleting unwanted file: ././L082.fsa_prokka/./L082.fsa.ecn
[12:17:30] Deleting unwanted file: ././L082.fsa_prokka/./L082.fsa.val
[12:17:30] Repairing broken .GBK output that tbl2asn produces...
[12:17:30] Running: sed 's/COORDINATES: profile/COORDINATES:profile/' < \.\/\.\/L082\.fsa_prokka\/\.\/L082\.fsa\.gbf > \.\/\.\/L082\.fsa_prokka\/\.\/L082\.fsa\.gbk
[12:17:31] Deleting unwanted file: ././L082.fsa_prokka/./L082.fsa.gbf
[12:17:31] Output files:
[12:17:31] Annotation finished successfully.
[12:17:31] Walltime used: 10.17 minutes
[12:17:31] If you use this result please cite the Prokka paper:
[12:17:31] Seemann T (2014) Prokka: rapid prokaryotic genome annotation. Bioinformatics. 30(14):2068-9.
[12:17:31] Type 'prokka --citation' for more details.
[12:17:31] Thank you, come again.
