
-------------------------------

PIRATE input options:

 - Input Directory = /home/dtc176-local/Downloads/Bioinformatics/data/genomes.fsa/pirate_input
 - Output directory = /home/dtc176-local/Downloads/Bioinformatics/data/genomes.fsa/mtb_pirate_output
 - PIRATE will run using 2 cores
 - 52 files in input directory.
 - PIRATE will be run on 50,60,70,80,90,95,98 amino acid % identity thresholds.
 - PIRATE will be run on features annotated as CDS

-------------------------------

Standardising and checking input files:

 - 52 gff files passed QC and will be analysed by PIRATE - completed in: 9s

-------------------------------

 - creating co-ordinate files - completed in: 2s
 - creating genome loci list: - completed in: 0s

-------------------------------

Extracting pangenome sequences:

 - completed in: 37s

-------------------------------

Constructing pangenome sequences:

 - ERROR: mcxdeblast binary not found in system path.
